# Penalty: 44990.0387023709
116
47 75
55 10
84 5
0 15
5 79
13 22
26 70
31 65
34 41
53 52
40 36
63 90
67 44
60 5
64 97
74 0
88 57
88 83
2 48
4 64
92 44
6 21
11 93
13 62
7 86
14 12
18 48
18 32
18 72
20 54
21 27
27 5
32 76
37 26
36 45
16 87
41 18
41 89
44 40
46 9
47 94
36 69
55 25
66 81
62 33
69 65
70 30
68 84
71 56
75 61
78 27
80 56
80 97
12 53
54 85
84 49
88 17
93 19
96 35
98 46
0 34
0 5
0 99
0 41
6 71
9 35
16 97
18 57
69 94
17 68
20 15
20 79
22 41
22 90
23 23
25 0
23 76
27 56
29 92
29 55
31 17
30 38
34 11
35 84
35 59
38 78
39 50
47 58
47 31
49 67
48 14
52 66
54 35
55 91
57 20
59 66
63 22
64 37
72 13
73 70
74 84
76 7
77 43
78 0
79 34
81 70
83 29
85 3
90 66
92 99
91 75
93 89
95 1
96 16
94 80
97 28
