# Penalty: 39947.510686368754
109
9 36
11 11
78 31
90 63
0 23
1 82
4 31
8 2
13 55
15 65
25 20
34 43
40 85
45 66
75 47
83 31
84 69
90 95
21 10
92 30
0 92
0 58
2 76
19 58
8 80
85 40
2 51
22 27
26 87
27 95
36 56
35 98
43 80
46 12
46 34
32 35
46 60
48 0
47 89
52 38
52 93
55 45
55 63
59 24
60 13
62 28
62 54
65 84
66 75
72 8
73 90
70 41
73 61
80 74
80 99
80 83
82 13
90 18
90 84
90 46
0 0
99 76
0 68
2 22
14 1
3 43
7 89
5 53
7 67
11 62
13 98
14 88
16 36
17 79
20 42
22 0
23 65
25 76
27 7
27 56
30 29
30 12
36 1
36 21
37 66
49 27
50 8
50 84
51 31
57 1
57 77
58 38
61 99
63 47
65 57
70 96
68 51
74 15
75 2
74 75
76 38
77 54
79 61
80 24
81 88
81 60
89 0
92 54
89 86
