# Penalty: 38963.036282621106
103
57 8
42 42
66 69
72 75
77 45
5 6
10 54
20 31
25 0
26 42
32 60
34 90
38 77
46 62
54 83
55 24
58 89
64 8
74 51
81 64
94 96
96 27
3 74
6 4
10 30
11 72
14 87
45 81
16 99
25 8
23 73
65 57
8 15
30 96
33 40
35 18
49 28
31 26
24 83
50 1
52 97
56 43
58 95
62 25
61 69
62 18
16 8
64 37
49 74
68 10
48 92
76 79
79 27
80 67
81 93
86 18
91 35
92 46
95 36
0 51
0 35
2 95
5 85
9 40
17 69
73 1
23 24
26 45
26 68
25 87
30 4
70 20
31 74
37 59
40 73
48 47
48 55
50 28
54 13
60 47
63 78
68 32
66 46
70 80
70 91
71 61
74 41
74 18
76 16
76 70
81 38
82 85
84 53
84 31
85 59
88 13
88 79
93 55
94 85
95 8
95 63
96 81
97 41
