# Penalty: 45342.297073198155
115
26 69
49 70
33 87
50 41
9 71
10 56
40 1
46 62
52 15
59 80
64 66
70 50
78 29
90 57
16 46
25 60
2 94
82 38
1 51
10 0
12 23
4 74
16 93
19 39
9 94
23 32
26 25
26 82
26 97
27 46
29 68
31 30
33 25
15 76
31 77
37 11
44 1
36 81
41 76
47 7
51 61
54 89
55 27
55 33
58 2
58 53
62 91
63 16
64 35
69 11
74 25
76 99
75 8
82 86
88 14
87 40
89 4
89 68
90 94
96 40
0 1
0 30
65 72
0 57
2 36
2 18
1 81
2 65
5 4
6 14
7 50
11 90
12 8
11 29
14 60
19 6
20 46
18 84
21 74
26 7
27 96
30 48
31 55
31 64
33 40
37 51
39 26
38 20
41 37
41 84
43 54
44 68
45 45
46 22
53 12
54 56
62 25
66 81
71 43
72 29
73 92
73 35
78 76
79 22
79 52
81 7
82 90
84 26
90 24
91 70
91 41
93 15
95 65
97 25
97 50
