# Penalty: 47995.667818131464
119
25 3
27 95
83 0
3 69
22 61
24 77
27 44
30 19
42 37
42 66
47 13
59 84
62 40
65 18
46 58
77 26
83 63
92 22
2 28
2 85
5 98
72 35
8 4
8 56
6 74
15 47
17 19
17 90
22 33
16 53
24 58
17 79
30 51
34 87
42 2
42 74
46 95
50 19
47 47
50 78
54 33
58 7
65 54
66 68
68 40
71 93
70 20
74 74
76 49
77 80
75 65
76 10
80 19
83 87
84 71
93 47
95 55
97 77
0 3
0 57
0 91
89 79
5 14
5 23
3 63
6 91
9 39
10 17
9 60
12 31
14 6
16 95
19 44
22 7
23 62
22 91
24 48
28 1
28 68
30 29
30 96
31 80
35 19
35 34
34 78
38 11
38 94
37 25
43 80
50 2
51 49
53 28
51 54
53 63
56 68
57 79
58 22
61 59
62 12
61 32
66 86
70 54
78 33
79 56
78 66
79 77
81 94
83 98
84 46
85 14
89 28
89 61
91 96
93 7
92 41
92 69
95 26
97 33
98 47
