# Penalty: 35670.728323661046
99
2 3
15 29
60 34
12 89
19 55
33 22
41 72
48 88
51 97
62 71
78 74
96 49
14 35
29 33
33 97
43 34
50 19
51 61
61 80
66 33
68 11
16 18
73 88
79 50
83 61
7 58
17 84
33 42
26 95
36 17
73 40
30 81
35 58
74 81
19 48
33 51
38 86
44 51
47 43
58 14
47 82
60 65
63 25
76 43
76 65
83 29
79 88
64 85
84 99
82 47
88 62
89 47
97 93
2 2
5 72
5 50
4 86
8 43
13 62
16 25
17 92
19 75
19 33
25 47
29 9
41 92
28 36
32 67
32 26
38 15
34 50
41 10
43 35
41 56
47 26
51 68
53 24
59 10
59 42
56 84
61 99
65 52
65 48
72 18
71 25
77 11
75 98
74 60
76 33
80 68
84 10
86 22
86 75
87 52
93 83
95 33
95 26
95 68
97 57
