# Penalty: 45030.410763791355
113
18 29
19 53
63 20
84 73
4 56
9 74
12 69
15 94
28 76
35 67
37 31
40 11
41 91
45 54
50 39
50 22
63 3
68 76
82 7
86 88
95 60
96 29
3 30
4 94
6 8
5 49
7 89
11 53
13 35
14 78
17 18
22 4
22 43
22 81
22 50
28 27
28 97
46 95
49 77
48 47
60 67
60 27
63 96
64 43
63 57
68 1
70 16
73 95
77 25
77 0
82 41
83 55
86 3
29 62
41 18
84 62
90 14
90 49
91 4
0 1
0 63
0 48
0 79
10 12
10 27
10 42
11 90
12 67
11 59
13 83
14 49
18 98
20 22
22 13
21 91
20 74
26 5
27 30
30 10
36 2
37 96
39 67
40 82
42 72
44 7
46 62
47 28
50 13
51 91
53 61
54 96
55 16
59 91
58 12
63 83
65 69
64 11
68 59
71 30
71 79
72 9
74 63
77 34
79 79
79 17
88 64
90 95
91 81
93 35
93 43
92 66
96 5
98 57
