# Penalty: 38570.85399009237
111
1 71
29 89
0 94
43 9
61 77
97 2
5 22
15 94
16 60
22 8
22 45
52 37
57 96
60 51
78 26
79 93
84 12
85 65
92 47
93 29
0 0
94 22
0 66
32 8
4 97
13 6
20 40
12 52
28 23
27 84
34 36
36 50
35 22
46 23
46 87
49 73
49 52
54 6
51 88
52 24
29 97
55 72
31 30
57 13
58 41
65 18
67 91
78 49
79 34
81 89
71 68
83 58
84 95
90 15
93 68
95 86
0 24
0 39
0 96
4 3
3 35
58 1
62 63
4 17
10 73
10 20
12 46
39 83
11 66
14 97
16 75
18 61
23 42
20 91
27 16
26 48
32 55
31 75
36 11
34 90
38 57
42 18
45 62
46 0
46 42
46 10
54 27
55 90
53 67
61 35
60 9
62 3
64 76
66 99
69 21
67 53
69 62
72 13
74 86
77 63
82 27
85 5
90 83
91 61
95 90
96 37
96 70
96 14
96 99
98 27
97 76
