# Penalty: 42588.97796450071
115
11 9
16 82
69 29
79 50
2 71
21 26
35 64
53 54
61 79
65 1
68 64
85 76
86 91
94 12
2 10
42 72
0 46
56 31
75 20
95 92
4 57
9 43
7 69
10 22
16 5
16 74
18 92
18 67
26 97
27 59
11 50
29 38
26 75
32 93
43 4
43 40
46 19
53 62
57 45
35 44
61 23
62 51
66 81
64 75
67 40
71 6
71 26
75 12
76 64
78 40
77 81
87 28
88 39
89 64
94 49
99 69
0 12
0 54
0 95
1 20
2 39
3 81
42 55
87 85
7 87
11 30
11 57
10 14
16 46
18 60
18 36
19 53
22 0
24 17
25 25
30 78
32 11
32 17
33 58
36 1
38 88
37 79
44 98
43 47
46 12
47 89
48 4
53 37
52 9
54 66
55 93
56 54
59 89
63 9
64 45
65 19
67 92
73 98
77 0
77 95
79 26
81 7
82 51
87 11
88 56
89 19
92 33
93 15
93 77
95 6
95 63
96 44
96 93
95 87
98 53
