# Penalty: 36369.281123559354
104
46 77
52 31
78 46
93 92
95 78
4 85
5 45
61 30
13 86
21 42
25 10
22 53
31 76
48 53
49 10
66 12
70 70
74 95
80 11
84 75
92 3
94 24
95 10
43 66
66 24
95 18
0 64
97 1
2 57
6 77
11 4
15 98
22 57
21 89
25 2
27 16
29 27
32 23
40 9
48 83
33 66
49 42
54 67
57 98
56 73
60 63
64 1
62 81
70 53
75 36
74 61
77 27
78 66
89 17
80 54
86 45
87 98
88 71
91 84
94 33
95 98
0 33
0 99
3 19
4 13
6 51
6 86
8 59
14 65
16 27
16 71
18 10
19 35
21 50
20 78
26 91
27 58
27 80
28 44
32 28
33 7
36 46
85 54
36 56
37 42
39 82
40 90
40 36
42 3
48 21
49 62
53 45
54 16
54 37
56 4
58 48
64 34
68 15
76 80
85 8
85 25
91 38
96 84
97 25
