# Penalty: 39561.18097446581
106
49 94
10 94
15 79
53 25
2 65
25 99
34 88
39 58
16 69
36 79
40 45
44 24
47 1
55 43
58 11
51 60
61 80
65 57
78 42
89 25
95 4
0 0
0 17
0 24
1 90
46 90
60 48
1 8
14 40
3 52
9 12
16 93
20 54
23 63
23 85
26 1
26 16
25 36
29 80
31 7
34 40
36 21
38 69
40 39
49 22
57 18
58 0
59 27
60 87
63 12
48 44
68 94
73 22
76 8
80 61
81 80
82 72
85 88
85 33
87 42
94 72
95 21
0 32
0 75
98 36
68 37
3 89
5 46
7 32
9 20
9 50
14 18
16 7
17 38
16 78
22 26
22 52
23 22
21 92
28 15
30 64
31 78
31 51
34 23
37 4
37 86
40 74
41 17
42 28
51 7
53 80
57 41
59 9
61 0
64 26
66 6
69 99
70 80
71 39
80 0
80 4
78 99
84 57
82 66
92 53
92 60
