# Penalty: 39829.16140683385
110
4 65
8 27
53 53
69 6
80 20
96 41
2 11
4 5
13 93
23 7
24 76
32 43
34 37
34 97
48 27
55 19
61 59
62 84
74 65
82 57
88 84
95 78
0 45
1 85
2 72
6 43
4 21
14 3
18 23
18 44
23 89
36 14
31 56
32 78
37 92
40 73
41 7
38 42
59 4
41 66
54 35
61 76
59 69
66 44
69 27
70 6
76 85
77 29
80 66
12 44
83 2
86 7
89 23
89 47
48 38
93 0
95 10
87 73
0 52
66 17
1 90
1 98
0 35
5 65
2 81
6 31
7 58
8 85
14 31
15 54
16 97
18 59
21 1
21 69
21 61
73 15
22 58
29 4
27 94
31 51
31 87
32 68
38 22
37 0
39 44
41 97
44 7
46 75
47 23
50 52
53 55
51 69
60 30
61 5
64 75
67 52
66 61
70 79
69 32
77 92
75 40
79 71
78 9
84 22
86 9
89 38
92 56
93 33
95 97
96 62
