# Penalty: 45960.65839753183
116
24 30
37 18
62 83
96 12
5 59
28 50
32 92
56 20
62 46
66 63
29 12
70 41
70 66
82 92
79 42
89 58
92 82
95 39
0 29
83 14
3 22
4 79
22 39
6 16
6 90
37 28
3 67
65 75
8 25
12 91
15 4
17 59
13 74
18 21
20 47
27 73
29 3
29 96
27 8
27 60
30 45
34 67
37 61
38 82
54 3
51 44
55 72
59 97
63 24
70 23
73 3
73 87
86 66
87 23
91 98
93 48
0 1
95 30
0 5
0 82
0 97
4 36
7 99
10 49
65 33
11 54
14 31
18 80
26 87
30 2
33 41
36 49
38 0
38 35
38 63
37 9
39 78
40 54
42 45
43 63
45 85
45 21
47 39
51 11
50 30
55 34
58 5
58 57
58 77
67 7
67 11
68 59
69 73
72 23
74 56
75 37
75 14
78 28
80 47
80 62
82 57
85 85
86 33
89 12
89 73
89 92
89 38
93 7
93 53
94 97
94 58
96 2
96 77
95 68
97 21
97 91
