# Penalty: 42466.36453148052
110
26 51
84 42
3 47
4 29
18 37
20 10
23 82
24 66
5 54
27 93
33 19
38 43
49 22
29 69
52 46
52 71
65 65
69 94
71 14
75 77
85 91
58 83
93 95
98 37
4 18
37 95
10 62
11 89
32 41
77 96
18 46
24 21
82 82
31 79
37 57
23 28
40 48
42 77
54 15
53 61
58 6
59 91
51 39
62 45
62 11
61 69
69 45
71 36
71 63
66 90
86 11
87 61
95 73
0 0
0 8
0 88
1 36
0 62
1 84
3 98
6 75
7 21
52 53
8 32
13 54
77 91
6 40
14 5
16 75
18 61
22 10
24 2
23 44
24 42
23 56
31 5
30 74
32 44
35 18
34 89
36 11
36 65
42 62
44 36
45 7
45 15
44 52
48 93
46 1
50 29
55 97
60 31
59 76
63 17
59 55
69 0
69 30
72 21
73 54
71 99
77 12
77 68
77 44
78 58
78 82
83 25
88 54
88 77
93 59
93 91
