# Penalty: 41666.14551777619
110
5 2
11 54
25 42
50 51
57 92
96 40
31 68
48 37
55 24
58 66
60 83
72 6
76 81
91 72
95 66
0 78
98 83
2 53
7 81
55 47
11 29
13 22
14 79
17 4
17 56
41 49
19 81
25 12
26 95
29 20
33 4
33 52
35 74
37 87
39 14
40 92
9 63
47 26
57 16
62 41
64 68
66 27
22 89
63 74
70 33
68 89
78 64
78 0
80 28
72 61
81 42
82 19
87 86
89 6
87 59
90 80
94 26
0 83
2 24
3 45
4 15
9 43
22 51
55 59
96 75
11 12
13 27
16 97
18 8
19 42
22 27
25 68
25 59
25 84
28 45
31 38
31 21
32 99
33 30
36 66
41 7
40 22
42 59
45 40
46 98
52 7
56 38
58 89
60 5
61 19
62 33
62 80
69 20
72 43
75 14
75 97
76 77
76 83
75 24
79 34
78 70
86 14
85 28
89 96
89 54
92 15
90 31
95 0
95 50
93 90
