# Penalty: 43000.00319729043
112
23 65
62 22
3 47
7 30
20 79
46 54
91 9
2 91
16 85
30 66
30 78
44 34
56 67
46 48
62 67
67 83
83 52
65 24
87 67
85 10
90 45
13 15
18 45
17 31
20 4
67 62
71 19
19 57
23 40
24 29
24 47
28 92
30 29
31 48
19 72
34 3
33 98
33 43
37 13
37 80
45 63
53 7
54 44
57 27
57 81
65 41
70 5
78 36
73 70
79 23
84 26
86 97
90 2
0 65
0 83
2 8
4 1
3 77
5 51
46 4
79 42
97 13
8 44
8 63
9 24
7 87
9 71
10 55
12 94
14 12
12 52
25 6
25 58
30 14
30 62
31 22
34 31
36 89
38 26
38 51
43 76
44 67
48 15
49 89
48 72
52 99
53 34
60 5
60 49
63 85
66 96
66 55
66 13
68 90
69 47
70 27
73 55
73 82
73 12
78 85
77 1
86 12
87 20
89 72
92 38
92 63
92 48
93 84
93 77
95 0
96 93
97 49
