# Penalty: 47163.76332786268
115
21 14
49 32
58 92
85 4
0 47
3 91
7 30
12 10
13 37
25 95
33 67
52 10
50 92
56 17
64 74
67 94
71 20
78 83
82 59
89 95
51 81
3 53
8 73
6 5
9 85
11 27
14 1
0 39
15 18
21 51
29 27
27 77
24 33
29 89
30 14
37 47
40 62
39 89
46 27
44 68
59 37
59 65
59 80
65 3
65 34
66 80
71 95
72 74
75 46
85 40
88 2
88 56
88 87
92 75
93 29
94 2
94 64
0 21
0 66
0 76
0 85
4 54
43 20
82 48
7 97
6 44
7 14
10 51
15 33
16 59
17 2
18 96
19 18
21 64
22 99
27 51
26 65
27 18
31 3
31 75
32 94
39 91
41 35
43 2
43 46
42 97
45 41
46 75
46 52
48 13
52 54
52 61
53 88
54 7
53 22
54 70
57 99
57 28
60 57
60 76
60 85
65 16
73 22
75 42
77 7
78 1
76 90
87 19
88 61
91 53
92 95
94 43
92 84
96 75
97 48
