# Penalty: 33859.70776896642
99
12 80
73 55
15 13
19 90
32 48
32 83
64 86
83 9
84 64
94 30
3 31
16 36
27 10
31 70
33 35
40 95
46 16
50 82
52 26
52 48
58 5
78 33
94 42
94 59
0 47
22 38
8 23
9 88
15 65
20 64
14 3
38 4
21 96
37 62
39 54
37 25
46 95
49 6
52 66
61 56
65 17
66 6
69 35
69 76
73 87
74 48
3 41
79 91
41 76
77 56
81 18
83 1
83 36
88 15
97 33
97 84
0 20
1 71
5 97
44 23
94 4
4 27
7 51
9 9
14 73
14 94
18 54
21 1
21 17
21 80
24 23
31 56
21 68
30 19
36 40
41 81
40 67
44 62
51 40
55 51
56 39
53 55
58 70
59 84
66 25
67 11
67 69
70 41
69 50
75 63
78 38
83 77
83 69
86 91
85 20
88 78
89 56
94 49
97 28
