# Penalty: 43540.94103053909
114
51 19
17 16
55 4
75 25
83 39
3 38
5 6
25 35
32 91
43 35
47 88
55 61
60 28
67 7
68 41
78 74
95 83
0 5
1 82
3 47
52 13
10 67
9 10
17 22
18 93
17 67
12 41
20 84
23 70
27 81
31 62
34 16
34 97
39 72
29 21
41 13
56 50
57 38
57 88
60 67
71 56
73 6
75 40
76 91
78 54
76 65
80 45
82 20
84 87
86 54
88 13
91 68
91 51
89 79
93 6
94 23
93 57
95 98
0 29
0 49
0 97
1 58
2 94
3 88
5 52
6 20
38 23
7 32
9 96
11 5
13 74
15 0
17 60
18 12
19 40
23 3
22 26
25 52
25 99
24 76
29 34
30 73
34 46
38 64
37 86
42 53
46 38
47 0
46 27
47 4
51 64
51 84
52 98
53 24
57 6
61 20
63 11
64 52
66 26
66 1
67 19
68 70
67 34
69 98
75 0
75 15
78 81
84 68
89 26
91 42
92 82
95 9
94 29
97 0
