# Penalty: 58312.11033828589
90
5 23
15 69
52 58
18 57
26 89
27 28
2 33
34 77
35 55
60 94
5 12
88 93
2 82
4 48
33 93
57 66
66 89
15 16
10 55
12 96
21 71
24 38
25 52
26 94
17 30
10 65
30 84
33 61
36 41
39 47
52 75
58 88
75 97
3 93
3 44
4 17
5 75
10 34
9 20
13 49
14 91
18 22
22 77
25 65
29 72
34 65
36 98
36 71
40 85
44 97
44 79
45 55
48 63
59 80
61 74
69 74
75 87
81 88
0 63
1 34
4 68
4 89
8 82
10 37
15 59
8 77
11 44
14 99
16 40
15 76
16 50
16 65
16 90
25 39
24 98
26 55
27 34
26 62
43 90
49 51
50 69
50 84
53 60
54 74
63 64
62 80
64 97
70 96
80 98
90 99
