# Penalty: 37583.137464435764
106
70 3
20 8
71 80
42 73
53 72
67 95
71 31
84 8
10 87
15 30
15 91
28 29
30 55
36 95
39 1
52 48
63 29
67 58
73 59
94 41
0 11
0 44
1 61
62 72
5 65
11 12
74 19
2 28
16 77
22 96
9 71
20 15
30 18
39 87
45 17
34 64
44 61
52 39
55 21
48 90
58 57
56 32
59 81
60 98
61 8
69 66
71 37
78 74
81 13
83 69
85 38
86 53
87 83
95 21
94 78
96 51
0 21
0 86
0 76
2 99
5 25
53 82
7 39
4 20
10 57
10 7
12 96
14 19
15 51
23 0
24 45
25 9
28 99
31 24
32 43
32 78
37 4
38 41
37 37
39 12
42 96
44 33
43 7
46 25
46 48
46 67
45 84
53 7
56 0
54 64
62 5
61 36
60 65
64 91
67 10
69 48
73 94
72 25
78 51
77 84
81 56
84 24
85 92
85 76
92 25
93 64
