# Penalty: 41821.94441761446
109
15 31
65 23
44 36
47 81
68 5
2 57
3 25
13 46
16 17
23 68
25 54
30 36
43 10
46 59
49 54
58 37
68 49
72 81
95 31
75 37
3 32
5 72
5 94
34 52
35 30
12 64
7 39
9 78
12 70
13 25
20 31
31 85
23 6
31 8
47 99
35 70
49 73
50 5
52 29
52 89
67 19
71 77
72 23
74 62
75 96
74 52
81 5
78 90
82 13
82 58
87 81
89 33
92 12
96 57
0 7
95 70
0 40
0 78
35 47
83 38
0 89
86 91
60 83
4 62
7 11
5 87
22 46
6 22
13 0
13 50
14 75
19 83
20 20
23 61
24 29
26 71
28 96
28 22
31 91
35 3
35 38
36 93
37 56
38 23
39 78
41 39
45 70
49 37
51 6
52 21
53 77
56 69
58 5
57 11
59 51
61 45
70 2
70 45
72 19
78 97
78 29
79 47
83 66
84 9
84 48
87 18
89 87
89 53
95 40
