# Penalty: 39559.016028580554
104
0 1
0 17
0 33
0 41
0 49
0 57
0 65
0 73
0 81
0 89
0 9
0 25
8 2
8 18
8 34
8 50
8 66
8 94
8 86
8 10
9 78
10 27
10 43
28 2
28 18
28 26
28 34
28 42
28 50
28 58
28 66
28 74
28 82
28 90
28 10
38 2
38 14
38 30
38 38
38 46
38 54
38 62
38 70
38 78
38 86
38 94
10 59
48 2
48 18
48 26
48 34
48 42
48 50
48 58
48 66
48 74
48 82
48 90
48 10
58 2
58 14
58 30
58 38
58 46
58 54
58 62
58 70
58 78
58 86
58 94
58 22
68 2
68 18
68 26
68 34
68 42
68 50
68 58
68 66
68 74
68 82
68 90
68 10
88 2
88 18
88 26
88 34
88 42
88 50
88 58
88 66
88 74
88 82
88 90
88 10
0 93
38 22
9 70
27 96
38 6
48 97
58 6
68 97
87 96
