# Penalty: 43973.68386985796
111
39 43
87 9
3 90
38 96
63 16
68 85
73 26
94 52
3 6
5 22
8 50
10 90
13 36
13 66
27 65
54 62
41 33
57 80
59 59
67 68
67 99
68 34
85 63
86 82
92 38
5 74
10 7
8 45
12 87
13 26
12 96
19 49
20 32
22 82
25 15
28 83
23 55
28 74
42 71
43 7
47 15
46 36
57 34
56 73
59 23
63 37
63 60
71 3
70 8
71 68
74 47
82 37
82 96
86 25
91 84
95 30
0 7
0 59
0 32
3 28
4 14
8 0
9 60
8 81
75 32
11 16
11 50
12 71
14 30
14 76
15 46
16 15
19 62
21 93
20 22
22 29
25 46
26 69
27 94
28 32
29 7
28 79
29 60
33 38
35 5
35 19
34 65
36 76
36 99
38 53
42 68
46 89
50 21
53 87
54 45
57 73
66 53
68 60
74 92
80 3
80 75
81 48
85 98
84 92
88 68
88 14
88 45
89 29
94 94
96 66
97 72
