# Penalty: 36951.40423158823
105
10 15
7 54
16 73
21 13
55 74
69 68
74 88
0 76
10 90
17 59
44 7
48 62
52 31
21 4
70 83
71 8
75 62
57 79
77 38
80 37
95 48
96 82
96 93
1 29
4 97
9 72
8 6
15 44
15 92
16 36
8 58
24 79
23 46
32 80
34 35
35 23
35 69
35 91
38 45
75 79
43 70
32 43
58 48
58 58
62 28
64 96
19 87
74 22
73 51
74 69
79 95
84 25
85 90
87 63
90 6
89 21
91 43
94 55
96 34
97 60
0 3
0 18
0 53
0 78
50 78
4 34
2 86
21 53
81 76
4 43
10 39
14 0
13 84
25 23
25 1
23 67
25 93
31 58
33 28
29 73
41 0
43 18
44 88
46 44
46 14
49 96
51 4
49 24
51 58
52 85
51 64
64 10
65 16
65 54
64 77
74 0
72 7
78 57
77 85
79 71
86 10
88 73
96 0
94 14
98 22
