# Penalty: 40948.46061468653
112
22 71
1 34
2 28
3 64
4 50
17 11
21 2
21 83
26 97
38 72
40 25
45 88
53 80
61 35
61 45
69 81
71 67
73 78
79 52
84 89
85 42
0 95
2 89
11 28
57 91
10 4
17 61
12 78
19 43
15 22
21 90
27 26
25 12
30 70
31 13
33 39
33 95
34 1
39 7
46 56
45 10
48 97
60 23
55 72
62 6
60 88
64 0
71 14
76 28
72 58
76 7
75 67
82 13
84 21
86 69
90 63
95 74
0 0
2 10
3 36
8 60
34 23
12 42
79 79
15 48
14 3
16 98
16 17
19 28
20 26
24 66
27 39
27 85
30 4
34 54
38 48
42 28
42 39
41 74
44 65
45 12
47 42
48 11
52 49
53 0
54 63
57 98
58 18
61 68
63 84
66 31
68 49
67 6
66 91
75 32
75 95
74 25
78 2
77 61
79 91
83 0
83 28
85 77
87 40
87 47
90 25
92 43
91 16
94 88
96 8
95 80
97 33
