# Penalty: 40058.49392763603
110
28 18
37 60
39 43
4 13
15 80
23 33
47 22
58 19
1 80
3 43
6 17
15 28
34 94
50 96
56 35
62 65
66 87
71 75
90 45
91 62
94 85
27 43
41 17
0 7
9 96
7 31
11 90
16 4
21 3
21 55
19 94
24 84
28 73
29 25
8 39
34 75
35 7
38 85
38 94
41 39
46 44
49 5
13 13
50 10
53 49
58 89
69 29
73 39
78 29
82 54
83 88
84 2
90 30
91 11
90 94
95 79
64 94
83 73
61 26
0 0
0 27
0 57
0 76
0 48
0 99
28 34
0 22
9 61
11 74
11 31
19 49
20 98
19 11
23 23
23 40
26 89
30 66
31 19
31 89
33 43
41 8
44 79
44 53
44 28
45 65
45 93
48 58
53 0
56 70
53 93
60 42
60 14
63 59
64 12
65 73
66 43
65 76
72 0
71 53
72 11
73 23
72 89
75 58
75 76
82 22
88 39
91 60
88 89
96 25
97 85
