# Penalty: 46998.55321069436
114
41 13
53 45
84 3
1 12
11 63
15 10
15 29
18 53
26 85
27 21
32 52
39 65
39 50
46 2
57 61
60 96
70 75
73 46
86 69
2 52
68 65
9 2
9 45
11 72
50 54
11 18
15 99
23 3
23 39
28 96
22 27
30 10
31 41
34 83
37 27
39 93
42 36
32 61
46 70
48 61
55 81
56 35
59 43
62 81
72 24
68 32
77 95
72 56
80 56
83 33
86 10
87 25
91 54
91 36
94 81
93 67
98 2
97 22
0 16
0 66
2 99
2 48
2 77
4 26
5 33
13 91
51 74
82 22
14 44
17 67
16 82
18 45
21 92
24 73
25 55
25 68
27 37
29 26
31 88
32 17
34 0
37 38
38 7
37 72
39 16
43 51
46 22
46 45
47 94
49 36
53 2
53 51
56 57
58 30
60 72
61 7
61 45
62 0
66 17
67 47
68 99
70 8
69 39
71 70
73 90
75 41
78 78
77 60
81 44
83 53
85 72
87 30
96 55
94 76
