# Penalty: 41360.98427292488
108
9 0
26 28
89 67
90 79
96 11
4 77
8 89
21 15
23 52
33 3
36 38
38 55
46 60
49 38
59 23
68 13
84 24
4 30
6 14
9 52
11 34
13 73
56 54
12 64
14 48
51 57
17 67
15 81
29 11
30 58
31 97
33 88
35 66
36 22
36 71
41 94
21 61
45 11
46 79
46 90
43 46
51 18
53 76
55 36
61 2
62 72
65 51
67 28
68 42
71 65
73 97
74 85
74 19
77 37
54 92
78 76
78 16
55 68
84 83
90 6
91 30
95 93
94 72
98 35
0 25
0 49
13 1
12 26
96 90
18 6
17 84
23 38
77 28
23 76
49 73
24 94
22 61
31 0
32 49
41 20
44 24
43 70
52 0
51 30
54 16
57 43
57 93
55 60
60 15
61 29
64 66
69 4
76 0
74 62
79 4
80 51
83 42
85 71
85 34
83 13
87 48
87 53
89 62
89 20
91 25
94 97
94 1
99 79
