# Penalty: 141014.68972918528
201
3 14
4 63
61 5
90 93
0 28
0 5
0 43
0 46
0 20
0 67
0 77
0 82
0 92
0 97
0 35
4 0
0 58
4 98
4 21
4 42
4 77
5 28
5 49
4 91
5 68
5 83
6 33
7 59
11 2
12 7
12 14
11 93
11 44
11 63
12 29
12 49
11 86
12 70
13 21
13 36
13 56
14 79
19 0
18 98
19 15
19 20
18 70
18 42
19 5
19 50
19 27
19 75
19 91
19 84
20 34
21 56
20 65
25 2
25 35
25 79
25 58
25 93
26 7
26 15
26 30
26 42
26 50
26 65
26 84
27 20
27 72
32 98
33 21
33 6
33 28
33 43
33 47
33 70
33 78
33 85
33 93
34 13
34 35
35 53
39 0
39 72
40 8
40 14
39 36
40 51
40 56
40 78
41 28
40 63
41 22
44 42
46 91
46 0
46 98
47 7
47 22
46 77
47 27
47 42
46 63
47 48
47 84
48 12
48 68
48 36
49 56
53 93
53 2
54 7
54 22
53 86
54 35
54 42
53 65
54 50
54 57
54 77
54 70
55 29
56 19
60 98
60 91
60 21
60 70
59 56
61 35
61 43
61 14
61 75
61 50
62 28
62 64
67 2
66 86
67 93
68 7
67 42
68 28
67 57
68 36
68 71
68 78
69 21
69 63
70 16
74 98
74 56
75 0
75 20
74 42
74 77
75 36
75 6
75 49
75 84
75 70
76 63
79 27
81 0
81 49
81 86
81 93
82 7
82 14
82 29
82 35
81 56
82 70
82 77
82 42
84 66
89 1
88 14
88 98
88 28
88 49
89 5
89 42
89 57
89 72
89 75
89 21
90 82
91 35
96 0
95 51
96 15
96 36
96 56
96 21
96 74
96 86
97 29
96 79
96 43
98 62
