# Penalty: 45405.730815161274
117
82 51
38 85
76 85
1 37
2 9
17 80
26 32
40 36
41 7
61 7
81 19
91 81
96 92
0 25
2 43
2 99
50 1
3 81
82 79
1 18
6 38
8 64
8 10
14 17
16 97
19 46
21 2
20 18
21 53
21 74
28 57
35 21
34 60
34 91
35 96
36 50
45 61
46 12
49 20
48 94
52 81
53 34
55 87
63 23
63 54
66 60
67 67
75 66
77 97
87 13
30 8
88 64
88 21
88 88
91 3
94 57
95 17
97 37
2 67
3 84
3 94
9 2
51 9
9 49
9 23
10 58
9 13
12 33
19 61
21 22
22 84
24 79
24 16
28 50
29 71
34 28
34 13
36 65
40 0
41 42
42 26
44 70
45 56
47 97
49 40
50 26
50 48
51 58
51 20
52 12
56 77
56 92
59 37
58 72
61 93
60 83
64 75
66 14
68 39
70 61
72 69
79 0
80 36
79 26
81 99
82 45
80 74
83 31
83 59
89 49
91 83
96 0
96 52
96 23
97 43
97 61
96 87
