# Penalty: 42407.05592275519
112
11 78
23 67
31 31
55 67
58 21
84 16
87 71
93 28
2 67
5 35
11 12
38 91
29 64
64 78
73 29
75 2
42 35
68 89
88 47
88 32
92 12
0 6
1 45
2 26
65 24
78 80
5 53
4 75
5 2
16 28
25 93
30 2
30 23
37 17
50 42
55 94
56 36
35 67
56 78
60 52
61 58
64 35
64 73
70 40
70 58
73 12
77 86
78 46
78 70
84 93
90 3
95 84
93 54
0 21
91 95
96 77
0 53
2 98
3 43
5 18
6 71
6 28
8 92
9 26
11 9
14 83
15 54
15 39
16 92
15 17
21 1
21 40
20 12
26 49
26 68
29 14
28 60
30 86
31 44
31 98
32 49
34 23
34 53
36 9
39 91
39 51
45 77
49 2
48 48
51 59
56 0
56 98
57 9
56 33
56 44
56 67
62 96
62 13
62 50
67 9
67 67
69 20
75 39
75 34
76 53
79 23
84 66
87 10
89 18
95 46
96 62
96 13
