# Penalty: 44581.9057278957
113
18 77
20 47
56 55
56 78
71 6
88 37
9 5
24 10
42 42
54 92
55 22
66 64
24 41
26 56
55 29
71 46
78 21
92 36
96 11
97 22
2 53
2 68
6 19
14 34
22 82
28 19
60 86
36 75
39 4
33 54
39 83
41 11
17 55
42 21
43 50
47 56
50 36
50 76
52 62
56 43
56 95
59 48
59 77
62 18
64 34
67 72
69 58
71 0
70 24
72 41
74 72
75 52
78 2
81 20
87 22
92 46
96 89
0 92
1 0
1 72
1 63
5 83
6 31
6 94
77 60
8 76
10 51
13 98
16 94
16 13
25 72
25 52
27 4
27 94
27 41
83 44
30 8
34 22
34 64
39 78
41 32
43 14
41 68
45 5
46 85
53 58
55 38
55 69
59 1
58 98
59 8
58 57
59 41
63 92
63 22
65 10
69 66
71 80
74 94
77 99
81 74
81 88
82 95
82 7
83 59
84 34
86 71
88 5
89 51
94 98
96 52
96 64
97 28
