# Penalty: 46574.33663191756
117
24 38
30 47
3 82
17 5
27 92
28 0
28 22
33 27
38 54
52 96
56 7
59 59
60 95
61 69
63 33
64 6
73 57
94 31
0 9
1 34
4 70
6 56
8 25
38 7
9 10
14 40
17 80
18 96
21 19
20 56
23 8
37 17
41 56
42 40
42 90
51 27
51 0
54 49
63 80
66 97
60 11
67 50
69 0
52 55
55 71
70 10
74 94
76 39
76 20
82 80
84 89
87 54
90 12
93 46
88 72
95 90
0 48
0 87
2 96
5 72
6 35
81 16
7 49
94 82
26 30
10 67
9 32
37 39
11 18
8 81
13 93
13 71
19 0
21 70
22 47
20 33
26 62
26 84
27 6
26 56
28 13
28 37
32 97
34 50
36 81
37 65
40 0
40 68
41 82
42 14
39 48
48 20
47 36
50 45
54 82
56 35
62 36
61 85
65 30
65 61
67 82
68 24
68 64
67 90
71 9
70 68
77 50
78 33
76 98
79 66
79 64
83 40
84 5
86 48
85 65
95 20
97 38
