# Penalty: 45045.77615159113
119
2 14
25 19
68 47
10 33
15 76
18 50
27 84
30 28
34 46
55 32
60 11
60 66
73 79
74 62
78 14
79 31
30 88
95 93
97 75
0 89
78 83
3 46
3 71
5 10
5 28
63 55
5 99
6 76
11 47
22 5
22 90
25 43
25 63
30 4
34 70
32 15
34 39
47 80
37 53
38 2
48 69
54 55
2 37
57 94
58 71
61 81
62 25
61 88
63 44
68 2
68 94
71 43
76 20
80 65
81 40
84 6
87 80
90 6
97 65
91 35
0 23
0 60
89 13
0 80
6 7
6 92
6 55
7 18
53 64
8 98
5 43
13 2
10 70
16 18
16 86
21 28
20 82
23 42
26 95
28 68
29 77
26 49
31 98
34 20
32 92
38 75
44 83
41 97
46 12
48 35
47 97
50 26
54 0
52 45
54 93
55 40
59 6
62 34
64 9
63 97
64 82
63 52
68 26
69 96
69 57
71 32
77 45
78 79
80 84
84 62
83 76
87 97
87 55
91 20
95 21
96 41
95 0
95 57
98 7
