# Penalty: 43705.733875234706
115
0 32
18 65
76 38
1 4
3 21
7 68
15 13
23 43
27 53
31 6
36 99
37 71
43 14
47 19
47 45
64 89
76 89
79 27
94 15
79 79
8 54
1 39
9 90
5 11
5 79
5 62
12 24
25 94
26 27
26 77
30 37
40 0
43 84
31 57
46 93
50 1
51 70
53 25
55 61
57 5
58 75
60 40
60 94
59 31
66 44
38 14
68 28
77 67
78 52
80 41
81 60
80 85
85 11
86 92
86 48
94 53
92 87
0 53
0 93
4 99
4 35
31 48
19 32
14 60
90 51
73 33
7 73
13 46
20 4
18 18
21 98
20 47
28 0
29 20
29 30
32 67
35 85
35 57
37 81
34 23
40 47
43 40
41 70
46 49
46 26
52 8
52 89
52 39
53 53
52 23
56 10
56 46
56 70
61 65
61 54
65 14
65 97
64 79
69 16
69 52
69 58
75 4
79 18
81 3
79 94
82 75
83 25
89 0
86 65
90 36
91 26
95 96
96 20
97 28
94 42
