# Penalty: 41730.34805407835
90
79 90
83 76
80 45
80 97
83 35
26 10
28 42
61 43
78 64
92 7
69 88
94 85
13 11
15 26
17 45
48 22
51 6
51 42
53 19
83 28
90 78
78 2
80 11
69 34
15 18
78 57
97 6
0 2
15 35
76 16
73 96
70 45
88 23
26 17
48 37
51 23
53 38
50 14
65 71
67 15
71 79
67 54
72 71
62 25
75 49
81 55
70 26
73 86
83 16
82 69
84 42
87 83
90 29
89 48
92 56
92 59
0 6
1 16
2 28
7 34
9 3
15 50
93 91
18 4
57 49
16 10
19 44
27 26
32 12
38 32
47 0
45 29
56 1
59 28
66 6
64 63
73 25
72 63
78 86
80 21
83 7
83 61
84 0
86 70
90 99
94 44
95 30
95 13
94 70
96 82
