# Penalty: 34742.000094416915
98
97 1
2 3
33 39
86 90
88 50
9 10
13 76
14 54
49 6
54 31
94 78
3 54
6 2
7 67
19 93
15 43
17 17
21 51
27 65
27 35
38 1
42 96
45 24
62 0
67 37
79 6
53 43
1 97
75 30
82 58
4 20
22 85
45 40
25 76
2 10
31 18
32 7
35 15
48 75
57 60
59 25
61 88
64 52
69 21
68 58
69 90
70 67
74 52
75 18
25 44
78 47
90 34
84 17
90 55
15 79
19 36
21 62
81 38
23 58
25 21
27 90
32 30
34 99
35 56
35 77
36 89
37 21
39 56
38 67
40 32
44 8
46 69
47 55
48 97
51 22
52 77
53 92
53 52
55 3
55 8
58 46
60 79
58 97
61 64
65 7
65 29
67 44
70 2
73 72
76 89
76 97
79 80
82 52
85 28
89 13
91 89
90 23
94 32
