# Penalty: 43163.53012985573
109
42 88
49 52
50 37
69 44
1 22
7 98
10 80
14 32
18 44
25 22
31 18
32 40
34 67
43 48
47 20
51 66
51 91
55 77
62 45
66 30
66 91
91 75
95 73
0 28
0 59
8 55
40 25
55 81
12 75
17 66
22 52
29 88
30 6
8 40
32 35
35 12
39 56
18 33
49 15
60 7
58 56
62 97
66 13
64 83
68 69
71 31
71 49
74 87
76 73
79 17
78 65
80 5
80 33
84 10
88 62
94 6
96 87
0 47
0 95
4 18
28 44
6 25
7 64
71 38
9 14
52 45
60 88
10 93
11 4
7 34
14 84
14 58
20 19
24 76
21 26
27 93
33 1
33 26
35 61
36 75
37 42
39 11
39 17
40 70
42 34
44 72
45 16
46 92
52 98
55 36
52 88
61 74
66 6
72 58
77 44
81 75
82 80
84 18
84 41
83 61
86 32
87 46
88 88
91 16
90 64
95 30
96 49
97 99
98 20
