# Penalty: 45040.01931682672
116
51 87
53 35
62 51
66 17
75 42
12 96
14 50
20 77
30 90
33 29
35 70
39 13
39 79
78 3
79 90
88 55
92 84
2 21
4 37
6 6
49 7
8 59
18 95
58 7
11 40
15 9
20 68
22 30
22 58
23 44
26 4
26 69
36 64
36 5
40 44
42 51
47 30
47 95
47 59
49 78
54 97
53 54
57 33
63 65
60 87
68 3
71 62
56 19
71 52
81 72
82 74
89 13
91 47
88 66
83 82
94 78
97 84
98 55
0 59
0 91
0 9
1 75
3 96
98 65
4 89
6 81
9 21
9 64
11 88
18 16
18 36
17 6
19 87
24 51
25 85
25 60
28 98
29 11
29 36
32 25
32 47
33 89
38 97
39 24
40 13
41 83
45 68
46 45
46 9
49 29
49 77
52 2
53 72
55 64
61 22
62 13
63 76
63 48
65 31
67 67
69 10
71 99
72 17
73 37
72 63
75 85
78 47
84 27
84 96
85 56
89 41
91 9
95 28
94 38
96 8
96 43
