# Penalty: 39109.72980917037
98
25 14
16 25
6 13
4 57
16 78
75 18
1 2
21 83
29 4
1 21
11 53
28 19
12 95
12 26
17 68
24 63
50 89
53 5
67 91
95 31
74 25
0 66
20 9
7 73
11 20
11 88
13 2
9 63
13 98
18 50
20 72
25 93
27 77
48 65
51 98
54 23
56 12
58 76
59 51
59 27
58 95
60 44
60 69
64 12
65 37
67 64
73 63
73 83
78 59
79 31
80 22
85 53
85 73
86 8
87 48
89 78
89 21
91 59
92 1
94 7
97 37
97 58
0 26
0 81
1 90
2 96
20 17
13 59
14 96
16 89
23 31
24 50
24 11
26 99
27 85
50 83
62 6
64 81
64 85
66 99
68 5
67 50
66 35
72 93
74 48
74 86
78 5
80 73
80 17
82 82
83 41
83 59
91 78
92 25
94 72
96 8
97 43
97 52
