# Penalty: 44093.03507551711
114
0 5
43 40
3 80
7 11
12 32
15 47
17 67
21 24
26 75
30 50
41 89
49 83
51 62
26 18
56 24
64 66
77 58
83 14
85 4
86 57
50 76
99 3
5 96
66 79
91 63
33 86
19 39
19 8
19 81
20 17
27 3
33 40
35 34
37 54
34 13
38 83
43 60
44 31
50 12
49 46
54 95
54 31
57 9
59 47
60 86
67 19
71 38
72 30
72 55
72 78
73 92
75 84
78 94
79 63
85 39
86 18
96 39
96 47
94 63
96 79
0 0
0 45
0 49
2 58
3 87
3 26
3 19
82 79
4 3
6 79
9 71
10 97
27 26
81 86
11 14
12 25
16 32
20 99
24 6
25 55
26 33
31 68
34 49
36 22
36 43
45 68
46 25
46 57
47 42
49 4
54 69
58 16
57 39
57 79
60 55
60 96
62 10
63 1
63 43
64 41
65 51
67 82
77 7
74 99
80 42
84 28
86 42
85 94
88 38
87 53
93 94
96 7
97 21
99 12
