# Penalty: 45386.08128066655
114
29 27
65 54
34 50
37 8
49 26
90 94
93 72
8 81
10 27
16 62
26 78
18 51
35 78
39 14
41 35
49 82
53 41
70 85
75 68
84 33
90 16
83 96
1 36
4 50
7 16
12 91
25 43
14 24
15 68
51 31
16 18
20 37
30 10
31 69
33 45
39 59
44 17
42 42
50 96
52 5
64 98
65 17
68 47
67 61
68 77
73 42
78 20
85 54
88 43
88 60
97 24
98 32
0 15
0 84
3 43
56 12
3 73
6 57
8 98
7 64
12 9
10 47
16 84
16 22
17 74
18 4
18 92
20 59
20 27
22 10
22 36
20 82
25 1
26 50
27 64
31 36
33 1
36 50
38 82
38 22
44 62
45 90
47 4
49 56
49 73
51 67
52 0
52 23
53 87
59 1
59 72
57 81
59 88
69 3
73 71
75 34
75 9
74 61
75 43
77 88
78 24
79 78
83 10
84 86
85 70
88 0
88 8
86 25
91 86
93 57
93 75
96 3
95 98
94 52
