# Penalty: 39388.22737337369
111
4 65
51 52
27 52
29 95
34 43
87 97
0 91
2 49
16 35
27 24
29 13
44 91
45 28
49 0
53 15
56 24
64 76
75 84
89 33
92 46
0 60
4 13
6 3
9 31
44 42
78 71
7 46
13 72
16 5
18 59
12 38
20 90
26 81
33 65
34 77
43 84
48 56
51 85
51 25
55 94
60 69
62 42
67 54
73 27
76 22
82 59
87 12
91 60
92 80
93 38
95 6
95 24
96 92
97 59
0 29
0 96
3 93
61 36
81 81
16 24
5 66
59 89
8 48
36 31
10 78
10 99
10 62
21 9
20 94
21 49
21 75
22 32
20 65
25 3
25 58
30 17
28 72
34 2
34 81
36 12
42 3
44 12
45 33
52 0
51 41
54 64
58 2
57 79
58 16
58 45
60 28
62 94
61 62
65 83
70 0
71 9
69 55
71 37
72 46
70 69
73 95
76 41
79 24
77 91
84 54
89 14
90 99
90 74
96 32
94 70
98 44
