# Penalty: 49752.18263417544
118
31 61
38 6
65 26
0 42
6 1
19 36
39 71
21 41
27 54
38 88
40 34
44 10
50 62
44 42
61 10
55 73
34 77
73 24
76 46
88 4
0 90
5 69
4 84
5 41
59 64
11 18
10 63
11 54
8 87
16 50
21 67
24 31
26 91
20 52
30 68
41 51
42 20
45 27
38 81
68 97
70 81
53 43
66 57
56 25
79 23
79 78
70 87
82 95
85 36
85 51
90 67
89 35
92 93
93 22
94 74
96 52
0 6
0 32
1 28
0 48
7 8
90 25
6 47
9 14
9 29
8 36
10 91
14 60
15 81
17 95
21 3
23 76
24 60
27 3
30 52
32 21
32 46
33 63
36 13
36 55
42 1
41 79
41 41
42 99
43 93
46 56
47 4
47 28
48 21
52 86
52 58
56 78
57 94
58 19
61 63
59 86
66 11
66 28
68 17
70 39
70 75
71 53
73 60
76 14
76 64
77 37
77 48
80 7
80 75
83 45
88 8
87 18
92 2
91 36
92 78
94 11
96 66
97 43
