# Penalty: 38120.05727081119
107
70 3
14 39
59 42
65 93
84 47
90 5
94 37
7 48
24 22
29 92
32 45
33 54
38 91
48 58
50 86
65 73
66 18
67 62
14 45
82 86
75 24
87 32
88 88
95 60
0 11
94 15
0 49
5 63
8 91
9 97
11 69
69 80
19 9
80 13
3 36
17 32
17 98
28 72
22 88
33 62
37 1
42 18
47 28
38 71
52 35
53 80
66 38
65 88
74 6
78 65
78 98
79 30
81 70
96 84
93 6
0 97
3 26
1 55
4 77
7 5
13 2
13 66
14 80
21 2
27 29
31 19
31 94
32 86
35 53
40 32
39 62
44 13
44 73
46 3
45 43
47 18
50 49
51 94
52 13
54 27
54 63
57 99
59 13
58 51
58 66
59 44
61 77
64 47
65 28
67 8
66 71
71 44
71 91
74 21
79 51
81 61
80 75
86 38
87 12
87 97
88 54
88 83
95 62
94 78
96 18
97 23
98 9
