# Penalty: 37813.00908322615
104
38 67
31 19
50 39
54 70
90 93
95 4
9 60
22 98
30 83
31 44
35 87
46 73
49 18
60 6
67 23
74 55
78 85
51 23
26 73
83 32
39 93
93 64
95 10
96 90
0 39
0 55
9 9
13 33
79 96
13 71
15 89
23 4
23 56
17 21
45 63
35 46
39 0
29 60
40 11
44 51
47 25
48 81
51 95
53 46
55 86
65 38
66 67
72 16
72 80
75 66
81 11
67 88
81 91
45 17
86 97
90 24
90 49
90 55
93 38
0 92
3 22
89 4
2 30
5 53
6 95
8 43
12 81
14 56
16 75
22 22
94 17
21 83
23 47
25 1
24 13
26 39
26 92
30 5
32 33
32 52
34 76
36 85
41 89
56 72
63 15
63 74
66 1
66 99
66 59
72 32
74 4
73 94
79 39
79 66
79 58
80 60
86 18
86 69
87 83
91 47
93 82
94 56
97 27
96 62
