# Penalty: 41647.57110722693
108
84 73
60 55
37 94
42 25
92 33
3 21
3 91
6 6
18 43
24 86
42 35
40 69
41 50
34 21
61 74
44 94
76 35
68 67
92 68
3 42
3 98
8 84
22 94
28 6
23 39
27 69
29 52
7 50
32 27
31 79
32 35
31 88
34 49
35 56
38 14
49 30
49 93
51 70
55 9
56 84
58 46
60 5
65 37
65 85
65 93
66 51
67 71
69 8
71 88
75 13
75 83
77 29
78 3
79 54
79 89
80 47
83 7
86 15
85 84
89 94
91 60
94 3
94 50
95 92
97 8
0 64
0 37
1 57
2 71
10 76
11 28
11 18
12 97
38 85
12 92
17 62
17 19
20 47
28 94
30 13
28 42
36 3
35 21
36 35
39 99
38 18
41 60
44 68
46 36
47 11
49 50
54 24
55 97
56 30
56 86
68 23
68 51
70 97
69 61
73 72
78 21
80 43
84 1
88 40
88 7
90 21
94 54
96 65
