# Penalty: 42252.8030433613
113
11 11
17 31
20 44
6 71
15 5
24 86
25 58
33 23
33 83
40 28
47 45
59 35
61 20
66 32
74 61
78 13
80 33
81 20
81 72
26 49
95 67
96 36
0 20
1 87
2 96
1 12
3 76
10 30
20 74
21 0
24 5
29 69
31 33
38 85
48 54
48 69
53 13
50 39
54 22
54 84
61 1
62 77
62 9
69 78
24 34
74 85
78 5
83 39
89 84
89 1
86 48
93 76
94 60
92 14
94 90
97 50
3 48
96 7
5 37
6 59
4 19
10 90
10 45
11 68
71 26
72 12
10 23
14 57
15 47
17 82
18 26
21 12
19 65
22 20
24 44
24 79
28 94
30 6
30 54
33 50
36 94
34 61
39 0
38 69
39 36
42 44
40 58
44 74
47 6
54 89
52 28
59 53
56 83
62 60
62 70
64 46
65 52
67 91
68 83
72 45
75 0
80 58
78 94
81 13
84 73
88 33
88 48
89 22
89 69
95 16
96 97
95 28
97 81
