# Penalty: 40218.208253449884
108
14 74
26 61
43 87
49 48
64 75
74 54
4 2
4 48
14 24
16 10
27 87
33 3
39 16
49 27
52 8
87 31
87 67
91 92
95 8
9 78
13 45
49 94
60 8
65 82
77 41
1 11
12 88
13 99
18 35
45 20
5 54
20 67
21 50
16 81
31 44
34 32
37 97
41 67
42 81
47 38
53 72
53 22
55 55
57 81
60 66
61 19
61 39
66 16
64 24
74 87
74 9
76 26
76 72
83 11
83 56
87 25
94 73
3 29
3 93
83 20
5 9
23 76
7 70
5 85
10 15
14 1
65 64
13 60
14 4
14 92
20 26
21 99
24 14
30 15
29 38
28 52
31 8
34 68
35 39
34 24
41 58
40 2
42 44
45 98
45 12
51 32
53 12
53 99
58 88
60 46
56 76
63 96
65 2
64 49
69 31
71 78
70 45
72 12
74 95
77 69
80 91
79 79
85 45
93 46
94 92
94 65
95 32
97 21
