# Penalty: 41521.993083836176
112
5 37
12 45
24 73
39 80
47 25
4 80
29 7
34 92
38 3
42 66
49 69
57 52
58 28
60 8
64 67
69 13
73 77
19 48
89 53
90 5
2 93
4 7
70 33
76 9
20 34
9 83
11 3
15 14
44 76
16 89
4 55
21 56
23 77
25 26
32 54
28 34
39 24
44 3
47 55
30 87
50 52
49 29
59 85
59 78
60 38
68 51
69 19
4 45
71 2
73 89
35 59
74 47
75 65
72 26
81 4
83 25
84 86
87 31
93 59
94 96
97 27
0 62
0 72
3 99
92 23
2 69
12 21
11 36
12 81
17 62
20 14
19 93
20 66
24 98
25 57
31 13
33 39
33 45
38 71
62 23
40 40
39 52
40 99
42 14
41 85
46 92
47 19
48 41
47 66
53 79
54 96
58 57
59 11
68 97
70 87
79 49
78 99
80 39
81 89
85 69
85 98
85 20
88 45
88 82
88 51
90 73
91 16
88 87
95 0
93 67
94 99
96 75
