# Penalty: 43273.049953702466
113
97 3
8 96
11 4
50 9
51 74
91 91
3 57
4 42
8 79
22 29
23 52
24 10
41 87
45 65
54 78
60 47
71 51
72 59
80 7
82 91
83 12
85 72
90 75
0 14
6 58
11 88
27 40
10 12
13 32
21 86
24 97
29 67
26 6
27 78
30 26
16 13
31 4
28 86
37 18
38 50
41 30
47 25
48 88
52 35
33 56
58 13
59 70
61 18
65 84
66 67
68 29
69 11
78 45
84 27
86 63
89 32
87 17
92 50
97 82
0 22
0 75
0 84
1 0
51 85
5 72
8 98
8 47
11 75
12 54
11 93
15 33
17 48
19 27
21 65
22 20
31 76
32 42
33 94
35 35
36 2
38 7
38 78
43 32
44 10
44 55
46 60
46 38
47 17
50 46
55 0
55 64
57 27
58 98
60 54
60 80
65 22
68 76
72 37
70 83
75 97
77 13
78 35
84 89
86 47
87 68
87 13
89 21
87 83
91 27
92 41
95 34
94 75
96 24
