# Penalty: 40155.77854302974
104
11 11
71 41
15 43
30 10
44 16
85 67
3 62
10 29
10 95
20 56
6 14
22 79
19 62
23 27
40 40
43 81
44 65
48 49
63 79
66 8
69 58
84 39
0 28
4 56
23 46
6 74
7 47
8 81
12 51
13 97
13 5
22 98
30 59
31 31
36 77
38 71
41 94
49 21
49 62
40 51
53 34
52 85
55 42
63 73
63 94
62 61
65 42
69 1
72 13
72 75
76 56
77 42
79 0
86 12
91 34
91 51
91 91
91 44
94 83
96 55
0 90
19 41
6 67
44 29
66 34
7 37
10 58
13 83
14 30
19 83
27 88
29 41
34 24
35 60
37 9
37 44
43 57
46 6
46 43
49 68
52 48
54 18
55 65
56 75
59 87
60 99
64 68
66 83
68 48
71 61
73 21
74 97
76 7
77 74
80 91
81 21
81 77
82 50
85 29
87 97
87 64
96 12
95 26
95 98
