# Penalty: 41028.322581585635
111
4 7
45 58
86 17
92 18
2 47
3 59
12 73
15 41
17 96
20 31
22 12
30 59
35 65
36 94
37 14
38 35
44 92
22 18
45 47
52 97
52 64
69 44
71 72
84 95
91 36
0 65
9 0
46 87
16 25
17 68
50 53
30 29
33 80
35 58
40 16
41 78
49 5
53 20
53 80
57 35
41 25
58 88
67 21
67 37
72 78
72 89
82 56
91 46
92 83
93 76
79 10
0 27
0 96
0 15
3 86
2 76
7 93
6 49
10 64
64 88
10 15
12 88
15 47
16 33
18 3
20 75
20 85
19 42
23 26
27 88
28 53
27 44
29 12
29 74
28 17
34 73
36 5
36 32
38 99
37 56
46 33
45 19
48 72
51 2
52 16
54 69
58 41
57 74
63 0
65 70
73 58
73 36
74 50
75 18
75 26
72 86
75 64
78 99
82 0
84 61
83 81
85 66
90 29
89 13
93 4
93 41
91 61
93 92
95 50
94 13
99 33
