# Penalty: 39647.65720719528
108
68 64
85 24
1 78
32 95
94 13
3 14
9 52
9 97
30 72
34 52
48 29
49 21
49 85
52 74
53 5
53 38
64 60
66 22
31 63
76 3
78 47
76 9
93 22
1 47
1 63
9 81
11 29
17 47
13 87
19 54
20 84
26 80
29 43
67 54
30 12
28 86
33 78
35 62
38 40
38 94
44 57
60 8
55 78
58 54
60 87
77 58
4 88
44 44
60 72
69 35
70 82
75 91
81 51
82 92
84 21
92 43
86 30
97 16
0 38
4 16
3 59
5 8
6 22
6 64
11 2
66 76
11 95
16 69
17 10
17 94
20 26
20 33
22 74
23 3
24 50
24 89
31 6
39 32
42 25
44 87
46 10
45 66
46 92
51 13
50 27
53 2
56 92
59 25
59 40
62 99
63 2
64 29
66 69
69 98
70 16
76 79
78 65
81 85
83 56
84 11
87 98
89 38
92 98
95 0
94 38
93 28
95 74
96 64
