# Penalty: 41934.369926467974
109
4 34
21 31
35 37
60 55
70 14
16 11
23 45
30 58
33 11
34 78
45 27
47 2
47 85
62 32
62 80
18 2
36 51
67 74
69 55
75 90
0 7
7 79
4 25
6 47
10 52
31 29
14 70
17 91
70 25
51 76
19 37
22 79
35 20
35 70
16 26
38 77
41 98
49 65
53 28
48 52
55 90
56 39
56 46
60 24
63 4
70 66
72 47
74 18
77 3
76 35
78 81
80 13
81 72
84 1
86 6
87 76
88 83
90 28
91 53
97 64
0 36
0 62
0 69
0 78
3 58
8 6
35 27
53 84
9 48
66 84
11 45
14 44
18 59
22 56
29 83
36 6
37 42
36 91
38 62
38 70
42 10
42 37
43 19
42 84
44 98
44 44
46 70
52 56
56 1
58 99
62 59
63 73
65 33
63 47
68 98
74 28
78 97
79 42
81 63
86 45
86 97
88 15
89 59
89 91
92 34
94 11
95 0
94 78
95 25
