# Penalty: 40180.5160125833
112
12 50
19 77
27 96
3 50
40 90
80 0
86 26
91 57
11 11
18 63
39 68
50 39
57 56
65 82
70 14
74 76
90 7
93 50
93 74
95 95
0 83
4 15
19 55
82 80
93 15
0 58
7 29
7 80
8 3
9 45
14 82
20 31
22 20
27 6
30 67
36 37
43 78
46 12
26 41
46 89
9 64
49 46
52 9
55 14
66 28
72 36
74 93
90 40
88 66
95 1
0 29
67 73
44 66
0 76
0 65
6 30
15 41
4 62
7 22
8 50
10 96
10 88
10 78
16 3
18 13
19 96
21 27
21 69
23 46
23 61
24 83
27 10
26 51
32 7
31 86
31 21
30 42
33 97
34 12
35 52
39 26
39 58
39 83
40 0
40 42
45 21
50 97
47 4
52 74
54 40
57 60
57 54
60 86
61 99
63 21
63 90
63 47
66 5
69 0
74 27
73 79
75 7
79 94
80 63
78 36
82 53
87 33
86 60
91 25
95 86
96 16
97 70
