# Penalty: 92388.41749768824
164
32 97
96 61
0 18
5 14
9 50
16 23
21 42
25 27
29 42
29 49
27 35
33 76
46 96
49 33
53 7
54 82
62 61
70 5
74 49
74 69
78 65
83 84
86 41
48 87
85 70
88 55
96 26
0 0
90 30
0 4
0 25
0 32
0 39
0 53
0 67
0 74
0 81
0 88
16 46
0 15
5 0
5 91
5 35
5 56
5 84
5 63
6 5
6 19
6 40
6 75
6 28
14 1
13 77
14 5
13 56
14 16
14 61
14 82
14 36
21 0
21 63
21 98
21 21
21 84
21 91
22 5
21 70
22 13
22 49
22 77
22 56
29 0
29 7
29 70
29 21
29 28
29 56
29 84
30 12
30 35
30 61
37 0
37 70
37 98
37 7
37 42
37 77
38 14
38 21
38 47
38 62
38 91
37 35
45 49
45 0
45 21
45 63
45 28
45 70
46 5
45 42
46 14
47 77
53 49
53 98
53 28
53 56
53 77
53 35
53 91
54 19
54 42
54 63
54 70
61 0
61 21
61 42
61 77
62 5
61 56
61 84
62 14
62 26
61 91
62 35
62 70
61 49
69 98
69 21
69 91
69 35
69 42
69 77
70 12
70 83
78 0
77 98
77 14
78 28
77 42
77 49
77 91
78 54
78 33
85 14
85 98
86 1
85 84
85 35
85 91
86 19
86 61
93 0
93 56
93 98
93 77
94 5
93 21
93 35
93 84
94 40
94 14
94 47
94 93
