# Penalty: 40811.439962517616
113
46 78
59 97
92 84
3 33
6 47
17 31
17 62
29 96
31 65
32 39
38 5
43 49
59 12
68 68
69 1
72 31
74 55
83 69
88 24
0 66
7 6
45 71
47 94
8 78
93 29
8 18
17 92
21 24
14 5
76 73
26 38
30 82
31 7
33 67
24 84
39 58
47 54
49 19
61 30
61 53
62 87
63 6
63 79
68 37
70 99
16 39
74 50
75 94
75 41
80 6
82 21
84 96
84 60
88 47
94 78
0 51
0 72
0 21
89 10
0 41
6 97
7 67
41 75
6 25
9 55
82 54
45 63
10 33
12 83
14 11
13 47
15 53
22 17
21 97
22 3
20 76
23 52
28 1
30 23
33 34
34 43
36 0
35 62
38 96
39 82
45 26
48 42
49 13
49 77
53 38
53 91
52 33
57 53
61 93
65 25
64 29
68 72
68 16
69 65
67 79
80 89
84 68
85 84
87 32
88 40
87 82
93 12
94 50
94 96
95 63
96 18
96 57
94 86
