# Penalty: 37478.24445876523
107
52 32
83 34
14 18
22 38
22 95
33 96
64 21
72 63
9 68
11 27
21 5
33 64
43 10
44 60
49 46
55 40
55 76
65 55
66 76
82 92
85 46
92 97
93 23
2 59
35 88
91 32
1 26
11 48
5 52
10 71
38 96
16 53
22 82
17 67
55 48
24 54
10 20
24 75
26 22
31 4
35 55
41 0
55 91
59 67
65 30
21 89
69 44
70 58
83 74
88 18
89 89
92 46
83 64
96 94
97 62
98 39
99 48
72 27
0 83
1 7
0 79
2 0
0 16
4 91
97 86
73 71
2 62
5 85
6 38
6 10
60 49
11 65
15 39
15 50
14 73
23 7
24 39
29 59
30 32
30 78
32 22
35 7
36 36
36 62
42 23
43 75
39 92
49 5
53 12
54 66
56 1
56 30
59 12
56 63
59 96
64 91
63 1
66 20
66 40
75 91
75 43
84 1
85 53
89 39
91 9
90 72
92 17
