# Penalty: 41224.34992342102
108
74 58
83 25
3 19
25 95
47 45
88 12
2 63
3 97
34 82
38 10
38 41
41 89
44 3
47 67
56 18
59 37
63 91
65 2
78 97
87 71
96 76
1 2
1 52
8 26
8 80
8 45
11 71
15 50
16 33
16 64
20 33
17 80
19 71
29 52
30 14
29 71
42 59
46 22
52 46
53 66
55 73
58 27
46 53
61 54
62 34
60 60
63 78
68 81
70 48
70 26
47 36
71 8
67 53
76 64
75 22
82 77
86 33
81 62
97 47
95 33
99 3
98 16
89 82
1 67
9 94
14 8
11 99
15 27
18 13
18 49
16 43
22 27
27 85
25 47
30 29
32 60
31 93
31 43
35 2
33 24
33 48
39 96
41 86
39 42
55 9
54 89
53 58
60 16
64 39
61 42
64 75
70 16
71 0
72 89
71 74
74 14
72 44
73 81
77 45
75 52
80 71
82 92
84 1
82 85
88 15
89 26
95 98
96 82
