# Penalty: 44460.159831947094
110
70 71
12 86
43 0
79 53
92 83
1 25
13 47
31 53
35 90
71 81
38 66
22 42
38 50
46 11
63 7
69 22
66 86
79 42
86 34
89 27
89 92
1 4
2 96
3 46
10 4
10 20
10 92
11 30
16 78
17 67
21 20
24 77
77 81
30 38
33 5
35 98
38 84
38 9
41 76
49 54
49 88
52 17
60 39
56 64
54 78
60 91
62 24
68 3
67 65
71 24
29 65
72 53
71 87
76 92
80 59
82 9
82 79
83 51
94 60
95 23
0 18
0 39
0 61
0 69
4 75
4 36
6 65
5 85
9 57
18 27
18 69
21 32
24 13
25 56
24 83
32 71
34 52
35 1
37 32
38 20
40 70
42 37
68 77
42 65
48 32
50 40
50 23
49 69
52 54
55 31
60 78
63 48
64 38
68 10
70 6
71 35
75 25
75 63
80 39
79 73
82 96
85 65
86 77
87 59
85 88
89 4
91 50
95 17
95 97
96 82
