# Penalty: 41712.3402044596
107
30 90
34 64
45 73
69 20
7 63
15 27
17 66
27 95
38 27
38 74
54 8
56 83
58 46
59 71
77 34
77 59
81 20
83 66
85 47
89 39
89 89
96 60
4 21
4 87
7 96
11 45
13 50
68 73
85 77
12 33
20 56
21 81
35 34
27 47
44 54
44 93
45 88
86 30
94 71
40 65
33 92
50 82
59 12
59 89
61 37
64 44
63 65
70 48
69 85
70 54
74 78
78 96
81 57
82 91
84 14
83 99
94 7
93 33
95 53
97 39
0 56
6 77
8 11
11 71
71 39
14 14
86 23
13 62
17 0
19 28
21 17
20 88
23 42
27 2
25 70
29 56
29 76
31 19
31 76
48 78
33 82
40 7
41 1
37 37
41 41
45 23
44 48
46 98
46 33
51 68
53 36
56 20
54 91
60 51
60 70
59 80
63 5
65 32
64 75
74 86
75 21
84 6
90 79
96 92
97 14
98 70
99 79
