# Penalty: 48713.9025061547
99
22 68
38 60
54 27
71 60
76 24
21 31
26 79
28 35
55 70
63 38
73 78
23 5
74 15
78 61
20 58
35 55
36 20
39 46
60 63
66 44
70 26
77 30
81 75
88 49
1 70
7 29
11 18
31 27
15 21
17 74
19 39
27 7
26 75
65 64
67 55
34 65
35 74
40 88
39 23
42 17
40 57
46 64
52 65
57 49
58 32
63 16
62 24
20 25
71 72
82 82
79 20
0 0
4 53
97 52
4 98
83 35
4 72
87 18
9 77
10 36
10 68
19 54
18 63
19 82
23 89
24 93
25 41
58 56
26 21
25 67
28 39
27 59
32 9
32 47
34 80
35 30
40 31
43 93
46 5
45 40
45 15
47 73
49 56
53 77
60 4
58 78
61 35
61 70
62 29
65 84
67 44
70 88
70 41
76 55
76 68
80 45
81 60
80 25
87 73
