# Penalty: 40318.8732349784
111
2 44
14 86
16 29
39 79
60 8
61 49
94 31
6 56
8 97
27 79
40 7
44 57
47 6
53 83
57 27
62 86
74 77
79 9
79 56
82 68
90 7
14 52
93 57
62 2
4 78
43 78
69 86
5 42
11 72
16 43
25 68
28 46
30 34
31 5
32 93
36 58
38 34
43 28
46 93
46 36
20 83
51 28
55 47
61 22
2 68
55 89
65 29
75 17
78 23
80 90
76 72
84 40
85 94
86 48
0 13
97 14
0 82
0 32
2 98
6 19
6 26
80 14
85 55
8 57
20 41
61 79
7 65
15 1
13 89
18 16
21 2
21 24
20 58
23 99
23 64
28 70
30 13
28 88
33 97
35 22
35 83
38 18
46 51
45 65
47 59
49 20
52 67
54 14
54 59
54 19
59 42
60 97
63 64
65 39
66 72
63 93
69 56
69 43
70 98
75 28
77 37
77 60
85 86
86 71
84 76
87 96
90 80
94 23
97 46
98 75
99 54
