# Penalty: 45742.45157996809
114
82 6
5 76
37 9
55 64
57 18
70 79
9 5
14 30
14 95
38 69
41 49
40 16
49 94
53 37
45 2
64 26
70 3
83 86
82 15
2 51
5 22
9 59
16 75
18 45
47 28
24 54
24 83
27 10
30 25
31 39
41 97
43 73
5 87
49 19
59 46
61 97
69 29
69 34
70 43
50 91
70 10
73 58
12 47
76 21
77 66
78 81
83 53
85 0
80 94
88 28
83 71
90 36
89 66
92 85
95 17
92 74
0 37
0 71
1 3
0 55
0 14
0 30
5 17
58 23
4 42
6 65
7 79
10 2
11 85
15 5
15 24
15 65
15 16
18 93
19 30
20 71
22 47
25 99
26 17
32 85
38 65
38 30
40 35
40 19
43 6
45 58
47 44
50 56
51 18
53 41
56 12
61 61
63 47
65 15
67 98
67 64
69 73
71 3
74 29
80 39
78 79
81 46
84 14
83 90
84 57
87 7
87 22
92 0
94 36
94 99
95 34
95 75
96 10
95 25
