# Penalty: 42345.452560367594
109
20 26
30 63
44 62
48 48
53 16
89 80
0 40
0 56
11 2
36 91
38 24
10 28
43 70
54 30
58 88
47 5
61 33
70 53
77 90
79 40
96 12
0 65
1 94
1 19
2 73
12 42
15 91
16 41
16 76
19 3
46 84
73 38
22 41
23 92
32 58
39 10
42 32
25 87
44 49
45 41
47 90
47 22
53 8
55 62
58 70
57 94
64 5
68 33
58 56
67 43
71 5
79 9
81 92
84 59
89 34
88 6
94 39
96 67
0 11
0 50
0 87
4 25
6 72
5 32
8 10
8 78
8 86
15 12
16 98
17 46
16 8
20 27
23 10
30 91
31 74
32 4
31 28
33 99
35 60
36 48
38 76
41 1
43 75
42 53
45 10
44 60
51 36
55 22
56 17
57 32
57 9
58 47
65 19
72 17
72 97
73 24
72 42
76 69
75 62
78 0
78 83
80 23
81 53
82 31
84 84
88 99
92 15
91 75
93 94
