# Penalty: 40498.23109029033
108
66 57
87 48
6 14
29 4
40 84
44 23
63 84
64 15
1 56
5 65
6 37
10 87
33 67
35 34
42 32
43 49
71 20
71 44
75 2
82 5
85 91
89 74
91 71
4 0
8 69
13 37
15 94
16 51
21 48
21 80
26 29
29 87
31 49
33 97
35 41
37 77
41 70
43 6
50 47
52 61
58 60
68 94
70 76
69 9
71 80
72 34
77 38
76 71
78 55
80 33
85 17
87 39
92 60
94 35
96 51
18 87
97 58
0 47
0 70
0 86
8 2
8 65
10 43
13 16
13 6
14 66
23 37
13 79
17 56
24 7
24 18
24 62
27 72
31 81
35 3
36 9
37 26
37 62
34 87
42 40
47 87
48 9
51 24
53 23
54 93
54 67
53 12
57 4
63 36
61 74
70 23
72 52
73 88
74 62
76 23
76 77
78 10
79 85
78 47
83 1
85 23
88 8
89 96
90 31
93 88
97 0
96 81
97 38
