# Penalty: 46129.47711340113
85
2 19
48 58
4 79
20 61
80 96
22 41
38 43
38 87
3 53
6 68
20 69
25 32
80 87
8 24
12 47
23 91
24 76
88 92
27 97
9 12
32 79
38 62
42 93
45 96
44 51
55 71
56 83
66 72
77 81
0 3
51 97
88 99
66 86
0 42
30 39
26 61
0 12
4 90
3 33
9 74
12 20
11 58
11 32
14 96
14 53
18 86
18 34
19 20
28 81
26 51
11 65
30 71
37 78
41 56
45 61
45 87
54 57
58 98
65 78
0 65
1 8
1 59
4 85
5 39
31 91
4 51
13 90
15 25
16 39
19 45
21 68
23 37
24 25
25 86
25 39
39 70
48 73
51 79
52 93
56 60
55 86
62 64
72 99
72 91
82 95
