# Penalty: 42913.478399240485
111
16 77
48 80
13 90
40 12
82 75
15 52
25 27
32 59
34 43
37 74
45 21
55 4
56 96
57 34
58 42
68 20
70 55
72 13
83 61
0 16
0 35
2 62
4 1
6 44
3 78
9 9
8 58
15 11
16 71
21 96
22 50
65 32
10 74
25 73
28 43
35 59
39 99
42 8
41 58
42 69
45 52
14 62
48 11
50 88
49 41
56 54
59 95
51 23
63 39
64 66
69 88
71 27
80 97
83 48
86 18
87 81
90 67
91 34
96 37
72 48
0 53
1 20
0 69
2 84
5 26
8 33
20 84
46 61
13 63
18 20
18 32
17 93
17 44
23 36
23 89
23 57
31 3
29 29
31 94
30 83
34 86
34 66
39 22
40 97
40 0
43 31
42 46
50 0
47 75
53 66
56 72
59 11
61 17
63 80
69 0
68 63
70 70
73 34
77 40
77 76
82 10
82 19
83 98
84 67
89 48
91 38
94 17
90 63
96 0
94 95
95 31
