# Penalty: 44569.64053235194
111
58 45
3 18
38 4
43 43
63 21
64 79
79 75
87 72
10 75
12 61
29 46
5 14
32 31
20 74
33 63
39 91
28 4
44 29
47 59
56 82
57 36
80 56
86 30
60 67
96 30
11 47
14 93
0 4
16 4
15 52
20 86
35 56
20 48
23 18
25 67
30 37
34 70
35 30
44 24
46 4
46 78
44 50
46 89
26 77
49 18
48 55
52 32
57 56
66 37
67 62
70 84
73 98
74 64
84 93
85 61
90 44
98 49
0 90
1 57
0 79
2 64
67 51
8 21
8 6
10 28
10 68
12 43
16 24
16 78
37 40
16 69
21 97
22 8
21 34
25 53
26 61
28 78
29 48
35 88
35 21
44 70
44 34
48 97
51 2
50 14
50 63
51 37
51 47
56 16
58 97
60 0
60 88
61 72
67 13
67 23
70 6
70 29
74 9
74 89
77 19
80 39
84 19
84 47
88 10
86 37
89 92
90 99
91 16
93 81
96 20
95 36
