# Penalty: 43427.3506928603
111
70 74
74 29
25 13
49 43
51 6
60 59
65 10
83 63
3 23
18 89
19 35
39 63
47 75
55 92
86 72
78 97
97 47
0 71
2 53
29 33
40 46
54 33
76 61
9 59
9 82
11 23
14 96
17 64
71 86
16 16
60 41
80 67
17 24
27 52
30 15
30 58
38 7
38 78
43 35
44 61
48 21
51 47
62 2
66 36
70 2
71 97
80 27
75 53
27 27
83 8
84 0
84 22
85 88
86 53
88 81
35 54
90 60
0 0
0 34
94 24
0 79
0 42
4 86
3 49
5 14
8 54
7 37
12 9
82 74
12 34
16 55
19 9
18 47
22 86
22 14
24 72
24 93
25 3
28 88
29 67
32 92
32 44
33 23
34 40
39 0
39 15
40 21
46 29
48 89
53 66
53 57
56 15
54 51
58 87
65 27
66 42
71 6
72 23
76 37
78 46
77 83
78 91
77 19
80 37
85 4
87 12
87 58
88 96
92 75
95 94
98 61
