# Penalty: 41932.912985382354
112
1 51
21 32
53 45
77 30
5 56
21 17
0 31
12 87
20 9
20 85
21 51
63 72
66 91
67 44
67 82
81 31
82 95
86 41
89 88
90 13
95 4
0 76
6 70
7 41
9 14
10 55
9 96
85 31
6 81
19 57
24 36
34 69
35 24
38 97
41 79
45 36
48 65
49 16
53 28
56 14
56 46
24 2
69 3
71 14
68 97
72 2
83 77
86 16
66 34
91 95
93 68
18 93
0 5
97 31
52 39
2 4
0 44
15 20
2 65
4 50
9 3
13 38
10 72
20 65
21 87
23 41
24 75
25 7
23 24
25 56
25 10
26 92
26 31
29 37
32 18
33 59
32 76
35 50
35 91
36 83
38 48
37 18
40 10
39 68
44 84
45 14
48 74
49 92
50 68
54 54
54 97
55 21
55 78
60 25
59 32
68 67
69 86
69 23
73 61
75 45
75 99
78 34
78 55
81 16
82 72
83 85
88 51
91 44
92 31
97 7
97 75
95 17
