# Penalty: 38935.769576034836
106
28 69
54 58
4 4
16 42
49 44
70 36
77 49
85 1
0 98
4 84
31 48
2 12
14 34
57 97
16 86
32 55
52 38
58 55
67 87
68 81
71 21
72 73
75 97
82 15
91 45
5 51
13 10
63 33
9 92
23 88
30 93
33 14
34 37
34 73
37 51
42 25
42 70
47 79
54 14
53 84
56 67
58 19
51 52
59 92
64 14
66 95
73 64
71 33
77 6
89 93
90 69
95 83
96 5
97 97
0 27
84 25
0 0
5 68
6 99
7 18
10 0
11 58
10 78
42 50
14 94
18 0
19 66
19 9
19 73
23 52
24 7
31 28
31 99
31 10
31 83
33 69
34 55
38 35
42 6
41 92
44 65
46 28
46 75
50 0
49 98
53 29
62 17
63 65
66 0
68 39
68 53
68 11
70 47
75 58
76 13
74 33
78 78
81 45
81 56
83 92
85 18
85 32
91 7
92 29
91 89
96 16
