# Penalty: 40909.687930444896
110
5 40
5 59
13 85
69 77
72 36
82 91
93 64
96 22
14 28
20 55
28 76
31 29
32 90
44 62
50 80
51 35
66 13
82 14
87 94
96 49
0 84
2 57
6 98
7 4
2 94
12 76
15 50
27 11
23 71
88 83
28 67
32 82
35 22
34 62
37 16
39 86
48 48
54 86
58 4
58 92
68 56
72 11
73 44
76 30
76 63
61 75
14 98
76 40
81 47
76 89
89 28
90 5
91 75
95 12
0 47
0 76
2 72
39 76
6 25
82 32
5 80
11 8
11 18
10 58
14 38
14 91
16 45
16 68
19 12
32 72
20 85
20 60
17 77
23 26
24 33
24 94
30 3
31 38
33 49
39 22
38 59
45 3
45 41
49 18
51 9
50 25
53 57
53 39
53 72
59 58
59 92
59 43
63 1
66 63
67 21
64 81
77 74
72 0
80 64
82 15
87 64
87 39
89 93
88 19
95 58
96 4
95 38
96 89
95 66
98 29
