# Penalty: 40900.77008198817
82
4 98
29 63
44 73
89 94
14 29
19 43
66 86
0 5
2 20
2 57
3 87
68 78
6 41
9 60
16 96
15 79
7 26
10 46
28 85
29 33
31 67
33 53
24 90
38 88
40 68
10 91
45 91
48 54
50 90
54 77
59 93
60 63
64 71
66 93
47 64
15 38
5 76
7 21
11 69
3 53
12 16
8 84
16 54
36 76
38 60
19 47
18 82
21 25
21 68
24 41
26 99
42 50
20 76
50 69
76 82
73 89
79 87
87 99
0 24
1 12
5 64
10 98
57 82
20 33
40 79
13 30
13 93
25 60
28 45
30 90
32 99
33 42
31 73
50 59
49 79
54 67
59 99
70 72
72 99
82 95
91 95
96 96
