# Penalty: 36592.57213143326
105
24 67
89 85
8 97
9 66
9 74
22 38
34 8
49 49
62 13
74 33
85 26
9 47
25 27
34 69
60 51
69 15
89 61
94 90
73 44
90 21
0 60
16 58
4 8
10 11
12 91
80 15
14 50
1 71
17 24
22 9
18 77
26 94
28 45
28 87
34 48
37 19
37 85
39 5
42 46
45 28
48 10
48 94
50 96
55 3
56 80
19 32
53 21
62 69
60 40
61 24
77 64
78 76
83 92
88 76
95 59
95 13
96 30
0 34
3 52
71 10
5 22
3 77
14 89
12 6
24 52
17 97
73 26
15 51
18 72
21 20
23 73
26 13
25 19
32 96
36 39
38 53
41 72
39 64
41 1
41 11
48 30
51 82
53 63
53 98
53 90
52 47
55 70
54 17
59 34
58 60
62 95
63 2
64 88
69 69
70 61
77 0
77 94
81 79
83 51
84 65
90 4
87 40
92 1
92 39
98 96
