# Penalty: 44458.915525266064
115
46 21
53 84
3 95
5 12
15 22
20 99
22 9
31 79
33 52
34 59
40 66
55 9
43 27
69 4
78 67
81 52
89 76
93 94
1 41
2 56
94 72
2 85
6 35
9 60
13 31
17 63
19 1
24 41
26 16
27 2
31 89
34 44
40 14
46 83
47 35
15 37
50 76
56 48
58 31
57 39
60 63
61 88
60 19
65 45
65 75
70 89
71 53
73 8
74 39
73 70
77 2
79 16
82 36
83 82
88 30
90 54
90 80
95 47
95 62
0 25
0 71
19 20
62 8
68 32
5 79
5 90
4 67
7 44
8 1
8 16
52 26
88 64
6 25
11 87
11 11
15 40
16 47
21 76
20 45
23 62
24 93
27 30
26 57
28 5
30 21
31 73
36 42
37 25
38 95
39 1
38 48
39 34
44 69
44 98
49 62
50 56
48 91
54 71
62 59
65 99
66 22
68 15
72 97
74 56
76 89
81 24
82 11
83 92
82 73
88 5
87 50
93 82
96 26
96 38
97 93
