# Penalty: 36124.67872187895
104
42 22
42 96
52 87
57 60
94 3
0 75
6 33
7 60
11 48
23 72
25 94
28 10
42 10
49 51
60 99
68 71
70 22
80 47
82 20
85 95
94 74
1 95
2 15
5 6
7 81
17 20
22 35
22 58
25 77
27 99
52 25
13 62
45 6
29 24
35 46
36 80
39 56
33 96
46 36
51 68
47 82
52 33
54 51
60 6
63 77
62 44
65 39
67 3
61 88
71 52
72 26
76 40
77 72
12 76
79 57
86 25
87 82
91 8
89 46
92 55
98 17
0 29
0 0
99 57
1 56
5 97
8 42
36 71
38 27
10 11
9 64
15 90
17 15
15 93
19 43
18 53
26 56
24 17
32 50
31 64
39 36
45 0
44 96
45 22
47 7
51 21
56 93
57 56
56 23
58 28
62 65
64 15
61 37
67 58
71 1
72 78
72 17
76 95
78 77
79 33
85 43
91 23
94 43
99 35
