# Penalty: 42581.30893544625
110
9 63
11 82
50 16
52 44
86 18
86 42
4 33
18 31
8 43
26 84
21 67
41 73
44 96
25 28
44 45
38 87
65 26
77 57
52 75
50 92
79 45
94 90
93 33
9 96
94 49
9 73
12 39
20 86
21 45
21 36
24 59
32 14
36 27
44 53
46 9
41 18
47 82
49 1
49 50
56 29
58 12
62 64
59 95
60 90
64 13
64 71
65 54
71 75
66 92
73 35
76 21
79 99
79 63
80 71
94 4
0 8
0 23
0 52
98 14
1 88
2 50
85 27
1 38
7 0
9 19
12 21
84 54
11 33
14 0
14 14
14 94
16 53
18 6
16 77
17 25
25 52
26 63
33 97
40 32
40 77
48 67
48 24
46 85
49 35
55 54
57 1
56 15
57 23
61 78
60 37
66 12
67 46
71 0
70 27
71 18
75 4
74 88
74 49
76 14
77 93
83 1
86 80
88 96
93 56
94 42
95 65
95 74
95 93
96 0
95 35
