# Penalty: 43340.40428934336
112
3 76
11 23
17 94
31 55
46 28
1 3
33 13
34 37
40 84
43 1
46 47
62 10
72 89
75 58
85 27
4 93
90 51
91 13
3 47
6 29
93 9
6 69
14 34
10 15
6 79
14 57
16 28
21 4
20 64
21 78
24 16
21 48
24 88
28 42
31 75
32 4
35 23
38 70
40 51
45 59
45 87
49 66
53 77
55 85
57 24
58 19
58 62
64 15
66 75
72 66
81 2
80 51
82 14
86 66
87 35
87 45
37 7
21 56
87 1
91 60
0 11
0 31
0 16
2 99
2 61
25 22
33 64
6 5
2 25
9 0
9 43
6 39
14 9
18 83
16 19
21 0
21 33
36 34
35 1
39 18
39 42
44 12
45 33
47 43
49 2
47 59
49 28
50 8
48 17
53 45
56 47
59 96
57 71
65 1
63 24
66 48
66 29
65 59
69 97
69 10
74 48
80 32
83 80
83 37
86 84
89 99
87 28
92 91
94 48
94 82
94 14
95 23
