# Penalty: 40390.88376042605
109
51 35
47 94
88 16
0 81
4 95
9 39
15 83
30 22
32 52
35 38
50 11
54 72
15 43
59 80
66 38
80 90
80 96
84 0
85 74
94 46
0 15
4 0
43 41
2 43
8 93
9 61
10 69
14 11
21 81
21 86
22 52
24 38
28 68
32 98
31 91
34 26
39 75
46 49
51 95
54 62
60 47
61 10
66 71
69 42
42 17
72 22
72 9
73 97
75 68
76 40
52 88
79 81
83 39
85 57
89 32
94 30
97 44
0 29
96 53
0 67
5 24
8 16
11 54
46 36
60 37
11 76
12 94
14 27
18 25
70 81
18 72
17 93
25 38
27 15
25 79
33 19
36 50
36 46
38 3
38 65
42 7
46 56
47 70
47 77
51 22
53 51
55 62
57 99
58 28
59 0
60 53
67 23
75 9
75 45
77 17
77 72
79 32
86 6
86 58
87 67
88 53
91 73
92 0
91 22
92 38
95 89
95 15
96 8
97 24
