# Penalty: 38106.71870656653
107
42 44
47 68
61 58
73 67
95 35
1 29
3 43
9 48
11 17
18 72
20 63
25 46
38 62
42 24
46 91
48 3
64 77
55 65
71 97
74 88
80 19
0 68
1 94
7 84
2 59
76 80
7 38
14 32
47 61
10 63
17 3
17 39
24 21
24 97
28 51
29 81
31 93
35 78
38 0
53 4
55 33
31 41
26 76
58 84
62 43
63 0
66 62
36 87
31 66
66 87
72 32
80 29
70 46
82 47
88 22
87 74
89 40
90 93
91 80
94 26
97 77
0 0
0 6
0 23
81 36
0 51
4 73
8 80
55 74
9 56
14 15
17 50
21 86
25 10
22 32
26 4
28 48
35 26
32 33
38 16
36 55
48 42
50 24
49 79
50 92
51 56
56 18
55 2
61 25
60 92
63 14
63 31
61 66
67 6
67 91
69 63
71 77
74 99
74 42
77 64
85 4
85 58
91 7
88 54
92 96
95 40
98 51
