# Penalty: 39663.164950103346
109
7 75
29 70
59 66
94 72
2 93
6 84
10 11
15 33
26 85
28 19
33 29
35 56
35 81
39 9
54 75
60 29
68 30
69 13
79 12
84 57
86 69
86 93
91 41
0 12
88 83
73 27
8 96
5 49
5 4
8 27
13 70
17 25
18 48
18 56
18 85
28 5
29 61
0 76
37 30
44 37
44 45
45 12
50 60
50 84
33 87
60 50
65 98
53 25
32 49
74 54
74 3
90 6
80 47
91 13
90 62
93 34
0 46
20 66
67 21
3 14
1 90
5 43
4 65
7 57
8 25
16 80
17 15
20 35
24 21
27 99
26 12
30 67
29 72
32 0
31 8
31 23
38 98
38 50
42 54
40 61
44 97
46 22
45 76
48 7
46 37
51 43
55 81
54 15
63 64
62 75
65 93
66 42
66 1
68 55
69 82
72 72
74 33
70 60
80 40
82 19
87 24
88 78
88 55
93 93
95 41
96 7
96 20
97 66
99 80
