# Penalty: 33263.093083001404
86
12 16
12 96
4 6
10 86
13 37
92 14
12 5
1 20
12 10
72 17
14 46
21 3
82 17
1 10
10 76
23 57
31 19
33 34
29 1
43 6
44 84
48 15
0 97
1 35
3 56
3 64
12 23
34 14
13 90
13 54
19 89
3 92
21 24
14 2
20 18
30 92
27 33
32 5
35 28
40 67
39 2
40 20
43 46
44 94
70 26
77 37
89 17
0 47
0 75
91 23
0 0
6 34
79 12
9 64
9 79
9 20
15 39
15 79
20 65
19 46
21 74
26 9
30 55
30 98
31 48
36 75
40 10
42 74
46 41
48 55
50 20
49 46
52 78
54 6
55 14
60 92
62 10
63 84
64 2
70 95
71 3
78 26
81 1
87 3
90 47
93 2
