# Penalty: 41771.75787632466
111
72 38
16 4
19 31
24 45
39 39
45 84
13 65
26 59
28 79
35 93
37 2
40 60
45 15
47 59
49 79
55 63
59 74
63 8
74 13
76 34
79 72
90 60
94 96
1 54
2 60
2 86
3 39
11 83
30 52
16 45
18 10
23 3
22 38
28 95
29 70
28 31
30 23
30 8
44 41
43 25
45 5
2 73
44 67
50 94
51 31
49 86
57 34
61 29
64 99
63 83
65 47
67 5
65 36
69 21
77 89
76 19
79 37
85 3
90 3
91 50
93 68
0 0
0 15
0 22
0 30
4 68
5 97
4 11
6 40
76 3
10 36
13 73
16 80
18 89
18 65
22 17
21 51
25 84
29 45
31 77
32 24
34 8
33 16
35 91
39 98
43 88
51 19
54 56
58 49
59 0
58 44
60 89
63 63
65 0
66 83
67 15
72 39
76 56
80 74
80 93
82 49
82 81
83 6
81 12
83 98
83 67
82 41
85 55
89 13
96 31
96 76
