# Penalty: 37481.608958655495
104
8 3
36 89
64 15
3 10
6 37
13 42
17 19
22 0
27 30
31 62
34 22
34 94
43 5
45 71
51 49
52 12
55 53
55 83
55 94
62 39
69 84
79 15
82 26
97 80
0 57
1 93
4 82
9 23
10 66
23 49
16 92
11 80
18 5
71 12
23 96
89 21
9 17
27 71
28 80
32 7
33 37
23 21
35 83
45 19
47 2
51 40
49 85
22 40
54 21
57 48
71 28
71 37
72 82
73 95
80 10
82 72
85 48
85 76
92 8
92 32
93 49
93 87
94 18
0 58
5 75
6 28
11 54
54 6
63 26
13 67
11 32
15 61
16 47
57 11
20 29
22 11
26 57
30 13
30 44
34 69
38 66
39 32
40 97
39 47
42 61
43 7
52 67
59 68
58 80
69 71
71 45
75 45
73 78
77 29
83 0
82 90
85 57
85 41
87 66
92 96
90 71
91 23
96 66
99 35
