# Penalty: 43835.50955637977
118
91 60
12 39
53 68
62 32
62 69
89 79
5 12
8 43
9 91
10 9
26 26
31 39
35 2
40 50
47 55
50 20
55 9
69 25
72 42
82 65
0 30
1 85
2 57
72 19
3 78
51 73
0 0
9 72
10 28
16 93
7 48
19 10
25 5
25 92
26 33
29 55
13 24
50 95
61 46
35 91
44 26
65 5
49 36
68 94
73 99
64 79
80 3
79 55
82 12
86 93
94 32
79 97
95 49
96 64
0 67
29 47
1 94
0 15
76 17
2 26
6 0
10 77
13 61
11 44
40 40
14 68
14 14
15 86
16 95
16 24
19 57
21 10
20 51
22 60
25 16
29 79
29 85
30 21
32 66
31 29
33 12
36 71
39 0
39 20
41 87
43 78
46 2
43 99
46 63
48 8
47 16
50 83
52 97
51 30
51 62
53 23
60 85
59 8
63 22
63 53
66 39
67 69
68 19
70 35
76 66
78 80
79 46
83 72
86 22
87 93
86 51
89 11
92 35
95 80
95 3
96 40
97 73
99 28
