# Penalty: 45727.52051523237
117
27 91
44 44
45 91
64 2
86 28
1 4
7 87
30 3
40 77
69 62
75 37
47 72
58 10
1 22
74 7
95 21
2 31
5 2
7 60
5 78
71 50
96 29
11 20
13 57
17 50
17 89
20 77
21 33
26 64
8 25
30 41
31 58
33 25
36 58
38 7
25 83
39 42
41 0
41 68
51 13
55 81
57 95
58 17
60 37
60 88
61 56
63 27
67 20
72 65
70 34
76 0
77 58
81 85
82 43
84 17
92 95
93 10
93 82
93 33
96 74
96 89
0 37
0 50
0 10
0 59
0 97
3 42
3 64
52 4
9 46
11 11
10 39
11 92
14 72
14 78
17 57
20 93
20 49
21 69
26 9
25 32
29 99
30 83
34 62
35 48
36 94
37 10
40 85
45 38
49 65
52 51
52 24
57 0
58 79
58 62
61 74
63 82
64 65
66 91
70 42
69 84
71 56
75 71
77 26
79 37
83 0
82 54
82 79
83 13
84 64
85 60
83 90
90 42
90 67
96 6
96 55
96 96
