# Penalty: 45645.189604136685
115
28 63
12 13
12 48
35 11
7 80
35 69
17 95
11 3
11 60
20 43
21 84
33 27
29 41
34 76
63 71
65 92
67 46
78 16
79 60
79 90
68 35
83 8
0 56
3 93
87 17
2 8
6 38
3 70
5 46
9 21
11 27
12 66
21 90
27 24
29 49
17 12
29 20
38 93
37 77
40 63
45 7
47 32
46 95
47 41
50 7
51 85
57 30
66 0
67 79
68 97
69 67
71 9
75 42
81 30
84 70
91 24
92 97
94 83
97 54
0 13
0 75
59 84
0 99
0 84
2 23
5 94
42 85
8 35
12 41
14 33
14 85
17 64
17 75
22 49
24 95
24 80
28 55
28 28
33 15
32 80
33 98
35 62
36 46
36 23
36 35
43 51
41 75
46 21
46 48
46 66
47 10
50 71
53 54
53 3
52 88
60 52
62 29
67 49
68 28
73 97
74 46
74 74
77 22
75 36
79 56
83 60
87 1
86 76
86 91
89 50
90 7
93 30
93 91
97 11
97 62
