# Penalty: 42515.30579535217
111
25 68
75 49
85 68
0 76
2 18
15 32
17 52
25 55
29 28
31 35
33 87
39 47
46 81
58 86
61 12
61 53
66 72
67 18
72 84
74 56
93 91
1 53
3 29
3 46
4 74
7 3
15 12
32 49
16 20
14 59
25 73
30 19
38 87
42 46
40 91
54 28
55 94
61 3
64 27
66 8
66 48
42 52
67 40
73 72
8 23
74 68
78 94
80 50
83 0
86 15
88 84
93 14
92 70
95 3
95 20
97 60
0 7
0 97
4 61
24 45
47 90
75 42
5 13
11 95
17 67
16 35
18 74
20 33
18 59
20 99
22 5
25 88
28 3
27 78
26 41
33 14
34 4
34 62
33 42
41 30
40 37
43 61
46 99
49 33
49 77
50 47
53 61
54 72
56 49
58 21
58 32
57 46
63 95
64 83
69 3
69 11
67 34
74 86
75 4
76 19
78 28
79 58
80 12
87 33
86 94
89 38
91 21
96 50
95 83
94 66
99 27
