# Penalty: 38062.8016637435
105
80 14
35 28
1 6
41 37
43 58
55 51
60 2
64 31
95 57
7 80
24 17
30 6
32 84
48 4
56 34
71 91
82 26
66 3
86 39
97 5
0 26
3 62
3 90
4 55
5 2
23 36
29 99
17 14
31 38
33 64
36 14
42 28
37 51
41 76
41 83
45 93
45 9
37 67
48 41
49 20
46 51
51 97
57 81
57 89
61 59
63 48
64 86
65 25
65 37
68 21
33 21
68 72
73 68
69 47
78 81
82 57
79 33
86 4
82 71
85 32
92 77
96 19
96 85
0 76
4 48
7 42
7 89
9 77
10 27
9 94
12 18
12 55
10 70
15 3
17 61
18 89
23 74
29 0
34 96
34 81
49 29
38 18
42 65
48 78
50 5
51 12
72 33
48 37
57 65
62 95
63 72
65 9
65 53
65 62
73 86
74 48
77 71
79 58
82 11
86 60
88 44
88 84
89 28
85 76
97 91
