# Penalty: 41937.398475791946
110
54 10
6 28
90 83
3 67
9 85
26 26
31 63
39 94
46 62
54 40
54 76
58 90
60 23
65 4
77 46
87 17
12 95
55 56
10 4
80 89
5 24
49 16
12 44
57 48
2 78
12 15
11 31
19 66
18 51
23 10
26 32
27 78
29 15
36 88
36 16
40 27
42 72
24 56
45 89
61 72
63 9
68 35
65 86
68 65
67 25
68 80
70 56
71 96
76 16
75 66
77 24
80 39
78 98
85 66
83 74
87 7
85 95
88 24
93 45
94 37
97 23
97 76
0 14
0 86
4 8
8 68
18 30
67 49
41 79
10 54
96 16
10 79
11 23
15 71
20 1
19 43
26 88
27 98
27 17
32 50
33 30
34 65
35 42
31 93
37 74
42 8
40 57
44 30
44 99
46 52
48 2
47 71
51 24
53 87
55 33
54 17
61 38
59 31
64 15
68 7
71 21
81 0
81 44
80 88
89 56
91 79
90 68
92 96
94 85
95 43
