# Penalty: 43425.76356364541
109
6 31
13 16
40 47
49 96
79 22
80 68
5 58
81 57
11 93
6 38
23 53
35 61
40 26
46 77
23 13
61 42
63 20
49 53
72 87
28 56
81 6
72 27
2 24
11 70
11 80
11 87
11 56
17 99
15 48
7 26
19 31
19 62
25 71
26 97
27 79
31 92
32 18
24 45
32 70
36 7
35 81
37 55
40 14
39 61
40 69
46 13
46 56
49 30
53 90
53 39
54 27
55 74
58 46
64 30
67 66
78 1
83 24
90 39
94 13
94 60
95 44
0 6
0 51
1 84
2 12
2 47
7 42
9 19
17 1
17 22
33 48
24 63
26 8
31 0
34 30
32 41
41 98
41 91
42 27
44 62
46 17
46 38
50 41
55 90
58 8
58 73
56 80
60 52
60 98
61 61
62 23
63 38
65 52
65 80
68 0
70 98
77 41
79 83
77 92
80 53
80 15
84 0
82 60
86 88
89 96
89 45
93 24
95 0
96 70
