# Penalty: 49086.52918879197
114
29 87
67 72
86 56
0 4
3 66
4 26
13 12
11 63
18 5
18 80
39 49
39 65
24 3
50 76
52 57
57 91
70 36
38 84
72 77
74 29
81 66
5 76
6 17
6 57
12 54
20 31
20 47
21 98
21 86
24 55
24 73
6 7
27 26
31 24
33 40
46 7
46 28
47 37
54 9
56 96
46 48
59 75
64 86
66 90
69 61
77 58
77 82
78 72
81 88
83 3
85 42
91 19
86 95
95 79
97 86
3 31
5 87
90 51
6 51
6 71
25 79
7 25
7 10
10 0
11 19
17 37
17 62
24 98
24 64
25 40
27 73
28 9
30 54
29 84
33 13
32 69
34 21
34 44
34 98
36 41
35 79
38 5
38 35
43 60
41 76
44 97
44 82
47 22
50 36
50 43
50 92
50 83
53 61
54 3
56 17
57 37
57 47
60 26
62 3
69 99
70 91
73 9
73 43
73 68
76 23
80 28
78 37
82 80
85 65
86 84
88 36
89 73
91 93
93 42
