# Penalty: 44544.436208220606
115
76 58
97 71
3 68
4 82
6 35
10 96
20 86
28 23
30 76
40 62
42 27
44 47
46 10
52 95
64 1
66 22
2 51
44 72
9 5
54 42
55 85
71 7
71 68
8 28
12 57
20 45
22 59
27 6
31 41
12 80
30 13
33 89
33 21
34 67
37 96
41 35
41 80
41 89
46 39
53 25
53 55
53 73
54 16
58 50
62 80
62 61
63 85
65 45
65 55
71 97
73 86
79 44
80 18
80 86
80 63
87 81
87 58
89 88
94 13
94 44
96 84
99 43
0 7
0 29
0 65
0 97
0 37
0 74
7 14
6 67
13 0
12 48
13 12
13 66
20 42
21 10
24 65
26 32
32 2
32 60
32 77
32 35
35 7
33 31
36 21
39 51
40 14
45 99
45 54
46 70
46 78
55 33
56 5
59 19
62 98
64 36
65 65
68 39
67 79
70 14
74 4
74 34
78 37
81 3
80 52
82 40
85 13
88 23
88 64
88 48
92 0
94 94
95 21
95 31
98 99
