# Penalty: 41282.96685504417
108
10 76
22 90
35 37
54 72
67 88
81 32
81 65
82 98
3 31
3 52
15 20
28 51
29 67
33 10
9 38
43 25
48 52
70 2
12 66
48 17
72 10
72 73
86 74
91 17
88 37
91 89
93 60
77 91
4 98
95 26
18 15
15 77
23 0
21 58
24 75
37 28
39 60
40 10
41 45
41 70
43 38
51 92
51 99
51 33
53 6
46 67
51 40
55 67
61 34
66 63
68 48
76 28
54 84
69 83
80 44
81 89
86 12
85 64
86 79
94 46
0 18
0 80
0 36
0 89
4 70
10 46
9 31
10 91
14 5
13 41
13 56
17 92
21 7
21 35
20 81
21 64
25 30
24 44
27 89
30 98
32 68
35 2
34 49
43 0
44 14
47 55
52 18
53 48
53 25
56 40
63 53
64 26
65 68
67 17
68 94
69 34
72 54
75 13
79 73
80 38
85 2
86 52
86 70
90 26
91 53
90 78
95 7
96 31
