# Penalty: 174890.82715594932
205
0 0
0 6
0 22
0 30
0 46
0 54
0 70
0 78
0 86
0 94
0 15
0 38
0 62
3 92
3 4
3 36
3 60
3 20
3 76
3 44
3 84
4 14
3 52
3 68
4 29
10 4
10 92
10 28
10 52
10 68
10 12
10 84
10 36
10 60
10 20
12 46
14 74
15 96
15 0
16 6
16 26
15 88
16 38
16 46
16 54
16 66
16 74
16 14
16 82
18 32
22 0
22 96
23 6
23 22
22 72
23 30
23 46
22 88
23 58
23 62
24 14
24 38
25 77
28 6
27 92
28 22
27 44
27 60
28 14
27 36
28 54
28 82
28 74
27 28
30 71
34 4
34 92
35 14
34 44
34 60
34 28
34 76
35 54
35 38
35 82
36 68
38 18
39 0
39 96
40 14
40 22
40 38
40 46
40 6
40 54
40 73
40 82
40 90
41 62
42 32
46 96
46 0
47 6
47 22
47 38
46 64
47 46
46 88
47 30
47 70
47 54
48 78
49 17
51 92
52 2
52 22
51 36
51 60
52 14
52 46
51 84
52 74
52 30
53 67
54 51
59 6
58 92
59 14
59 30
58 52
58 76
59 38
59 62
59 82
59 46
60 66
61 17
63 0
63 96
64 14
63 32
64 6
64 38
64 54
63 80
64 66
64 86
64 22
63 48
67 70
70 0
70 96
71 6
71 22
71 38
71 46
71 54
70 80
71 30
71 70
71 86
72 18
74 62
75 4
75 92
76 22
75 68
75 44
76 14
76 38
76 54
76 74
76 86
77 60
78 25
83 6
82 92
82 44
82 60
82 28
83 14
82 76
83 38
82 68
83 86
84 52
86 19
87 0
87 96
88 6
88 14
88 38
88 46
88 30
88 63
88 74
88 82
88 89
88 54
90 21
94 0
95 22
95 6
96 30
97 17
