# Penalty: 43601.05603761431
113
43 90
4 68
34 9
68 5
0 50
3 5
6 20
7 27
8 53
17 42
19 69
23 49
28 89
43 75
47 64
57 13
57 74
63 60
77 67
82 26
96 68
4 94
5 86
17 13
31 45
15 32
1 45
5 13
11 14
14 81
14 24
29 2
28 31
29 57
33 91
32 28
36 67
40 1
44 38
49 39
53 85
55 47
56 22
60 93
62 31
64 68
71 26
71 77
79 91
80 42
84 83
90 14
89 23
93 58
92 80
97 15
39 83
0 27
0 65
5 60
9 76
14 90
15 49
25 25
16 63
17 95
17 78
21 65
21 16
19 35
21 85
30 53
33 37
31 61
38 15
38 17
38 32
43 47
44 54
44 8
47 89
50 72
47 49
51 95
53 65
52 58
57 1
59 98
58 37
61 52
64 19
62 46
66 78
68 33
69 48
67 74
74 0
73 55
74 73
75 61
75 99
83 40
83 86
84 49
85 63
89 41
89 66
90 24
90 94
92 29
95 39
93 50
98 82
