# Penalty: 42415.42131808941
111
48 12
2 54
17 3
70 96
75 8
3 18
8 69
14 54
15 96
23 38
23 90
31 38
33 59
41 91
54 35
57 46
60 14
64 83
65 69
76 21
81 65
82 90
90 31
90 38
3 86
6 10
36 31
0 41
8 87
14 73
8 53
20 6
26 81
28 67
30 86
36 54
40 36
42 61
49 0
56 65
67 80
68 30
71 48
62 40
74 13
80 0
84 59
90 26
92 50
95 74
96 2
96 64
0 25
76 81
21 97
5 24
75 32
9 99
12 32
12 47
84 46
13 28
17 81
18 42
19 60
19 69
16 91
22 1
22 52
25 20
25 12
24 29
23 75
26 46
29 97
33 17
31 6
33 63
39 22
40 83
38 6
42 77
42 29
43 53
45 4
45 43
48 16
48 61
48 39
49 25
49 99
50 53
56 89
56 73
58 96
59 5
63 60
66 3
66 55
62 88
70 52
75 14
79 70
81 83
82 7
82 25
84 68
88 87
88 81
96 99
98 50
