# Penalty: 39517.101906760276
110
5 42
9 20
14 16
27 25
44 80
59 9
4 74
6 88
21 1
27 50
28 80
49 23
52 10
52 87
63 27
72 30
73 97
81 14
1 3
1 33
3 97
17 8
58 83
12 55
4 52
10 82
17 95
25 69
26 84
30 15
28 63
37 2
38 34
36 12
41 49
31 86
57 17
7 11
40 88
48 50
56 44
44 11
47 82
61 68
61 97
65 55
77 6
77 35
80 62
80 92
81 48
82 6
83 71
85 23
90 37
91 27
93 59
95 44
96 4
96 71
0 40
0 58
0 89
55 24
7 56
62 7
9 5
10 65
11 13
17 45
16 69
18 77
21 35
23 4
25 70
27 9
29 98
31 46
30 54
34 72
41 56
42 25
44 33
43 73
50 38
50 67
51 61
51 46
52 79
54 70
60 22
61 76
64 96
65 51
66 60
68 1
68 36
72 80
72 77
72 56
78 20
80 98
82 0
81 85
85 47
86 88
86 55
92 23
94 79
95 99
