# Penalty: 34320.939088571235
103
54 71
6 75
15 21
34 79
35 67
61 91
71 25
80 20
90 34
5 93
6 38
15 3
16 40
32 11
33 97
49 84
54 3
67 7
71 81
94 57
0 2
0 86
25 59
53 66
1 30
7 56
3 66
9 42
12 94
14 26
13 79
18 65
34 43
28 24
37 32
17 54
40 92
35 57
42 27
40 84
46 6
49 14
52 21
53 52
48 28
51 75
53 11
57 96
62 54
67 10
67 58
66 97
72 39
75 84
80 39
80 66
78 61
82 47
82 75
81 28
86 1
98 20
2 16
6 77
56 86
9 32
16 85
18 46
17 17
21 80
20 62
41 70
27 2
24 47
29 74
36 49
39 15
37 35
41 0
39 63
45 52
46 46
54 28
55 67
56 0
57 17
65 38
66 45
68 0
68 74
71 99
70 9
76 47
85 96
87 4
84 18
88 88
89 70
89 78
92 10
92 50
94 34
99 97
