# Penalty: 44203.317237496805
113
32 55
28 60
36 72
41 6
7 23
14 58
21 93
35 12
45 70
38 22
52 77
60 28
63 1
67 22
72 47
74 86
79 56
84 30
92 47
1 19
3 76
5 1
9 9
13 46
17 83
34 51
18 13
26 74
32 39
26 6
31 86
40 36
31 20
12 23
42 44
43 95
44 1
50 5
54 13
60 91
62 81
63 38
65 67
64 97
66 10
72 23
71 7
77 32
79 73
79 2
85 13
86 48
87 83
87 57
89 62
95 16
95 81
95 91
96 67
42 52
39 16
0 41
0 48
0 83
0 6
3 98
5 40
8 53
99 54
28 48
9 17
16 66
17 5
17 50
19 27
21 31
20 61
30 76
38 99
39 8
45 85
48 48
47 20
50 40
51 67
52 98
56 64
54 0
59 52
56 18
66 99
65 90
70 61
71 39
70 76
75 21
76 89
76 25
78 10
78 46
79 62
81 92
83 38
84 71
88 4
87 29
88 85
89 99
90 20
92 35
92 67
93 27
93 76
