# Penalty: 46917.461333798994
117
1 51
11 38
85 86
87 70
5 9
9 82
3 30
12 6
27 33
33 46
39 8
39 94
43 70
49 48
15 46
53 3
34 28
71 73
77 34
49 86
85 49
53 41
79 79
3 59
2 40
23 62
5 73
30 84
7 66
33 22
31 39
36 57
39 63
40 14
38 47
43 92
46 29
47 15
49 68
57 98
57 27
56 52
58 73
61 4
60 36
69 89
70 14
70 65
71 95
75 2
76 16
78 52
86 11
88 95
89 42
87 18
94 50
97 94
0 87
0 93
1 4
74 41
1 80
2 44
41 54
4 52
7 93
14 25
13 1
14 73
15 7
17 93
17 40
18 47
16 83
22 12
20 77
22 97
23 2
23 26
25 9
26 81
29 89
31 0
32 14
34 78
40 84
42 35
45 8
45 79
46 54
47 95
47 37
52 15
51 85
55 61
59 47
61 0
63 87
63 97
66 50
70 47
73 30
75 64
78 99
77 10
78 89
82 0
81 38
83 59
85 76
86 84
90 56
94 23
94 70
94 75
94 87
