# Penalty: 39085.284294616504
107
20 74
28 22
47 62
52 88
59 88
90 31
94 42
2 11
7 46
10 56
36 39
39 67
41 43
45 4
65 50
77 78
44 28
61 77
80 35
91 58
99 74
0 74
0 96
1 2
85 49
6 30
3 36
8 83
7 15
11 89
17 31
18 19
19 45
23 3
24 70
25 88
29 56
33 56
36 78
40 21
14 49
41 75
42 45
54 18
58 34
59 1
61 12
61 21
62 42
69 22
71 92
73 85
77 0
76 39
76 52
83 71
86 76
96 60
97 26
0 18
0 50
0 79
3 60
28 34
4 69
38 53
84 86
34 28
15 59
16 42
18 83
21 10
47 34
22 18
21 42
19 28
24 95
25 68
26 82
29 62
32 20
33 95
37 91
40 14
40 94
43 10
41 81
49 2
50 77
58 57
59 71
61 36
61 61
59 94
60 87
65 6
68 12
68 44
69 60
72 33
75 16
76 95
76 30
82 14
92 72
96 53
97 67
