# Penalty: 40075.91916692629
111
3 86
35 22
41 86
2 49
8 97
8 17
14 30
19 76
44 72
50 49
61 7
64 24
42 19
78 26
88 16
92 58
1 21
6 39
70 18
0 96
14 60
14 11
16 50
20 2
21 45
22 94
23 37
25 6
26 47
26 86
29 29
29 54
33 33
38 41
8 46
39 68
39 56
51 30
51 70
54 36
55 87
55 77
59 91
60 42
61 67
62 74
64 2
65 35
68 83
78 94
80 6
40 48
83 79
82 29
83 56
84 63
87 41
85 87
87 5
88 80
94 3
95 98
95 66
96 48
0 2
0 61
89 32
0 36
0 87
3 6
7 88
9 25
9 3
11 66
11 77
21 76
22 61
23 17
26 91
29 0
28 77
32 99
38 65
81 14
37 29
42 88
46 0
47 99
47 23
50 5
53 63
53 97
53 20
55 54
60 16
63 49
69 49
68 22
70 98
70 11
71 66
74 35
74 75
73 87
76 69
77 46
85 55
87 88
90 84
95 29
95 76
