# Penalty: 43010.164919771574
114
3 22
24 19
34 31
38 63
54 12
7 14
9 20
12 78
25 44
28 5
28 87
47 37
72 90
73 62
77 6
42 12
84 75
86 43
85 61
93 44
22 12
38 38
3 33
4 92
5 45
5 73
7 57
76 84
18 31
10 51
19 4
26 76
33 24
34 70
44 59
47 81
48 73
49 20
53 29
57 66
58 4
58 87
62 10
65 65
69 25
69 34
54 22
78 58
82 4
79 35
83 89
87 28
89 98
96 15
0 0
0 8
0 59
0 67
5 0
4 29
4 85
6 95
8 71
29 19
34 83
11 3
12 10
13 99
14 37
14 84
17 58
16 75
18 96
18 23
21 39
20 82
24 67
29 93
30 46
31 59
32 10
37 1
38 65
40 33
40 73
43 89
44 2
44 42
45 51
46 12
49 99
51 45
57 71
58 38
61 52
62 86
68 8
67 71
68 96
72 0
76 9
76 76
76 27
80 51
80 98
82 19
81 65
83 33
85 83
90 8
94 0
94 60
93 80
94 65
