# Penalty: 40009.497693429694
106
78 92
21 14
25 50
36 77
61 38
81 65
1 38
1 74
3 14
41 71
2 65
10 85
15 72
26 19
37 34
41 86
70 54
75 96
76 73
84 29
88 5
88 21
31 40
1 28
8 52
88 70
10 9
15 24
38 79
20 34
21 62
17 15
32 92
31 59
32 15
28 30
38 13
40 29
43 18
45 49
34 68
51 96
54 55
58 80
57 32
59 60
61 10
63 66
67 9
66 93
59 43
74 25
74 57
84 45
82 94
85 13
88 52
88 81
92 26
94 48
0 19
0 81
5 67
9 58
12 0
13 47
14 87
18 97
19 68
20 74
20 44
23 88
26 3
45 77
26 69
30 88
34 1
35 45
37 91
40 61
41 21
41 41
40 70
44 0
47 20
48 34
48 44
53 8
54 23
57 90
62 37
63 3
64 27
69 64
72 84
76 2
76 30
77 67
85 59
89 79
88 89
91 62
93 99
95 5
94 83
97 67
