# Penalty: 57397.88351927284
137
50 17
0 1
0 27
2 77
8 91
7 19
9 38
8 67
17 9
10 47
17 29
18 59
27 9
27 89
27 49
28 38
28 71
28 97
29 17
30 0
37 39
37 79
12 77
38 28
38 61
39 7
47 89
42 47
48 61
51 37
51 77
57 49
58 7
58 27
62 97
67 59
68 0
68 27
68 81
70 66
68 41
71 87
72 47
78 1
78 27
77 89
78 50
78 78
80 17
79 67
81 97
82 7
88 37
87 59
90 76
91 20
97 1
97 57
97 90
97 31
0 6
0 16
0 36
0 46
0 54
0 57
17 19
0 69
0 86
0 96
7 0
7 99
20 47
58 67
7 29
7 9
8 61
15 83
17 79
17 99
18 0
17 39
17 69
18 87
21 23
27 29
28 59
29 77
32 93
31 44
37 99
38 0
37 19
38 71
39 87
43 34
43 75
47 99
47 0
47 49
48 10
47 29
49 70
54 84
58 0
57 39
58 17
58 58
57 79
57 89
62 11
60 74
67 99
68 17
68 11
72 14
77 39
78 60
82 44
83 83
86 99
87 0
87 29
87 49
88 68
88 11
88 90
91 44
94 15
95 62
96 99
97 7
96 39
96 69
97 48
97 79
98 17
