# Penalty: 35161.64506858141
87
19 20
28 44
3 6
8 9
22 25
44 6
91 8
9 30
11 15
33 41
36 12
39 78
58 44
65 43
74 26
2 43
12 44
36 28
46 38
30 26
14 29
20 4
19 40
34 96
79 80
87 72
97 28
97 97
0 58
3 19
12 23
16 47
17 15
17 76
20 88
31 73
32 58
36 63
40 13
40 28
48 60
44 52
52 86
56 76
61 53
66 78
51 15
82 53
84 28
86 14
88 42
90 4
69 53
0 31
1 40
31 24
18 36
7 2
4 16
14 92
16 54
25 48
26 14
25 29
29 41
33 92
33 55
36 2
39 42
42 47
42 72
44 0
46 26
43 10
51 52
58 12
64 5
70 20
69 69
72 63
83 81
86 60
83 8
88 66
94 72
97 21
97 1
