# Penalty: 36204.24408754011
106
1 30
15 34
36 14
65 25
81 39
97 70
0 75
13 65
17 3
23 55
30 32
32 95
6 81
41 84
58 53
66 40
67 97
70 8
85 19
91 94
9 45
0 59
32 6
13 20
89 33
20 91
48 10
74 23
93 81
25 40
90 41
13 85
23 96
24 9
34 79
35 21
44 71
46 43
46 0
50 63
53 33
54 24
55 67
55 80
64 91
68 56
69 83
71 66
74 46
79 1
80 65
81 91
82 46
82 13
83 57
87 74
91 26
95 59
97 95
0 35
0 47
0 82
0 94
2 11
12 49
15 28
16 21
17 9
20 81
43 22
22 48
27 86
21 27
25 55
27 14
32 58
35 40
36 64
38 94
38 3
36 87
45 88
49 71
52 9
57 98
58 0
59 38
60 84
62 5
63 33
61 47
68 18
73 78
75 82
77 7
78 60
83 97
84 4
89 51
91 2
92 75
94 30
95 3
94 66
96 47
98 84
