# Penalty: 40173.00611167049
105
4 19
42 64
46 37
53 50
77 56
80 3
89 80
9 88
18 60
85 62
91 5
96 81
18 73
23 52
45 81
46 10
35 34
55 15
64 46
70 9
77 64
78 10
2 49
83 21
1 93
10 5
5 30
87 53
8 77
10 22
14 41
27 19
27 35
10 67
25 29
30 82
33 21
33 73
35 5
35 13
46 29
48 83
49 3
51 63
56 36
61 62
62 9
71 86
73 29
73 70
74 45
63 55
75 23
76 35
86 86
89 18
89 64
89 91
94 95
0 6
0 68
0 85
44 72
5 82
6 98
9 51
12 15
29 25
11 88
16 7
15 36
23 98
25 66
28 58
29 44
35 92
35 84
36 24
40 98
43 54
42 91
46 14
46 44
49 90
50 22
51 79
53 97
54 56
59 96
61 0
61 21
61 85
62 14
63 28
67 49
68 60
74 78
76 7
77 38
84 0
88 81
91 26
91 72
95 50
95 57
