# Penalty: 39917.04842930477
108
7 51
16 82
62 35
73 3
77 35
2 97
4 11
29 80
6 77
8 21
15 65
17 34
27 21
33 35
37 53
49 73
55 53
66 49
67 76
82 85
83 23
89 71
0 33
0 69
2 4
25 89
83 34
90 81
10 81
18 7
26 50
32 6
31 59
16 55
40 48
46 5
47 29
59 98
50 19
59 83
67 21
66 64
59 33
69 79
73 13
77 51
82 49
83 18
41 16
83 61
91 96
97 24
97 67
98 82
1 44
2 55
5 60
8 3
9 30
8 14
11 86
20 98
21 21
22 39
22 64
24 18
24 78
27 42
30 73
30 91
31 22
30 49
34 94
37 7
36 36
38 72
39 30
41 47
43 77
44 44
44 53
48 95
51 38
52 70
53 59
55 43
57 24
57 75
62 3
62 92
64 29
64 54
65 35
69 63
68 90
70 69
74 22
77 2
77 91
81 32
83 76
88 35
89 45
87 87
92 23
95 8
95 42
96 90
