# Penalty: 37971.9932184251
107
10 51
12 73
75 83
90 90
2 93
6 43
12 6
9 33
10 58
18 97
24 7
25 43
37 97
40 85
57 66
64 22
65 33
76 10
80 32
87 39
91 70
0 0
40 92
17 37
0 9
3 84
2 65
6 23
11 65
20 89
25 79
24 97
31 30
37 45
39 2
39 25
40 18
46 10
45 28
48 6
48 84
50 50
50 79
0 36
54 99
55 21
61 59
63 52
64 74
64 94
69 97
68 31
75 49
77 14
76 94
79 57
80 84
86 11
91 6
92 25
85 50
92 16
4 2
16 27
51 15
34 86
74 38
4 9
11 80
9 20
13 94
17 66
15 12
18 80
23 22
23 30
26 54
28 4
30 22
32 98
37 64
43 58
45 32
52 69
51 94
55 50
57 64
59 27
67 3
70 74
72 90
78 0
78 24
80 64
81 69
83 27
85 1
87 19
88 96
88 64
88 34
94 85
95 65
95 46
96 61
97 9
98 23
