# Penalty: 40318.781306651705
109
51 29
56 14
87 2
60 86
79 19
2 79
15 54
17 98
18 30
24 6
24 89
41 65
25 39
40 25
44 56
50 35
56 72
56 7
66 64
73 92
80 36
87 73
0 41
3 87
7 60
14 9
75 74
14 48
16 74
15 21
25 68
31 81
32 4
36 50
39 11
42 33
20 47
32 60
43 19
48 90
49 56
57 43
58 80
60 28
62 49
61 97
57 62
66 79
71 41
72 99
74 25
84 52
84 8
84 83
89 40
92 95
0 42
0 66
0 93
3 25
75 68
7 41
8 86
13 15
12 66
13 34
52 22
15 44
17 80
18 55
23 20
27 0
26 86
28 34
29 16
29 53
30 25
36 66
37 95
40 80
40 87
43 73
51 49
55 69
58 35
61 8
66 1
65 13
68 52
66 83
71 18
72 51
75 97
75 10
76 40
80 60
80 93
81 46
85 22
86 59
88 26
88 48
92 68
94 1
93 15
95 74
96 88
97 45
97 60
