# Penalty: 47032.31252944651
117
3 69
5 33
35 7
77 48
17 91
38 32
47 54
49 68
58 82
9 65
50 41
71 10
60 94
76 82
66 50
84 44
0 10
0 77
6 0
51 32
7 14
8 44
7 88
13 52
68 38
16 31
20 76
27 21
27 95
31 67
33 18
37 52
86 50
41 20
42 13
53 50
45 2
41 38
50 7
50 46
59 0
62 70
63 29
63 84
67 27
70 67
79 88
82 70
59 9
89 11
90 84
94 1
92 72
91 53
93 45
0 16
0 36
0 18
0 51
0 60
66 43
1 27
56 61
0 44
82 77
1 42
11 87
10 38
15 48
18 17
19 38
23 76
23 0
24 35
25 90
28 49
28 5
30 59
27 22
35 88
36 64
36 82
34 45
36 8
37 59
39 30
42 21
44 61
47 99
48 75
49 47
51 24
51 61
53 3
56 10
58 19
60 35
63 86
66 59
68 9
68 72
74 2
73 28
76 60
78 26
77 74
82 30
85 99
84 4
88 0
89 94
90 31
90 64
92 80
95 13
98 31
98 59
