# Penalty: 42435.71435775397
113
14 5
31 13
71 43
72 24
12 39
12 56
19 24
25 9
26 93
27 37
29 68
32 97
36 68
39 53
46 1
58 30
71 91
78 44
84 2
91 23
92 71
97 23
0 61
3 44
12 98
10 11
14 84
15 74
17 33
38 92
40 60
34 8
37 34
43 23
43 69
46 34
49 82
50 74
50 25
54 13
57 81
17 15
62 56
63 45
64 70
65 85
57 18
70 38
71 8
72 2
74 70
80 80
84 60
90 34
97 47
0 37
0 62
1 12
81 48
0 52
3 82
6 0
58 70
6 69
14 64
71 29
17 78
18 81
20 50
21 34
22 99
23 53
69 52
24 74
27 5
27 48
28 23
28 91
30 72
32 86
40 99
41 85
45 8
46 93
45 17
50 43
49 39
53 67
56 89
56 50
57 62
54 39
63 0
60 96
65 23
63 37
67 59
71 98
73 23
72 57
77 10
76 62
85 94
87 9
87 24
89 53
91 0
90 61
92 14
96 76
96 94
96 39
93 57
