# Penalty: 45315.79744311277
115
47 66
59 46
71 54
95 30
17 63
23 15
28 87
44 16
49 30
20 58
54 30
56 55
63 2
75 37
75 70
72 9
84 59
89 56
95 97
0 92
2 20
5 46
5 79
6 62
8 27
55 37
7 68
14 86
15 40
18 1
21 47
31 7
29 52
32 29
32 68
32 37
35 96
40 76
42 48
36 15
41 40
44 87
45 62
51 98
52 80
53 90
58 75
57 60
61 69
63 46
66 26
46 52
65 62
68 85
68 91
76 78
88 22
89 7
94 37
94 74
77 91
98 16
0 31
4 6
3 57
3 87
5 16
10 8
10 32
11 97
76 63
83 29
13 72
13 17
18 77
18 94
18 27
21 72
24 28
23 61
25 98
28 21
29 59
37 86
44 1
45 20
47 15
45 43
47 71
53 2
55 16
55 83
56 94
60 36
60 54
64 11
66 22
69 40
70 2
72 13
73 48
74 19
77 73
77 39
78 3
79 97
79 53
79 81
80 15
87 42
86 68
91 89
93 55
95 8
96 60
