# Penalty: 33052.596848223075
103
4 4
4 39
5 23
5 58
19 4
19 39
20 23
20 58
31 79
31 94
34 4
34 39
35 23
35 58
46 79
46 94
49 4
49 39
50 23
50 58
61 79
61 94
64 4
64 39
65 23
65 58
76 79
76 94
79 4
79 39
80 23
80 58
91 79
91 94
0 0
0 18
0 37
0 42
0 57
0 7
6 62
8 25
12 21
14 44
14 0
13 58
15 7
15 96
15 37
21 62
23 25
27 72
27 21
29 0
29 44
28 58
30 7
30 37
34 99
36 62
36 78
35 92
38 25
42 21
42 56
44 0
43 71
44 44
45 7
45 37
49 99
51 62
51 78
50 92
53 25
57 21
57 56
59 0
58 71
59 44
60 7
60 37
64 99
66 62
66 78
65 92
68 25
72 21
72 56
74 0
73 71
74 44
75 7
75 37
79 99
81 62
81 78
80 92
83 25
88 70
94 99
96 78
95 92
