# Penalty: 44289.92834554495
113
8 95
21 45
32 81
39 52
58 76
68 88
76 35
0 68
7 53
8 20
29 12
45 21
69 2
10 72
82 8
19 91
72 81
86 25
90 63
94 3
0 85
2 59
63 82
7 10
7 81
10 29
11 5
12 19
12 64
12 81
17 59
19 37
22 62
25 27
29 17
36 0
38 60
42 5
42 44
44 32
46 59
49 10
49 41
31 68
49 88
32 49
52 46
53 19
59 51
78 52
62 36
77 97
55 68
59 14
83 90
85 66
79 22
89 85
86 95
91 44
93 79
97 31
92 90
17 25
2 75
13 11
15 66
22 1
22 44
23 95
27 77
28 31
28 53
31 26
35 44
36 89
38 68
39 8
39 25
39 81
38 17
45 3
51 2
50 56
53 96
53 48
57 22
60 0
63 59
63 97
63 4
64 30
66 50
70 64
72 48
73 10
75 39
76 66
77 77
78 61
81 13
79 81
84 57
87 8
89 12
91 48
91 72
94 99
95 34
94 62
96 76
95 42
97 85
