# Penalty: 40378.36220731721
110
34 59
35 45
60 59
71 87
88 90
97 23
1 55
2 27
17 85
5 64
23 89
51 79
61 23
24 43
50 63
56 86
65 56
80 1
81 18
78 84
89 66
0 83
6 96
9 13
8 71
13 5
11 39
22 5
25 29
14 77
24 87
34 74
45 24
32 31
45 50
46 99
49 10
30 91
56 32
55 77
39 69
27 51
62 64
63 40
67 19
14 64
69 0
68 84
77 64
81 77
86 3
86 59
91 7
91 98
96 49
95 75
97 7
0 93
1 17
0 76
2 35
4 56
11 99
89 82
12 49
15 25
71 60
53 64
16 46
16 83
19 69
85 11
19 57
23 61
31 13
29 20
33 77
36 35
37 62
38 95
38 44
46 83
50 4
51 14
51 40
48 85
54 99
58 0
56 79
59 52
64 2
66 35
65 78
68 64
70 8
72 45
74 22
73 90
76 42
75 78
79 55
80 9
81 25
84 37
83 95
86 32
88 21
95 37
97 79
94 59
