# Penalty: 40562.07554491299
108
88 51
9 23
11 7
58 34
92 22
0 78
22 71
27 94
35 24
35 65
43 85
65 60
74 18
20 5
78 66
58 27
87 85
91 3
92 35
1 29
4 94
3 66
29 72
13 60
19 31
26 51
27 44
29 16
73 54
86 13
36 90
39 7
20 79
8 12
45 66
47 54
51 25
55 9
59 71
59 89
64 95
66 6
62 46
66 20
46 71
72 33
72 96
79 70
80 34
84 44
86 28
86 72
89 86
95 53
96 8
21 64
96 65
96 76
95 43
3 87
5 39
97 87
7 28
9 2
10 91
11 37
31 76
12 8
14 77
16 98
16 22
19 57
20 93
21 23
26 25
25 86
28 2
27 35
28 58
39 74
85 59
33 27
29 67
40 41
39 99
42 56
45 0
43 45
45 11
53 95
54 99
64 65
64 1
62 34
66 88
65 55
67 23
71 14
73 81
70 46
79 4
76 39
84 20
86 65
96 2
95 96
95 49
99 9
