# Penalty: 45147.950182624736
111
2 56
27 63
40 92
59 90
64 68
87 64
4 8
4 47
15 11
16 73
19 82
32 22
33 46
40 6
42 25
48 87
48 31
48 78
45 16
62 19
66 42
61 60
72 13
76 67
83 90
96 23
1 22
98 17
2 33
8 55
21 18
24 40
25 87
21 61
33 77
37 66
54 83
39 83
42 45
46 55
48 99
51 56
58 3
61 25
60 35
60 50
66 77
68 62
76 46
78 9
94 81
95 67
97 87
0 36
0 71
0 78
0 88
71 26
74 75
2 61
5 0
46 67
8 19
13 96
14 87
17 53
19 46
19 76
22 25
23 35
26 2
25 96
26 76
33 9
33 73
35 31
35 58
40 50
40 75
44 0
48 46
51 29
51 92
52 97
54 13
52 21
57 8
57 42
57 64
60 78
62 98
62 56
65 82
67 67
70 52
74 57
76 23
78 64
79 96
80 37
80 78
82 19
81 53
82 87
87 39
87 94
89 61
89 73
92 37
97 49
96 39
