110
9 36
11 11
78 31
90 63
0 23
1 82
13 55
8 2
15 65
25 20
34 43
40 85
45 66
75 47
83 31
84 69
4 31
90 95
19 58
92 30
0 58
0 92
2 76
21 10
2 51
8 80
22 27
26 87
27 95
32 35
35 98
37 57
43 80
46 12
46 34
46 60
48 0
47 89
52 38
52 93
55 45
55 63
59 24
60 13
62 28
62 54
65 84
66 75
72 8
70 41
73 90
73 59
80 74
80 83
82 13
80 99
12 1
85 37
90 46
99 76
90 18
93 81
0 0
0 68
2 22
3 43
7 89
5 53
5 62
10 58
13 98
13 81
16 36
14 88
20 0
20 42
22 66
26 5
26 74
27 56
29 11
30 29
35 0
37 23
36 61
50 8
48 26
50 84
51 31
57 1
57 77
57 38
61 99
60 44
66 58
70 96
70 54
74 15
75 2
72 77
74 39
77 54
79 64
80 28
81 60
81 89
83 45
89 0
89 86
94 54
