115
28 64
44 26
93 93
26 95
53 6
14 51
25 24
35 45
16 95
30 13
49 89
87 11
48 49
0 41
0 81
1 65
58 91
97 13
12 19
17 46
20 76
21 8
31 53
38 18
23 32
30 78
32 4
32 60
41 89
43 19
44 59
47 69
50 1
49 28
15 87
52 98
38 81
52 20
57 3
59 77
63 32
66 94
70 57
70 22
70 42
72 6
74 76
73 92
76 43
78 91
80 19
87 57
90 71
95 36
93 59
57 82
94 65
0 7
0 49
0 96
0 88
3 24
4 10
3 48
6 80
22 14
9 1
9 61
8 97
25 52
25 86
11 73
10 91
16 65
20 0
20 42
23 81
25 98
24 72
32 67
32 94
34 22
36 0
37 39
37 98
36 10
42 44
45 40
47 5
48 18
50 72
58 28
61 43
59 38
63 55
63 29
66 79
68 0
67 92
76 23
76 61
80 83
81 4
79 11
84 45
83 77
86 98
85 29
87 91
92 31
89 49
95 1
95 79
97 21
98 44
