113
18 29
19 53
63 20
84 73
4 56
9 74
15 94
28 76
12 69
37 31
40 11
41 91
45 54
50 39
63 3
68 76
82 7
86 88
95 60
96 29
3 30
35 67
6 8
50 22
4 94
5 49
7 89
13 35
11 53
17 18
14 78
22 4
22 43
22 81
25 47
28 97
28 27
49 77
46 95
29 62
48 47
60 67
62 42
63 96
63 28
63 57
68 1
71 16
73 95
77 25
82 41
83 55
77 0
86 3
90 14
41 18
84 62
90 49
0 1
96 5
0 63
0 79
10 12
0 48
10 27
11 90
12 67
10 42
13 57
14 83
17 49
18 98
22 13
20 22
21 91
23 76
26 5
28 29
30 10
36 2
39 67
37 96
42 81
44 7
42 72
46 62
49 30
51 92
50 13
55 16
55 94
53 61
60 89
58 12
64 83
65 69
64 11
71 56
72 31
71 79
74 14
77 34
74 63
79 79
79 17
89 83
88 64
91 97
92 45
90 6
94 33
95 63
98 61
