110
4 65
8 27
53 53
69 6
80 20
96 41
2 11
13 93
23 7
24 76
32 43
34 97
48 27
4 5
62 84
73 64
34 37
55 19
88 84
0 45
1 85
82 57
95 78
3 70
6 43
61 59
4 21
12 44
14 3
18 23
18 44
27 91
36 14
31 56
31 78
36 92
40 73
41 7
41 66
38 42
54 35
59 4
59 69
61 76
66 44
69 27
73 3
76 85
77 29
80 66
83 2
86 7
89 23
89 47
48 38
93 0
95 10
66 17
87 73
0 35
1 90
0 51
2 99
5 65
2 81
6 31
7 58
7 84
72 17
14 53
14 31
16 97
17 58
21 1
21 72
22 58
21 61
27 94
29 4
31 51
31 87
32 63
37 0
38 22
36 99
38 48
44 7
46 75
45 21
49 51
53 55
51 69
58 8
60 30
64 75
68 50
66 61
69 32
70 78
77 92
77 39
79 71
78 9
84 22
86 9
91 37
92 56
93 33
95 97
96 62
