112
5 2
11 54
25 42
50 51
57 92
96 40
31 68
48 37
55 24
58 66
72 6
76 81
91 72
60 83
0 78
95 66
98 83
2 53
11 29
7 81
13 22
14 79
18 8
17 56
21 79
25 12
26 95
29 20
33 4
34 53
35 74
55 47
39 89
39 14
39 48
56 16
47 27
62 41
64 68
66 26
70 33
71 61
71 91
78 0
78 64
80 28
81 42
82 19
87 86
89 6
9 63
22 89
63 74
87 59
94 26
0 83
2 24
3 45
90 80
4 15
9 43
13 27
22 51
55 59
96 75
14 13
16 97
19 0
19 42
25 27
25 64
25 84
25 59
31 21
31 38
28 45
32 99
33 30
32 88
38 67
41 7
40 92
41 51
40 22
45 41
45 96
45 62
52 7
58 89
56 38
62 3
61 18
62 33
62 80
71 43
70 20
75 97
75 14
76 77
76 83
78 21
80 35
81 67
86 14
87 98
85 28
89 54
92 15
94 29
95 0
96 48
96 93
