105
61 78
67 10
50 21
61 48
83 40
2 18
5 84
7 43
17 32
22 62
25 76
40 89
9 74
33 71
39 27
68 24
49 75
72 38
82 58
87 90
88 13
86 27
96 57
93 90
10 23
2 58
99 82
7 9
8 95
15 94
56 67
18 62
21 38
27 22
34 91
76 10
36 9
95 21
6 80
80 17
39 46
49 40
48 52
54 27
54 88
57 73
62 33
64 48
64 73
27 29
70 69
71 53
72 94
79 95
91 73
85 47
92 10
93 51
0 29
0 48
3 55
27 67
33 80
11 38
11 75
13 24
17 80
22 12
23 93
24 15
26 52
29 98
30 40
26 61
34 54
39 12
39 37
35 80
39 95
41 20
43 78
45 92
53 38
58 9
55 56
61 96
59 24
62 64
63 38
64 82
71 15
70 76
71 24
71 48
74 70
73 84
77 31
78 84
78 45
81 72
83 94
87 59
91 28
93 35
94 66
