108
10 15
7 54
16 73
55 74
69 68
74 88
0 76
10 90
21 4
44 7
17 59
48 62
52 31
57 79
71 8
21 13
77 38
95 48
96 82
75 62
1 29
75 81
80 37
96 93
4 97
7 60
16 36
17 43
17 88
8 6
25 47
32 80
34 35
34 71
35 23
35 91
39 45
9 72
21 53
50 78
58 48
58 58
62 28
64 96
32 43
24 79
68 82
74 22
73 51
74 69
79 95
86 20
87 63
81 76
86 92
90 6
96 34
99 62
0 3
0 18
0 53
0 78
4 34
91 43
43 70
94 55
2 86
5 45
11 39
12 95
14 0
14 79
19 87
25 23
25 1
23 67
25 93
31 60
33 28
34 65
41 0
40 21
44 88
46 14
46 44
49 96
50 6
50 60
51 28
51 64
52 85
64 7
65 16
65 54
64 77
73 1
72 7
71 77
78 57
77 85
81 28
79 71
86 10
89 21
88 73
96 0
96 19
99 26
