113
62 52
7 34
16 56
30 59
31 26
52 26
0 97
21 92
24 43
36 72
34 19
51 3
51 91
67 2
4 52
37 53
60 89
68 54
84 57
70 7
4 25
22 61
7 44
10 82
14 77
18 14
8 96
13 63
29 74
33 8
27 37
37 25
21 75
40 96
43 66
52 77
48 62
52 39
58 72
61 22
61 58
69 16
76 43
76 82
78 14
79 0
84 27
86 71
86 98
88 80
90 47
93 84
94 30
97 23
0 8
0 20
0 57
0 78
0 37
30 51
53 81
3 67
1 30
8 90
11 28
20 51
9 34
12 39
15 83
18 6
18 23
15 68
22 91
23 99
20 17
31 0
30 93
31 29
36 51
39 14
38 67
40 88
41 4
43 52
42 59
47 35
52 0
50 11
52 96
54 19
53 63
56 39
56 82
60 29
58 13
62 44
61 78
67 61
70 40
73 2
72 57
75 46
77 96
78 70
79 77
80 91
82 41
81 81
87 34
94 0
96 61
97 44
98 79
