110
1 56
3 94
2 21
27 38
32 82
91 67
2 6
3 28
9 68
20 58
25 5
43 15
49 81
60 70
62 43
79 34
92 58
94 78
18 73
30 30
32 6
0 70
4 84
9 20
44 8
61 82
2 62
14 49
18 92
18 10
19 44
20 15
22 53
22 81
28 73
30 21
32 66
37 91
39 85
42 22
52 31
52 12
57 61
59 12
62 97
64 2
71 86
71 9
85 16
85 39
88 86
91 3
93 41
71 98
92 86
0 13
0 89
1 40
3 1
6 37
7 99
8 6
9 59
11 3
9 61
20 30
30 47
27 89
33 24
35 72
35 20
36 52
39 0
40 36
37 28
44 97
44 74
47 29
50 48
50 75
51 93
51 43
52 67
51 24
55 29
53 86
58 17
58 52
60 62
58 76
62 9
60 90
69 23
71 59
72 53
72 81
73 0
77 57
78 75
79 13
80 20
78 82
82 50
83 67
86 33
87 26
88 12
87 81
89 95
89 72
