116
82 51
38 85
76 85
1 37
2 9
17 80
26 32
40 36
41 7
61 7
81 19
91 81
96 92
0 25
2 99
3 81
2 43
8 10
50 1
8 64
82 79
6 38
14 23
16 97
19 46
20 4
20 19
21 53
21 74
28 57
35 21
34 60
34 91
35 96
36 50
45 61
46 12
49 20
48 94
52 81
53 34
30 8
55 87
63 23
63 54
66 60
67 67
75 66
77 97
87 13
88 21
88 64
1 18
88 88
91 3
94 57
97 37
2 67
3 84
95 17
4 95
9 2
9 49
10 58
51 9
11 31
15 13
20 20
22 84
22 60
24 79
27 17
29 71
30 55
35 29
34 13
36 65
41 42
40 0
43 72
44 57
42 26
49 95
49 40
50 26
51 58
50 48
51 20
52 12
57 77
58 39
58 72
56 91
62 91
63 76
60 83
68 39
66 14
70 61
72 69
79 0
80 36
81 99
79 26
82 45
83 31
82 72
84 57
89 49
93 88
96 0
95 62
97 43
96 23
96 87
98 51
