118
0 32
18 65
76 38
1 4
13 12
23 43
7 68
31 6
36 99
37 71
43 14
47 45
64 89
79 79
27 53
94 15
47 19
79 27
79 89
0 21
1 39
8 54
9 90
5 79
9 21
26 27
25 94
26 77
19 32
31 57
32 38
40 0
43 84
46 93
50 1
51 70
51 21
55 61
57 5
58 75
59 31
60 94
61 38
5 62
38 14
65 30
66 44
76 52
77 67
79 43
81 60
85 11
5 11
86 92
89 47
93 87
94 53
0 93
0 53
4 35
4 99
14 60
31 48
7 73
10 22
11 49
20 4
18 18
21 98
21 47
28 0
29 20
28 34
32 63
35 57
35 85
35 21
37 81
40 46
41 67
43 40
43 25
47 47
52 7
52 89
52 27
52 47
53 53
73 33
52 38
56 70
57 8
60 53
63 16
62 61
65 97
64 79
69 16
67 51
67 58
73 5
73 85
78 19
79 94
81 3
80 28
82 75
82 44
79 84
87 1
86 65
89 25
90 39
90 56
95 96
96 20
96 30
96 41
