90
79 90
83 76
80 45
26 10
28 42
61 43
80 97
83 28
69 88
92 7
94 85
15 24
78 64
14 9
48 22
51 6
17 45
51 42
53 20
69 34
78 2
76 16
83 35
90 78
78 57
18 15
70 45
86 21
0 2
97 6
15 35
73 96
25 18
48 37
48 26
51 12
80 11
57 49
62 25
65 71
67 15
72 71
67 54
53 38
73 86
75 49
81 55
70 26
80 69
82 42
83 16
87 82
89 29
89 48
89 93
92 56
92 59
0 6
1 16
2 28
7 34
9 3
15 50
17 6
17 24
19 44
24 24
32 12
38 32
47 0
50 22
54 3
71 80
56 28
64 63
65 8
72 27
69 60
80 21
81 60
82 8
82 72
78 86
87 98
84 0
94 44
95 66
96 11
97 30
97 80
