111
42 88
49 52
50 37
69 44
1 22
7 98
10 80
14 32
25 22
31 42
34 67
40 25
51 66
47 20
51 91
55 77
18 44
31 18
62 45
66 30
66 91
91 75
95 73
0 59
0 28
8 55
55 81
12 75
17 66
8 40
29 88
30 6
22 52
32 35
43 48
35 12
40 54
49 15
60 7
58 56
58 93
66 13
66 81
68 69
71 31
71 49
74 87
77 71
79 17
78 65
80 5
80 33
84 10
88 62
94 6
96 87
0 47
0 95
4 18
18 33
6 25
7 64
9 14
52 45
71 38
11 4
10 93
7 34
14 84
14 58
20 19
21 26
24 79
27 93
26 48
33 1
32 37
31 21
35 61
36 75
38 40
36 21
39 69
42 8
42 34
44 72
45 16
46 92
52 98
55 36
52 88
59 75
61 99
59 84
66 6
68 60
76 47
82 62
82 80
83 43
81 76
85 19
85 34
86 48
88 86
91 16
90 64
95 30
96 49
96 98
99 20
