115
87 5
2 83
93 28
11 49
26 65
28 14
30 93
36 77
42 55
44 16
53 73
54 29
57 10
63 83
71 26
94 71
94 12
95 42
0 35
2 11
19 45
69 4
80 22
4 20
4 73
6 89
18 4
15 92
30 29
26 58
34 6
12 55
33 71
42 82
45 93
51 52
55 36
55 97
57 69
59 59
60 4
60 39
60 54
64 99
68 68
71 84
74 98
74 8
76 47
80 54
78 91
79 73
82 29
39 10
40 66
84 62
85 83
83 15
97 56
0 40
97 50
0 87
91 36
1 49
4 58
6 74
7 1
8 22
7 97
9 37
13 20
15 77
18 70
21 90
24 37
23 46
49 80
28 0
28 20
24 75
27 66
31 99
32 50
31 79
37 32
37 36
35 15
42 1
41 50
43 18
43 40
47 0
44 60
49 14
50 22
56 50
58 14
58 19
59 92
58 75
59 25
65 38
68 42
68 78
69 60
71 13
73 1
74 11
80 45
88 6
84 51
88 91
89 21
94 19
99 81
