87
0 46
0 95
3 40
3 89
7 32
10 75
10 26
13 69
14 18
17 12
17 61
20 55
21 4
24 96
24 47
27 41
27 90
31 33
31 82
34 27
34 76
38 19
38 68
41 13
41 62
45 5
45 54
49 95
48 48
52 40
52 89
55 34
56 81
59 26
59 75
62 20
63 67
66 12
66 61
69 6
70 53
73 96
73 47
76 90
77 39
80 33
80 82
83 76
84 25
87 19
87 68
90 62
91 11
94 5
94 54
97 48
7 82
47 0
70 1
96 96
0 0
95 0
4 39
4 88
11 25
14 68
21 1
17 9
21 54
28 40
28 89
35 26
35 75
42 61
41 10
49 47
53 88
56 33
60 74
63 19
67 60
74 46
77 89
81 32
84 75
88 18
91 61
