105
11 11
71 41
15 43
30 10
44 16
85 67
3 62
10 29
10 95
19 62
6 14
21 56
22 79
40 40
43 81
44 65
63 79
66 8
69 58
85 39
23 27
48 49
0 28
4 56
7 76
8 81
23 46
7 47
13 97
13 5
12 51
24 98
36 77
30 59
42 95
49 21
31 31
50 63
55 35
52 85
55 42
63 94
63 73
38 71
40 51
66 44
69 1
73 15
76 56
72 75
79 0
87 10
91 34
91 51
91 91
62 61
77 42
91 44
94 83
97 57
0 90
19 41
6 67
44 29
66 34
7 37
12 85
14 30
13 60
18 57
22 80
26 88
29 41
34 24
37 9
35 60
37 44
44 57
46 6
46 43
49 68
53 19
51 49
55 66
58 85
57 76
60 99
66 83
67 50
67 65
73 21
73 99
71 61
77 74
76 7
80 91
81 21
81 77
83 53
85 29
87 97
89 65
96 12
95 26
95 98
