108
68 64
85 24
1 78
32 95
94 13
3 14
9 52
9 97
30 72
34 52
48 29
49 85
49 21
53 5
52 74
53 38
66 22
76 3
78 47
64 60
76 9
31 63
1 47
1 63
11 29
9 81
17 47
93 22
20 84
19 54
25 80
30 12
29 43
67 54
4 88
28 86
38 40
38 59
38 94
44 57
60 8
55 78
58 54
60 87
33 78
77 58
44 44
60 72
75 80
82 93
69 35
75 91
81 51
92 43
86 30
97 16
0 38
4 16
3 59
5 8
5 22
6 64
13 87
11 2
66 76
11 95
16 69
17 10
83 20
20 26
20 33
17 94
23 3
24 50
22 74
24 89
31 6
42 25
39 32
44 87
46 10
45 66
46 92
53 2
52 25
53 11
57 93
59 40
59 25
62 99
64 0
66 29
66 69
69 99
68 84
71 17
80 65
82 83
83 56
86 96
84 11
89 38
95 0
92 98
95 74
94 38
96 64
94 29
