109
4 34
21 31
35 37
60 55
70 14
16 11
23 45
30 58
33 11
34 78
45 27
47 2
47 85
62 32
62 80
18 2
36 51
67 74
69 55
75 90
0 7
7 79
4 25
6 47
10 52
31 29
14 70
17 91
51 76
70 25
16 26
19 37
35 70
22 79
35 20
35 27
41 96
38 77
49 65
53 28
56 46
55 90
56 39
60 24
63 4
72 47
70 66
74 18
77 3
78 37
79 82
81 72
84 1
86 6
87 76
88 83
90 28
91 53
99 65
0 39
0 62
0 69
0 78
48 52
53 84
6 55
8 6
9 48
80 13
66 84
9 40
15 57
15 44
23 57
29 83
36 6
37 42
36 91
38 62
38 70
42 10
42 37
43 19
39 81
43 96
44 44
46 70
52 56
57 98
61 0
62 59
61 77
63 43
67 96
68 31
74 28
78 97
79 42
81 63
86 49
86 97
88 14
89 37
89 58
89 85
93 23
94 9
94 79
99 0
