111
14 28
7 10
20 4
40 21
57 97
61 63
2 78
5 59
8 73
49 53
60 37
75 64
77 46
79 17
82 91
39 10
93 21
42 30
81 41
86 97
87 82
9 51
16 90
16 96
17 72
27 1
31 96
32 75
51 22
34 54
54 65
3 21
7 6
31 18
40 92
41 2
42 38
0 65
35 87
41 46
45 16
47 73
47 95
61 20
54 89
68 49
68 17
71 96
74 31
79 84
85 66
90 58
91 31
95 43
95 97
80 10
97 14
95 65
0 93
0 45
61 52
2 38
86 51
91 70
0 52
4 81
8 24
7 99
10 42
14 56
15 44
14 66
18 27
17 13
21 42
21 96
21 12
82 28
27 37
23 87
31 2
39 60
43 74
45 0
43 10
47 60
49 43
50 97
49 25
53 8
56 67
57 41
58 10
63 91
64 79
65 10
67 33
64 63
69 73
72 54
71 37
73 74
75 21
77 0
77 68
83 88
88 35
94 0
94 51
94 77
92 91
