100
22 68
38 60
54 27
71 60
76 24
21 31
55 70
63 38
73 78
26 79
23 5
28 35
36 20
39 46
74 15
78 61
20 58
66 44
33 59
60 63
68 24
88 49
1 70
7 29
81 75
11 18
77 30
17 74
19 21
27 7
19 39
26 75
31 27
33 50
35 74
39 23
40 88
65 64
16 25
42 17
45 62
52 65
57 49
58 32
62 16
40 57
58 56
68 29
30 68
65 53
82 23
82 82
97 52
0 0
4 53
4 98
4 72
83 35
87 18
9 77
10 36
71 72
10 68
19 54
19 82
18 63
24 93
23 89
25 41
26 21
31 42
33 7
34 80
35 30
36 60
42 36
43 93
45 40
47 3
45 15
48 76
50 56
52 75
61 2
58 78
59 23
62 37
61 70
65 84
67 44
69 58
70 88
70 43
72 26
76 55
77 15
78 73
81 45
83 59
87 73
