114
82 6
5 76
37 9
55 64
57 18
70 79
9 5
14 30
14 95
38 69
41 49
47 28
49 94
45 2
53 37
64 26
83 86
70 3
2 51
82 15
5 22
9 59
16 75
18 45
24 54
24 83
27 10
30 25
31 39
41 16
41 97
43 73
5 87
49 19
62 48
63 97
69 29
70 43
50 91
69 34
73 58
70 10
77 66
78 22
80 94
79 80
83 53
85 0
88 28
89 66
90 36
96 13
92 74
0 37
0 71
1 3
93 83
0 54
0 14
0 30
6 17
14 48
83 71
6 65
58 23
4 42
10 2
7 79
14 66
15 5
15 24
14 87
17 92
18 16
19 30
20 71
25 99
22 47
27 15
32 85
38 65
38 30
40 35
43 6
40 23
47 48
47 57
50 56
52 42
54 15
56 12
56 46
63 62
66 66
63 17
67 98
71 3
69 73
74 29
76 86
81 46
82 41
84 14
83 90
84 57
87 7
87 22
93 98
93 38
95 0
95 34
95 75
97 17
96 23
