108
63 8
89 51
6 62
29 81
41 90
48 32
64 91
68 25
0 6
18 42
21 20
31 35
37 65
5 74
11 5
49 26
53 49
49 85
69 56
69 31
75 74
86 76
63 44
0 11
2 22
6 27
10 41
12 69
14 61
40 32
16 84
21 28
21 80
30 9
34 51
34 86
30 31
35 77
39 6
49 75
42 13
48 96
12 22
55 64
58 15
38 42
61 0
69 46
74 17
77 39
51 36
80 71
84 5
94 18
99 69
0 58
78 53
2 54
60 22
0 68
3 90
4 2
5 48
6 8
7 33
13 96
15 38
15 48
20 64
21 98
24 56
23 25
24 71
28 5
30 57
26 88
35 15
36 98
36 32
40 58
41 21
45 5
44 66
50 1
48 65
51 18
52 70
56 79
54 35
65 14
70 65
76 88
76 59
84 3
84 30
82 14
86 56
87 94
84 62
91 3
91 46
92 28
94 97
94 84
95 35
93 55
97 11
99 49
