108
3 3
1 17
1 32
1 47
1 62
1 77
1 92
2 10
2 25
2 40
2 55
2 70
2 85
5 92
5 17
8 3
5 32
5 47
5 62
5 77
10 17
10 32
10 47
10 92
12 75
13 3
12 60
13 65
15 18
15 33
15 48
15 82
15 93
18 3
18 25
18 40
20 17
20 47
20 62
20 78
20 93
20 32
23 3
23 55
23 70
25 17
23 85
25 32
25 47
25 92
27 10
27 60
28 3
27 75
30 17
28 40
30 32
28 65
30 83
30 92
30 48
33 3
33 25
35 17
35 32
35 47
35 62
35 78
35 93
38 3
37 70
38 55
40 17
40 32
40 48
38 85
40 93
40 63
42 75
43 3
42 40
45 12
45 22
45 33
45 48
45 68
45 83
45 92
45 57
7 70
7 10
7 55
7 85
37 10
7 25
7 40
8 78
13 8
14 68
15 52
18 8
23 79
22 25
28 69
29 54
33 40
38 79
38 25
