112
1 51
21 32
53 45
77 30
21 17
0 31
5 56
12 87
21 51
63 72
66 91
67 44
20 9
20 85
82 95
81 31
67 82
86 41
90 13
89 88
0 76
95 4
6 70
7 41
9 14
10 55
9 96
85 31
6 81
19 57
24 2
24 36
34 69
35 24
38 97
42 81
48 65
49 16
54 30
56 14
45 36
56 46
69 3
68 97
71 14
64 29
84 73
86 16
72 2
91 95
93 68
96 32
0 5
18 93
15 20
52 39
2 4
0 44
2 62
5 48
11 73
9 3
15 37
20 65
21 87
23 11
24 79
23 41
25 56
25 7
24 25
27 93
28 30
30 38
30 21
33 52
32 76
33 59
35 91
36 17
37 50
37 83
40 10
41 67
44 84
45 14
47 79
50 93
49 70
53 56
54 97
51 80
56 23
59 32
67 69
67 36
69 86
69 29
73 61
74 44
75 99
78 19
78 34
80 57
82 79
81 85
87 51
91 44
92 31
97 7
97 75
98 18
