112
5 76
65 32
92 70
0 50
20 25
27 75
38 19
39 58
43 89
47 70
51 10
53 24
73 20
85 5
85 56
87 32
0 17
0 90
2 36
61 12
83 71
93 7
5 15
5 65
10 37
1 81
13 1
13 51
14 95
15 29
19 79
20 56
20 62
21 42
23 11
24 17
27 55
29 25
31 7
34 51
32 11
34 95
35 80
36 66
46 56
48 96
51 27
51 76
55 97
56 71
60 52
60 87
65 56
60 2
78 8
78 15
84 90
86 41
82 83
90 51
92 73
98 49
0 54
6 30
7 68
8 82
40 73
10 80
14 87
13 72
16 96
21 39
22 1
21 71
24 93
26 65
28 81
31 71
34 27
34 35
35 96
35 21
37 44
43 1
42 15
50 38
51 41
50 55
58 69
60 26
64 40
66 17
68 80
69 34
68 14
71 62
73 97
72 42
76 67
75 50
74 18
79 27
85 65
88 99
87 11
95 16
95 45
93 70
95 81
96 29
96 5
95 66
