111
5 40
5 59
13 85
69 77
72 36
82 91
93 64
96 22
14 28
20 55
28 76
31 29
32 90
44 62
50 80
51 35
66 13
82 14
96 49
2 94
87 94
7 4
2 57
6 98
88 83
0 84
12 76
15 50
27 11
28 67
31 82
36 22
33 62
37 16
14 98
39 76
48 48
54 86
58 4
58 92
68 56
72 11
74 40
76 63
76 30
81 47
61 75
80 33
90 5
90 29
91 75
96 13
0 47
0 76
3 73
5 27
24 69
39 86
76 89
5 80
11 8
11 18
10 58
14 38
14 91
16 45
14 68
19 12
32 72
17 77
22 26
21 92
20 60
24 33
22 86
30 3
30 38
32 48
39 22
37 62
44 5
45 41
45 20
50 25
51 9
53 57
53 39
53 72
59 58
59 92
59 43
63 1
66 63
67 21
67 0
64 81
73 46
77 74
78 66
76 40
82 17
87 64
86 20
90 35
90 91
96 4
94 37
95 58
96 89
95 66
97 29
