106
24 67
89 85
8 97
9 66
22 38
34 8
49 49
62 13
74 33
86 25
9 47
9 74
25 27
34 69
60 51
89 61
69 15
73 44
94 90
0 60
18 58
4 8
10 11
12 91
80 15
14 50
1 71
17 24
18 77
24 7
26 94
28 45
28 87
34 48
37 19
37 85
39 5
42 46
45 28
48 10
48 94
50 96
55 3
56 80
19 32
53 21
62 69
59 42
61 24
78 76
75 65
83 92
88 76
89 19
95 13
95 59
97 31
0 34
71 10
3 52
3 77
5 22
12 6
24 52
14 89
17 97
73 26
15 51
19 72
20 18
23 73
26 13
25 19
32 96
36 39
34 54
39 64
42 70
41 1
41 11
48 30
50 78
53 98
53 63
51 49
54 17
54 92
57 36
56 71
61 87
59 61
63 2
64 95
67 59
70 73
77 0
78 94
82 29
82 65
83 51
83 79
90 4
87 39
92 1
92 39
98 96
