115
46 21
53 84
3 95
5 12
15 22
20 99
22 9
31 79
33 52
40 66
43 27
55 9
69 4
78 67
81 52
89 76
93 94
1 41
2 56
94 72
2 85
6 35
9 60
34 59
15 37
17 63
19 1
24 41
19 20
27 2
27 90
28 16
34 44
46 83
47 35
39 16
50 76
56 48
58 31
57 39
60 63
60 19
61 88
65 45
65 75
70 89
71 53
73 8
73 70
74 39
77 2
78 15
82 36
83 82
88 30
90 54
90 80
95 47
95 61
0 25
0 70
12 33
5 79
5 90
62 8
68 32
6 65
8 1
8 16
8 42
52 26
88 64
6 25
13 85
13 42
14 8
16 47
22 74
22 62
20 45
27 30
28 5
28 57
31 89
31 73
30 21
36 42
38 95
39 1
37 50
38 36
37 22
44 98
45 68
49 62
51 54
52 90
56 70
64 22
64 60
65 99
68 15
72 97
74 56
76 89
81 24
83 15
84 93
86 48
82 73
91 3
93 82
96 26
96 38
98 96
