104
42 22
42 96
53 86
57 60
94 3
0 75
6 33
7 60
12 46
23 72
25 94
28 10
45 6
59 99
68 71
70 22
80 47
85 95
94 74
1 95
2 15
49 51
52 25
82 20
5 6
7 81
17 20
22 35
22 58
25 77
27 99
13 62
31 24
35 46
36 80
38 27
39 56
42 11
46 36
47 82
51 68
52 33
54 51
60 6
62 44
61 88
65 39
67 3
33 96
71 52
72 26
76 72
36 71
62 79
79 57
84 26
87 47
88 81
89 53
91 8
91 46
96 15
98 56
0 0
0 26
1 56
5 97
12 76
76 40
8 51
10 11
6 67
13 86
17 15
15 93
19 43
16 57
24 17
26 56
31 52
31 60
39 36
43 8
44 96
45 0
45 22
47 7
52 21
56 23
56 93
57 56
56 28
61 37
63 64
65 15
64 55
71 1
72 78
72 17
76 95
78 77
79 33
91 23
97 36
