109
51 35
47 94
88 16
0 81
4 95
9 39
15 83
30 22
32 52
35 38
50 11
54 72
15 43
66 38
80 90
59 80
84 0
85 74
94 46
0 15
80 96
4 0
43 41
2 43
9 61
10 69
8 93
14 11
21 81
24 54
21 86
28 37
28 68
32 98
31 91
39 75
42 17
44 50
33 28
51 95
54 62
60 47
61 10
72 22
66 71
69 42
72 9
73 97
75 68
76 40
81 81
85 57
87 33
94 30
96 44
0 29
46 36
52 88
0 72
5 24
96 53
8 16
10 56
60 37
83 39
12 94
13 29
14 73
19 25
70 81
18 72
19 36
17 93
28 13
28 76
33 19
36 54
38 3
37 65
36 46
42 7
47 55
46 70
51 22
47 77
53 51
57 99
58 28
59 0
58 52
58 65
67 23
75 9
75 45
79 15
79 70
80 31
86 58
86 6
87 67
91 22
88 53
92 0
93 71
95 15
92 39
95 89
98 5
99 25
