107
42 44
47 68
61 58
73 67
95 35
1 29
3 43
11 17
18 72
25 46
42 24
46 91
48 3
68 88
9 48
20 63
38 62
71 97
80 19
0 68
1 94
7 84
47 61
64 77
2 59
55 65
76 80
14 32
7 38
10 63
17 3
17 39
24 97
25 23
26 76
28 51
29 81
32 95
38 0
53 4
55 33
35 78
27 44
59 83
62 43
63 0
66 62
72 32
70 46
74 87
81 36
80 29
87 74
82 47
88 22
89 79
89 40
90 93
94 26
97 77
0 0
0 6
0 23
0 51
4 73
8 80
31 66
36 87
55 74
9 56
15 13
14 53
21 86
25 10
22 32
26 4
31 34
35 26
32 42
38 16
38 53
48 42
50 24
49 79
50 92
52 57
56 18
55 2
57 93
63 14
61 25
63 31
61 69
66 8
63 86
69 63
69 81
73 98
75 65
74 42
85 4
85 58
91 7
88 54
92 96
95 40
98 51
