111
7 75
29 70
59 66
94 72
2 93
10 11
15 33
26 85
28 19
35 56
8 96
37 30
39 9
36 83
60 29
69 13
54 75
84 57
86 93
68 30
79 12
87 71
91 41
0 12
0 73
73 27
6 86
5 49
8 27
5 4
18 56
12 72
18 48
18 85
88 81
29 5
22 24
31 49
31 65
44 37
45 12
45 43
50 60
50 84
53 25
60 50
65 98
30 26
74 54
74 3
90 6
80 47
91 13
90 62
93 34
0 46
0 88
4 12
4 65
5 43
20 66
67 21
8 25
8 58
13 79
16 13
16 27
19 80
21 33
27 99
27 10
29 20
28 60
31 89
32 0
31 71
32 6
37 51
34 80
38 98
40 60
44 97
45 18
45 35
45 76
44 55
48 7
50 44
55 81
54 15
63 64
64 38
64 80
66 94
66 1
68 55
69 82
72 72
74 33
70 60
80 40
81 23
87 24
88 55
91 86
94 94
95 20
95 41
97 5
96 67
96 82
