115
39 41
52 25
53 83
57 54
72 78
73 26
77 52
5 63
10 87
17 55
22 35
33 80
36 22
44 46
52 0
53 32
76 37
79 23
88 82
0 19
1 7
1 84
5 69
10 34
24 26
18 80
20 15
22 66
23 40
24 93
44 75
41 36
31 4
30 47
14 28
33 90
29 26
39 9
37 51
39 94
46 68
48 96
59 45
61 98
62 82
63 16
66 61
67 41
70 91
74 78
82 54
83 46
86 60
87 10
94 0
94 93
96 74
0 0
0 61
0 98
1 15
37 32
5 48
6 29
11 2
9 79
11 9
12 16
15 58
19 59
20 73
21 5
21 51
23 76
26 19
25 36
29 98
30 10
34 79
36 34
38 62
43 78
40 26
46 7
44 51
47 21
47 61
50 78
51 49
52 13
48 42
53 35
55 69
61 18
61 36
61 85
63 2
62 23
66 66
65 50
66 21
72 98
73 66
76 5
73 46
79 98
78 38
80 60
84 89
86 96
87 86
89 45
89 59
94 37
97 47
