111
54 10
6 28
90 83
3 67
9 85
26 26
31 63
39 94
46 62
54 40
54 76
58 90
60 23
65 4
77 46
87 17
12 95
55 56
10 4
80 89
5 24
49 16
12 44
57 48
2 78
9 18
12 32
18 51
19 66
23 10
21 30
27 78
29 15
36 16
37 88
40 27
41 79
24 56
42 72
61 72
63 9
68 35
65 86
68 65
67 25
68 80
70 56
71 96
75 66
76 16
77 24
78 98
83 42
85 66
83 74
87 7
85 95
88 24
91 45
94 37
94 77
97 23
0 14
0 86
4 8
10 54
8 68
45 89
67 49
96 16
11 79
14 13
14 71
16 40
16 33
24 0
25 90
23 35
27 98
26 21
32 50
31 93
35 42
35 65
35 32
34 77
42 8
40 57
44 30
44 99
46 52
48 2
47 70
51 24
51 85
54 17
57 37
61 38
59 31
64 15
68 7
71 21
79 0
76 38
80 88
88 56
90 68
92 96
94 85
97 41
98 80
