111
5 42
9 20
27 25
44 80
59 9
4 74
6 88
17 8
21 1
27 50
28 80
49 23
58 83
14 16
63 27
73 97
81 14
1 3
72 30
1 33
3 97
4 52
12 55
17 91
25 69
52 10
52 87
23 87
29 64
33 12
36 4
38 34
31 86
39 13
41 49
40 88
48 50
55 24
56 44
7 11
10 82
47 82
60 14
61 68
67 53
62 97
80 62
77 6
81 48
80 92
83 71
90 37
92 23
94 57
96 4
96 71
97 43
82 6
85 23
0 58
0 92
62 7
77 35
0 40
7 56
8 60
11 13
27 15
12 2
16 72
17 45
18 75
21 35
24 72
22 4
29 99
30 54
31 40
34 72
41 20
41 55
43 73
44 33
46 6
49 67
49 47
50 38
51 61
52 79
52 19
54 70
61 56
61 75
60 22
64 96
66 60
68 1
68 36
72 80
72 77
75 53
78 20
80 98
82 0
78 83
86 88
84 56
87 31
88 44
92 82
95 99
