106
30 65
42 51
59 56
69 68
77 8
96 27
6 95
9 14
19 24
23 86
31 5
31 51
35 56
50 90
54 34
40 5
56 88
65 75
78 48
71 17
95 87
0 52
78 53
82 68
2 60
8 81
17 56
24 3
24 42
50 53
64 57
6 51
24 50
32 97
33 21
29 70
46 67
46 98
51 70
53 26
57 5
53 41
60 43
69 36
62 71
65 13
71 78
73 88
73 53
81 88
81 82
86 23
86 60
88 38
87 74
90 15
93 58
96 95
96 35
4 9
7 37
7 0
92 49
10 76
46 45
11 61
17 16
15 40
20 93
23 9
25 66
28 81
29 28
34 13
36 27
83 91
33 67
37 74
41 20
41 55
39 60
42 82
42 93
47 7
54 15
53 80
55 56
56 96
59 19
59 36
56 70
63 98
66 27
64 61
66 72
68 47
73 30
70 22
79 38
84 5
85 13
90 99
92 78
96 4
92 30
97 72
