108
7 51
16 82
62 35
73 3
77 35
2 97
4 11
15 65
17 34
27 21
29 80
33 35
37 53
49 73
55 53
6 77
8 21
67 76
69 49
82 85
85 22
89 71
0 33
84 36
0 69
2 4
18 7
25 89
26 50
32 6
90 81
10 81
31 59
40 48
46 5
47 29
59 98
67 21
50 19
59 83
66 64
59 33
69 79
77 51
73 13
83 18
83 48
84 62
91 96
96 25
97 68
98 82
2 55
4 41
17 54
41 16
8 3
8 57
10 28
11 86
11 17
20 98
22 20
22 39
22 64
24 78
26 19
27 42
30 73
30 91
32 21
31 50
34 94
37 7
38 34
38 72
39 30
41 48
44 75
44 44
45 98
45 58
52 70
52 37
53 59
54 47
58 22
58 76
62 3
61 91
64 29
66 35
67 53
70 64
70 93
71 68
77 2
76 90
76 21
81 32
83 76
89 45
87 36
90 89
95 8
95 23
97 42
99 92
