109
51 29
56 14
87 2
60 86
79 19
2 79
15 54
17 98
18 30
24 6
41 65
24 89
25 39
56 72
40 25
44 56
73 92
75 74
80 36
0 41
50 35
56 7
87 73
3 87
7 60
16 74
14 9
17 23
25 68
31 81
32 4
66 64
36 50
39 11
14 48
42 33
20 47
48 57
48 90
32 60
55 44
56 82
57 62
60 28
61 97
63 48
43 19
69 42
70 81
76 97
84 52
77 22
92 95
0 42
84 8
84 83
0 93
89 40
0 66
3 25
7 41
8 86
13 15
74 68
13 68
13 34
16 82
52 22
15 44
20 54
23 20
27 0
28 34
26 86
29 20
29 53
31 24
37 95
36 66
40 80
43 89
43 73
49 50
57 68
61 8
58 33
66 1
65 13
67 54
64 78
68 98
71 18
72 51
76 40
75 12
80 60
81 91
85 22
84 43
85 59
88 26
91 46
92 68
94 1
95 17
95 74
96 88
97 59
98 45
