103
6 0
6 21
6 42
6 63
6 70
7 5
7 26
7 47
7 56
27 0
27 21
27 42
27 49
27 63
27 70
27 7
27 28
27 77
28 14
28 35
28 56
48 0
48 21
48 42
48 49
48 63
48 70
49 5
48 28
49 14
49 35
49 56
7 14
7 35
0 0
0 18
0 27
0 34
0 42
0 49
0 57
0 64
0 72
0 4
11 0
11 7
11 21
11 28
0 11
11 70
12 42
11 63
12 49
12 14
13 56
13 34
18 77
18 0
19 14
18 35
18 56
18 70
19 6
19 27
19 48
20 20
20 41
20 62
33 0
32 77
32 21
32 42
33 5
33 28
33 49
33 56
32 70
33 13
34 35
34 63
40 0
40 15
39 70
40 22
40 34
40 43
40 6
40 55
40 64
41 29
41 48
53 0
53 70
54 14
53 28
53 49
54 35
54 5
54 56
54 20
54 63
55 42
67 69
