111
4 32
69 89
7 49
9 9
21 54
28 4
35 90
39 21
39 75
53 70
65 45
68 8
80 28
87 63
96 93
31 49
41 90
1 74
59 98
79 82
93 55
1 3
5 24
7 71
9 85
32 16
96 60
2 43
7 40
11 63
16 13
19 27
21 33
22 0
33 41
33 69
39 37
36 54
42 27
43 51
48 77
52 61
55 85
57 76
59 37
61 3
59 62
64 10
67 27
70 17
70 66
70 45
73 95
73 56
75 7
77 68
34 25
81 97
83 72
86 86
90 35
94 15
0 12
0 57
0 79
3 4
37 85
6 90
82 57
5 32
10 23
13 18
17 81
17 47
19 98
18 4
24 72
28 97
29 19
28 77
31 39
34 71
37 7
42 11
43 36
41 68
47 2
48 18
49 11
47 63
53 36
55 21
56 16
56 30
59 89
61 66
65 50
66 31
71 80
76 21
82 42
84 11
84 48
85 81
89 17
90 41
91 99
90 77
95 24
93 83
97 0
