111
57 91
52 76
64 7
86 55
17 14
17 70
68 67
73 90
95 3
55 44
70 76
65 15
69 55
78 6
70 21
52 86
83 33
84 75
88 26
90 80
91 12
7 13
14 62
14 78
19 21
20 6
79 65
51 13
56 31
56 4
56 71
57 37
23 13
60 98
62 22
61 87
67 47
63 29
66 91
69 61
70 69
82 12
83 59
86 33
70 84
89 40
90 72
77 26
92 19
85 2
90 33
95 51
96 84
96 14
98 58
0 0
0 17
0 26
0 5
3 1
1 15
4 29
6 70
96 9
10 57
10 83
10 27
10 1
11 5
12 24
19 55
19 84
19 28
19 0
19 63
23 43
20 77
25 1
25 27
25 68
32 27
32 40
33 0
33 18
33 46
34 5
47 60
48 93
51 24
52 10
55 48
54 77
57 57
61 62
62 76
70 47
72 40
74 99
78 96
78 42
79 50
81 73
82 87
84 19
84 64
85 96
84 79
89 55
93 47
92 77
96 27
