101
60 57
78 49
21 54
29 79
45 18
80 92
89 68
2 53
10 37
15 4
29 55
22 74
26 88
34 35
33 49
46 63
47 77
50 84
52 16
73 73
77 14
85 32
54 47
89 91
91 77
3 38
10 87
34 63
24 38
10 30
27 14
14 80
31 88
78 73
30 70
30 43
36 83
42 30
37 94
43 4
40 46
50 94
46 55
51 27
56 89
59 33
62 40
54 62
63 94
64 20
66 70
74 58
75 33
81 46
84 3
90 59
91 7
96 43
95 36
95 74
0 5
72 78
0 47
4 22
7 56
10 66
14 0
18 15
17 33
17 90
21 98
20 4
22 58
26 22
41 90
25 61
27 2
24 76
34 6
33 21
32 41
38 1
40 76
44 32
44 69
56 80
56 77
65 22
66 14
75 2
72 44
74 67
77 26
80 90
81 66
88 17
94 98
94 52
97 28
94 88
98 57
