110
4 88
32 8
34 41
37 78
38 99
5 37
7 96
14 83
20 31
16 98
19 4
35 51
45 30
58 1
60 63
69 25
76 9
84 25
84 90
94 56
0 52
2 18
71 62
5 6
26 38
27 4
57 26
78 34
4 78
13 23
15 62
18 76
19 51
22 62
26 91
27 22
32 77
35 56
39 72
46 10
46 85
48 4
51 43
52 88
53 67
52 8
61 89
69 42
60 5
71 95
79 48
81 66
86 9
71 31
87 60
96 41
97 73
1 62
2 12
4 53
7 37
9 0
77 23
8 76
8 44
10 51
11 30
11 14
16 15
19 67
23 1
23 75
28 39
29 91
30 36
31 70
33 17
33 85
35 40
39 30
39 47
41 64
44 99
47 13
48 28
47 92
52 53
51 38
57 53
56 42
58 18
57 11
59 70
61 93
62 47
65 77
66 2
70 47
71 54
77 1
79 15
83 71
83 39
87 0
85 21
91 5
92 87
93 22
93 47
91 66
