196
4 7
4 28
4 49
4 70
4 91
4 98
5 12
4 35
4 56
4 77
5 21
5 42
5 63
5 84
11 7
11 28
11 49
11 70
11 98
11 77
12 12
11 35
11 56
11 91
12 21
12 42
12 63
12 84
18 7
18 28
18 49
18 70
18 98
18 77
19 13
18 35
18 56
18 91
19 19
19 40
19 61
20 84
25 14
25 35
25 56
25 77
25 98
26 5
26 20
25 42
25 63
25 84
26 26
26 47
26 70
26 91
32 7
32 28
32 49
32 70
32 98
33 12
32 42
33 21
32 63
32 84
33 33
33 56
33 77
33 92
39 7
39 28
39 49
39 70
39 98
40 12
39 77
39 35
39 56
39 91
40 19
40 42
40 63
40 84
46 14
46 35
46 56
46 77
46 98
47 5
47 20
47 28
47 40
47 49
47 61
47 82
47 91
47 70
53 7
53 35
53 56
53 77
53 98
54 12
54 20
54 27
54 41
53 63
53 84
54 47
54 91
55 70
60 7
60 28
60 49
60 70
60 98
61 12
60 91
61 21
61 33
61 42
61 54
61 75
61 84
61 63
67 7
67 28
67 49
67 70
67 98
67 91
68 13
67 35
67 56
68 19
68 40
68 76
68 84
68 61
74 14
74 35
74 56
74 77
74 98
75 5
75 20
74 42
74 63
74 84
75 26
75 47
75 70
75 91
81 7
81 28
81 49
81 70
81 98
82 12
81 77
82 21
82 33
82 42
82 54
82 63
82 91
83 84
88 7
88 28
88 49
88 70
88 98
89 12
88 77
88 35
88 56
88 91
89 19
89 40
89 63
89 84
95 14
95 35
95 56
95 84
95 98
96 5
96 20
95 63
95 42
96 26
96 49
96 70
96 77
96 92
