112
46 74
47 16
79 56
0 49
5 12
2 57
10 39
14 74
16 59
18 45
22 73
25 93
44 38
46 93
32 96
59 37
61 2
69 15
47 63
73 50
75 28
86 41
95 57
81 13
70 2
85 29
3 42
7 89
8 26
9 6
7 82
25 67
36 86
8 67
14 39
18 87
21 14
29 39
31 12
36 55
36 24
35 77
34 66
41 6
42 23
39 99
49 34
51 57
58 83
61 27
64 63
66 74
67 85
43 80
68 41
68 11
73 69
84 95
84 70
86 56
95 86
0 0
2 31
68 29
2 80
9 62
8 77
11 12
14 23
19 35
23 98
23 20
25 48
26 53
27 64
33 5
34 41
39 91
39 15
41 57
41 72
46 42
47 14
47 48
53 43
58 6
60 56
63 99
65 51
67 82
74 19
77 0
75 34
78 42
78 64
80 73
81 81
82 5
81 49
83 40
83 63
86 97
87 19
86 77
88 13
87 86
89 30
89 55
90 63
95 12
96 72
97 26
