98
2 3
15 29
60 34
12 89
19 55
33 22
41 72
48 88
62 71
78 74
96 49
51 97
14 35
16 18
29 36
33 97
43 33
50 19
51 61
36 17
61 80
68 11
66 33
73 40
73 88
79 50
7 58
17 84
33 42
26 95
83 61
19 48
29 83
74 81
29 51
35 58
38 86
43 49
45 39
23 33
47 82
58 14
58 24
60 65
64 85
76 43
76 65
78 86
83 29
82 47
84 99
41 92
88 62
89 47
97 93
2 2
5 72
5 50
4 86
8 43
13 62
17 92
16 25
19 73
25 47
30 7
32 67
31 28
34 50
38 15
41 10
42 57
46 27
47 43
51 68
55 83
59 10
59 42
60 28
61 99
65 52
65 48
69 25
72 18
75 98
74 60
77 11
76 33
80 68
84 10
83 20
86 72
87 52
94 32
93 83
95 26
95 60
96 67
