110
17 32
38 76
42 53
60 27
89 64
2 28
14 71
21 53
51 55
36 3
24 36
39 90
46 33
31 78
50 67
73 6
80 96
88 37
95 13
69 32
0 14
96 32
1 76
12 22
6 39
10 97
14 6
13 56
24 86
27 43
27 96
30 66
6 65
33 13
9 14
35 27
34 97
31 58
16 48
36 64
45 77
53 91
56 12
59 91
64 55
65 82
59 20
67 89
70 17
73 75
79 88
85 78
89 98
92 80
95 55
96 96
93 20
95 40
0 0
0 90
0 98
59 59
5 55
3 87
9 79
17 91
19 22
18 78
17 60
24 12
26 5
24 73
27 21
30 51
32 34
35 82
38 0
37 27
39 15
38 61
39 94
42 41
45 42
45 61
49 1
49 25
49 40
51 79
50 52
55 0
55 73
63 18
64 11
65 26
73 53
74 35
74 22
77 61
78 38
81 52
82 9
83 63
84 0
82 70
84 92
88 26
90 47
96 4
95 63
96 25
