106
10 10
3 3
15 15
41 62
58 59
78 88
1 18
11 88
18 70
27 36
31 83
31 98
41 4
45 33
75 65
84 85
89 70
90 6
34 56
92 18
2 22
3 86
26 71
93 78
5 5
9 99
13 33
16 52
7 74
16 18
17 89
19 41
19 62
16 9
20 84
19 26
32 11
40 26
38 40
44 74
52 14
52 87
52 34
57 41
58 3
64 48
67 10
66 56
70 34
70 92
73 11
76 35
77 56
74 78
83 22
45 41
87 12
88 44
95 53
92 90
97 64
0 32
0 49
0 8
2 60
3 45
6 54
7 63
11 38
9 78
14 47
19 0
21 98
20 56
23 0
24 21
26 39
33 19
32 47
32 34
35 97
46 12
49 96
48 78
55 30
58 23
59 62
61 98
60 17
63 0
64 25
68 84
69 49
70 31
72 70
71 95
76 52
76 73
79 97
79 64
79 93
83 78
90 43
94 87
97 3
96 69
