110
26 51
84 42
3 47
4 29
18 37
20 10
23 82
24 66
5 54
27 93
29 69
33 19
38 43
49 22
52 46
52 71
37 95
65 65
69 94
71 14
75 77
58 83
77 96
82 82
93 95
98 37
4 18
10 62
11 89
32 41
18 46
23 28
85 91
24 21
31 79
36 57
36 50
42 77
46 37
51 52
54 15
53 61
58 6
59 91
61 69
62 45
62 11
66 90
69 45
71 36
71 63
86 11
87 61
93 72
0 0
0 8
0 62
0 88
1 36
1 84
3 98
6 23
6 75
13 54
77 91
6 40
8 32
14 5
13 76
17 60
22 10
23 44
24 2
22 54
23 40
31 5
30 74
29 47
33 68
35 11
34 89
35 18
41 61
43 51
46 1
45 7
47 15
48 93
50 29
48 42
55 97
59 32
59 76
59 55
63 17
66 3
69 30
69 96
72 21
74 53
77 12
76 60
77 44
77 81
76 67
83 25
86 77
90 55
90 62
93 91
