97
4 3
11 7
25 25
36 38
64 69
83 88
6 93
8 40
13 16
11 70
12 48
14 78
15 53
19 7
4 18
17 24
20 96
23 40
29 84
35 87
42 9
46 48
49 59
50 23
53 65
67 1
73 92
78 3
7 99
25 20
10 62
12 84
14 2
18 2
17 32
18 17
26 64
28 6
28 46
26 95
28 22
31 43
35 95
37 15
42 31
54 36
55 42
55 54
57 8
61 57
68 47
68 69
73 17
72 78
81 77
86 87
90 45
88 69
93 92
96 98
0 8
0 84
0 97
3 30
31 36
6 17
10 63
16 92
17 47
17 70
21 77
23 56
25 67
31 28
36 81
35 57
39 89
41 75
42 20
40 38
47 5
47 95
47 14
58 22
61 93
63 7
64 65
70 54
73 11
74 84
83 48
84 21
93 38
94 30
93 83
97 52
97 89
