110
28 18
37 60
39 43
4 13
15 80
23 33
47 22
1 81
3 43
58 19
6 17
15 28
34 94
50 96
56 35
62 65
66 87
27 43
90 45
91 62
94 85
72 75
41 17
0 7
7 29
9 96
12 90
15 5
8 39
13 13
19 94
21 55
21 3
21 84
28 73
28 34
31 20
34 75
37 84
33 6
41 40
38 94
47 46
49 5
50 10
53 49
58 89
69 29
73 39
64 94
78 29
83 74
84 2
82 54
84 88
90 30
91 11
90 94
96 80
0 0
61 26
0 22
0 57
0 76
0 95
0 27
0 48
9 61
8 28
12 72
19 49
19 11
20 98
21 35
22 25
23 88
29 65
29 25
31 41
29 87
41 8
43 81
44 28
43 52
43 89
46 66
47 57
53 0
53 93
55 72
60 14
61 55
61 41
64 12
64 71
63 79
67 44
71 0
71 53
72 11
70 87
73 23
74 60
72 79
82 22
87 36
88 89
91 60
96 25
98 85
