109
1 56
3 94
2 21
27 38
32 82
91 67
3 28
2 6
9 68
20 58
25 5
43 15
92 58
49 81
60 70
62 43
79 34
94 78
18 73
30 30
32 6
0 70
9 20
44 8
61 82
2 62
4 84
10 59
18 92
19 44
18 10
14 49
20 15
22 81
23 53
30 21
32 66
37 91
39 85
42 22
52 31
52 12
57 61
59 12
62 97
64 2
71 86
71 9
85 16
85 39
88 86
91 3
93 41
71 98
92 86
0 13
0 89
1 40
3 1
6 37
7 99
28 73
8 6
11 3
20 30
27 89
30 47
30 27
34 16
36 52
35 72
39 0
37 28
41 36
44 74
45 98
46 29
50 48
50 75
50 42
51 93
51 24
52 67
53 86
56 29
58 17
58 52
58 75
61 60
59 89
62 9
69 23
70 60
72 50
72 81
73 0
77 57
77 11
78 75
78 22
78 82
81 51
83 66
84 31
85 80
88 12
87 26
88 94
89 72
