117
24 38
38 54
3 82
17 5
27 92
28 22
26 46
31 0
52 96
56 7
59 59
33 27
38 7
60 95
63 33
61 69
73 57
94 31
0 9
1 34
5 68
64 6
6 56
8 25
9 10
13 39
17 80
18 96
21 19
21 54
23 8
32 49
37 17
40 38
41 54
42 90
51 0
51 27
52 51
55 71
60 11
63 80
65 97
67 50
67 8
69 0
72 95
73 39
76 20
81 16
82 80
85 56
85 88
88 72
90 12
93 46
94 82
95 90
0 45
0 87
1 94
4 74
26 30
6 39
6 49
9 32
42 45
7 79
11 18
11 65
13 71
13 93
19 0
20 69
20 33
25 64
25 86
25 8
26 56
26 36
29 13
32 93
32 41
34 83
35 63
37 0
40 68
41 82
43 14
46 37
48 20
48 44
52 55
54 36
54 82
55 50
61 37
61 85
65 21
65 61
66 80
65 30
68 64
67 71
67 90
70 11
76 98
78 33
77 50
77 60
79 70
83 5
82 42
83 63
86 48
95 20
97 38
