116
0 32
18 65
76 38
1 4
3 21
7 68
15 13
23 43
31 6
36 99
37 71
43 14
47 45
27 53
64 89
79 79
47 19
94 15
79 27
79 89
1 39
5 79
8 54
5 11
9 90
5 62
10 22
26 27
25 94
26 77
30 37
31 57
40 0
43 84
46 93
50 1
50 70
51 21
55 61
57 5
55 92
57 72
59 31
61 38
38 14
65 30
14 60
66 44
19 32
76 52
77 67
79 43
81 60
85 11
31 48
86 45
86 92
91 52
93 87
94 53
0 49
0 93
4 35
4 99
6 71
11 45
18 18
20 4
20 47
21 98
28 0
27 32
29 20
32 63
34 87
73 33
35 57
36 21
37 81
38 49
41 67
44 38
44 23
47 47
51 40
52 7
52 47
53 25
54 54
57 8
58 75
60 90
60 53
61 61
64 15
64 79
65 97
68 52
69 16
69 58
72 7
73 85
78 18
78 91
81 3
80 28
79 84
83 74
87 1
87 66
89 25
90 39
93 44
95 96
96 20
96 30
