89
79 90
83 76
80 45
26 10
28 42
61 43
80 97
83 35
69 88
92 7
78 64
83 28
90 78
94 85
15 24
14 9
48 22
51 6
17 45
51 42
53 20
69 34
78 2
76 16
78 57
18 15
70 45
73 96
80 11
86 21
0 2
97 6
15 35
25 18
48 37
48 26
51 12
57 49
58 27
65 71
67 15
67 54
71 79
70 26
72 71
73 86
75 49
81 44
81 55
81 64
83 16
53 38
83 71
88 31
87 49
87 80
90 94
92 56
92 59
0 6
1 16
2 28
7 34
9 3
15 50
17 6
17 24
19 44
24 24
32 12
38 32
47 0
50 22
54 3
61 28
64 63
65 8
69 60
73 28
78 86
80 21
84 0
83 7
87 98
94 44
94 67
95 30
96 11
96 81
