111
42 88
49 52
50 37
69 44
1 22
7 98
10 80
14 32
18 44
25 22
32 40
34 67
40 25
47 20
51 66
51 91
31 18
55 77
55 81
62 45
66 30
66 91
91 75
95 73
0 59
0 28
8 55
8 40
12 75
17 66
22 52
29 88
30 6
43 48
28 44
18 33
32 35
35 12
40 54
45 16
58 56
60 7
58 93
64 83
66 13
68 69
69 34
71 49
74 87
76 73
79 17
78 65
80 5
80 33
84 10
88 62
94 6
96 87
0 47
0 95
4 18
6 25
7 64
52 45
9 14
7 34
11 4
11 94
11 58
14 84
20 19
21 26
24 79
27 93
31 21
33 1
35 61
36 75
36 19
38 40
39 69
40 9
42 34
44 72
46 92
48 18
52 98
52 88
55 36
59 75
59 84
63 99
66 6
68 60
72 30
70 40
76 47
80 74
82 62
84 41
84 18
82 80
86 32
86 48
88 86
88 65
93 14
94 29
94 49
96 98
98 20
