114
7 16
17 5
43 39
73 81
1 65
13 94
28 58
28 87
29 15
56 40
6 22
34 90
64 52
68 2
43 49
67 59
77 96
68 9
85 70
87 40
1 35
2 7
4 39
5 49
9 77
12 51
82 79
12 83
13 25
15 33
16 73
18 88
21 67
23 49
27 71
31 72
15 13
32 48
35 12
38 35
41 8
38 24
42 64
42 76
45 8
57 35
56 57
61 11
64 33
68 66
68 77
71 49
77 45
81 88
86 97
88 65
93 26
93 58
95 73
0 71
29 79
7 64
16 29
14 56
16 39
17 97
16 62
19 89
18 83
23 31
24 21
24 44
27 4
28 63
29 35
37 90
38 53
38 40
40 95
42 22
43 57
44 97
44 16
46 73
49 9
50 88
50 20
53 72
52 46
56 28
54 66
57 93
57 82
59 63
63 95
69 16
70 25
70 18
71 34
72 83
74 64
75 10
78 27
79 36
84 26
85 50
84 91
88 1
88 43
89 94
92 6
91 90
92 30
95 68
