113
0 5
43 40
3 80
12 32
15 47
17 67
25 24
7 11
26 18
30 50
33 86
49 83
51 62
56 24
66 79
77 58
83 14
50 76
85 4
91 63
97 2
5 96
26 75
41 89
64 66
86 57
16 16
19 81
19 39
21 9
27 3
33 40
35 34
34 13
37 50
21 30
36 81
43 60
42 32
50 12
51 44
54 95
54 31
57 9
59 47
60 86
67 19
71 38
71 76
72 92
73 32
72 55
75 84
78 94
81 81
82 37
79 63
86 18
86 42
96 39
94 63
96 79
96 47
0 45
0 49
0 0
3 26
3 59
3 87
3 19
4 3
6 79
81 86
9 71
10 97
9 22
11 14
14 6
20 99
24 57
23 32
27 26
31 70
34 56
34 23
36 41
45 26
45 68
45 42
48 58
49 4
54 69
56 39
58 16
57 58
57 79
60 96
61 44
62 10
63 1
65 40
65 51
67 82
71 99
77 7
84 28
84 90
85 48
88 38
91 93
96 7
97 21
97 17
