103
57 25
9 36
42 56
54 94
82 64
93 36
1 10
2 67
10 52
51 34
31 91
33 30
6 24
15 35
45 66
59 53
59 68
67 83
76 49
53 88
77 28
90 76
75 70
95 85
0 51
8 66
54 47
0 28
8 72
11 42
16 52
14 25
20 63
20 38
24 96
27 15
28 50
32 82
36 4
34 11
42 24
42 78
44 0
44 45
49 65
65 14
64 51
73 88
74 38
76 55
81 87
88 18
87 45
91 25
92 10
96 45
96 51
96 92
0 92
0 18
3 78
7 92
10 97
11 11
12 78
22 30
88 86
16 70
17 10
18 56
26 72
27 16
29 58
35 85
40 70
41 10
43 38
45 50
47 99
49 11
48 41
51 31
55 98
56 80
58 14
57 88
58 58
60 33
62 99
67 3
69 13
68 79
71 20
71 97
71 64
75 19
77 13
80 4
81 79
83 98
84 70
85 73
96 32
