115
87 5
2 83
93 28
11 49
26 65
28 14
30 93
94 12
36 77
42 55
44 16
53 73
54 29
57 10
63 83
71 26
19 45
69 4
94 71
80 22
93 37
0 35
2 11
4 20
4 73
6 89
15 92
18 4
26 58
30 29
36 7
12 55
33 71
41 82
76 10
40 66
45 93
51 52
55 36
55 97
57 69
59 59
60 4
60 39
60 54
64 99
69 69
71 84
76 47
74 98
80 54
78 91
79 73
80 31
82 17
85 83
95 42
97 51
97 56
0 40
84 62
0 87
1 49
4 58
6 74
7 1
7 24
6 96
49 80
6 40
10 18
15 77
18 70
20 86
23 46
24 37
26 73
28 20
29 0
27 66
29 80
31 99
33 48
35 15
38 30
38 36
41 1
40 49
41 8
43 20
43 40
44 60
47 0
49 14
50 22
55 49
56 14
58 19
58 75
59 90
59 25
63 36
67 41
67 74
68 13
69 60
74 0
81 45
81 27
84 51
88 91
87 8
88 23
94 18
97 85
