114
34 42
7 70
13 90
44 60
47 91
87 23
92 90
0 48
25 80
18 98
34 76
40 97
47 35
51 85
60 65
66 49
68 33
72 91
67 75
70 55
71 23
80 43
0 22
89 51
2 65
3 80
7 54
14 32
17 56
19 3
18 93
26 8
27 38
28 63
30 15
31 32
33 7
27 85
34 83
11 80
13 44
35 38
48 19
46 50
51 35
51 95
56 80
56 99
60 18
73 26
78 83
79 58
83 69
83 44
83 84
86 58
87 4
0 3
0 31
0 13
0 91
1 99
55 57
3 85
6 3
7 19
7 69
9 14
13 17
12 61
17 26
18 74
21 59
25 53
42 87
26 73
30 58
33 18
32 62
36 57
38 14
38 29
38 47
41 36
43 72
45 5
47 58
48 49
50 64
54 84
56 78
63 56
67 7
65 17
68 77
69 0
68 98
69 58
75 48
78 9
76 75
79 98
80 34
85 11
83 79
86 95
88 29
89 71
90 37
92 13
92 81
93 95
97 73
98 87
