107
11 2
39 58
58 22
61 95
3 99
8 30
13 85
14 43
20 68
23 30
33 45
33 96
39 10
46 31
65 12
35 85
54 59
47 8
61 38
67 70
73 67
88 83
92 22
0 37
6 16
5 84
38 90
1 21
8 98
16 54
18 16
19 98
21 23
21 86
24 60
53 15
8 38
27 44
28 6
34 62
35 51
35 70
40 65
41 79
43 16
47 45
49 53
54 94
54 44
59 7
61 83
68 40
71 28
75 77
78 92
79 34
79 55
55 31
78 67
95 65
89 48
94 30
0 54
1 51
97 37
8 76
13 0
16 63
15 49
19 5
19 71
24 67
25 46
27 84
29 11
31 36
32 77
35 22
37 31
43 1
43 68
44 26
47 78
48 7
50 39
51 84
55 98
56 59
62 1
62 17
65 5
65 87
68 82
68 58
73 26
73 2
78 18
77 23
82 3
81 90
83 63
87 0
87 7
86 36
94 84
94 13
96 51
