111
66 42
82 77
1 13
23 29
23 63
28 96
38 67
40 43
44 14
72 89
73 55
29 22
76 31
88 15
0 62
3 41
31 85
41 59
74 72
12 93
8 31
15 11
14 67
16 88
13 24
25 44
32 3
29 75
32 18
32 65
35 51
41 35
42 95
42 2
46 38
46 69
46 84
52 1
55 92
56 24
56 50
56 80
50 67
57 36
59 0
64 17
62 87
64 36
65 50
67 95
70 69
72 4
72 37
74 96
78 37
80 16
83 54
83 83
83 32
84 7
90 56
91 68
92 39
92 14
92 47
95 73
99 5
0 0
1 76
2 60
2 10
4 43
5 73
6 15
7 57
12 39
15 3
14 97
17 59
20 20
19 43
21 1
21 37
24 58
25 13
27 99
27 27
30 32
35 15
36 74
38 25
44 19
45 28
46 53
51 32
54 70
59 99
60 65
62 11
65 83
67 59
66 45
75 45
82 44
83 75
86 21
89 92
90 29
94 53
95 22
94 77
