109
65 64
58 36
91 43
95 80
6 87
10 63
16 39
20 84
24 24
30 5
36 33
39 82
65 84
73 24
74 47
87 97
24 81
51 31
75 63
0 75
1 93
78 37
3 66
10 26
7 42
13 4
12 53
14 34
17 54
18 13
19 68
19 29
22 43
22 63
24 93
26 49
37 61
35 98
36 5
38 59
44 45
48 86
47 63
50 38
53 92
55 22
60 48
58 94
66 78
64 51
67 96
69 15
69 37
82 8
86 18
87 57
77 94
89 34
92 10
0 25
1 2
0 36
2 14
2 50
73 31
71 51
2 57
5 98
4 34
6 78
8 92
8 20
14 5
13 55
15 98
17 0
18 19
25 42
27 16
25 33
39 34
41 20
42 6
41 68
43 93
47 22
46 53
52 40
54 31
59 8
59 71
63 1
65 85
65 46
70 67
71 77
73 1
78 17
78 80
79 44
80 26
83 2
84 64
85 74
88 48
93 94
94 39
95 84
96 33
