108
52 32
83 34
14 18
22 38
22 95
64 21
72 63
9 68
21 5
33 96
33 64
43 10
11 27
35 88
44 60
49 46
55 76
55 48
66 76
67 56
82 92
85 46
91 32
92 97
93 23
1 26
2 59
5 52
10 71
11 48
38 96
16 53
17 67
22 82
55 40
10 20
21 89
24 54
23 74
28 21
35 7
37 60
41 0
55 91
60 69
66 30
69 44
74 71
81 63
83 74
86 19
89 89
92 46
72 27
96 94
97 62
96 40
99 48
0 16
0 83
1 7
0 79
2 0
97 86
2 62
5 93
5 85
6 38
60 49
6 10
8 62
13 76
15 39
16 48
21 9
23 40
26 2
27 81
28 58
32 22
30 32
34 50
37 36
39 92
43 75
43 21
49 5
53 12
51 69
56 1
56 30
56 62
59 96
60 14
60 57
64 0
64 91
64 42
66 20
67 58
75 91
75 43
84 1
83 49
85 41
91 9
91 73
92 17
