107
79 90
0 91
27 94
28 30
39 68
45 29
75 66
19 15
31 7
30 40
33 62
40 85
52 49
60 65
61 17
61 92
64 41
85 37
92 7
96 80
0 47
4 67
6 21
4 97
8 74
12 39
38 55
12 12
14 45
16 85
17 30
19 65
51 62
17 93
22 3
20 35
26 81
29 21
40 12
39 48
41 99
43 19
45 90
48 11
59 31
60 73
61 23
62 87
61 47
72 47
75 6
84 55
89 16
89 69
93 1
96 86
96 9
1 12
3 41
35 74
8 83
13 53
13 60
12 23
13 69
20 24
23 72
26 63
29 2
30 90
30 13
33 81
34 28
34 62
45 71
48 30
47 54
50 1
49 81
49 16
52 95
56 81
58 96
65 11
64 82
65 34
66 44
69 53
71 75
72 38
73 83
75 25
73 52
76 97
77 20
77 61
81 81
85 38
83 88
86 46
85 62
90 55
92 23
93 50
94 98
96 71
97 64
