111
14 28
7 10
20 4
40 21
57 97
61 63
2 78
5 59
8 73
49 53
39 10
60 37
75 64
77 46
79 17
82 91
42 30
81 41
86 97
87 82
91 19
51 22
54 65
3 21
7 6
9 51
16 90
16 96
17 72
27 1
31 96
31 18
32 75
34 54
35 87
39 4
40 92
41 46
0 65
42 38
41 18
47 73
47 95
54 89
61 20
61 52
68 17
68 49
71 96
74 31
79 84
85 66
89 33
90 58
80 10
95 43
95 97
95 65
97 14
0 45
86 51
0 93
1 51
3 37
4 81
7 99
8 24
91 70
7 43
14 56
82 28
12 65
15 45
17 13
18 27
21 42
21 96
21 12
23 87
28 37
29 3
39 60
43 74
44 2
43 10
47 60
49 43
49 25
50 97
50 8
56 67
57 11
57 41
61 92
64 79
65 10
64 63
67 33
67 71
70 56
71 37
73 74
73 23
77 0
76 66
83 88
92 29
93 1
93 53
92 90
95 76
