112
2 44
14 86
16 29
39 79
60 8
61 49
94 31
6 56
8 97
40 7
44 57
14 52
53 83
57 27
27 79
62 2
62 86
69 86
79 9
79 56
74 77
85 69
89 55
90 7
2 68
43 78
47 6
4 78
5 42
11 72
17 44
20 83
25 68
30 34
28 48
32 93
31 5
37 59
38 34
43 28
46 94
46 36
51 28
55 47
61 22
55 89
62 31
75 25
75 17
76 72
80 90
80 19
84 40
85 94
86 48
0 13
97 14
0 82
0 32
2 98
6 19
6 26
8 57
80 63
61 79
7 65
12 43
13 89
15 1
18 16
16 39
18 58
21 2
22 22
23 99
23 63
27 70
29 16
28 88
33 97
33 24
34 81
38 18
45 65
46 47
47 21
47 59
52 67
52 20
54 14
54 59
59 96
60 41
63 64
63 93
65 35
66 72
67 45
68 95
69 56
78 35
81 12
83 78
83 57
85 86
87 96
89 79
93 57
94 23
95 43
97 77
97 57
