106
24 67
89 85
8 97
9 66
22 38
34 8
49 49
62 13
74 33
86 25
9 47
9 74
25 27
34 69
60 51
69 15
73 44
89 61
94 90
0 60
18 58
80 15
1 71
4 8
10 11
12 91
14 50
17 24
18 77
22 9
24 52
26 94
27 86
28 45
34 48
34 88
37 19
39 5
42 46
45 28
19 32
44 12
48 94
50 96
55 3
56 21
56 80
59 42
62 69
61 24
75 65
78 76
83 92
88 76
89 19
95 13
95 59
96 30
0 34
71 10
3 52
3 77
5 22
12 6
15 91
73 26
15 51
17 97
17 70
20 18
21 75
26 13
25 19
32 96
34 41
35 55
39 64
41 72
41 1
46 31
48 10
49 80
48 21
51 49
54 64
53 98
55 70
53 90
57 36
59 61
62 86
62 95
63 2
68 58
69 71
76 91
77 0
80 67
82 29
81 81
83 51
87 39
91 4
92 1
92 39
97 91
