109
56 59
25 14
54 75
69 36
94 13
1 24
1 71
21 60
77 35
28 5
28 13
30 71
36 52
36 90
39 60
48 44
55 23
37 16
57 37
61 13
64 22
95 87
97 68
0 77
5 63
7 52
5 71
16 32
19 4
22 19
27 46
29 65
35 34
36 97
39 32
42 83
41 47
44 22
45 63
49 97
63 82
66 5
55 49
67 96
69 1
69 29
72 93
73 21
75 2
79 75
78 18
83 66
89 5
96 29
97 17
0 6
0 34
0 92
0 15
3 85
5 1
8 89
8 17
17 88
19 80
19 27
89 16
21 69
23 89
26 51
28 78
29 57
30 75
31 48
34 10
33 37
38 68
40 52
42 74
47 4
48 71
49 82
53 11
53 38
54 90
55 96
57 68
62 57
62 36
64 15
69 53
70 87
70 30
71 8
76 43
77 79
78 52
76 96
79 26
81 93
82 42
86 55
85 81
88 28
89 90
92 2
93 22
96 39
94 63
