108
17 96
50 53
1 59
31 8
76 86
89 76
1 42
13 34
16 4
22 65
24 43
60 61
32 46
33 16
36 68
36 24
39 10
54 39
59 25
87 32
88 51
43 28
96 12
60 19
91 28
1 73
87 85
4 35
8 55
13 95
15 75
16 23
18 45
19 92
22 7
27 67
30 37
36 78
43 93
51 73
51 81
58 89
91 20
58 50
63 0
64 29
70 97
74 49
78 1
77 80
79 26
43 75
79 91
96 63
0 21
0 79
85 46
4 40
4 63
8 10
9 82
15 18
14 67
15 37
20 81
21 48
22 17
24 2
24 33
25 86
24 11
27 51
27 58
28 72
29 17
32 41
34 88
35 2
38 62
40 6
39 54
43 83
47 95
50 9
50 36
60 65
61 15
62 72
64 5
64 54
65 79
67 48
69 32
68 83
74 67
76 17
75 99
79 81
83 34
84 60
84 71
88 6
87 14
88 99
89 92
95 36
95 56
96 70
