118
91 60
12 39
53 68
62 32
89 79
5 12
9 91
26 26
32 39
35 2
40 51
62 69
8 43
50 20
10 9
47 55
72 19
72 42
0 30
55 9
82 65
1 85
51 73
69 25
0 0
2 57
3 78
9 72
10 28
13 24
16 93
18 10
25 92
25 5
26 33
7 48
29 55
35 91
40 40
44 26
49 36
50 95
61 46
62 79
65 5
68 94
73 99
76 17
79 5
79 55
79 97
86 11
86 93
94 32
95 49
96 64
0 15
0 67
1 94
29 47
2 26
6 0
7 80
11 44
13 61
13 67
14 14
12 84
16 95
16 24
18 47
19 57
21 10
22 60
22 19
28 81
28 85
30 19
31 16
32 66
32 30
36 71
36 21
39 0
39 85
43 99
43 78
46 2
45 17
46 61
48 11
51 30
50 83
51 62
52 97
51 23
59 8
60 85
59 24
63 53
63 42
65 70
66 18
69 34
72 68
77 79
78 45
79 12
83 72
87 24
87 93
86 51
90 36
96 1
95 80
96 26
97 40
97 69
