116
31 58
86 13
85 91
1 4
14 46
19 9
38 15
48 36
49 90
52 68
54 22
63 38
63 91
69 18
88 84
77 31
19 41
23 3
96 65
0 89
2 33
67 45
3 51
3 94
38 29
83 22
7 71
6 9
10 32
13 80
14 96
26 72
29 52
29 82
28 36
34 88
37 64
20 61
38 58
42 35
50 80
61 6
62 66
66 75
70 12
73 91
43 54
76 74
57 36
82 52
86 70
89 96
94 49
93 87
96 98
0 62
2 26
4 19
4 59
76 15
6 3
5 85
6 47
7 11
9 50
12 72
11 90
16 27
19 17
20 48
24 26
23 68
27 0
29 48
27 63
32 21
33 40
38 0
37 73
39 8
41 68
41 26
43 99
44 43
47 13
48 2
52 55
53 64
55 90
54 74
65 32
66 50
65 64
70 59
71 99
71 45
72 26
73 50
77 77
79 31
79 68
80 45
83 16
85 63
86 10
86 54
86 77
88 1
87 24
90 40
93 70
95 12
95 43
96 23
96 53
97 7
