111
25 68
75 49
85 68
0 76
2 18
15 32
17 52
29 28
32 49
33 87
31 35
39 47
46 81
61 12
61 53
66 72
71 86
93 91
1 53
67 18
3 46
58 86
4 74
74 56
3 29
7 3
10 14
14 59
16 20
24 45
25 55
25 73
30 19
38 87
42 46
40 91
42 52
54 28
55 94
61 3
64 27
66 8
67 40
66 48
73 72
75 42
74 68
78 94
80 50
83 0
86 15
88 84
92 70
93 14
95 3
95 20
97 60
0 7
0 97
4 61
8 23
11 95
14 9
16 35
47 90
17 67
18 59
19 73
20 99
22 5
21 31
25 88
24 39
28 3
27 78
33 14
34 4
33 42
35 63
41 30
40 37
43 61
43 99
47 34
49 77
48 45
53 61
54 72
55 46
56 49
58 21
58 32
62 93
62 84
67 34
69 3
69 11
73 22
74 85
75 4
77 28
78 14
79 58
87 33
86 93
88 40
88 24
94 66
96 50
96 28
97 84
