114
83 2
23 3
45 49
48 87
61 17
8 77
20 69
41 7
53 33
61 45
14 88
44 93
77 61
67 38
79 16
90 35
92 54
93 82
57 55
96 8
0 11
1 92
92 47
6 60
10 45
11 24
11 98
17 19
48 41
3 86
23 77
31 80
30 1
36 45
26 87
36 87
40 13
39 33
44 70
47 6
49 26
58 75
54 98
58 84
60 20
62 61
64 5
68 66
69 8
54 47
69 19
74 92
76 99
73 30
84 98
86 60
88 19
94 73
0 0
0 42
0 61
0 17
0 77
1 56
4 8
5 34
3 50
4 67
11 5
9 15
13 29
13 48
13 67
12 82
16 0
16 34
15 54
20 49
23 32
26 7
27 50
29 64
30 35
32 14
37 51
39 79
39 37
45 78
49 15
49 36
51 91
58 96
57 10
59 25
63 77
64 83
65 59
69 52
70 83
70 22
74 88
75 4
76 65
78 43
83 75
82 91
84 41
85 4
86 49
90 1
90 99
91 8
93 33
98 68
