102
71 15
6 28
7 8
46 16
66 91
0 3
3 46
16 90
20 25
31 56
34 2
36 41
33 17
53 99
42 32
70 54
75 79
43 46
51 15
76 61
78 15
85 28
87 11
9 85
10 13
57 17
80 56
11 29
14 1
15 10
21 56
21 36
22 3
17 18
24 28
26 19
28 69
29 8
35 65
50 85
51 55
52 79
47 97
43 7
58 97
61 5
60 45
61 87
63 16
68 74
72 18
78 88
81 66
83 83
87 43
90 1
90 68
92 51
93 5
96 77
96 15
97 66
0 33
4 39
3 18
6 93
9 49
8 7
14 71
18 85
21 9
23 99
22 74
24 85
27 41
26 48
27 30
33 96
35 37
37 79
39 61
40 23
42 66
46 31
47 6
50 36
54 31
54 22
56 53
59 73
59 39
61 98
62 31
63 67
69 46
80 35
79 3
85 74
88 15
86 59
90 23
91 37
