116
13 90
16 11
66 12
94 58
4 40
29 22
38 49
41 14
42 28
42 75
49 60
50 88
55 37
73 84
61 30
74 12
77 63
76 96
95 73
0 14
0 22
46 35
10 12
11 67
13 51
14 28
16 91
19 23
25 49
30 97
32 58
33 91
35 5
24 14
38 42
44 6
48 52
49 9
53 30
55 67
61 94
78 37
80 5
73 26
81 14
83 97
86 52
89 20
87 42
90 90
93 1
93 28
95 43
0 37
0 63
97 82
0 43
1 7
1 32
3 84
4 48
8 79
10 3
9 56
10 24
15 76
19 66
19 96
23 0
24 81
26 31
27 52
27 8
30 76
31 66
32 16
35 88
39 20
38 61
40 78
39 92
41 65
44 0
43 42
45 99
47 72
46 46
49 80
51 4
52 53
54 98
55 15
55 9
55 44
60 0
61 68
60 38
63 58
66 79
66 24
66 39
69 93
71 2
75 66
76 51
76 89
79 71
80 22
82 28
84 13
87 48
89 78
90 34
93 11
93 51
97 19
