114
43 90
4 68
34 9
68 5
0 50
3 5
6 20
15 32
8 53
17 13
17 42
19 69
28 89
31 45
43 75
47 64
7 27
55 76
63 60
77 67
82 26
96 68
57 13
23 49
1 45
4 94
5 86
5 13
10 23
17 78
24 24
29 2
30 30
29 57
33 91
36 67
40 1
44 38
49 39
53 85
55 47
56 22
60 93
62 31
66 67
71 26
71 77
79 91
80 42
84 83
90 14
89 23
93 58
92 80
97 15
39 83
0 27
0 65
5 60
8 74
11 14
10 81
15 49
14 90
15 61
18 93
19 35
22 63
21 16
23 32
21 85
31 27
31 51
30 65
33 37
37 14
38 17
37 31
41 49
44 57
44 8
44 86
47 49
51 70
51 95
52 64
52 54
57 1
58 37
58 52
59 98
63 45
63 81
64 19
65 36
67 49
67 74
72 63
74 0
74 55
74 73
75 99
82 38
81 52
83 86
82 61
87 66
90 39
90 94
90 24
91 49
90 31
96 37
96 80
