116
32 55
35 72
41 6
7 23
14 58
21 93
28 59
35 12
34 51
38 22
52 77
60 28
63 1
67 22
72 47
74 86
79 56
84 30
92 47
1 19
3 76
5 1
45 70
9 9
13 46
17 83
18 13
26 6
27 73
31 87
32 39
31 20
12 23
28 48
39 13
40 36
42 50
43 95
46 0
51 3
54 13
60 91
64 68
63 38
64 97
62 82
70 8
74 22
77 32
80 73
79 2
85 13
86 48
88 85
88 61
87 57
95 16
95 81
95 91
96 67
97 53
0 41
0 52
0 83
0 6
3 98
6 38
8 53
9 17
14 8
16 66
16 24
17 50
19 61
22 33
25 62
30 76
37 97
38 41
39 16
40 56
41 86
47 43
47 20
48 52
51 67
51 98
54 0
57 62
56 18
59 52
63 11
66 99
65 90
68 4
70 61
71 39
70 76
74 91
75 17
76 25
76 65
77 11
78 46
81 92
80 39
82 70
84 80
87 28
89 2
88 23
89 99
90 67
93 33
93 27
91 76
