109
0 3
0 21
0 39
0 57
0 75
0 93
2 10
2 28
2 46
2 64
4 78
4 96
6 1
4 18
4 36
4 54
6 70
6 88
8 15
8 33
8 51
8 81
10 4
8 63
10 95
12 18
12 48
12 66
12 30
12 84
14 37
14 7
14 98
16 21
16 45
16 63
18 1
16 81
18 28
18 52
18 70
18 91
20 42
22 7
20 84
22 19
20 60
22 34
22 98
22 76
24 57
26 1
24 27
26 10
26 40
26 64
26 71
26 82
26 91
28 18
28 54
30 25
30 43
30 73
30 88
32 3
30 97
32 51
32 33
34 10
34 58
34 67
34 17
34 83
36 30
38 1
36 96
36 42
38 19
38 49
38 73
38 64
40 33
40 87
42 4
42 13
42 43
42 55
42 22
42 79
42 97
44 72
44 36
44 90
42 61
0 81
18 13
5 24
6 43
10 58
10 77
22 49
25 33
30 76
34 87
42 7
41 27
43 50
48 0
