108
20 74
28 22
47 62
52 88
90 31
2 11
7 46
59 88
94 42
10 56
36 39
39 67
41 43
45 4
65 50
77 78
44 28
61 77
80 35
85 49
91 58
99 74
0 74
0 96
1 2
3 34
7 15
9 85
12 87
17 31
14 49
41 50
19 45
20 21
23 3
23 88
24 70
27 57
28 34
33 56
36 78
42 19
41 75
54 18
58 34
59 1
61 12
62 20
62 42
69 22
71 92
73 85
76 39
77 0
76 52
83 71
84 86
46 34
85 78
96 60
97 26
0 18
0 50
0 79
3 36
3 60
4 69
6 29
14 45
15 59
18 83
20 28
22 8
22 93
21 42
23 18
24 66
34 29
24 77
29 62
28 21
32 94
36 89
37 21
40 94
42 12
42 45
41 81
46 5
47 80
58 71
60 56
59 94
61 36
61 61
59 86
65 6
68 12
66 42
69 60
70 36
73 20
76 95
75 28
82 14
89 69
96 53
97 67
