107
0 3
0 18
0 33
0 42
0 57
0 67
0 77
0 87
2 10
2 95
0 25
2 50
5 2
5 17
5 32
5 72
5 57
5 87
5 42
10 2
7 80
8 65
10 17
10 32
10 47
10 87
10 57
12 95
10 72
15 2
13 25
15 17
15 32
15 42
15 57
15 72
15 87
18 10
20 2
18 50
20 17
20 32
20 57
20 73
20 88
20 42
22 95
23 65
25 2
25 17
23 80
25 32
25 47
25 72
25 87
25 57
30 2
28 25
30 18
30 42
30 58
30 73
30 93
49 2
49 17
49 32
70 2
49 42
70 17
70 32
70 47
70 62
70 77
70 92
77 1
78 18
79 32
72 72
92 45
80 42
30 32
30 83
28 10
2 25
7 10
7 40
12 65
14 81
17 25
23 39
28 63
28 48
46 10
46 25
67 55
67 40
67 85
68 8
68 23
73 48
78 5
87 20
87 4
93 7
93 31
92 17
94 38
