106
30 65
42 51
59 56
69 68
77 8
96 27
6 95
9 14
19 24
23 86
31 5
31 51
35 56
50 90
40 5
54 34
50 53
56 88
65 75
78 48
71 17
95 87
0 52
78 53
82 68
2 60
8 81
17 56
24 3
24 42
64 57
6 51
24 50
29 70
32 97
33 21
43 95
46 67
46 45
51 70
53 26
57 5
60 43
53 41
62 71
69 36
65 13
71 78
70 53
73 88
79 78
81 88
86 23
83 92
84 58
88 38
86 73
90 15
93 58
96 35
97 95
4 9
6 39
7 0
92 49
8 58
10 76
15 40
17 16
20 93
23 9
23 64
26 31
28 81
32 11
33 67
36 27
36 72
38 64
41 22
41 81
42 53
46 98
47 7
52 56
54 15
55 78
55 98
56 70
59 19
59 36
63 98
64 61
67 25
66 50
66 72
70 22
74 31
77 39
82 13
84 5
90 99
92 78
92 30
95 6
97 72
