110
10 52
12 34
30 85
33 6
76 82
84 28
2 53
25 23
35 33
60 53
69 3
70 40
67 75
75 63
73 95
74 26
83 67
91 92
94 53
0 0
0 23
90 77
85 19
0 33
2 14
5 70
10 68
11 9
12 94
11 78
19 39
19 67
20 4
18 85
23 91
27 65
29 96
34 64
36 3
31 28
37 94
41 67
43 36
44 81
50 88
51 19
54 8
55 72
66 25
68 12
70 78
75 48
59 65
78 91
80 58
86 7
89 42
90 54
96 95
0 5
0 90
1 18
2 61
8 17
58 77
76 15
9 44
8 58
13 23
14 30
16 50
17 15
18 76
25 4
31 91
34 82
39 5
37 23
40 51
40 12
43 91
47 34
46 96
48 40
47 5
56 45
57 5
58 39
61 0
61 22
64 92
65 61
69 5
70 74
71 89
76 0
74 99
78 34
76 76
80 23
78 86
81 99
84 63
87 85
89 25
93 32
95 8
95 18
96 71
97 46
