115
74 78
82 8
7 63
28 71
56 18
57 79
70 31
10 80
21 7
25 24
36 57
39 91
50 55
11 58
54 85
84 32
0 42
0 92
7 19
70 10
83 3
10 0
14 44
54 68
1 50
10 87
27 60
38 32
30 85
45 11
45 69
18 64
49 47
52 91
55 36
60 40
60 71
62 94
63 17
64 35
44 79
67 63
69 25
71 54
71 82
77 13
79 78
81 95
82 18
88 60
91 45
93 27
93 8
95 81
96 22
0 5
0 20
0 35
0 64
0 77
0 85
3 10
4 49
77 25
5 56
6 72
8 35
14 94
14 22
15 2
16 41
19 98
21 89
25 46
27 65
31 0
30 28
30 46
32 92
32 38
37 15
38 76
39 42
42 1
41 26
41 95
44 40
46 88
47 4
51 13
53 54
59 6
61 1
66 90
68 17
69 40
75 52
74 69
78 36
76 86
82 39
83 46
81 77
83 90
85 64
85 94
84 9
89 0
87 53
89 89
88 37
90 99
93 29
95 11
96 67
