125
47 12
59 4
81 8
7 12
8 89
22 10
31 33
30 7
33 21
39 39
61 13
73 41
83 71
75 10
0 2
2 20
4 48
7 39
45 4
9 2
14 93
16 19
17 1
21 63
22 79
22 33
72 17
27 41
27 17
37 6
39 18
44 68
50 29
52 76
52 10
56 42
57 87
58 69
63 80
69 0
70 55
71 79
80 56
83 93
87 41
88 4
87 52
88 67
90 90
91 11
92 73
55 21
91 80
0 59
0 66
0 81
97 48
0 92
1 38
2 28
5 71
7 6
9 46
9 99
9 65
66 9
83 83
10 29
11 56
11 14
14 76
14 82
16 42
16 50
15 12
17 29
19 24
23 93
26 68
25 47
27 1
28 27
30 74
32 89
32 44
35 66
36 80
36 55
36 28
38 96
40 87
41 43
42 60
42 49
41 22
46 43
46 78
49 91
50 0
51 49
53 99
58 35
60 66
60 56
59 2
62 27
63 88
64 30
64 72
69 65
74 35
74 89
75 16
78 24
76 61
81 29
83 10
84 37
86 19
89 33
90 53
94 19
95 98
96 4
96 63
