107
10 18
57 62
75 10
32 37
37 10
75 43
82 99
9 42
18 56
23 74
24 22
32 62
2 8
63 25
35 76
79 80
42 58
63 7
85 16
1 62
1 85
2 33
4 67
13 52
7 97
12 4
34 17
78 89
5 77
63 16
15 18
15 70
19 2
26 0
27 53
28 80
32 2
36 31
41 48
42 2
41 68
42 90
44 29
45 95
47 42
48 74
52 88
65 66
70 50
70 80
71 34
72 66
74 96
13 27
76 24
80 53
81 30
86 3
86 25
95 46
96 25
0 12
3 47
21 66
5 22
8 83
10 13
18 6
21 40
23 98
23 33
26 75
27 14
33 85
35 55
34 91
36 25
38 99
41 10
39 44
43 14
44 24
44 54
45 82
51 74
53 3
52 82
57 30
58 46
59 96
59 86
62 37
66 58
67 97
67 43
70 86
73 2
74 16
83 92
87 9
88 67
89 44
91 85
91 18
93 89
95 80
95 37
