109
88 51
9 23
11 7
58 34
92 22
0 78
22 71
27 94
20 5
35 24
35 65
43 85
58 27
65 60
74 18
73 54
79 68
29 72
87 85
91 3
92 35
1 29
4 94
3 66
86 13
13 60
19 31
20 79
26 51
27 44
29 16
8 12
21 64
39 7
36 90
39 74
45 66
47 54
51 25
55 9
58 71
59 89
62 46
64 95
66 6
66 20
46 71
66 33
72 96
80 34
83 46
85 28
86 72
89 86
94 49
95 43
96 8
96 65
96 76
97 87
3 87
5 39
7 28
9 2
31 76
10 91
11 37
12 8
14 77
16 98
16 22
19 57
20 93
21 23
25 86
26 25
27 35
26 58
28 2
85 59
29 67
34 30
39 44
39 99
40 56
45 0
43 45
45 11
50 92
54 99
64 1
64 65
65 90
65 55
67 23
71 14
71 47
72 33
73 81
76 73
76 39
79 4
78 66
84 20
86 65
96 2
95 96
96 12
97 51
