112
4 32
69 89
7 49
9 9
21 54
28 4
35 90
39 21
39 75
31 49
41 90
53 70
65 45
68 8
80 28
87 63
59 98
96 93
79 82
1 74
93 55
1 3
5 24
7 71
32 16
96 60
2 43
8 83
7 40
11 63
13 16
19 25
21 1
21 33
33 41
33 69
34 25
40 38
36 54
37 85
42 27
45 52
49 76
52 61
55 85
59 37
61 3
59 62
70 17
70 66
71 45
73 95
67 31
75 7
77 58
81 97
83 72
57 76
90 35
94 15
86 86
0 57
0 79
64 10
77 68
0 12
3 4
6 90
5 32
10 23
16 80
17 47
17 6
17 15
19 98
24 72
28 19
28 97
29 35
28 77
31 74
37 7
42 11
42 38
41 68
47 2
48 18
48 62
49 11
51 38
55 21
53 29
55 15
59 89
62 64
63 27
65 50
67 81
67 56
74 21
81 40
80 62
84 11
83 80
84 48
88 18
87 44
90 77
92 99
93 83
97 0
96 22
