112
57 91
52 76
64 7
86 55
17 14
17 70
68 67
73 90
95 3
70 76
52 86
55 44
70 21
69 55
78 6
65 15
83 33
82 75
87 12
88 26
90 80
7 13
14 62
14 78
14 6
19 21
79 65
25 15
51 13
56 31
56 4
56 71
57 37
60 98
62 22
61 87
63 29
67 47
66 91
68 60
67 84
68 69
83 59
86 33
85 2
89 40
90 72
77 26
90 9
92 19
90 33
95 51
96 59
96 84
96 14
0 0
0 17
0 26
0 5
1 12
3 27
3 1
6 70
10 57
10 83
10 27
10 1
10 23
19 0
19 55
18 83
19 28
19 63
20 77
20 5
23 43
23 69
25 27
27 0
31 0
31 20
32 28
32 40
32 6
33 46
47 60
48 93
51 24
52 10
55 48
54 77
57 57
61 62
62 76
69 49
72 40
72 98
77 94
79 11
78 42
78 71
79 50
81 87
83 65
84 79
84 19
86 96
89 55
92 77
92 44
94 5
93 30
