171
89 20
58 35
42 52
65 39
40 85
99 13
11 31
2 68
19 37
58 2
6 88
2 20
68 81
93 88
39 62
16 25
40 36
51 59
81 52
78 27
17 86
9 24
70 40
99 48
9 95
94 83
20 26
87 84
59 89
91 41
14 64
33 16
65 23
71 55
12 13
88 30
49 71
14 92
64 82
20 83
22 46
28 68
80 45
55 88
85 46
66 62
69 93
49 41
47 95
67 45
33 11
4 78
80 99
61 89
9 75
59 26
54 23
73 93
51 17
59 21
79 2
29 51
4 49
36 74
96 37
42 90
61 31
59 83
36 30
96 34
80 7
76 81
42 85
97 81
24 23
37 65
18 61
38 39
96 76
17 75
42 24
5 62
16 49
22 68
44 22
69 34
27 69
93 22
11 87
74 53
56 55
65 92
53 49
97 98
91 17
94 48
2 32
84 10
15 55
87 58
69 69
13 18
76 4
86 68
46 9
17 29
72 31
35 92
83 96
14 73
41 18
55 40
89 5
33 40
74 0
25 41
49 30
49 94
74 68
63 95
74 15
82 6
96 0
40 71
25 10
26 58
37 45
34 66
92 55
80 63
24 77
8 49
83 36
6 77
98 30
53 13
3 6
61 6
56 62
29 0
72 42
47 38
0 96
22 17
84 82
57 9
30 78
33 35
32 6
52 10
24 29
92 44
12 60
83 56
46 77
16 12
60 62
16 93
62 97
63 96
19 56
0 11
41 77
3 43
52 56
94 63
25 91
0 16
76 59
68 87
24 55
