173
5 56
46 31
2 8
54 57
83 46
82 91
51 47
11 35
68 78
47 16
44 74
31 11
28 93
46 66
61 65
40 53
84 39
77 46
61 7
69 46
41 73
97 54
58 13
55 41
85 25
59 22
80 26
87 21
17 63
40 40
82 19
57 71
22 30
2 15
2 50
16 31
85 93
33 45
77 1
72 65
8 80
45 30
14 25
97 45
33 50
16 93
36 54
11 11
63 19
5 75
60 64
83 71
27 8
94 86
95 57
91 56
28 37
36 36
55 9
72 95
75 37
41 8
93 68
70 55
16 86
7 32
52 6
72 59
18 0
9 46
62 71
15 61
3 61
71 50
17 50
39 78
36 38
13 82
81 65
19 35
55 2
4 19
35 80
11 87
37 43
84 70
16 18
64 3
26 78
8 84
11 53
52 30
19 54
21 9
32 77
62 91
8 9
26 24
96 20
22 63
18 69
69 2
33 71
81 34
36 6
56 27
6 38
78 6
53 84
48 99
19 79
6 12
70 23
89 57
39 77
43 43
85 11
11 76
30 41
12 0
92 38
11 95
57 87
4 92
19 78
84 91
35 16
86 58
39 32
65 93
71 63
21 96
7 90
27 21
91 1
50 12
93 7
33 35
57 43
31 92
65 46
26 91
39 95
68 39
5 38
29 2
99 77
60 53
56 37
33 56
23 6
80 29
59 3
2 87
52 64
46 13
74 20
3 55
67 31
40 99
7 99
36 96
29 7
89 12
75 9
71 31
52 90
97 71
47 87
44 83
13 99
25 39
23 2
