196
49 60
14 98
29 26
90 6
97 57
75 72
89 57
14 83
93 99
43 35
28 89
48 77
64 91
13 5
43 26
83 56
36 33
79 27
85 63
19 16
18 63
90 43
72 79
75 43
24 28
85 21
36 13
64 55
41 15
49 31
55 93
72 85
75 58
97 69
8 82
57 12
96 78
60 84
61 34
93 20
54 5
15 71
13 58
13 20
29 83
59 35
82 97
20 75
70 40
99 40
93 12
79 78
49 84
43 77
54 64
72 99
70 48
34 62
16 51
28 4
76 47
45 70
57 55
34 72
26 61
21 98
91 88
14 33
82 71
21 70
5 9
93 79
36 92
5 40
69 13
75 96
33 5
50 36
37 29
7 27
10 14
49 73
28 36
33 56
70 18
37 76
65 23
8 49
64 12
57 20
40 43
65 61
14 14
18 84
42 83
54 48
25 49
78 14
9 69
15 92
15 77
36 19
70 32
96 50
90 70
69 69
15 43
22 7
19 23
50 5
86 84
56 95
89 49
96 36
41 57
68 63
51 93
87 91
36 44
76 62
77 35
7 96
90 86
19 50
22 91
92 29
56 70
7 66
28 96
57 42
27 23
7 24
99 89
86 44
37 86
29 78
49 12
75 92
99 21
14 28
85 16
21 41
78 84
63 46
85 48
70 57
78 5
14 61
42 10
45 63
66 7
98 28
51 21
51 41
84 30
33 97
65 42
98 16
85 79
8 35
92 65
96 86
97 61
28 71
8 91
49 95
26 55
63 76
65 30
21 34
67 28
41 51
8 75
69 89
98 96
34 50
61 98
42 97
91 35
26 13
50 58
8 58
79 21
84 6
63 69
54 30
72 6
50 48
19 55
40 92
84 37
25 42
42 19
97 9
57 82
53 77
