171
57 24
75 9
5 2
43 81
49 0
74 94
67 58
53 11
53 66
69 50
31 4
79 81
62 30
11 57
36 36
4 58
68 45
36 58
99 78
30 33
23 63
57 10
66 78
24 16
13 78
66 85
79 99
20 8
20 42
15 3
36 62
93 34
85 69
89 58
75 44
48 85
0 17
9 88
12 54
45 78
24 58
53 82
95 58
12 13
63 99
80 24
28 22
20 36
2 25
52 42
59 16
8 66
76 50
60 24
87 96
23 54
92 30
98 73
71 61
55 32
11 1
81 84
13 89
91 99
93 90
78 63
65 42
58 42
70 6
1 79
39 83
2 70
39 18
76 92
43 87
46 91
25 55
3 59
25 11
19 28
37 93
19 63
5 41
32 41
5 38
30 86
59 2
26 76
8 35
92 61
22 19
95 82
50 68
79 28
48 10
2 3
58 74
58 65
83 76
82 12
80 34
24 29
87 18
42 65
37 97
83 14
87 37
74 60
94 45
53 91
26 87
38 58
6 32
44 39
31 94
81 67
83 43
75 87
48 33
20 3
75 79
14 81
70 39
45 65
6 51
82 29
33 10
2 31
91 65
14 69
68 72
73 33
3 76
80 99
59 36
90 47
52 93
2 24
65 52
89 5
35 31
57 36
7 80
84 60
49 12
88 23
0 52
77 19
2 91
73 30
52 27
83 86
45 63
10 10
7 52
78 45
1 86
76 44
76 45
49 62
90 82
6 19
19 67
84 32
36 42
2 80
18 57
80 4
57 44
37 2
15 97
