165
31 96
35 27
7 67
65 59
90 82
42 72
5 69
51 56
41 38
71 7
3 84
15 29
93 71
38 79
94 96
21 7
41 23
27 78
73 92
85 23
18 34
89 41
52 3
25 28
98 55
30 88
35 75
50 44
10 23
47 44
57 20
57 24
84 16
82 52
87 8
26 34
40 81
27 38
81 56
66 74
40 20
25 35
75 97
49 16
97 65
69 77
70 87
45 55
72 31
24 28
72 67
60 12
30 63
32 13
41 90
61 48
79 70
52 49
6 87
20 6
25 59
54 38
70 11
45 88
19 42
68 92
47 67
73 48
61 21
87 42
15 62
88 63
10 33
75 53
46 87
48 72
36 62
50 89
20 72
47 90
70 58
58 15
40 1
33 78
82 66
34 40
65 63
32 22
53 38
64 93
35 84
64 47
9 53
32 34
88 31
17 15
79 9
30 45
88 66
78 85
24 63
85 74
46 26
49 35
30 34
62 89
51 86
85 5
71 62
66 88
54 5
75 38
70 74
20 50
76 75
34 84
8 78
30 23
51 11
16 7
87 36
10 45
90 84
19 66
28 40
67 5
60 0
70 44
92 4
26 19
52 42
59 51
99 78
59 1
42 51
44 90
61 24
16 80
18 60
26 99
3 2
40 77
44 96
56 27
81 32
16 82
2 84
65 81
11 29
12 24
1 77
80 26
82 84
40 63
1 70
48 19
97 74
82 94
58 71
5 65
39 56
75 94
99 90
2 62
3 66
