196
61 50
30 83
80 77
12 91
57 51
8 86
5 58
82 99
43 27
7 80
63 79
89 64
84 38
30 54
23 79
97 15
54 83
67 98
13 79
39 42
32 63
41 77
51 75
72 9
57 37
98 49
51 37
58 26
10 35
48 89
43 90
91 55
91 13
13 29
76 14
21 37
85 79
14 19
63 27
50 70
12 69
75 65
42 18
48 63
72 79
71 83
96 6
56 44
76 71
29 26
94 70
18 42
42 70
9 72
94 91
86 8
37 40
51 7
35 21
35 96
6 62
33 55
23 23
65 86
12 54
58 65
67 56
64 23
41 37
49 14
13 12
84 16
19 56
99 86
77 57
48 28
57 98
29 99
86 64
73 91
54 8
73 63
92 23
9 22
89 77
72 71
77 82
84 27
9 16
37 12
13 41
85 85
21 49
44 83
97 63
37 79
62 12
35 29
34 89
34 47
27 64
51 96
28 6
86 68
28 43
14 33
61 36
68 33
93 8
75 44
12 64
20 13
44 54
41 63
8 30
44 13
35 67
65 65
25 35
76 22
23 92
54 90
8 51
56 72
35 85
56 22
61 89
99 35
90 33
56 57
26 76
87 49
14 10
58 76
93 27
69 42
47 47
99 54
43 50
80 7
82 43
76 96
5 41
91 51
27 19
16 51
19 70
77 36
64 98
30 69
5 96
99 79
56 13
44 9
83 91
15 83
28 46
61 68
78 28
21 25
34 6
20 82
33 33
97 71
51 40
91 45
61 54
91 98
77 92
83 19
72 27
96 99
50 57
13 97
72 19
98 28
28 89
97 23
96 41
42 97
23 62
83 55
51 84
90 84
24 98
99 93
65 42
9 8
68 50
70 15
30 14
77 46
6 90
62 8
20 7
49 22
