172
78 76
49 38
4 83
26 55
73 94
88 32
91 51
64 40
77 93
46 30
22 6
13 0
65 50
56 86
59 78
42 98
43 86
18 33
36 22
50 94
86 58
88 13
90 92
52 30
18 89
51 21
3 12
33 92
89 7
47 9
96 14
26 23
44 70
0 96
37 59
59 80
11 60
50 91
36 11
14 84
93 93
38 81
33 9
53 21
24 89
25 52
15 95
17 45
26 91
80 14
39 91
60 96
72 6
79 58
48 47
6 47
29 78
16 75
29 99
33 1
48 15
80 87
6 67
32 44
65 81
74 45
13 18
19 46
97 13
94 41
97 36
52 10
32 79
42 40
90 53
86 48
54 3
18 91
67 40
48 54
87 90
69 97
58 3
58 92
32 15
1 66
78 27
33 50
96 68
53 6
23 45
11 96
21 77
73 57
30 94
85 18
34 47
69 2
44 25
73 93
0 51
12 23
23 78
66 30
52 99
99 22
99 63
38 19
98 80
60 33
52 25
47 17
50 1
23 11
47 70
25 60
35 43
27 64
42 59
63 93
74 41
24 15
4 44
2 90
4 23
23 74
50 70
42 20
75 74
12 51
27 96
7 78
42 45
36 0
3 10
91 96
62 45
66 87
96 33
25 31
2 79
46 58
86 79
31 66
93 67
15 51
28 72
32 53
76 45
28 49
97 3
20 18
83 3
97 61
95 62
58 24
34 22
28 12
21 3
26 87
20 61
65 20
45 25
30 60
72 21
23 28
36 61
26 24
10 91
98 44
0 45
95 71
