175
42 75
6 79
74 4
47 42
8 91
14 55
40 89
61 83
42 22
70 30
80 53
26 57
87 38
6 83
62 27
77 23
29 20
66 7
90 43
90 32
35 87
84 67
76 57
22 13
67 5
69 82
78 52
69 21
17 36
55 58
34 7
12 79
70 43
74 26
54 47
47 19
30 13
88 43
47 60
81 92
8 29
42 36
4 45
26 63
20 42
66 87
99 24
43 93
46 57
82 14
92 55
80 74
68 13
18 71
80 34
28 92
50 38
26 75
19 85
37 52
96 86
36 42
36 18
33 99
64 61
39 96
99 56
25 69
10 63
82 43
76 66
68 74
25 91
91 19
63 0
46 31
85 50
8 66
51 17
3 61
67 97
13 71
49 12
70 42
87 77
23 97
4 57
98 13
96 55
70 50
35 60
87 63
4 30
13 67
81 3
12 24
69 9
31 62
21 59
72 85
91 99
31 40
88 72
37 26
3 15
46 73
42 81
83 30
24 46
12 12
76 58
43 27
48 72
46 81
80 65
40 6
36 64
77 29
35 85
37 94
68 67
86 59
86 27
45 41
91 86
61 2
73 69
39 79
44 9
83 4
27 97
18 55
85 79
49 63
62 10
34 68
7 82
81 10
47 65
17 45
50 74
3 1
90 65
17 21
81 58
20 33
40 15
68 30
62 38
48 14
85 97
58 38
47 48
92 15
0 43
32 15
11 89
77 48
2 48
61 53
72 14
2 51
9 40
46 97
9 11
7 43
14 4
36 73
45 91
13 7
14 40
97 73
42 98
7 10
59 34
