161
23 82
62 16
92 25
88 74
67 54
55 9
66 4
66 24
25 31
27 1
6 75
40 56
83 64
66 35
1 10
88 17
10 3
71 15
55 84
9 39
56 94
53 91
22 32
7 27
33 42
94 87
36 20
87 31
47 77
14 5
62 79
89 50
80 37
84 60
28 71
27 87
8 56
68 90
21 99
94 66
88 53
28 11
11 14
71 79
2 50
65 66
50 73
10 51
42 42
56 96
91 42
59 64
93 98
32 57
51 86
23 75
14 75
71 65
26 6
36 87
62 24
46 27
6 12
58 21
78 75
91 31
99 41
51 92
34 6
79 78
52 47
55 20
71 4
56 42
21 31
50 27
45 60
62 90
46 66
13 97
62 6
54 15
62 8
44 82
36 93
38 78
74 20
74 74
64 47
72 73
21 73
32 23
99 79
92 15
58 92
77 16
52 55
24 44
98 38
61 8
39 71
68 67
60 86
50 97
32 77
80 63
35 26
47 2
76 51
18 7
96 35
63 56
77 30
14 89
3 10
61 71
32 96
81 47
77 66
75 43
95 94
83 26
64 16
6 94
12 35
66 57
94 57
96 24
86 81
15 68
33 40
6 83
83 98
2 36
42 77
67 72
60 5
56 83
73 51
68 48
51 29
2 78
25 27
69 6
74 3
87 39
27 95
79 70
35 59
35 15
99 10
77 45
96 29
30 44
68 11
6 7
52 3
21 4
83 92
66 38
72 30
