174
82 88
10 69
50 42
23 63
24 73
2 50
27 82
30 33
39 81
93 95
76 6
76 98
35 84
55 27
58 36
68 14
43 75
10 60
80 74
18 97
33 26
37 15
83 43
70 74
33 44
36 77
62 64
49 46
41 74
40 51
45 68
12 25
4 74
51 57
12 56
15 60
70 54
78 92
52 69
21 9
11 13
26 36
46 54
3 92
80 50
49 37
17 47
22 30
83 9
7 81
85 16
99 50
53 62
50 63
64 66
60 7
97 64
65 24
29 81
53 88
19 96
51 17
14 2
96 15
34 25
84 84
35 91
3 65
96 72
37 1
47 20
68 10
56 59
8 72
44 64
93 3
47 1
51 13
89 14
89 71
52 18
14 30
54 13
26 97
6 93
30 66
65 32
3 52
76 11
55 56
55 90
92 62
67 33
44 25
30 86
32 57
82 34
90 42
61 19
44 38
27 45
88 52
93 27
70 45
52 71
19 43
10 95
87 28
2 37
3 57
22 38
14 12
51 68
88 1
5 28
73 38
61 88
80 24
43 2
81 99
69 85
5 6
50 8
44 81
30 67
36 13
71 31
8 50
13 24
7 53
64 79
74 41
16 89
20 83
29 96
58 53
11 44
59 84
28 71
76 32
33 51
76 26
12 76
65 93
53 39
3 17
89 60
49 74
2 4
29 58
31 26
91 67
85 39
29 5
76 24
43 19
63 72
52 36
19 77
71 53
77 29
94 41
1 94
57 2
98 21
25 26
28 64
24 46
79 29
72 11
99 39
32 32
23 72
28 69
