171
52 75
90 17
65 33
44 5
27 74
75 38
86 50
2 57
65 59
18 17
52 34
97 47
19 51
51 79
46 76
39 33
49 11
42 42
10 2
92 62
84 2
81 31
25 32
9 90
18 44
59 11
76 10
11 45
47 12
30 2
81 0
49 48
87 72
58 27
79 25
58 86
33 26
65 41
31 67
46 48
37 88
27 2
75 65
62 53
72 16
19 96
24 78
46 95
14 29
68 71
85 59
58 81
86 95
92 80
20 57
91 25
42 24
84 21
11 16
30 23
30 49
28 56
31 94
69 84
52 46
26 56
28 46
98 74
24 90
26 95
41 10
4 62
71 35
14 10
43 64
15 55
33 79
75 92
81 94
82 80
83 22
0 26
7 24
56 19
90 21
21 34
79 82
61 20
0 84
88 81
62 14
70 93
63 12
29 42
60 37
9 16
51 16
76 29
5 86
68 56
76 47
76 52
25 52
10 73
94 93
20 76
25 44
69 21
82 78
48 61
44 54
74 53
13 39
55 32
85 56
8 97
96 58
37 77
43 72
59 69
41 91
30 98
51 3
27 5
11 60
4 27
24 11
93 67
94 39
86 13
80 67
58 62
63 87
7 78
73 70
23 66
5 70
43 81
70 42
59 6
94 57
43 65
12 53
29 51
18 88
33 19
37 86
28 19
99 36
96 27
18 21
84 86
77 74
43 36
44 0
3 68
24 3
50 56
15 93
0 92
38 16
16 80
65 65
96 11
94 47
56 55
96 80
3 99
61 81
94 26
1 8
