153
63 81
12 90
80 98
21 35
56 96
44 93
20 24
94 50
83 57
19 34
34 14
23 74
7 50
33 37
56 59
31 44
53 17
79 77
16 26
59 18
88 55
98 90
33 94
43 56
80 66
77 60
45 87
47 20
67 48
79 90
16 48
49 26
19 18
70 9
57 82
64 36
63 14
9 55
7 86
88 97
72 41
69 38
84 52
11 56
26 84
34 9
32 50
81 62
65 74
35 70
95 96
58 27
45 49
50 88
64 85
38 56
40 83
60 30
64 97
83 30
45 86
99 52
86 17
95 32
38 60
60 38
90 50
11 33
19 54
27 94
98 57
79 88
51 82
51 59
36 51
56 21
33 82
41 92
88 62
78 77
22 54
61 71
43 9
63 24
33 44
59 63
8 71
11 44
83 46
22 48
74 74
97 24
70 81
73 87
39 88
78 34
65 10
66 50
12 36
72 91
14 61
95 46
17 28
73 25
37 21
74 82
2 3
83 12
71 66
7 0
12 28
73 18
78 70
47 46
39 71
82 9
80 51
29 37
68 11
77 43
81 77
91 44
88 73
54 69
35 97
51 63
96 70
42 70
51 19
33 22
48 42
86 26
18 83
62 33
44 34
20 91
31 54
68 34
64 43
31 31
43 40
18 87
63 67
27 32
41 12
45 73
52 92
40 73
50 99
35 29
27 45
48 93
98 82
