171
52 91
99 57
26 81
48 57
21 5
40 93
12 55
63 39
66 9
38 71
79 26
43 72
18 54
69 1
28 78
55 39
24 1
77 6
13 24
88 1
73 28
95 45
32 77
51 77
39 5
8 77
68 69
2 4
46 54
86 88
61 66
59 14
67 75
16 50
14 83
11 37
8 4
24 39
57 68
4 61
54 25
0 67
9 55
12 79
34 69
4 32
39 30
22 74
38 15
18 18
55 20
41 64
98 31
33 14
89 49
37 36
39 19
81 1
85 64
95 28
80 36
4 8
17 30
51 36
72 75
84 59
22 81
19 29
88 75
92 47
66 96
51 27
7 72
69 57
96 3
54 62
85 17
74 95
75 14
25 52
83 56
20 43
79 65
64 4
67 18
23 91
37 34
63 58
77 79
80 40
84 75
36 9
76 9
84 72
7 91
98 35
84 42
20 50
63 0
12 51
35 65
11 41
51 15
97 65
84 12
43 13
82 77
65 25
90 61
26 49
20 25
50 21
78 0
20 98
71 99
93 5
92 80
8 52
29 24
43 9
91 95
31 67
69 15
3 77
63 83
7 27
86 55
63 89
30 33
5 54
10 67
61 46
12 14
96 63
14 89
47 38
22 15
64 80
48 60
10 90
14 65
11 98
18 37
19 78
47 97
57 97
3 91
61 26
27 59
53 46
88 3
27 8
43 89
19 54
31 95
64 21
6 49
99 6
44 81
95 16
89 12
11 59
81 5
16 68
15 93
1 50
66 98
18 95
10 74
30 97
62 19
