166
98 92
99 67
14 65
77 34
77 94
63 52
81 95
21 73
27 83
89 86
27 20
83 57
16 92
58 76
2 64
58 95
93 48
97 84
45 75
63 34
93 14
93 3
94 10
1 66
98 35
55 84
5 98
25 96
48 38
57 9
57 40
56 65
58 64
55 94
38 38
47 62
2 91
98 99
6 17
75 25
9 72
58 75
66 90
83 23
61 2
19 11
4 71
33 48
38 48
54 39
84 98
74 87
18 96
25 43
40 12
47 43
61 8
40 58
52 26
75 67
94 18
51 49
3 24
45 54
89 18
88 30
94 25
48 90
22 63
80 23
60 81
10 51
96 32
32 3
76 47
81 37
48 22
98 25
9 19
99 80
57 52
32 29
26 86
61 65
0 28
50 6
59 87
30 92
30 82
49 2
24 91
51 70
44 13
87 4
85 63
33 79
80 50
31 24
93 65
3 23
34 36
81 63
70 59
54 16
35 11
29 32
39 21
96 69
47 85
84 11
28 48
3 92
33 19
43 22
22 38
73 11
69 55
45 9
62 3
6 32
66 97
6 2
39 83
10 99
66 21
86 87
15 58
33 59
18 4
56 40
22 6
15 54
64 76
54 27
88 64
51 89
14 3
98 0
1 94
21 40
13 10
42 7
55 4
99 90
81 11
90 58
0 98
81 92
86 13
29 97
97 5
56 23
69 67
73 22
18 61
0 42
34 94
31 90
88 65
21 43
28 87
20 44
13 45
52 74
1 2
63 76
