173
10 90
11 15
97 61
60 43
57 7
22 36
3 41
13 28
33 13
76 48
40 0
42 59
57 64
75 28
91 85
21 55
36 42
18 5
50 3
56 31
45 37
35 56
72 30
8 71
68 29
75 37
62 54
80 3
19 86
90 31
17 50
27 60
93 94
47 2
63 23
34 94
32 45
90 56
64 87
92 18
10 47
20 91
4 79
61 22
97 86
82 47
64 45
70 93
87 28
95 91
81 53
44 5
30 37
92 33
15 82
75 60
8 49
48 46
38 79
88 85
20 61
65 83
20 45
84 9
24 73
12 56
0 10
34 65
17 67
46 15
42 38
59 55
17 90
99 67
0 14
76 10
86 73
78 94
16 3
10 6
10 24
11 7
22 74
57 76
17 80
3 58
57 94
87 90
71 8
63 73
9 70
42 68
18 28
67 15
73 5
86 76
30 94
48 86
41 21
86 40
11 43
0 53
6 19
68 1
24 23
82 79
16 10
1 94
52 53
63 38
96 80
96 17
63 4
99 54
22 67
74 19
89 15
80 48
6 58
79 86
99 13
79 61
29 75
95 10
56 66
66 76
69 30
48 18
67 82
91 14
19 27
32 76
18 75
36 65
89 64
71 61
0 70
28 99
43 76
27 25
3 74
57 56
26 19
49 97
56 37
82 40
69 61
54 47
13 19
95 49
59 79
12 11
62 79
78 99
67 13
86 37
30 89
42 55
84 93
35 18
52 63
77 22
38 89
70 43
25 1
0 52
65 66
98 72
79 28
2 10
97 44
97 92
0 41
