168
42 70
73 61
89 55
3 52
63 61
44 63
50 20
34 9
33 30
96 16
31 10
6 89
19 68
62 98
97 21
22 14
74 97
30 42
26 4
72 74
28 57
35 25
23 50
10 0
1 66
8 14
82 99
49 43
54 44
33 65
50 55
27 14
94 90
51 76
41 12
46 3
45 81
52 82
24 62
72 53
39 54
61 62
22 90
91 81
52 32
51 52
26 3
64 82
32 14
38 49
8 79
88 67
20 78
77 43
77 26
91 97
96 77
69 68
34 66
17 90
55 10
59 72
46 75
62 47
79 93
74 50
82 56
10 57
92 39
3 19
44 75
51 71
64 33
57 7
65 24
67 5
28 8
91 4
90 44
82 13
28 92
82 53
13 2
54 29
77 48
76 65
97 34
8 86
96 4
69 12
7 58
24 51
96 79
96 29
97 86
76 83
79 27
90 6
19 46
57 14
18 66
38 42
69 35
94 85
34 72
90 69
79 46
80 8
18 86
20 52
94 7
67 0
20 43
24 36
43 90
96 6
88 22
82 77
21 86
48 62
28 58
54 8
26 43
73 34
21 27
2 34
63 8
18 97
56 67
58 99
91 12
78 65
61 32
45 9
91 17
31 79
3 75
29 23
43 38
95 93
57 37
42 85
8 48
89 14
86 26
92 91
25 28
2 85
43 69
8 45
47 11
90 25
92 33
7 53
96 98
17 86
35 27
89 49
71 37
33 76
96 3
2 96
96 0
87 77
98 0
82 64
63 27
15 97
