170
75 20
50 97
41 77
12 40
95 21
62 81
37 89
72 80
32 51
87 30
20 80
32 41
22 85
89 42
98 37
70 95
51 94
1 15
2 89
54 18
4 87
37 19
88 36
27 84
0 79
86 58
24 15
32 77
62 91
5 46
1 29
47 49
3 1
52 81
27 17
54 62
44 43
48 95
56 13
85 73
25 22
20 41
29 98
26 93
82 9
84 88
96 32
32 64
14 14
45 17
55 57
54 42
92 61
24 37
83 2
55 1
26 65
44 94
10 9
59 47
16 7
93 6
45 88
5 96
78 38
11 92
74 22
73 39
40 62
23 98
8 36
17 55
64 50
62 28
85 88
39 81
67 38
32 18
13 48
39 46
96 6
71 57
67 4
42 26
49 60
2 54
52 6
65 10
31 81
14 68
88 66
37 37
7 51
41 7
37 58
61 21
74 43
34 75
13 82
62 7
25 49
97 52
83 97
22 54
81 70
0 66
41 70
45 25
66 22
18 40
19 68
49 3
61 29
33 10
0 61
36 9
56 39
5 67
13 79
43 60
2 6
70 98
92 68
3 35
79 57
52 45
11 25
56 43
22 62
35 24
0 26
46 39
25 25
88 27
1 20
90 23
41 28
80 41
49 19
95 75
58 88
55 26
79 7
30 86
1 11
65 11
40 69
65 52
47 4
33 89
19 95
84 82
55 11
63 3
63 58
59 2
16 22
40 74
0 94
54 24
25 40
43 39
19 82
82 65
80 10
30 1
16 94
29 4
50 88
58 11
