167
41 51
58 3
97 32
47 64
24 83
84 88
90 66
57 73
67 16
6 63
41 95
79 39
51 34
8 55
23 90
89 0
10 73
61 29
27 23
97 26
36 73
68 32
46 78
0 33
72 5
24 36
97 63
95 93
95 42
48 35
41 65
9 19
92 80
66 56
68 24
51 67
64 84
1 3
30 73
95 34
77 23
6 93
15 29
2 99
45 40
7 87
23 58
83 61
75 63
46 53
4 68
97 52
70 76
88 97
88 63
36 7
34 58
44 56
53 3
30 68
54 57
37 90
88 35
66 7
78 74
27 3
86 42
36 79
13 16
87 76
84 53
89 99
8 39
69 82
19 32
33 95
34 31
29 56
72 15
11 79
87 26
29 46
97 59
19 77
37 99
17 5
40 74
76 95
40 5
41 14
83 90
77 53
1 23
17 71
21 21
1 28
68 90
84 92
33 53
85 69
16 53
55 53
33 25
72 34
80 97
85 7
43 82
56 79
19 45
20 49
48 27
45 44
62 88
84 79
13 49
0 12
97 98
37 83
99 6
91 24
12 25
28 42
58 20
56 90
17 87
59 28
13 34
91 49
58 8
59 9
61 95
27 15
58 91
19 59
1 76
57 61
32 65
33 17
59 20
42 2
42 26
44 30
60 59
15 23
51 57
32 11
98 14
29 66
13 99
24 99
31 73
13 61
27 96
0 14
50 40
77 36
76 4
54 91
95 19
17 10
0 89
97 38
33 34
30 79
70 9
38 3
40 90
