163
62 50
99 65
57 29
30 99
4 2
19 68
7 11
85 84
22 45
67 55
23 95
49 34
57 56
94 65
26 74
19 20
87 46
70 10
8 43
92 6
96 78
98 86
61 98
84 10
11 63
31 37
61 18
21 83
37 39
76 35
56 57
74 29
5 10
7 97
82 64
18 25
26 18
4 88
86 87
98 54
83 98
60 62
67 0
42 2
46 62
95 17
90 46
53 33
7 4
94 44
3 61
32 12
10 33
55 15
63 21
44 62
24 25
97 89
2 53
77 11
33 56
1 15
27 35
14 17
36 44
24 72
35 21
21 90
90 19
77 72
94 75
98 4
80 59
5 84
88 24
83 14
73 80
91 88
18 9
72 37
43 29
52 76
1 0
73 34
24 56
34 95
35 85
2 29
16 19
45 75
65 25
54 82
58 59
14 44
53 88
43 41
18 54
47 13
35 58
15 78
77 62
24 0
17 91
14 9
81 50
97 68
45 39
6 87
59 5
35 54
59 37
10 40
90 18
21 36
16 35
39 22
15 11
75 71
46 45
89 69
82 86
62 11
17 72
76 88
28 71
19 38
12 9
91 57
73 97
73 84
2 20
10 56
76 73
7 23
5 75
58 42
11 12
72 52
85 75
78 80
86 71
86 20
74 12
36 99
67 51
6 10
6 69
41 32
34 34
11 98
11 88
78 91
31 79
44 75
29 83
41 61
72 88
78 83
75 94
23 61
19 4
50 98
18 59
