173
41 15
77 89
65 56
0 12
72 52
42 64
3 9
26 10
72 14
91 9
90 47
43 7
19 19
53 37
1 98
32 51
12 40
12 86
52 56
93 65
12 26
31 56
39 1
26 63
7 71
4 29
59 35
20 95
30 93
77 38
33 2
3 3
76 82
4 79
20 23
22 45
38 41
81 27
94 3
93 14
7 30
55 6
25 72
12 48
61 6
36 95
60 29
66 63
94 42
8 27
16 61
48 22
22 74
87 4
79 22
36 47
54 52
0 84
38 77
60 4
26 81
96 11
64 73
64 40
3 52
73 65
66 59
87 70
51 75
56 55
69 5
16 5
33 85
73 61
42 21
22 93
9 34
56 22
28 77
94 76
99 79
83 54
63 76
64 85
7 42
64 69
34 35
59 61
14 88
89 74
70 31
48 49
3 15
48 25
29 40
41 72
83 56
96 56
33 98
89 25
4 22
44 36
66 17
69 47
34 68
81 20
72 80
1 44
67 26
80 95
35 92
85 65
35 97
40 97
93 82
86 9
72 8
30 44
78 28
47 40
18 51
54 67
38 90
3 61
7 90
17 97
85 86
88 82
43 9
48 27
69 27
4 88
94 32
87 19
34 81
2 64
79 68
59 68
43 64
6 16
11 92
35 38
94 1
28 87
35 14
9 3
5 68
98 36
13 35
40 49
57 84
24 56
34 42
23 3
83 73
78 13
66 9
83 58
81 5
99 45
8 64
42 7
3 4
89 38
96 40
59 18
6 57
75 15
0 37
23 6
91 24
82 2
99 97
