176
48 88
42 80
74 84
1 1
37 15
25 75
81 46
22 24
19 64
18 5
62 95
54 43
85 56
16 76
44 45
61 33
58 70
28 86
8 20
67 38
81 16
28 2
98 43
85 90
85 13
1 19
68 11
19 47
96 16
87 62
94 38
57 72
36 59
71 62
91 97
30 10
47 22
0 96
35 29
95 48
99 19
19 30
91 35
51 12
40 21
87 85
68 63
95 95
59 85
23 45
58 37
3 68
98 26
64 45
27 73
37 71
49 32
17 8
60 98
71 71
37 42
11 57
96 58
29 16
34 24
4 33
6 23
23 8
39 27
12 27
97 29
98 67
12 97
62 27
96 77
35 45
95 8
21 83
65 74
22 57
8 67
91 75
22 31
25 31
28 93
69 24
53 46
93 93
35 95
87 67
78 12
19 21
28 39
9 26
34 45
93 98
54 18
32 96
41 9
17 34
89 40
71 3
80 29
83 94
83 63
4 7
64 76
72 26
30 58
75 64
34 88
58 18
19 36
70 42
56 19
5 85
31 3
78 58
60 82
7 18
32 20
97 83
11 70
69 75
32 65
73 66
59 6
46 60
97 42
77 85
95 53
39 51
1 55
83 41
89 16
86 27
39 1
80 45
77 5
38 67
41 58
79 44
74 43
99 88
56 0
68 5
59 57
1 25
6 34
92 83
62 87
72 19
9 90
26 50
30 50
90 25
7 76
66 86
14 47
4 57
37 81
98 4
41 38
32 88
98 12
77 34
91 55
64 59
48 40
8 60
12 94
29 64
27 28
56 6
0 86
24 43
