168
5 55
71 89
94 35
37 42
9 55
8 90
8 63
44 51
16 57
46 16
24 8
72 28
14 88
83 40
75 54
81 67
59 86
78 11
50 43
17 7
96 70
52 71
28 84
74 21
28 65
85 10
72 39
86 83
94 72
4 39
52 14
1 13
26 56
22 50
2 63
30 50
59 76
33 68
54 15
94 98
41 40
38 16
82 78
53 61
64 89
27 89
79 78
54 83
53 26
47 48
26 3
92 55
50 1
21 46
61 8
22 18
99 39
43 75
70 16
40 79
8 30
35 11
74 35
3 84
71 94
87 41
70 49
32 71
12 63
14 76
62 36
2 91
64 65
77 81
48 8
27 29
33 39
67 15
65 68
65 11
2 27
8 41
17 10
49 38
42 42
19 84
50 17
72 79
84 89
17 39
40 59
41 96
36 79
63 53
4 21
71 1
61 3
57 98
70 40
74 90
78 89
19 44
71 99
60 91
7 75
77 44
11 24
26 51
97 91
81 97
8 17
69 14
4 98
6 44
36 50
90 73
28 70
27 41
74 64
1 2
64 69
49 95
90 60
43 61
34 72
27 64
51 54
54 52
80 96
23 80
71 60
6 48
61 43
86 59
21 57
47 36
69 94
34 59
87 14
60 49
99 36
62 67
33 83
38 88
71 11
4 47
25 21
35 47
34 43
85 22
35 97
28 93
30 7
25 12
30 22
49 22
20 25
53 43
61 86
13 55
79 63
23 35
91 63
88 91
34 22
78 99
36 18
19 33
