170
21 2
75 8
58 57
21 11
38 94
88 86
60 87
43 91
51 9
3 3
96 63
16 13
10 84
66 25
90 97
24 27
83 68
57 38
37 64
11 31
89 57
34 67
27 13
6 79
22 46
41 88
91 15
56 84
72 62
79 4
13 56
95 79
48 53
13 28
31 94
84 36
31 45
71 21
52 91
97 13
36 48
99 84
33 22
56 12
74 41
14 59
0 86
97 30
59 66
33 55
82 62
33 72
1 81
89 54
9 45
84 28
59 75
90 7
69 88
15 5
63 2
77 82
52 34
76 96
33 37
73 30
81 17
39 45
57 52
94 70
34 33
50 53
22 39
95 73
81 36
42 11
45 27
62 18
60 85
26 86
71 32
14 52
54 61
90 74
80 77
28 22
82 41
57 43
12 54
98 2
3 53
37 50
63 70
27 98
11 64
98 76
76 79
33 97
41 48
43 61
50 26
20 97
22 92
66 78
47 7
93 31
87 29
8 0
78 68
46 38
21 83
65 66
19 85
32 86
78 21
80 30
41 22
32 1
76 16
15 25
60 39
27 43
23 48
91 26
18 81
71 10
64 42
10 62
81 3
3 23
70 4
47 94
96 67
29 64
70 29
13 19
98 91
36 10
16 78
69 60
37 78
12 46
99 52
58 94
54 27
18 55
93 37
65 75
48 51
36 7
52 46
51 50
58 25
85 17
58 21
48 42
61 89
86 64
9 13
37 72
26 61
91 80
97 79
62 33
97 38
98 44
54 92
77 86
70 90
19 22
