172
27 45
33 22
9 61
54 68
69 60
78 42
75 57
56 26
88 10
59 65
31 52
6 49
46 70
97 91
64 67
90 73
21 59
46 45
1 84
83 50
54 35
37 52
90 95
87 51
36 83
4 8
46 5
54 10
5 49
12 23
11 18
55 28
9 89
89 6
69 22
48 36
71 79
47 77
71 4
47 3
50 61
30 79
3 68
34 15
46 63
23 5
58 22
71 47
94 65
70 29
26 31
41 48
65 89
28 41
74 13
2 91
71 89
54 7
59 71
87 68
87 63
40 10
17 45
52 16
8 31
49 72
87 29
82 55
19 32
30 40
6 80
85 12
50 48
30 29
64 43
91 12
81 82
22 41
71 96
97 85
75 34
72 72
97 46
67 86
34 40
88 46
85 9
23 42
13 92
23 68
67 79
41 88
88 4
22 79
29 59
35 62
33 6
23 29
30 97
17 13
60 53
94 43
82 35
95 9
70 17
99 13
98 50
21 63
2 47
69 13
33 77
38 1
43 37
19 49
74 81
38 26
93 39
63 27
17 80
18 76
81 0
62 27
88 21
7 2
60 70
16 85
39 83
17 52
64 7
34 67
8 43
21 5
65 38
17 16
27 93
55 48
71 9
82 24
55 40
29 71
96 2
69 63
97 75
40 13
44 56
27 70
84 26
30 92
73 17
13 35
21 73
77 20
26 8
13 72
15 57
59 78
65 66
38 35
26 62
90 8
45 36
29 77
51 56
54 90
70 56
90 65
60 18
36 97
21 55
66 20
53 98
77 69
