163
43 43
57 57
72 38
62 34
88 94
83 56
52 74
58 80
92 10
6 42
39 88
97 90
73 56
16 31
34 97
90 14
58 71
15 91
98 81
93 88
63 65
10 10
35 69
91 28
30 20
60 45
65 98
79 94
54 42
81 94
55 31
27 59
80 6
14 72
21 35
68 82
51 44
72 19
42 13
74 27
36 7
81 38
80 58
28 93
55 69
86 45
89 60
55 73
21 61
33 71
58 67
40 27
88 89
76 7
49 18
26 53
27 27
98 82
16 81
28 73
49 52
0 15
27 22
12 93
4 78
5 88
41 50
11 23
7 73
41 9
8 76
94 36
42 97
11 40
38 83
45 91
60 71
68 77
68 14
80 85
87 29
96 25
57 79
9 95
73 14
64 26
0 32
93 20
27 77
77 14
64 78
30 40
97 60
34 56
32 77
77 97
80 45
64 51
71 6
72 83
79 17
7 45
13 24
52 20
38 32
47 40
83 46
72 94
4 83
57 85
19 40
84 49
6 53
97 63
8 79
82 30
25 16
67 12
45 18
80 75
58 49
65 35
94 50
5 58
28 66
67 22
15 95
69 68
7 84
22 31
52 26
68 50
33 83
62 40
2 61
73 71
24 62
78 71
85 91
38 93
84 20
33 91
87 14
30 27
11 21
92 74
53 90
76 46
83 44
5 6
20 63
84 28
69 26
4 18
70 76
44 82
41 37
94 54
63 74
14 65
59 12
26 11
2 49
