177
24 92
51 85
15 22
33 13
94 53
23 50
99 77
62 92
35 77
36 68
7 94
96 31
95 42
1 42
44 47
78 7
57 60
14 14
5 3
45 41
22 4
66 4
60 15
13 25
34 91
64 59
58 68
41 61
68 37
4 66
21 67
94 95
15 5
57 6
42 93
66 82
10 44
31 70
84 63
46 98
57 37
6 6
78 90
90 3
92 97
13 97
9 33
37 93
7 28
95 66
19 59
87 87
11 37
26 12
10 74
3 30
86 39
17 0
33 4
15 12
35 89
27 63
94 7
78 39
47 70
16 32
62 29
48 93
53 89
39 17
94 26
14 22
15 49
5 45
65 65
30 96
1 38
87 43
51 13
33 16
10 29
81 86
66 77
61 70
87 47
5 87
65 89
93 19
81 52
30 77
50 32
46 31
21 96
12 12
59 18
25 74
61 77
34 63
26 94
81 5
31 53
37 45
17 38
76 73
9 83
88 86
74 48
42 22
53 53
90 92
31 31
22 21
47 33
22 35
86 95
72 98
11 89
4 55
13 34
57 83
64 87
71 96
19 12
48 29
84 7
28 20
79 82
4 88
2 26
51 7
73 75
76 26
37 49
0 45
1 52
50 53
81 4
98 64
70 23
95 76
72 17
76 44
27 97
46 3
84 59
43 31
92 63
55 24
51 73
61 88
54 10
54 93
83 3
65 29
54 80
97 48
93 82
31 28
68 75
28 90
58 90
67 13
91 59
73 93
84 3
61 35
86 54
45 66
71 18
6 52
59 98
86 2
95 75
52 81
23 29
5 75
98 1
