158
86 58
37 97
1 34
78 30
70 34
16 38
83 38
43 74
18 89
58 4
87 78
34 82
40 65
55 58
74 37
98 36
64 84
52 47
30 82
76 55
15 16
96 40
11 50
99 49
70 67
30 72
63 6
32 85
61 39
34 68
18 92
14 83
32 34
77 66
40 53
28 23
0 23
70 27
18 67
55 80
70 50
88 93
36 26
47 62
72 51
20 35
46 25
49 79
82 10
49 65
21 66
83 64
3 28
95 34
45 24
66 15
21 7
54 26
10 85
40 77
13 82
92 5
88 14
71 8
26 40
24 96
14 33
78 87
95 26
63 89
78 15
7 98
98 62
4 42
8 19
62 16
99 83
12 25
9 11
7 28
54 65
50 93
40 24
38 62
18 11
40 4
35 19
97 27
21 55
44 80
39 6
31 7
22 70
15 3
23 82
35 42
87 0
32 49
50 16
48 9
53 37
15 66
48 97
54 86
74 84
95 4
11 77
82 17
32 54
2 70
94 42
21 90
28 48
97 55
75 51
27 13
92 56
80 48
44 56
25 10
80 40
80 93
22 15
80 56
70 45
60 49
37 37
66 75
92 30
0 43
22 41
88 70
88 23
10 93
17 74
85 4
72 55
52 9
50 18
12 81
1 48
58 48
43 96
31 59
18 96
80 88
57 68
31 69
52 30
73 75
60 79
64 56
72 58
41 99
80 35
91 77
12 6
85 66
