163
97 96
52 4
94 79
44 31
51 6
5 59
99 84
61 40
72 35
1 6
66 11
39 21
5 97
97 26
50 38
26 54
76 69
35 91
98 8
91 79
62 30
66 53
93 71
59 85
28 82
32 21
87 68
62 26
37 95
43 37
15 0
19 17
12 41
63 16
11 22
77 27
6 22
45 83
76 6
70 96
76 56
39 15
20 68
14 77
91 62
48 25
77 54
22 74
71 19
81 74
47 91
67 6
94 68
47 21
8 37
46 53
35 74
57 47
41 61
13 14
3 44
23 35
86 89
85 18
7 7
51 24
17 68
2 85
40 74
92 28
11 32
22 82
48 19
57 7
28 76
5 52
39 12
5 83
32 18
23 24
79 83
17 60
56 10
90 11
77 65
76 95
23 70
16 12
4 30
80 53
57 36
4 41
40 38
97 14
17 95
12 10
39 86
96 2
56 21
91 48
11 70
80 1
86 54
8 47
25 2
68 44
24 37
70 2
97 30
56 5
0 52
35 45
95 53
28 96
34 13
57 59
28 89
70 28
97 24
66 43
73 69
20 20
53 14
0 41
53 64
35 60
57 91
60 67
32 94
52 85
75 75
77 44
76 18
50 20
81 41
19 91
10 95
99 57
68 8
13 68
38 24
52 50
51 2
34 62
28 35
68 41
77 40
84 19
22 85
48 87
93 41
80 46
79 91
22 39
94 85
31 32
73 58
57 97
84 87
4 87
14 5
1 99
86 36
