157
10 90
17 66
30 78
28 97
29 74
21 66
12 70
19 61
35 86
60 64
8 96
14 32
61 83
3 19
82 93
26 66
21 88
76 89
25 35
14 14
36 65
92 96
33 72
53 74
18 16
10 31
60 86
38 36
67 97
53 88
24 25
22 80
17 25
72 75
51 73
21 32
0 10
15 78
43 92
20 72
86 94
37 41
14 43
42 54
54 53
24 31
5 52
8 65
17 68
67 78
35 99
72 88
8 73
31 93
2 48
12 77
56 86
66 73
8 53
25 74
21 42
17 60
8 68
41 46
29 29
30 88
40 98
23 96
1 65
2 13
34 43
3 75
65 72
14 97
34 80
2 81
25 42
27 90
56 63
52 60
15 90
10 61
62 97
36 87
35 92
25 66
34 96
73 96
6 94
9 46
83 87
27 49
13 96
92 93
17 52
37 61
52 78
56 74
60 67
6 20
12 59
13 34
48 58
15 52
8 12
65 67
8 85
21 36
29 92
18 58
6 88
15 18
1 37
28 28
48 65
32 66
50 97
64 90
2 33
32 57
58 66
68 92
32 52
75 96
69 88
18 72
35 78
7 24
61 93
5 19
86 88
37 58
33 82
22 69
45 81
81 99
35 49
78 94
26 52
17 50
39 84
13 22
57 93
10 21
18 47
50 69
48 61
39 46
8 82
38 72
32 34
19 22
36 55
7 42
43 98
28 55
53 69
