162
55 24
61 26
72 76
54 77
63 67
16 87
55 64
60 95
74 39
36 64
68 98
56 18
70 77
42 69
73 61
51 87
35 93
4 30
30 55
42 20
83 49
10 93
66 94
7 84
91 27
21 17
15 91
27 1
88 83
20 94
29 99
45 90
68 30
5 11
83 68
39 84
80 72
61 99
71 80
75 95
27 98
89 53
7 64
8 13
46 98
16 76
27 44
84 4
5 18
27 10
70 6
85 78
12 96
95 61
76 28
49 65
84 5
40 37
54 57
17 29
50 42
2 19
42 39
0 89
32 16
12 68
92 42
68 60
61 72
68 5
32 27
20 9
7 99
54 40
85 34
58 5
35 63
8 39
99 42
47 16
48 24
64 73
98 50
50 85
54 9
69 56
5 9
95 79
81 10
0 45
75 34
73 18
86 25
57 0
86 38
97 22
49 48
60 32
61 85
85 16
0 67
4 43
83 55
88 7
9 90
47 65
76 20
71 0
12 58
51 51
68 14
44 71
34 96
65 31
28 28
62 30
30 23
1 78
45 60
68 68
13 4
34 76
76 55
39 4
15 82
37 4
70 92
25 10
10 74
5 62
27 33
56 72
12 13
50 44
41 0
55 29
42 16
49 86
56 74
14 27
13 20
16 50
10 26
41 70
73 47
62 60
17 31
49 7
58 82
4 29
90 90
34 41
64 34
78 88
93 40
63 11
0 63
71 27
49 35
39 98
80 77
66 86
