169
59 67
63 13
11 86
53 59
87 57
43 25
80 82
87 65
9 55
97 18
39 87
74 60
40 6
12 40
20 9
84 25
3 27
36 72
80 2
47 12
25 68
84 89
10 32
55 26
54 94
43 91
81 35
76 93
44 91
5 53
15 48
12 19
14 78
16 67
30 94
33 84
96 97
63 4
24 97
84 49
56 43
45 98
60 39
84 0
10 75
18 64
99 57
8 12
16 70
9 16
85 21
94 35
69 94
36 44
94 42
92 71
28 30
91 34
47 95
91 66
87 53
82 16
79 60
44 72
75 21
71 74
15 44
31 58
52 15
36 90
12 26
86 85
3 79
0 17
52 95
35 4
39 44
38 95
44 59
92 56
58 91
94 22
97 53
96 85
13 52
60 96
65 22
67 48
68 79
54 4
88 95
50 52
23 77
70 45
95 61
66 23
13 21
72 79
76 63
60 64
58 71
92 3
60 88
89 98
90 58
55 55
29 32
81 40
10 94
67 10
74 97
66 50
5 60
72 69
88 76
62 61
53 3
38 60
56 33
60 7
90 1
20 45
68 35
85 58
86 68
98 46
19 30
23 31
26 90
67 69
92 53
47 37
61 85
58 86
33 17
1 83
0 40
97 74
99 2
28 95
22 11
54 71
34 63
19 52
29 12
78 88
12 57
54 85
49 86
27 52
66 31
73 17
22 73
26 13
41 65
35 40
15 24
29 78
9 79
45 92
19 27
76 30
92 16
42 97
17 28
57 81
19 77
70 19
84 70
