160
41 10
23 56
19 29
52 33
44 32
8 11
70 74
0 84
4 18
28 62
96 97
60 11
65 95
30 37
79 90
74 22
15 2
18 71
69 64
13 4
80 76
26 65
34 97
44 38
56 43
31 45
99 29
25 75
73 58
83 83
45 18
90 44
70 67
75 92
29 95
19 37
22 45
39 39
13 49
74 12
42 16
89 65
57 65
23 18
62 2
57 6
21 7
29 24
7 17
18 84
71 3
93 87
43 7
15 69
20 6
90 89
39 57
74 85
32 26
87 24
67 9
35 83
15 12
28 7
14 25
49 9
51 25
5 1
13 60
73 93
28 34
9 91
30 21
82 90
6 96
42 91
9 98
37 90
16 22
18 12
6 64
99 48
59 56
10 38
33 85
58 55
98 40
64 70
30 89
16 86
11 41
79 2
83 87
49 50
21 26
14 75
61 71
12 66
74 77
27 69
73 80
46 62
25 46
16 51
51 58
17 92
51 66
28 79
43 75
93 92
8 31
37 89
7 50
28 51
50 19
97 80
49 13
74 5
91 48
14 80
10 19
69 49
80 7
0 5
23 98
28 21
87 84
13 53
15 56
5 95
27 41
97 92
83 49
0 8
50 46
13 70
72 89
48 92
35 15
56 37
63 58
83 81
61 22
0 98
24 93
86 68
22 39
25 21
11 10
97 98
22 15
38 33
73 15
13 16
9 5
65 69
19 15
20 2
18 97
65 47
