172
1 9
45 58
77 92
83 57
24 45
15 24
27 7
24 60
36 54
88 36
5 22
86 49
39 32
86 19
61 82
28 86
92 32
90 11
77 89
96 29
94 11
40 82
13 73
69 9
49 76
98 62
89 85
49 58
28 71
74 53
10 26
43 10
5 90
53 80
5 95
16 43
60 35
22 52
9 81
96 31
11 65
85 16
71 86
64 45
72 2
86 90
73 37
94 51
22 18
28 58
82 99
4 59
49 73
68 53
81 5
72 79
54 28
57 42
43 23
67 21
7 73
16 72
88 94
15 16
35 58
40 70
19 31
34 12
56 5
39 5
36 40
85 13
14 34
48 52
12 50
50 71
15 73
62 85
81 10
16 62
49 81
73 80
13 30
33 33
11 20
54 38
96 60
66 20
80 29
48 40
95 41
17 54
31 94
98 66
39 47
53 89
23 4
4 40
78 52
33 51
33 37
94 73
68 73
33 4
64 27
50 4
42 40
43 34
66 3
25 30
71 28
3 55
74 21
68 45
34 82
74 97
27 50
74 60
70 43
92 88
85 35
8 9
35 28
87 81
7 65
59 11
84 66
32 19
58 71
78 62
8 77
84 40
32 29
79 49
69 15
21 47
12 48
41 92
23 67
71 17
63 5
30 34
5 78
15 2
25 70
65 50
34 49
47 99
1 31
75 39
54 20
32 72
32 88
62 50
7 29
4 35
5 30
45 36
76 97
53 56
10 88
24 85
3 27
49 60
15 20
51 9
6 35
64 21
0 88
22 30
8 38
74 34
