176
91 78
69 28
91 57
39 20
52 18
2 68
89 74
60 78
58 25
39 26
70 59
30 7
69 67
12 49
88 38
31 82
59 12
61 69
13 96
93 0
38 55
38 96
48 74
72 15
38 62
62 74
10 37
69 30
89 66
47 48
61 93
43 48
52 36
41 75
72 71
32 55
0 30
1 84
70 96
0 54
11 11
60 2
7 60
13 8
87 16
91 43
1 37
41 31
61 6
68 83
11 52
11 75
89 51
68 36
51 56
49 28
68 40
69 62
11 87
58 42
41 93
1 72
1 76
30 44
29 32
90 5
38 79
50 37
91 12
2 60
91 33
29 93
88 49
11 19
72 77
29 20
8 30
33 76
10 47
50 80
32 36
48 52
30 21
52 66
42 52
8 23
1 49
33 96
40 14
29 0
33 72
8 68
2 15
50 25
69 54
58 52
92 19
57 36
61 88
38 5
2 91
67 12
68 21
70 77
48 1
10 16
32 27
68 94
58 62
72 46
52 9
1 26
32 48
89 24
92 98
52 33
41 88
11 93
60 33
2 6
40 83
63 28
69 90
58 98
43 36
72 4
91 83
28 53
91 86
1 0
60 14
71 6
12 56
29 64
0 97
50 96
51 89
30 14
92 60
12 63
30 67
48 93
12 79
51 59
0 88
58 57
52 4
40 39
9 0
29 58
69 0
0 19
10 74
12 83
90 95
59 83
52 10
41 42
89 27
0 46
61 19
52 83
60 48
1 81
68 26
2 39
40 72
41 9
38 2
0 15
10 6
32 87
42 66
29 39
48 45
1 64
