164
16 63
37 96
72 35
56 56
39 46
66 85
54 64
41 39
22 47
37 68
87 26
64 25
12 87
28 57
28 45
71 25
12 11
12 44
83 59
88 72
92 38
13 27
7 90
39 99
78 44
47 5
18 19
25 30
65 68
96 82
49 39
48 13
53 38
61 24
73 2
43 55
68 32
41 32
97 51
79 96
53 73
0 88
71 83
54 23
91 50
4 46
84 35
89 10
19 42
83 78
89 61
3 59
9 1
61 57
32 63
9 94
89 15
13 33
36 18
84 98
84 2
13 68
14 13
40 40
22 79
88 5
75 91
82 40
56 81
38 7
24 35
2 89
57 30
32 73
5 6
27 63
7 76
93 55
75 49
19 26
10 21
29 79
54 72
69 63
73 65
97 31
65 21
98 68
22 61
58 74
27 87
40 73
96 96
11 48
9 93
23 69
30 35
78 26
23 23
42 94
75 33
60 60
15 76
59 47
25 70
25 81
20 30
98 75
34 9
88 99
56 83
10 61
73 69
50 90
65 14
84 45
63 63
10 55
33 94
13 93
15 38
85 82
23 92
14 50
86 88
38 78
58 80
68 13
39 35
46 10
30 15
47 66
88 8
64 97
85 62
92 33
1 19
73 8
20 58
67 95
86 83
62 32
9 82
37 39
27 76
93 83
71 55
6 26
28 83
16 94
15 68
27 10
53 58
63 18
69 71
2 8
88 92
0 33
91 45
64 37
5 50
8 14
44 67
69 98
