168
7 61
19 91
51 24
93 48
89 91
77 49
38 37
76 20
24 43
0 74
97 45
37 69
43 83
48 42
38 71
7 95
38 30
5 86
92 45
9 57
97 0
11 9
70 85
32 84
76 11
60 75
76 94
72 82
94 43
61 32
66 56
73 66
27 24
71 5
76 9
90 14
20 55
50 66
37 95
12 10
71 85
57 61
51 6
94 6
89 67
63 57
2 30
70 14
64 27
77 61
13 11
76 71
3 7
11 19
89 62
17 2
10 59
96 33
20 9
90 73
80 35
68 99
77 79
18 90
95 18
11 39
7 6
86 30
40 7
98 36
53 72
23 6
77 85
9 45
51 76
10 15
21 74
38 46
67 7
73 49
26 90
42 45
9 88
69 81
7 97
53 35
91 20
16 97
72 77
24 47
82 80
57 48
0 21
51 94
67 70
33 35
69 12
95 58
14 90
96 61
14 69
73 84
32 42
25 78
9 74
53 85
97 52
23 49
5 33
17 34
44 7
81 41
45 72
12 73
32 75
17 47
74 40
3 78
94 94
35 18
98 26
33 82
61 93
18 54
23 67
0 79
48 13
7 91
78 2
18 82
12 68
58 76
66 65
84 21
2 56
18 13
53 31
83 40
80 67
77 91
52 61
80 39
39 91
44 21
29 0
64 79
33 62
82 93
17 73
94 81
33 46
98 96
16 59
49 34
58 81
41 23
96 82
22 15
44 64
63 50
87 6
5 52
9 55
19 61
43 1
99 62
13 84
1 27
