165
14 30
80 89
96 0
65 78
94 46
80 84
27 33
30 73
17 14
11 96
22 4
0 24
71 18
16 87
35 70
99 63
49 83
10 78
16 58
78 93
32 28
90 94
77 68
7 83
82 81
30 22
64 28
36 63
32 9
22 18
49 59
39 29
51 37
2 82
56 92
39 74
58 73
63 43
65 87
60 82
86 55
6 44
12 80
31 57
78 40
63 53
30 61
48 33
50 24
41 53
84 40
4 52
72 58
47 90
42 67
70 63
29 25
67 56
91 30
72 79
67 22
82 62
21 78
25 44
23 15
3 9
56 84
52 43
97 84
44 66
32 91
4 31
68 12
90 35
59 51
61 59
31 22
75 59
15 71
40 21
32 49
1 58
71 54
57 87
60 40
35 7
77 46
75 46
32 16
5 97
45 52
81 26
9 39
62 22
88 27
53 77
52 30
54 94
19 79
24 90
12 39
49 5
18 48
19 89
27 2
70 1
88 72
84 75
34 55
87 79
41 57
41 18
97 41
53 64
85 70
20 65
11 46
71 8
76 6
23 43
28 98
29 52
66 0
3 36
53 14
14 59
5 66
90 79
42 90
62 12
12 90
8 96
97 25
53 26
22 94
9 35
40 97
81 12
19 56
88 46
58 17
54 4
45 2
71 5
3 25
22 50
6 26
0 94
22 24
37 19
80 1
79 18
70 37
39 50
24 60
91 83
9 64
40 95
25 74
87 96
14 35
28 42
56 2
96 32
97 75
