164
45 7
78 69
20 70
81 59
42 38
44 88
54 69
26 11
12 25
19 9
24 69
86 11
94 87
30 28
80 88
8 52
86 23
40 70
25 14
16 80
22 5
21 87
44 28
18 86
79 79
16 19
64 90
79 96
51 12
10 4
47 66
23 92
23 98
63 69
62 24
93 45
55 62
12 79
35 19
63 0
84 41
72 69
48 54
64 79
71 90
52 49
78 25
1 2
18 7
92 60
59 74
21 3
17 46
49 60
77 48
90 44
17 23
21 64
1 94
15 38
50 44
7 37
61 42
65 37
31 99
76 78
5 86
11 58
26 37
97 9
2 32
84 94
85 31
19 99
45 90
28 92
79 15
73 15
1 34
72 85
29 17
52 0
98 73
64 8
41 14
37 72
72 63
39 21
70 10
41 24
35 71
45 76
6 9
98 36
54 83
23 41
98 79
32 6
3 86
30 66
89 91
85 90
65 35
59 15
68 2
71 80
28 71
40 54
48 98
23 31
66 5
12 29
60 97
22 78
76 8
92 28
21 74
29 83
5 63
77 37
69 58
43 84
34 38
53 97
77 5
5 25
82 2
61 43
3 46
91 18
80 29
49 8
54 91
37 3
36 25
17 12
77 68
69 49
79 26
84 78
86 69
58 86
1 28
18 19
18 59
67 35
1 51
10 24
31 2
65 47
32 19
40 48
29 28
35 93
72 62
81 50
36 5
58 80
92 38
89 67
23 24
54 76
96 75
84 1
