177
47 57
39 90
11 80
19 28
13 61
4 30
56 15
5 10
36 59
59 91
23 7
21 3
0 57
88 64
43 42
59 35
21 90
2 82
24 49
15 13
22 10
33 18
74 11
66 42
88 4
88 27
45 94
39 37
76 1
27 30
44 53
30 86
10 14
67 85
82 78
26 25
49 2
29 27
49 26
74 41
3 14
41 15
59 14
65 24
94 83
80 31
34 39
34 73
75 76
25 40
80 88
4 16
77 63
16 28
58 73
87 88
42 7
59 28
46 46
45 28
91 43
52 99
97 89
28 73
46 79
92 29
19 82
32 94
7 41
58 34
75 39
56 22
73 86
98 26
67 80
60 62
69 11
53 8
15 83
99 79
10 89
55 48
22 38
86 2
70 76
30 42
89 35
47 17
7 18
17 8
92 80
39 17
65 58
43 60
54 93
96 10
37 44
28 89
92 97
62 95
76 26
14 75
10 39
2 47
31 43
33 78
34 6
50 5
40 45
82 22
41 96
8 94
2 44
69 69
13 88
0 99
25 21
51 14
20 53
31 67
68 92
17 1
24 57
46 63
0 22
54 1
32 20
38 83
90 46
94 89
83 58
22 82
29 14
12 93
33 97
19 95
48 96
2 6
74 29
36 58
46 44
56 35
21 96
51 96
80 71
0 29
41 86
96 83
32 22
1 75
3 43
3 11
91 94
41 39
9 34
86 54
14 28
21 87
5 78
68 65
30 36
61 21
45 24
70 43
27 32
24 29
91 61
61 67
1 2
57 87
27 21
73 54
89 11
93 58
96 60
34 11
28 16
