166
38 93
75 45
99 53
28 77
76 97
47 75
80 4
84 34
33 48
91 22
8 36
16 30
69 67
12 28
19 58
64 0
97 84
84 8
82 52
85 71
45 52
8 66
68 31
1 13
24 58
79 1
23 81
36 81
16 92
31 56
84 28
4 76
51 79
20 38
34 19
82 20
19 27
90 36
31 10
14 64
35 58
47 43
64 46
41 11
80 63
59 45
35 64
39 20
12 12
55 65
27 21
16 11
24 39
73 59
30 43
19 80
49 74
61 39
88 76
28 38
95 78
96 5
91 51
14 15
39 40
64 5
72 97
83 76
84 25
25 97
62 84
28 86
15 97
39 67
86 2
57 3
35 28
58 82
40 52
58 33
31 30
15 44
3 18
73 25
23 27
87 68
68 19
24 4
59 66
30 98
52 45
2 54
91 10
19 68
65 81
62 97
55 45
41 35
52 52
64 72
70 51
84 4
71 47
49 34
77 95
81 59
69 73
35 42
3 47
72 87
93 68
46 66
9 3
22 56
66 34
75 59
69 62
25 91
20 44
76 42
4 50
60 93
48 23
91 54
2 13
42 72
3 65
17 97
55 57
43 16
32 54
11 18
45 1
53 69
44 57
34 85
43 62
60 37
8 75
52 56
98 1
39 8
47 2
83 47
40 93
38 27
37 1
72 74
57 58
96 63
45 37
2 99
5 24
49 63
96 25
98 18
12 73
71 72
69 35
95 35
91 28
26 70
11 47
50 92
67 66
74 10
