170
96 37
28 77
52 54
59 55
14 79
86 87
18 48
5 27
35 66
0 73
9 57
31 16
76 64
98 96
93 11
76 94
71 20
94 64
56 34
40 26
98 75
66 18
32 10
22 11
68 14
63 32
74 83
38 86
13 75
18 85
21 66
77 22
78 37
54 1
29 54
63 16
34 97
84 15
65 48
71 3
97 88
84 68
51 70
13 3
68 41
17 50
44 46
68 72
40 53
50 39
55 57
9 76
40 94
87 73
35 6
10 2
54 36
62 6
11 12
22 51
9 72
35 60
49 94
57 53
12 36
36 38
8 16
46 82
36 23
81 26
70 65
18 10
89 48
45 72
98 33
39 69
86 22
47 26
12 51
31 5
97 10
86 68
90 19
13 67
76 17
93 8
68 27
51 37
63 75
56 19
94 24
34 86
51 65
36 1
26 24
55 27
18 57
81 9
45 89
90 78
54 90
15 27
62 95
76 89
11 89
57 27
31 48
91 55
84 52
23 31
63 25
90 2
29 92
93 67
49 18
97 70
14 63
65 64
58 46
15 73
87 84
42 14
47 14
1 53
5 80
11 31
93 83
44 17
42 92
59 0
18 2
97 84
77 76
48 76
44 56
36 57
75 24
70 52
21 18
59 18
85 40
20 17
90 93
7 34
58 63
30 1
82 18
54 95
24 50
65 33
50 60
94 32
88 37
80 30
51 18
80 2
47 79
25 37
54 80
56 68
0 26
32 73
21 58
96 3
24 28
49 56
23 63
55 76
26 28
80 80
