204
13 35
50 98
63 4
64 78
52 72
33 96
7 54
10 49
49 57
93 58
15 44
97 63
8 93
91 68
51 82
19 86
61 48
77 34
54 92
90 36
55 14
55 86
23 56
21 29
15 73
42 71
11 16
28 81
58 52
28 11
93 47
70 81
57 57
14 80
48 62
29 91
85 66
22 41
30 29
78 99
41 9
16 10
1 51
77 43
69 74
29 72
20 22
27 3
2 29
83 84
13 1
21 49
12 95
71 38
32 7
33 29
44 28
26 88
8 12
9 63
1 99
1 63
85 58
43 15
75 58
98 73
3 56
35 68
9 30
49 45
47 23
85 94
63 33
91 80
35 58
69 67
23 69
85 45
48 89
1 35
69 95
8 78
75 28
62 28
96 79
67 84
28 21
1 92
91 91
29 42
41 53
37 41
64 43
71 1
97 29
9 99
15 26
78 79
21 66
5 84
56 21
57 9
14 85
97 36
54 81
36 47
61 63
82 72
57 36
39 23
51 14
62 12
64 54
57 31
54 44
2 15
83 82
82 3
26 58
48 50
1 75
76 63
21 1
40 66
98 18
36 21
12 50
95 58
51 6
19 5
48 30
90 44
34 83
79 23
89 12
21 78
27 51
64 5
62 68
90 8
60 98
71 46
58 70
83 29
57 3
91 26
97 1
56 64
32 35
0 9
2 83
0 72
93 86
70 32
76 48
6 19
36 92
79 5
23 91
61 19
78 69
12 56
27 64
69 60
49 0
84 12
0 20
37 79
84 15
45 43
65 93
41 37
89 2
91 18
40 56
7 44
8 2
21 12
70 14
11 64
98 22
5 72
48 76
70 9
43 2
97 53
91 96
35 15
76 2
51 34
21 32
84 35
15 28
1 41
19 97
81 53
72 23
99 83
8 34
76 86
29 18
42 77
25 36
99 43
