171
61 90
24 29
36 68
35 84
0 94
59 33
53 23
54 48
26 56
9 19
79 81
41 90
3 90
42 1
44 97
45 4
58 77
11 8
7 19
73 55
10 36
90 93
41 82
61 99
66 94
32 27
28 75
20 11
13 22
90 64
60 78
8 26
35 7
71 61
31 45
51 79
88 42
8 95
54 87
12 63
24 14
64 1
82 20
10 57
61 51
46 25
45 10
19 46
84 39
82 74
20 18
37 50
62 43
54 12
1 7
78 37
74 3
65 63
87 69
85 89
61 65
42 15
90 14
5 62
90 73
21 61
8 98
92 2
26 29
20 75
38 92
57 32
56 62
63 70
87 12
20 56
57 8
2 59
62 84
86 79
37 81
90 83
17 41
6 67
94 46
43 23
27 34
69 11
76 81
81 35
6 38
31 66
12 67
55 94
3 19
60 18
94 90
63 14
93 69
70 88
93 5
66 4
53 74
21 93
35 15
1 96
43 84
7 0
4 83
21 83
13 51
29 78
19 95
74 95
77 13
5 68
59 84
25 39
1 8
2 24
29 21
21 70
16 9
43 76
85 31
13 69
0 28
27 4
34 23
25 7
71 95
28 81
16 47
88 57
49 83
28 73
43 35
36 73
92 26
30 88
2 29
1 71
75 7
34 7
50 35
16 1
17 73
31 27
93 57
31 34
95 42
63 8
52 70
2 56
94 73
55 44
91 82
42 7
31 37
24 52
78 56
87 18
38 30
96 77
86 53
73 25
0 19
75 86
9 86
93 59
3 3
