174
61 2
11 58
98 63
59 96
68 91
16 71
80 52
49 26
54 34
10 79
25 79
47 65
60 50
90 71
13 36
85 24
73 96
63 64
25 25
4 60
78 74
26 60
0 11
69 44
72 99
32 77
63 15
14 88
69 18
77 58
23 58
52 48
11 5
44 5
90 79
62 10
31 9
2 73
40 45
57 74
41 5
90 32
7 43
29 19
77 63
16 94
68 17
56 37
45 17
3 95
99 15
78 78
94 42
68 87
30 43
21 92
37 14
27 72
31 25
37 52
86 51
41 88
89 22
74 77
43 91
6 26
90 74
66 53
11 63
23 8
62 99
50 49
73 1
88 0
93 84
98 11
94 9
56 13
76 7
15 57
83 14
79 16
30 11
11 88
95 72
81 32
19 86
64 27
99 25
25 63
96 23
17 42
50 76
34 62
47 21
11 13
55 46
35 68
91 97
49 8
26 10
26 19
65 58
59 53
18 69
27 5
82 62
81 18
18 14
90 12
94 91
83 74
22 4
80 96
64 16
45 69
74 86
3 17
88 17
69 73
69 36
69 70
53 29
25 73
12 19
94 79
52 38
29 20
98 88
3 86
64 21
56 80
72 7
98 82
72 5
67 77
10 61
68 23
48 15
37 24
19 19
18 79
55 17
2 66
21 97
61 34
27 33
29 89
88 63
96 36
39 19
19 35
57 66
4 38
4 99
91 21
16 11
87 95
77 8
50 14
56 26
42 27
38 62
6 55
2 51
58 88
43 85
99 37
85 89
23 40
48 95
98 1
47 98
98 97
