171
1 39
33 71
85 60
93 83
53 36
20 81
70 69
57 36
79 79
34 95
46 30
67 56
35 90
95 32
90 77
90 22
6 20
99 62
48 16
55 49
37 93
12 33
89 6
97 4
69 40
5 96
10 10
51 15
46 13
84 34
6 38
45 63
62 23
32 18
96 54
69 66
60 90
7 64
61 69
72 59
16 84
13 51
3 41
23 44
1 80
79 87
57 76
24 60
6 70
86 78
52 41
39 89
36 50
40 1
32 98
38 14
32 53
38 24
52 96
63 76
4 24
87 89
91 14
11 13
97 94
56 12
85 42
92 18
36 35
5 46
41 42
8 66
24 23
2 36
31 61
75 69
23 51
95 42
46 71
0 15
56 85
20 4
74 98
24 55
77 95
77 84
28 59
7 8
68 25
38 82
45 9
52 21
84 28
97 16
27 77
50 1
52 28
62 39
79 51
41 37
98 89
89 48
32 7
19 17
83 99
82 49
69 64
28 31
86 30
92 92
84 75
38 87
55 58
79 68
73 66
31 9
48 24
71 13
87 10
44 7
37 39
22 84
50 8
5 81
1 11
23 69
85 21
37 26
92 57
13 0
11 60
83 16
54 12
23 20
16 98
9 23
37 59
82 2
91 83
62 8
62 92
55 78
15 81
46 60
83 53
50 93
17 15
24 77
47 92
39 65
64 83
82 21
60 51
12 20
48 55
61 5
28 14
92 66
92 3
99 43
2 23
52 76
7 12
5 89
65 59
97 24
1 98
55 87
41 6
4 11
86 67
