159
4 1
72 20
13 80
75 48
14 28
36 52
79 81
57 96
68 95
23 38
71 87
6 11
6 73
58 42
64 48
58 35
74 40
93 58
56 20
8 88
5 80
89 20
10 12
39 13
74 61
59 19
91 6
91 1
87 71
29 57
63 77
6 41
49 44
85 90
61 9
33 65
76 2
98 18
8 4
87 32
5 53
5 23
69 66
87 66
56 80
66 35
2 23
26 12
50 6
92 97
76 89
80 16
72 27
33 12
11 23
35 19
96 82
56 89
16 52
91 11
0 41
30 30
76 50
53 70
38 95
25 5
68 57
3 37
91 34
9 82
19 92
94 75
79 47
44 34
43 90
27 68
95 86
39 93
27 93
2 30
74 31
50 59
90 11
95 52
29 33
48 49
83 14
7 70
65 98
8 15
29 22
31 27
5 65
30 0
33 47
57 23
35 44
10 28
84 48
99 81
33 70
3 65
19 39
1 6
35 96
26 69
95 27
63 55
92 45
68 39
42 39
58 38
95 29
26 51
68 13
42 49
9 33
4 98
37 24
18 83
42 88
78 32
66 7
66 23
78 72
44 78
19 67
63 78
58 61
12 12
87 16
71 13
80 24
57 2
72 14
3 46
25 64
27 63
99 45
4 71
12 8
16 18
76 39
79 83
97 64
32 4
21 26
91 93
0 58
32 85
58 57
68 70
63 73
86 96
50 41
81 71
61 66
56 65
1 11
