171
83 0
56 59
47 85
29 15
17 49
10 54
73 56
49 34
59 33
71 26
40 11
27 7
64 39
76 5
66 32
54 27
43 22
56 43
8 32
84 85
20 48
40 88
89 69
92 9
56 67
52 53
91 45
24 38
72 70
18 92
68 57
31 59
68 47
83 47
55 26
2 48
35 49
2 74
22 75
13 8
58 36
43 39
7 82
61 52
78 68
22 53
27 74
53 39
28 20
46 49
24 57
75 62
58 23
55 33
86 27
14 38
90 34
82 19
69 92
87 36
98 32
92 7
80 51
37 4
97 95
50 74
41 43
39 78
2 90
60 73
53 77
54 89
59 17
58 96
83 22
18 12
33 75
76 42
77 52
57 94
6 51
29 43
64 67
61 86
96 86
62 64
99 20
65 35
97 14
71 9
49 56
9 8
52 62
7 92
89 19
80 74
41 6
57 55
29 6
12 98
77 56
75 18
74 48
97 89
95 33
22 48
17 34
69 77
65 20
9 23
92 36
43 67
97 56
84 62
57 79
25 12
19 56
45 16
50 78
27 42
75 2
88 33
97 62
60 5
73 42
92 52
46 10
13 78
99 22
76 24
86 41
21 81
54 91
68 59
93 47
70 65
55 77
9 20
74 94
34 21
82 11
63 99
56 48
68 9
1 0
66 70
22 78
22 43
5 67
44 34
16 79
6 62
43 81
78 2
11 2
60 57
7 75
73 82
16 53
60 11
45 59
60 75
30 9
85 93
49 4
27 52
57 97
2 68
82 98
38 63
32 95
