169
46 13
75 18
14 74
56 4
79 60
40 45
15 37
26 23
68 11
30 32
64 32
19 78
15 81
80 18
58 12
91 32
19 14
72 61
63 11
83 78
0 45
9 38
30 22
11 33
91 15
35 50
29 54
44 68
36 11
87 70
9 72
36 97
60 55
7 27
21 39
87 42
76 23
54 83
69 5
1 87
68 28
25 8
54 51
87 60
3 58
61 81
18 8
40 56
75 11
49 28
67 82
18 98
35 63
57 68
91 50
66 97
36 27
13 93
58 39
65 36
38 16
83 14
78 48
60 68
29 90
2 96
81 30
7 58
59 96
2 32
44 48
72 56
71 73
4 84
22 6
47 42
78 96
24 39
96 44
80 80
57 76
31 13
29 38
91 82
12 67
52 56
49 0
99 30
36 37
43 90
87 5
34 4
1 81
48 20
98 81
93 9
9 23
16 16
51 0
69 8
37 39
41 1
10 82
66 62
89 76
44 39
25 21
9 51
72 64
26 69
45 84
90 57
21 9
27 36
23 46
4 7
70 47
4 69
37 84
18 0
7 11
22 32
92 29
62 99
88 90
42 51
51 45
64 87
62 68
59 62
98 42
41 6
31 26
25 26
63 4
62 8
26 0
19 57
99 21
32 43
28 64
4 37
52 98
88 91
50 52
10 12
85 63
31 0
27 92
22 55
75 0
32 52
83 66
73 94
59 11
63 60
52 28
76 39
31 46
67 21
27 46
26 84
95 91
72 95
69 2
12 7
68 50
92 47
71 88
