175
48 90
53 81
83 52
73 10
36 29
2 39
37 47
13 57
62 50
55 79
0 78
21 49
0 11
71 62
36 13
73 83
71 49
91 27
49 9
66 23
58 59
65 87
22 47
92 44
67 19
75 3
42 32
83 18
48 77
93 42
4 39
95 44
82 32
86 20
40 2
67 38
56 32
81 79
68 88
49 55
70 29
28 10
29 54
99 74
26 93
93 12
76 76
78 16
8 20
71 44
18 88
26 27
59 0
78 86
60 56
39 80
88 86
73 77
17 63
89 88
19 72
13 43
71 35
23 73
47 41
5 27
4 9
23 22
6 66
75 38
22 12
51 23
84 69
56 25
45 13
54 5
97 30
92 91
3 35
98 34
27 73
45 7
31 85
73 95
17 16
30 24
89 54
86 41
68 71
87 44
23 61
74 30
40 23
85 88
62 64
11 47
80 37
95 74
26 81
26 15
19 16
58 41
50 19
63 21
92 23
47 86
42 86
21 82
88 67
78 31
9 4
30 37
51 28
2 24
22 2
88 82
71 21
51 34
84 65
65 97
60 14
82 8
54 17
3 92
11 38
12 28
83 96
76 98
96 22
11 82
96 90
85 96
55 12
9 50
63 49
15 66
16 46
39 96
85 13
40 52
17 68
4 50
65 74
1 60
11 28
53 61
56 87
25 40
51 72
15 51
1 31
73 52
18 58
66 79
28 17
26 68
57 27
50 66
8 85
11 25
45 21
23 34
43 59
72 25
23 31
34 88
78 36
10 32
9 45
2 86
3 19
93 36
68 51
45 61
3 52
