165
57 59
72 22
99 66
19 55
98 59
58 38
90 20
23 6
27 89
68 46
10 21
35 6
66 45
89 35
29 47
90 94
41 99
9 45
63 67
35 68
4 31
68 94
78 17
51 28
51 78
16 50
70 1
36 52
99 39
10 92
1 27
7 8
0 83
35 22
6 18
36 38
17 0
58 75
70 30
83 71
3 71
81 64
99 79
33 14
26 23
19 19
22 28
57 63
89 16
75 44
96 9
38 45
62 14
89 79
71 33
61 24
4 98
79 64
79 47
24 84
54 47
97 22
63 72
48 71
91 53
83 6
60 35
31 18
14 48
82 13
5 43
87 14
3 11
77 81
77 61
38 2
82 78
15 87
82 85
32 86
31 0
32 77
33 88
9 29
11 66
62 46
12 33
36 43
66 83
84 29
26 61
6 75
64 99
65 51
36 80
3 91
20 91
58 31
26 90
19 47
23 42
26 17
71 81
53 67
35 46
73 79
62 3
90 6
70 54
16 76
67 57
65 25
4 12
98 77
62 77
9 57
9 98
93 77
27 70
63 57
7 77
36 90
74 97
1 39
84 9
59 99
4 47
60 83
2 58
48 76
2 16
48 95
93 36
57 34
32 28
60 89
38 74
68 11
56 58
86 82
39 51
98 91
64 10
50 62
65 88
78 33
52 26
82 44
25 66
96 97
54 87
5 37
78 27
50 14
61 96
84 62
73 45
99 92
29 82
98 3
61 10
50 39
34 97
46 82
54 2
