168
78 64
37 14
2 58
23 93
37 97
96 52
0 51
56 91
86 11
61 69
80 93
5 38
52 74
46 92
13 16
24 32
99 17
75 88
28 45
41 57
10 93
62 76
93 86
19 19
90 2
25 94
84 47
82 1
8 23
27 74
77 48
36 37
4 77
76 26
55 92
58 60
22 46
92 47
52 18
55 11
87 46
37 65
11 22
61 7
33 5
29 31
64 79
91 39
30 3
7 35
40 3
43 87
81 50
12 54
44 21
51 21
70 99
44 13
45 84
81 32
47 17
17 62
36 21
28 55
13 87
42 13
8 53
41 73
83 82
68 52
80 88
16 31
63 19
13 46
54 46
88 52
30 42
22 38
37 19
9 14
0 36
1 32
17 12
70 61
59 1
52 5
62 49
53 27
64 32
46 25
46 40
79 22
47 3
76 68
71 16
9 68
74 41
61 12
68 31
64 63
66 44
93 19
40 87
82 46
87 91
25 99
63 33
22 64
89 91
64 38
82 57
28 80
51 70
50 49
79 81
24 5
82 27
87 95
85 76
6 66
48 94
35 67
71 34
53 38
5 11
98 44
57 54
31 21
97 28
83 80
6 99
1 31
2 96
35 49
42 70
90 25
89 68
41 48
78 43
81 62
33 97
45 45
66 89
58 76
3 18
4 3
18 68
6 83
76 5
13 62
24 25
30 25
79 91
32 54
25 51
64 93
38 83
96 10
73 29
30 1
80 37
99 96
59 38
83 14
33 60
51 57
32 8
0 5
