161
14 24
5 18
94 83
37 94
70 48
97 25
2 79
49 78
75 7
68 47
70 91
81 59
27 57
44 30
77 57
54 7
44 5
52 96
69 26
5 55
84 72
54 69
51 19
0 25
47 65
41 44
11 89
42 88
31 22
61 24
39 52
32 77
11 13
54 2
62 12
55 61
2 87
34 48
94 14
91 71
93 97
63 70
58 52
28 95
87 89
30 10
42 93
80 12
53 13
83 38
46 91
68 20
37 82
20 66
97 12
53 54
20 20
96 71
57 70
19 97
83 67
53 24
10 73
38 99
45 37
85 33
7 51
88 54
36 11
3 40
96 16
63 19
22 54
19 82
14 51
7 94
3 92
32 61
66 45
72 14
20 92
76 56
29 12
24 15
91 74
14 82
96 22
39 27
98 74
45 43
10 62
70 96
91 27
94 5
8 41
88 19
85 86
90 86
95 3
28 33
86 35
51 71
71 52
86 38
73 35
42 54
26 31
73 44
25 85
19 85
17 28
32 79
95 55
30 42
87 50
37 55
56 31
84 65
95 81
93 42
42 15
19 68
57 25
27 78
84 24
57 96
15 93
58 76
20 6
48 55
21 33
58 72
1 19
2 12
39 78
5 99
64 66
41 74
44 61
68 41
35 93
90 42
76 73
33 38
56 63
56 41
9 56
80 7
31 51
84 99
10 31
16 22
9 21
64 14
75 41
77 34
55 33
6 0
99 37
3 34
52 65
