149
97 14
33 12
88 4
93 56
26 10
0 1
66 61
50 46
71 52
70 77
20 6
97 42
80 12
52 50
56 31
69 24
78 47
69 35
12 11
90 9
17 13
31 43
72 98
96 6
48 16
85 52
81 25
88 93
81 2
55 13
52 25
73 66
12 3
51 13
79 95
88 74
80 90
90 92
60 43
72 43
77 57
83 38
82 72
67 86
97 7
52 19
53 36
97 67
77 5
50 0
10 8
71 58
45 37
71 15
57 24
61 40
76 20
70 88
88 14
85 84
72 85
79 62
82 61
80 9
63 29
17 34
86 43
27 42
18 44
50 30
58 37
89 97
66 56
85 9
48 20
50 5
86 19
69 46
56 6
28 16
82 46
88 29
4 14
67 71
90 81
84 96
58 51
81 69
16 29
73 30
82 59
89 62
25 22
79 0
19 48
16 28
75 72
84 81
98 79
79 87
71 95
82 15
87 28
99 85
53 39
71 82
77 29
70 14
76 63
84 33
88 48
16 22
80 59
23 43
55 41
70 27
73 70
91 29
55 23
2 11
85 1
98 32
56 20
80 26
93 82
81 72
5 30
85 76
70 7
80 32
10 37
85 26
93 86
14 45
58 4
52 7
92 59
14 23
73 51
1 4
19 20
79 99
79 40
38 34
48 35
76 65
75 85
75 17
16 18
