151
4 95
97 35
27 43
91 54
81 82
63 79
61 62
76 38
74 2
64 53
42 69
95 34
90 51
42 97
85 36
74 45
27 37
54 76
61 60
14 79
76 56
66 31
64 89
95 22
38 60
27 78
27 36
3 14
75 31
33 14
81 97
64 35
50 70
29 66
56 9
49 4
50 75
94 86
57 41
88 89
71 59
40 5
93 80
64 50
89 50
56 92
56 27
95 79
65 1
78 53
85 62
3 0
53 39
50 39
77 15
81 89
18 18
63 24
79 60
4 23
68 35
32 39
25 57
37 15
50 58
27 35
82 8
0 53
77 51
52 44
34 5
19 41
91 11
3 9
74 72
37 97
63 87
74 22
15 51
13 76
5 1
21 89
71 22
59 45
20 90
81 17
55 31
40 56
44 75
87 19
8 2
45 39
56 54
42 31
36 89
8 12
71 93
82 2
2 19
5 55
56 4
28 91
84 40
98 6
22 39
32 9
49 5
71 66
37 81
62 64
21 46
16 55
27 20
88 28
52 28
81 53
39 39
63 39
12 11
95 75
41 41
3 97
52 96
9 68
1 7
82 59
0 6
75 30
66 10
84 92
35 32
49 22
24 51
23 85
47 8
16 45
32 18
69 44
99 5
20 96
37 41
61 95
52 23
45 29
40 22
24 62
99 3
45 26
21 49
11 65
62 0
