171
32 17
11 73
12 34
71 48
64 44
39 43
16 36
90 50
90 75
11 94
30 96
14 80
98 71
90 34
3 57
26 80
95 49
60 57
24 29
44 10
45 56
42 92
73 39
29 85
67 86
27 52
14 2
0 51
48 21
69 72
68 80
29 92
11 98
1 95
34 11
69 13
30 23
76 36
7 58
73 32
47 41
85 41
65 11
82 71
36 26
90 66
19 33
50 53
15 58
12 28
93 79
97 88
56 37
87 20
22 24
32 37
51 75
7 81
12 77
41 85
34 68
46 14
10 67
54 34
98 94
7 96
28 11
34 0
35 13
40 22
36 65
42 44
38 55
53 38
82 37
22 41
2 27
3 19
23 50
44 35
85 64
10 25
63 75
37 63
19 64
79 48
15 29
37 21
55 41
29 41
85 9
59 88
74 51
51 90
27 22
13 12
12 84
60 93
40 46
29 34
54 97
42 30
82 6
82 17
89 60
56 46
56 88
97 29
60 41
94 17
66 6
74 60
58 11
31 4
43 54
92 7
50 95
88 88
11 41
42 20
67 94
54 79
79 86
43 70
67 93
73 38
58 79
36 34
0 60
19 43
63 5
68 48
17 84
72 46
9 38
76 70
97 9
85 80
69 34
70 45
11 51
55 79
55 77
15 41
25 47
62 99
54 69
99 21
52 17
24 25
94 86
45 89
30 18
53 81
24 21
80 18
53 67
39 74
80 74
61 42
36 44
49 74
78 63
54 91
63 27
62 30
2 33
82 65
6 20
69 66
73 89
