171
61 63
73 25
15 79
42 11
87 71
6 65
86 44
9 37
41 89
14 98
46 99
20 64
97 66
70 66
59 60
74 53
70 10
97 26
71 36
53 37
4 7
20 96
93 56
99 74
25 22
46 61
92 3
46 77
84 96
89 99
79 80
73 2
2 8
44 16
58 80
86 53
29 62
3 73
32 93
80 36
52 20
28 34
88 29
40 93
35 48
78 99
15 36
93 64
18 11
41 38
69 13
59 67
81 94
39 24
26 29
18 71
15 15
39 62
50 71
31 4
30 90
95 89
23 88
80 86
95 7
9 63
15 56
31 84
89 41
39 40
40 26
13 78
66 82
57 57
11 50
13 54
31 88
56 38
3 32
24 73
67 32
15 91
82 26
63 12
8 22
93 33
45 55
16 41
83 82
19 0
15 25
8 14
1 43
27 54
0 63
83 74
28 13
65 60
31 72
95 57
68 97
19 82
85 91
39 12
17 94
4 33
15 29
7 19
43 3
53 89
69 77
5 47
41 48
20 87
86 90
17 33
3 19
84 77
23 69
40 33
27 46
78 94
74 79
59 94
61 54
10 49
73 80
60 27
48 38
29 58
54 42
65 9
74 22
20 52
55 74
24 51
15 73
94 74
38 90
92 95
36 35
61 34
67 47
8 79
89 26
30 71
89 69
33 79
42 74
3 69
46 50
38 13
72 86
76 65
48 6
79 49
33 13
73 84
62 51
11 83
70 56
80 42
40 52
56 47
78 10
16 8
55 9
65 1
67 4
42 23
15 7
