175
25 70
23 74
45 9
79 2
27 67
69 8
21 38
19 5
40 67
37 76
47 80
38 73
4 85
94 49
65 30
76 92
50 78
58 66
21 56
91 58
22 80
68 2
81 68
92 80
29 71
51 89
67 71
92 65
31 67
91 45
96 61
95 79
75 84
70 62
12 41
38 7
14 6
13 92
23 96
64 73
94 84
97 54
15 49
7 33
48 72
60 37
93 14
34 87
50 3
7 94
51 44
59 47
87 52
14 98
46 99
45 57
31 32
56 72
44 50
48 30
64 52
19 58
30 51
4 74
36 50
24 31
39 27
95 89
49 37
56 3
85 77
31 38
71 62
48 93
76 40
10 8
84 83
30 7
25 4
7 58
77 86
72 13
85 78
67 16
92 13
48 59
26 84
8 82
52 28
76 71
19 43
69 54
91 9
75 43
58 32
15 52
61 24
36 12
60 9
97 69
61 51
36 27
64 89
43 78
93 53
43 44
64 65
52 54
86 73
58 15
29 98
90 50
3 37
45 86
44 17
8 61
82 93
30 32
92 89
26 42
26 63
15 89
33 73
56 55
77 99
17 18
47 13
88 31
55 32
65 48
86 64
32 62
77 15
97 8
80 49
54 21
96 81
6 7
1 11
76 66
12 61
58 33
52 97
97 47
52 8
2 95
49 87
86 96
65 19
59 85
50 35
6 21
52 87
17 90
72 52
19 68
0 20
22 85
97 39
85 59
13 19
0 61
43 15
29 91
11 95
63 14
47 31
30 87
39 96
97 28
14 11
57 97
33 9
98 55
41 9
