158
54 22
27 72
79 86
74 65
88 10
98 1
92 29
26 4
28 20
25 53
69 37
16 78
54 83
85 76
99 41
61 28
92 5
18 17
59 54
61 16
57 96
81 57
54 4
72 6
68 86
11 47
97 2
94 9
88 17
55 9
8 55
8 17
74 24
75 83
95 34
5 19
14 17
92 46
11 29
0 25
27 2
32 7
56 98
22 75
54 16
71 86
27 66
65 8
99 56
90 26
78 20
61 66
14 94
24 96
29 62
72 19
65 65
93 79
85 42
70 97
74 96
17 67
19 18
91 73
12 87
88 78
71 68
63 67
23 78
29 79
14 0
53 99
6 95
21 82
60 50
97 58
72 90
94 59
16 21
50 65
68 13
3 88
85 53
10 94
82 72
85 56
84 81
14 2
18 90
9 54
10 54
61 77
81 8
68 95
85 69
71 49
31 16
3 82
54 92
67 83
4 0
65 44
6 13
22 73
76 34
7 62
25 15
16 26
14 68
56 27
57 12
64 91
26 85
23 88
24 9
16 99
78 24
86 17
6 72
49 89
13 96
92 62
4 56
2 68
66 37
11 75
18 55
17 59
25 29
11 24
3 19
99 36
70 29
97 70
3 6
77 48
83 26
12 61
62 97
60 43
23 16
16 9
20 11
28 96
84 24
2 3
97 43
50 90
81 32
57 71
25 94
78 61
96 11
26 10
99 33
2 56
18 49
11 96
