180
70 37
54 25
25 73
65 8
81 91
93 75
50 96
17 14
93 36
30 48
77 55
21 65
87 38
85 1
82 85
42 29
31 70
86 57
77 11
59 18
64 3
85 80
27 31
39 83
51 74
34 11
55 61
80 36
29 73
84 29
5 4
47 30
75 89
75 76
30 40
18 27
34 27
75 29
67 84
80 64
55 35
99 20
72 98
6 26
53 82
20 47
11 72
37 89
89 52
64 40
22 99
78 79
26 20
76 58
79 88
57 36
55 7
99 15
58 68
86 94
91 89
58 60
97 50
13 15
41 86
19 8
71 54
87 2
64 79
68 79
38 49
15 69
6 17
82 18
42 45
24 78
76 60
83 12
32 91
40 40
39 56
36 33
41 95
87 43
95 60
58 80
62 66
19 40
35 12
3 60
4 78
26 4
31 84
65 78
46 76
9 79
7 89
3 80
46 66
22 11
48 12
64 97
52 3
95 10
23 41
9 29
30 6
26 18
14 31
59 97
54 48
34 40
62 24
49 57
89 64
74 29
80 83
41 54
26 26
95 35
13 34
65 67
65 55
36 44
6 95
72 81
74 54
97 64
23 21
62 84
1 8
60 46
16 43
13 67
12 19
13 99
60 49
87 17
48 39
53 46
47 59
52 67
21 24
61 13
43 37
70 17
1 46
81 98
91 64
29 25
7 98
44 62
48 85
21 77
87 16
64 15
98 39
84 3
19 80
2 1
42 36
60 86
28 53
74 94
96 7
37 33
33 47
9 14
15 49
26 59
97 3
71 40
99 76
71 79
92 59
2 53
1 4
52 65
51 12
7 8
