163
49 86
59 46
93 78
0 24
39 39
53 83
31 3
51 9
76 30
95 15
54 36
92 64
14 93
81 42
55 12
89 55
3 2
39 85
57 68
2 97
83 47
83 3
79 3
15 69
90 33
18 64
98 29
35 65
75 18
82 66
85 32
11 40
37 44
2 85
46 32
59 59
63 64
51 62
97 73
38 74
86 85
99 9
86 13
40 52
31 63
16 89
68 83
21 78
55 89
93 40
67 58
98 23
84 55
15 85
45 51
84 80
50 95
82 49
42 27
40 58
68 0
77 80
27 25
54 85
54 98
54 49
55 24
95 26
24 59
50 68
29 55
66 86
62 28
80 88
82 24
27 41
68 35
80 58
74 60
26 27
30 50
65 8
43 70
68 50
66 98
41 7
3 7
92 60
68 11
98 52
22 74
48 42
98 55
91 28
40 36
99 88
63 41
29 45
78 20
52 22
45 7
99 80
87 92
77 73
12 74
42 62
11 86
30 22
27 74
33 70
51 42
5 42
96 44
2 47
73 57
92 55
83 75
22 71
96 21
6 17
44 3
1 94
64 56
72 5
18 98
66 4
10 24
20 24
45 70
55 38
35 22
24 85
74 41
68 88
47 91
22 41
27 69
88 41
45 99
73 68
95 58
25 85
62 58
24 96
61 64
72 97
12 81
6 98
4 64
20 94
70 31
69 22
34 9
92 25
57 1
9 32
70 92
1 62
3 31
1 16
0 56
9 96
14 53
