132
92 28
59 56
98 67
4 7
91 67
93 49
78 85
50 29
62 61
95 76
39 26
87 42
78 95
72 53
4 34
89 12
82 31
20 97
24 58
98 60
93 7
22 35
50 21
19 91
50 35
34 29
44 49
41 51
26 39
94 54
11 12
9 41
66 31
83 75
88 75
9 62
72 47
98 3
14 48
98 97
97 45
39 74
77 19
22 28
83 57
93 99
17 24
36 42
33 94
98 24
95 70
44 40
37 32
88 78
94 95
88 28
90 41
89 15
98 12
43 81
96 92
95 23
88 66
94 16
39 17
97 85
91 61
53 12
81 92
97 58
21 16
95 85
91 37
5 3
88 53
98 38
13 51
91 94
1 1
78 38
53 10
78 5
90 25
16 60
97 25
92 81
2 89
92 60
96 12
50 8
99 31
79 42
89 20
13 72
92 3
96 41
10 9
33 99
94 10
24 63
46 84
76 16
16 52
98 33
14 20
76 2
94 12
5 61
92 55
89 47
95 38
46 3
34 51
59 3
97 64
51 59
28 44
31 4
93 62
44 14
52 66
94 90
12 74
3 84
89 32
92 32
89 88
95 79
98 78
96 29
89 84
98 15
