168
0 36
27 35
85 47
22 25
69 49
22 61
83 19
39 35
55 41
90 75
56 23
98 5
55 96
88 24
36 76
86 85
31 65
29 79
9 73
48 83
28 12
95 14
49 75
20 18
61 75
50 44
49 3
6 82
84 54
92 20
78 44
1 89
32 49
46 91
42 59
68 97
75 44
71 85
79 86
42 42
47 96
80 77
7 24
46 15
84 29
9 54
23 46
93 81
2 18
45 65
37 49
75 22
95 53
71 8
53 14
49 54
32 42
19 51
31 9
10 14
83 14
53 29
9 82
22 6
34 66
96 99
55 68
23 36
24 9
34 37
85 37
87 70
66 85
43 33
64 55
69 42
52 35
65 14
62 94
44 19
34 11
4 37
66 58
16 84
5 47
38 9
73 79
83 23
94 79
31 49
12 22
28 26
87 61
76 58
34 45
91 18
55 84
88 97
84 96
75 35
29 3
57 7
16 74
33 66
90 7
14 9
5 51
12 28
93 32
50 84
52 24
8 62
81 97
42 62
42 21
95 60
15 88
97 37
19 60
17 36
11 98
73 64
76 9
19 61
40 11
62 88
30 30
28 44
91 40
47 23
91 98
17 28
67 16
64 49
41 41
22 82
18 69
65 1
41 16
14 91
17 63
39 4
11 48
86 56
75 65
98 29
88 60
56 12
30 25
33 5
22 92
90 94
21 20
67 63
79 71
92 2
99 23
4 44
52 9
60 84
97 70
50 28
72 75
90 71
57 2
43 82
36 52
13 52
