171
3 57
29 17
74 25
96 81
31 64
31 17
77 48
39 28
3 67
86 51
65 32
29 68
84 83
21 65
35 47
38 78
63 90
26 80
52 39
42 42
51 1
77 95
22 46
17 36
30 84
12 97
99 24
42 13
65 92
56 30
72 7
32 13
29 54
36 77
92 31
20 86
0 46
55 89
84 22
63 70
45 86
25 29
50 23
8 11
52 28
65 53
38 43
59 95
76 72
48 53
91 78
6 93
34 68
78 71
58 25
81 24
13 48
96 35
13 70
7 43
39 9
17 63
77 59
49 56
70 68
34 81
91 94
44 40
60 38
24 12
91 49
87 99
2 96
51 55
57 1
53 12
25 21
65 58
62 15
70 0
0 61
0 30
58 62
99 43
96 8
90 61
7 59
4 63
66 82
9 28
32 22
15 7
32 50
2 54
25 77
47 25
9 33
84 10
72 86
31 92
62 2
8 8
50 82
84 59
63 40
99 4
78 81
80 88
20 93
27 98
6 51
73 36
66 80
97 94
96 58
95 48
86 46
21 62
18 28
1 90
14 38
63 61
36 5
66 46
18 31
1 17
3 46
28 51
32 39
61 80
43 3
99 22
42 92
15 74
26 26
96 91
92 69
54 88
91 98
78 43
64 73
32 44
97 59
55 19
75 83
47 2
11 76
28 3
9 64
57 46
90 14
30 60
20 25
51 48
7 3
45 27
15 3
44 93
73 55
14 42
45 35
71 32
45 28
56 14
52 51
97 71
99 32
35 30
67 79
2 95
49 92
