140
86 2
97 0
91 25
71 15
86 73
61 31
28 8
91 19
43 51
4 10
46 82
29 53
40 6
23 84
95 55
8 40
0 83
16 37
19 46
3 57
48 27
94 32
82 70
60 26
34 24
71 83
46 95
60 86
27 86
17 60
2 34
27 84
62 28
86 58
53 92
99 39
26 55
5 26
25 67
55 84
95 20
80 7
26 51
94 22
93 54
27 81
29 71
71 11
84 57
25 73
98 43
89 71
13 96
74 97
37 3
88 40
25 6
7 55
24 61
95 72
95 95
15 75
86 25
28 17
84 14
6 83
94 35
84 41
41 90
59 2
91 7
43 83
92 66
72 26
14 26
84 48
51 3
62 70
3 77
37 15
98 26
67 28
27 41
81 18
51 94
31 3
30 36
50 39
60 39
36 27
17 52
28 12
50 24
90 6
54 72
69 22
28 46
55 92
24 99
84 36
59 15
59 89
27 94
47 88
18 93
94 36
24 62
53 23
56 26
53 0
36 81
49 57
30 88
6 94
13 85
60 91
87 99
58 72
40 26
37 84
64 81
12 54
59 95
96 50
94 46
60 29
74 37
57 33
12 86
20 6
28 4
97 10
27 2
62 94
16 84
94 8
74 57
93 1
94 4
3 73
