172
36 22
44 50
21 50
18 80
7 40
62 12
21 37
1 37
83 24
34 44
15 63
40 55
45 27
51 29
79 64
50 44
42 34
55 70
57 66
37 6
70 87
56 93
72 52
11 62
83 54
46 99
97 80
75 29
74 22
48 53
42 80
34 57
80 36
60 29
66 60
10 34
38 70
74 24
97 92
66 19
56 74
88 1
50 63
38 8
38 12
5 72
35 66
44 69
94 12
24 56
43 45
66 29
45 14
79 74
4 28
87 39
53 21
58 63
25 77
95 56
20 94
30 65
54 73
94 26
4 86
89 92
51 25
6 47
12 56
56 40
7 4
76 41
75 62
68 10
48 9
83 91
45 39
30 53
4 51
45 94
97 45
81 75
24 50
73 39
23 58
92 6
83 8
28 5
79 45
84 6
79 26
95 25
87 10
66 95
80 16
97 3
27 63
12 13
60 21
61 23
88 22
84 97
92 70
51 4
66 65
38 39
92 32
0 42
89 66
14 91
86 43
34 84
53 62
74 81
99 54
88 15
74 51
11 19
6 4
82 75
43 75
20 46
36 79
45 41
61 60
66 82
24 67
63 87
12 10
4 88
18 34
22 5
92 72
94 37
12 19
24 43
41 23
56 80
6 79
7 84
12 27
54 88
9 4
10 90
31 77
88 52
66 55
16 54
10 50
84 34
42 85
69 25
73 76
39 90
16 57
45 1
61 7
45 13
18 64
34 59
96 79
21 56
26 30
5 67
26 92
68 99
1 10
42 20
29 94
98 65
0 92
80 50
