160
46 80
25 94
76 95
74 72
33 57
52 66
11 90
91 73
56 49
84 47
80 89
78 13
48 33
54 46
75 55
9 28
25 63
64 51
12 27
90 29
47 46
2 27
99 44
57 50
0 18
13 22
45 12
53 84
95 41
51 96
60 27
83 70
61 59
93 92
77 52
13 66
1 32
84 84
46 24
6 51
38 88
77 37
49 42
44 52
5 71
43 57
34 28
23 98
58 84
45 75
17 54
37 80
31 72
23 12
6 44
82 83
57 91
20 52
19 64
47 39
19 8
22 30
82 64
2 93
49 65
86 17
31 15
30 91
52 14
62 16
31 87
57 66
42 65
38 4
52 89
99 87
66 18
16 72
50 35
27 17
14 80
63 97
90 25
25 39
60 66
54 26
92 88
13 11
80 58
3 66
20 55
89 73
8 63
42 70
4 23
92 43
66 84
38 25
79 17
12 96
50 48
68 4
91 18
66 81
23 39
10 73
11 54
74 48
93 32
75 61
93 76
30 81
91 78
45 3
98 49
86 95
89 7
62 37
93 48
47 65
53 35
79 32
12 37
37 8
74 31
60 53
99 91
94 9
53 95
32 16
9 36
75 89
96 54
72 90
29 32
6 10
75 22
69 11
12 42
93 34
0 47
4 10
94 81
72 13
52 30
98 34
8 19
82 6
42 45
71 79
79 68
8 79
16 35
70 37
13 49
80 27
70 81
58 99
28 53
52 98
