177
33 7
67 81
94 36
98 12
77 11
8 3
92 26
61 29
6 96
52 28
5 84
58 11
61 62
55 26
38 50
4 49
74 68
80 31
30 81
97 12
75 26
3 10
26 46
31 1
4 36
85 27
30 54
49 83
37 78
8 17
20 1
14 60
13 24
67 78
18 43
42 50
12 54
76 3
95 36
98 43
75 95
25 36
72 58
9 77
42 91
43 52
42 63
30 30
68 97
25 88
3 15
60 82
97 83
63 4
11 48
82 46
91 89
11 38
41 81
96 39
68 5
30 59
42 52
54 24
83 21
63 57
80 50
79 58
39 41
25 12
7 73
30 63
87 60
52 72
10 91
48 90
34 76
39 56
92 72
54 36
87 16
26 62
96 50
16 93
47 57
0 73
91 30
91 7
88 8
41 65
66 98
38 11
25 63
92 58
53 73
85 79
86 65
29 97
86 53
80 47
1 86
46 44
97 53
57 21
71 6
76 98
55 73
45 18
42 3
88 81
61 87
34 7
78 22
76 90
94 35
18 74
2 91
60 59
57 97
40 11
88 1
1 39
31 23
81 74
26 68
90 25
70 15
44 81
26 77
7 59
41 30
68 26
53 14
57 49
98 69
60 16
33 95
95 13
26 13
95 16
72 40
64 38
38 17
62 70
15 79
41 19
64 40
70 22
64 67
77 73
76 43
71 85
0 21
98 72
43 12
49 1
36 72
50 75
21 48
79 91
31 72
50 54
32 96
29 13
13 18
59 7
55 53
60 74
14 48
60 38
52 32
34 97
87 6
96 30
2 42
59 5
19 6
