169
59 16
62 67
49 47
48 59
43 91
49 91
2 99
16 94
30 68
67 19
34 44
82 31
51 53
13 84
95 90
97 96
40 51
66 56
34 17
21 74
28 42
32 30
0 49
68 37
79 12
9 19
27 84
27 52
10 13
47 24
23 82
92 29
30 79
25 3
15 54
66 77
68 24
14 61
46 18
79 44
32 34
44 84
18 92
95 81
19 4
41 58
95 13
68 31
42 34
87 13
93 38
84 5
4 25
23 57
9 70
88 24
51 39
67 77
47 63
85 83
85 71
58 76
78 59
34 9
85 48
3 10
28 63
73 21
53 67
72 54
4 91
86 93
90 71
61 17
13 48
73 59
0 23
3 74
53 85
61 66
34 82
41 14
42 52
49 86
50 93
71 23
34 87
81 95
44 33
80 73
91 6
88 45
33 43
76 88
40 99
22 26
52 96
11 74
8 42
9 72
18 60
78 48
86 78
2 79
45 96
56 53
35 38
92 88
15 35
5 84
94 49
4 63
43 29
12 30
72 97
31 15
33 60
4 65
74 81
64 75
90 61
84 71
57 82
47 74
2 5
72 95
87 18
36 63
82 83
87 57
7 53
28 34
97 74
28 13
34 72
43 60
16 19
10 56
44 39
9 87
83 39
55 87
70 51
28 20
46 5
87 41
31 74
70 59
57 97
87 53
15 90
3 30
20 97
68 51
28 88
23 77
72 5
67 50
74 91
93 89
79 58
75 29
7 1
74 26
32 76
99 89
16 97
59 57
72 3
