164
61 52
71 85
46 16
8 3
88 12
57 41
82 61
91 7
46 46
51 47
62 47
26 77
35 20
60 71
70 74
55 10
43 61
18 38
33 50
86 45
12 67
3 13
36 93
34 65
12 41
12 32
23 84
96 82
50 61
47 86
6 75
71 0
8 24
17 68
21 97
52 93
69 84
76 23
55 27
49 6
73 7
96 7
8 88
70 95
62 44
45 11
88 90
93 16
81 35
95 57
33 85
14 36
58 98
93 52
73 5
83 96
27 22
13 73
20 6
91 80
42 15
77 13
83 33
65 38
33 48
40 53
86 50
26 0
79 67
79 32
25 90
93 40
37 62
32 70
66 80
0 47
31 42
96 19
18 31
38 53
51 54
56 77
57 64
92 86
69 15
96 36
71 70
15 0
72 6
65 91
38 68
33 93
78 98
31 96
83 15
14 46
74 90
18 10
48 75
90 95
63 15
99 63
86 68
31 57
81 62
41 1
69 19
23 25
49 28
82 73
67 31
87 4
79 51
61 80
81 88
28 90
91 28
62 41
39 3
96 87
48 19
19 79
71 58
84 84
41 32
46 58
73 44
11 95
88 1
6 99
9 48
3 61
31 29
74 6
63 63
37 86
93 63
93 14
55 39
18 97
75 28
99 24
58 66
55 78
98 12
88 37
1 55
2 36
67 45
6 39
38 75
67 74
52 89
66 3
65 18
56 38
65 94
0 51
6 63
66 87
66 63
0 98
85 31
51 84
