167
94 20
13 85
24 86
69 90
10 9
94 49
78 68
80 93
94 83
35 49
40 46
79 62
71 52
6 19
38 88
44 25
23 53
42 71
49 21
58 89
68 25
23 51
88 66
13 57
11 59
39 82
48 13
17 89
87 33
99 61
43 65
42 17
15 35
58 70
31 5
16 78
26 70
39 9
29 24
29 14
47 15
66 38
29 78
90 3
93 91
29 44
34 84
13 91
29 21
75 34
51 99
48 60
25 96
85 90
92 85
32 63
57 72
84 34
83 33
10 13
66 62
96 13
46 73
79 99
23 25
2 59
74 93
60 10
77 14
51 19
23 57
70 20
24 3
98 7
86 48
84 55
68 6
39 97
48 35
80 42
90 21
12 31
67 98
69 68
46 27
87 19
66 75
96 63
48 51
2 39
56 86
11 94
39 0
27 40
70 18
40 67
24 5
90 89
44 90
75 72
29 17
57 46
72 77
28 83
49 24
5 92
42 12
74 84
64 67
5 33
18 22
54 97
52 41
81 56
49 78
37 65
33 44
94 65
5 53
93 12
51 81
91 56
66 18
84 9
84 94
77 85
15 69
97 37
38 33
79 81
58 3
93 97
4 59
94 90
93 16
40 93
38 79
74 67
89 9
56 47
63 87
98 57
96 90
93 3
50 41
51 72
27 1
46 52
31 58
75 6
11 44
30 91
74 60
38 69
94 37
60 4
37 88
89 97
54 27
23 97
96 3
77 54
73 14
36 92
97 30
1 52
26 77
