162
93 23
4 30
11 43
67 17
32 6
61 80
69 89
35 37
34 93
47 32
12 16
18 97
11 5
41 77
36 24
96 50
65 39
67 68
66 18
16 51
58 94
6 23
55 29
61 92
60 6
96 86
73 65
94 66
52 94
57 62
53 5
6 19
85 88
17 23
76 28
33 11
46 22
71 27
86 65
33 41
61 36
1 18
7 95
23 89
45 18
73 41
42 80
45 8
9 37
85 3
34 66
46 54
81 14
55 13
34 77
45 28
12 85
78 79
55 49
34 62
7 81
16 42
39 89
1 98
24 30
93 47
28 87
35 74
64 97
21 25
79 58
25 66
29 47
24 4
19 67
51 38
60 21
62 13
55 25
38 11
59 46
28 41
82 54
71 32
41 57
32 87
75 78
42 64
66 12
95 35
67 10
10 28
55 36
67 71
97 27
56 85
34 52
90 36
91 49
16 85
69 83
60 96
83 68
35 86
53 17
52 61
79 68
20 57
67 3
40 60
41 32
97 39
79 67
28 3
52 58
78 25
80 97
24 73
79 91
2 51
78 30
42 46
19 56
47 45
7 83
56 86
21 82
43 10
48 78
11 76
37 44
49 3
12 81
0 36
92 81
58 99
89 1
47 70
98 13
19 61
26 60
51 8
80 37
3 99
19 13
68 62
33 99
73 67
18 18
9 98
37 83
10 1
98 33
43 1
0 42
39 96
15 1
99 64
88 7
75 1
65 44
0 60
