171
44 81
48 37
58 88
12 65
69 58
22 67
53 80
5 12
84 42
14 22
42 68
6 42
67 89
48 67
91 59
24 36
59 1
94 70
25 77
71 70
46 36
29 16
12 92
96 37
21 23
78 39
36 74
70 93
87 9
52 32
68 3
54 38
63 42
87 77
96 76
66 10
29 94
83 58
70 96
54 71
71 29
67 46
78 76
17 38
96 22
89 83
47 28
93 47
28 95
70 36
33 71
8 16
50 53
92 65
58 52
44 60
81 34
2 10
17 67
32 17
48 65
46 10
50 70
64 69
57 22
45 85
22 63
67 39
25 44
18 42
92 92
42 10
92 42
67 83
5 63
37 53
75 38
86 50
28 24
77 36
40 24
53 2
78 72
38 38
76 15
40 41
74 96
12 94
82 75
73 73
97 9
94 53
11 28
2 40
33 24
29 89
62 21
91 15
41 56
75 58
30 65
77 30
57 80
29 98
17 92
75 4
11 58
36 67
22 32
94 17
18 85
90 74
17 1
41 47
16 9
52 91
3 18
0 1
3 75
18 57
0 61
17 96
82 11
94 30
66 16
60 38
27 55
47 17
71 56
87 32
29 13
39 71
31 32
31 81
33 7
83 6
25 1
46 97
38 96
66 53
45 41
29 29
68 68
43 64
27 25
99 4
34 85
70 91
36 15
23 61
87 18
25 28
43 6
17 14
43 71
65 32
76 89
85 22
15 25
40 62
44 2
76 49
24 18
69 41
55 95
36 0
8 34
81 83
6 71
76 56
60 97
