168
69 27
11 76
65 70
58 9
43 54
32 87
93 48
45 94
54 88
73 8
38 93
47 11
58 45
84 74
56 23
32 6
4 49
87 20
93 39
33 14
15 42
51 9
95 59
63 73
24 44
94 23
80 84
64 86
89 91
9 49
22 37
85 6
67 69
31 67
54 83
13 30
28 54
36 92
5 39
95 6
95 70
99 5
83 56
48 37
2 72
4 68
26 95
90 85
37 20
45 24
47 66
40 83
76 17
25 70
36 50
52 92
9 8
41 60
64 58
28 84
31 78
95 64
51 72
63 58
43 46
6 91
35 19
8 84
79 87
79 21
15 89
78 39
21 49
40 89
90 29
24 82
70 68
70 86
71 9
36 35
79 9
78 74
69 51
82 72
85 84
95 50
49 32
69 85
38 13
23 90
42 67
19 42
83 41
82 7
42 21
8 4
76 88
70 36
31 42
93 31
17 18
45 31
95 92
64 38
38 39
60 75
96 10
88 96
35 60
51 30
80 49
4 56
79 53
64 7
41 13
40 16
37 1
54 51
6 42
58 32
98 67
55 72
18 19
82 92
95 68
41 67
68 95
5 5
39 73
67 74
92 34
83 11
94 68
29 6
78 3
98 56
89 73
43 36
67 54
37 79
92 11
43 52
70 61
5 25
61 55
20 59
32 49
85 4
83 45
60 95
32 29
77 26
32 20
15 97
74 35
60 85
34 28
86 15
31 27
1 20
44 97
72 99
78 29
30 93
6 98
63 94
58 50
38 26
