166
48 4
87 75
9 11
22 75
41 26
61 37
18 33
61 2
72 77
33 47
41 69
92 33
81 21
22 18
22 35
55 17
9 60
36 38
91 23
11 30
80 8
24 29
29 88
49 65
6 47
58 12
37 23
26 81
13 87
83 34
36 79
35 85
78 30
64 33
61 51
99 88
85 18
67 61
71 11
1 15
81 72
98 35
88 44
71 34
57 20
64 73
86 1
5 77
4 73
2 86
19 46
46 47
60 19
28 77
22 87
24 61
97 7
51 70
84 38
65 76
66 53
29 93
6 95
44 76
18 40
49 48
89 51
4 76
97 65
72 90
96 91
10 74
12 9
61 82
24 39
18 81
52 37
54 88
20 68
79 10
27 65
28 51
25 58
67 11
19 4
15 55
82 11
99 79
93 65
89 14
54 82
33 4
32 38
80 35
77 14
80 0
93 57
86 87
3 10
73 61
70 23
98 45
66 85
23 42
12 15
11 45
96 79
22 13
97 48
55 27
32 84
74 44
62 11
39 61
56 89
53 53
54 34
20 6
4 98
22 27
14 25
31 33
96 59
14 48
10 35
66 42
33 24
74 2
73 26
30 20
41 96
34 70
41 88
47 41
72 17
1 19
80 58
28 58
14 71
93 83
98 25
75 62
20 66
98 97
41 56
47 56
86 49
19 6
92 68
25 0
5 20
93 21
0 20
24 3
57 33
41 0
9 68
17 9
40 29
95 72
92 1
35 28
75 81
18 29
77 83
79 94
