167
43 28
6 31
17 97
69 94
90 63
19 5
67 1
99 92
53 42
68 13
62 92
94 13
19 0
11 46
95 55
14 60
24 6
98 32
50 66
87 67
86 50
79 49
2 75
21 49
9 10
48 52
40 57
73 82
41 33
94 46
5 4
75 19
91 1
5 97
90 37
29 10
30 29
32 43
96 22
17 52
75 26
67 80
37 47
77 35
14 65
63 32
15 42
53 78
79 70
9 15
20 47
95 79
40 71
0 0
21 72
73 63
0 14
73 90
75 29
12 90
72 62
20 38
61 40
46 48
50 40
72 4
6 63
73 92
47 38
32 96
3 13
3 36
70 58
10 40
65 85
23 92
6 76
47 94
53 33
57 30
78 60
34 38
16 46
28 87
83 22
73 16
11 85
81 30
57 99
52 70
52 99
23 21
31 36
37 89
16 24
57 94
24 25
13 31
9 71
13 19
73 47
35 2
40 67
6 81
64 71
55 54
52 71
31 27
37 7
81 37
37 51
31 84
50 63
21 96
39 45
30 88
20 22
62 8
41 6
18 27
17 17
73 67
33 76
66 71
86 41
78 48
94 74
85 73
7 26
6 18
76 79
30 72
70 89
85 1
8 50
34 44
66 52
97 22
21 80
15 8
43 38
81 96
8 0
68 8
34 34
63 60
36 19
59 66
57 43
53 51
55 97
35 74
35 78
28 64
56 19
62 56
0 94
47 7
64 28
96 99
16 38
36 97
82 52
77 74
63 16
60 20
5 29
