133
73 6
64 74
36 75
85 22
49 45
93 5
13 26
0 3
91 68
60 21
82 79
30 81
57 85
44 62
42 67
97 96
35 23
19 9
70 99
89 62
77 38
24 45
50 92
23 95
59 79
22 55
83 30
12 29
53 86
50 95
97 1
6 31
62 69
19 56
2 90
75 90
63 26
60 30
40 19
76 45
98 49
33 86
18 16
51 42
41 12
3 94
13 74
23 4
84 27
38 71
26 51
65 63
50 47
17 64
2 45
58 32
89 68
24 48
21 1
48 0
38 28
54 42
75 40
7 90
16 18
17 59
81 32
29 45
31 41
6 89
94 52
87 18
5 34
49 98
73 95
31 88
95 8
44 53
3 43
92 65
26 41
5 84
36 24
68 56
35 34
75 94
69 61
77 89
31 39
80 38
4 37
60 79
47 51
82 85
55 92
75 52
12 71
48 5
58 35
93 61
94 4
25 54
13 66
28 93
83 77
54 37
72 4
93 16
94 57
74 47
84 73
33 79
12 20
39 14
7 81
47 8
33 28
44 11
1 49
90 14
63 17
69 55
47 56
67 8
11 76
70 12
64 17
0 99
88 71
69 12
70 1
22 98
70 9
