166
94 51
13 11
16 6
37 70
23 25
52 11
59 89
80 16
6 30
98 64
0 1
70 32
42 83
42 3
42 88
82 8
16 3
32 42
30 88
33 16
15 96
89 88
80 91
79 74
68 81
96 25
14 83
68 3
76 42
62 61
83 52
90 45
56 81
28 59
17 70
21 37
87 27
19 22
63 8
28 3
23 97
23 16
63 70
74 58
87 31
87 13
42 65
49 46
60 18
27 63
8 47
32 3
76 96
52 30
70 24
60 23
5 58
75 5
11 13
18 89
76 10
56 20
72 80
51 76
38 92
73 52
82 24
8 83
88 57
42 79
73 42
65 65
9 4
46 30
97 7
52 92
12 49
95 10
5 54
80 79
69 17
99 75
8 7
45 37
97 75
23 64
65 23
55 74
66 86
64 51
54 53
92 23
0 49
77 40
88 64
49 24
34 6
75 15
4 49
49 96
57 69
13 74
12 44
38 43
59 76
45 40
44 91
62 95
73 88
79 85
43 24
35 24
66 71
66 15
38 16
28 45
68 74
26 85
46 21
62 45
30 40
47 21
43 60
58 8
21 50
21 63
9 74
18 27
25 77
36 34
59 56
46 47
79 66
58 84
54 98
11 83
46 17
89 68
20 8
57 25
62 78
26 60
17 74
13 24
67 39
42 45
32 31
23 80
60 39
6 94
77 27
5 12
10 80
16 98
98 36
38 97
95 91
30 48
10 89
18 61
94 92
50 47
19 79
80 26
1 12
11 72
