170
26 26
2 80
93 84
67 66
96 55
50 70
44 39
40 79
89 30
96 81
24 64
82 86
31 90
69 85
66 18
27 32
96 60
56 28
42 63
36 59
61 90
36 52
40 54
46 62
98 96
64 69
47 22
66 21
94 65
3 61
8 83
43 70
51 64
15 87
5 81
84 55
61 27
69 5
6 4
19 46
61 12
12 84
73 88
79 9
48 51
2 99
87 5
83 19
89 49
85 30
42 77
22 73
37 85
62 81
48 28
89 91
58 6
8 99
24 16
1 72
30 33
44 6
11 47
48 41
70 12
6 35
72 97
42 25
76 91
45 98
30 88
89 43
75 80
37 39
15 2
71 23
40 2
62 40
67 30
76 77
84 38
11 79
28 53
54 54
18 90
44 2
76 13
58 58
95 14
76 51
2 36
24 48
25 61
47 94
13 41
75 2
32 6
37 96
35 50
1 92
20 12
57 93
88 2
57 73
20 61
4 44
91 8
92 23
48 75
83 3
6 55
33 93
76 69
89 54
7 41
53 79
71 48
66 52
16 48
37 27
8 69
51 56
21 53
13 19
74 35
86 84
94 53
13 15
1 47
50 18
24 77
35 90
18 33
96 98
65 11
61 52
57 51
11 2
88 99
81 24
43 81
96 92
82 48
64 9
84 90
52 28
95 3
45 17
28 6
24 73
23 38
31 15
75 28
73 62
95 74
97 28
80 97
88 68
51 24
21 34
73 20
21 77
61 84
2 12
76 42
40 69
28 99
38 1
63 64
71 35
