170
92 94
15 77
31 58
13 15
19 46
4 3
53 9
25 28
60 15
49 73
26 87
26 55
62 56
41 50
96 49
96 32
22 31
70 71
0 15
53 35
52 88
23 83
11 37
16 91
29 42
7 68
24 98
31 86
81 9
66 66
50 10
89 19
77 14
12 48
44 87
5 53
91 19
7 5
94 27
7 4
75 45
83 4
90 65
22 24
70 9
68 21
79 33
37 17
81 95
55 76
62 81
46 54
37 33
22 11
91 31
89 32
50 23
27 69
98 87
20 66
32 79
85 62
71 56
59 65
9 86
84 75
11 78
62 22
3 17
58 96
40 10
92 52
71 27
36 43
24 38
11 27
71 76
59 1
60 44
75 51
45 28
76 83
35 78
36 50
51 20
52 80
82 25
92 90
65 80
37 85
45 66
5 77
81 5
11 81
10 88
38 3
35 90
63 70
72 61
6 80
11 88
85 72
89 91
0 89
30 26
83 12
43 18
9 4
85 28
0 55
79 98
75 37
18 9
62 46
47 40
83 90
42 91
53 83
27 77
29 68
50 65
83 18
2 43
13 99
7 92
46 9
7 43
26 14
86 77
15 51
91 77
17 34
3 62
25 21
25 7
6 60
12 96
96 72
46 34
81 45
10 12
31 0
38 58
47 89
96 40
56 25
91 9
48 61
98 82
96 2
49 48
86 44
37 29
63 19
59 12
60 72
32 6
14 5
99 3
98 21
2 20
28 8
44 62
28 50
54 80
91 84
41 81
68 86
24 50
3 42
