172
75 44
41 42
84 40
72 74
14 55
57 60
75 64
51 62
68 29
93 84
38 45
38 78
21 57
66 44
24 27
50 29
77 8
66 64
24 99
36 77
10 23
32 29
33 57
13 99
84 93
45 79
62 81
93 97
4 76
32 32
96 43
19 40
11 72
7 28
81 53
5 50
4 61
29 7
58 67
86 28
8 57
67 38
88 54
24 49
98 23
86 40
99 56
74 23
16 6
33 41
3 66
22 46
68 66
18 51
8 77
55 31
30 89
71 50
65 12
53 40
10 10
82 66
8 31
44 64
45 58
40 68
34 61
68 1
15 98
46 43
40 39
5 92
48 6
7 17
15 48
3 11
85 20
43 14
55 45
14 13
59 74
78 74
70 10
17 64
43 93
44 66
61 99
40 30
9 99
40 10
50 84
64 90
92 93
20 80
8 38
21 29
38 61
14 60
94 83
7 66
52 89
67 72
98 99
14 43
41 78
84 76
89 64
38 55
2 28
74 38
66 58
45 66
32 9
93 45
12 98
63 35
70 41
43 48
15 45
12 94
16 32
75 54
29 9
89 37
13 50
75 97
71 1
8 11
69 83
51 50
48 47
44 21
60 83
86 69
26 80
70 79
72 60
65 77
21 84
29 14
13 84
41 17
88 14
53 67
56 19
21 80
82 1
9 82
97 14
19 26
67 57
89 10
93 32
69 94
36 22
71 12
21 53
43 19
23 43
11 51
40 73
19 62
79 46
26 47
78 54
44 83
50 51
54 23
76 13
51 21
22 96
94 51
