120
1 97
28 40
95 4
11 10
61 14
12 38
16 40
54 70
3 1
13 82
11 48
46 49
1 63
97 0
53 43
9 52
14 53
16 80
29 82
14 75
36 89
83 14
13 16
6 77
49 41
48 99
9 75
64 10
1 12
21 51
22 5
11 26
19 36
50 72
33 17
11 63
0 68
6 13
75 14
45 17
34 32
31 54
46 43
23 32
28 43
2 84
9 9
6 19
11 83
29 13
52 30
56 40
12 44
89 18
16 1
9 36
20 18
58 29
8 21
26 9
27 58
85 74
75 79
7 4
5 10
28 0
31 31
9 6
16 5
0 16
11 24
1 9
11 5
12 57
9 32
1 5
5 91
24 86
35 24
98 7
44 9
99 16
18 30
55 35
15 8
50 60
12 86
36 79
4 76
29 98
78 12
13 69
8 88
17 31
21 43
7 2
19 9
99 20
28 99
1 1
12 32
13 19
21 69
7 7
30 40
96 3
8 11
12 12
8 14
81 17
16 22
25 75
14 31
98 5
86 39
29 34
1 18
8 2
16 0
13 4
