168
81 54
83 11
22 1
29 46
24 14
24 44
95 53
29 94
80 61
25 81
50 7
48 25
72 20
64 83
47 66
51 31
61 9
76 90
58 68
76 4
69 92
13 35
97 45
9 98
37 59
27 82
71 65
31 38
13 86
89 56
72 67
64 41
52 69
17 27
22 28
16 49
32 57
54 78
69 9
57 46
51 96
70 93
87 29
97 79
67 81
46 50
44 21
13 0
90 94
15 19
56 81
80 25
59 76
58 55
28 34
62 91
32 71
92 80
36 51
74 64
44 8
43 58
64 62
63 34
51 51
28 5
48 69
41 88
53 19
1 63
47 76
38 69
21 46
71 98
11 20
75 23
53 55
42 31
63 65
4 39
37 26
93 31
96 73
22 10
90 73
7 73
67 77
98 90
47 94
36 63
27 53
72 35
43 91
64 66
12 44
19 95
57 59
22 37
35 37
25 24
0 53
78 94
62 50
95 38
10 71
18 43
0 46
91 42
25 91
39 76
95 87
61 44
92 9
78 35
31 61
63 22
82 82
67 47
7 28
37 2
20 54
42 63
79 63
84 9
61 54
32 49
68 50
38 26
57 23
2 1
96 27
53 70
18 23
90 97
68 19
18 51
36 18
29 22
73 39
37 71
60 15
41 27
2 15
24 56
31 2
43 74
75 54
6 47
95 8
74 12
84 33
77 85
90 77
74 89
52 61
64 53
88 2
85 62
4 70
52 26
6 42
10 32
2 18
55 85
41 68
45 97
11 69
50 39
