165
94 27
39 16
88 63
28 77
83 69
78 20
70 49
25 27
37 66
25 21
27 14
4 8
14 64
37 5
53 54
9 91
43 79
95 84
7 75
82 14
60 86
94 5
14 71
33 16
92 12
45 85
34 32
55 89
18 42
14 35
87 12
52 80
30 44
42 48
24 22
6 49
94 20
3 4
94 49
85 22
43 96
94 61
73 72
61 40
50 71
69 93
86 97
74 35
52 13
11 73
34 95
32 25
94 55
22 44
90 40
36 36
32 60
24 20
30 12
84 95
3 30
16 39
34 57
47 17
69 79
19 46
28 87
26 29
28 21
38 39
89 46
15 87
39 95
14 74
49 89
86 82
65 74
44 48
55 23
74 48
76 85
40 32
77 65
49 91
35 78
82 99
20 70
45 89
6 45
0 97
53 95
21 87
98 92
67 88
41 57
68 36
76 77
40 27
54 34
54 3
87 0
46 45
95 79
76 28
74 60
34 11
90 21
12 17
0 9
0 16
70 46
80 7
96 39
26 59
53 50
67 0
21 97
99 14
58 66
2 46
48 8
13 1
55 99
17 24
86 17
93 75
67 20
61 72
6 84
43 58
42 25
25 33
31 58
93 15
45 15
23 11
0 55
31 83
21 3
19 95
51 61
19 11
46 32
43 59
29 54
93 37
23 76
24 31
36 73
83 54
66 39
82 13
53 67
97 34
55 81
35 60
56 21
20 21
2 68
5 56
62 37
45 58
8 58
75 90
10 0
