163
80 46
1 76
32 67
64 23
68 67
33 65
71 53
2 89
27 42
23 81
88 22
0 80
95 11
60 78
2 84
22 32
59 55
67 75
73 11
19 47
76 59
6 23
43 48
77 3
69 95
64 32
62 60
86 91
85 28
90 39
65 10
54 78
65 20
38 44
63 99
34 44
12 93
96 28
32 93
37 63
29 10
46 55
33 82
84 87
61 42
46 60
79 51
6 11
81 7
65 81
70 84
97 98
79 90
57 73
19 56
4 65
71 31
64 57
94 48
11 83
26 82
21 75
49 82
9 89
40 95
83 26
50 69
32 83
57 94
54 4
57 9
6 10
0 40
29 12
32 61
87 98
87 22
59 86
36 53
50 21
94 15
31 87
22 92
94 46
79 54
2 51
71 89
97 65
60 5
17 69
20 80
95 18
54 51
14 26
33 73
89 28
2 65
68 2
9 14
1 17
12 4
71 80
70 37
48 96
88 58
30 95
87 13
49 27
71 60
25 4
39 36
49 43
19 51
80 11
68 52
15 87
97 2
38 91
77 46
34 9
91 23
93 21
67 22
22 24
51 84
95 39
6 61
20 88
53 36
72 20
29 89
55 15
54 39
5 98
83 92
45 28
60 75
27 76
31 96
47 66
49 31
56 27
21 11
46 88
80 64
25 74
29 50
68 62
13 50
9 50
13 29
60 89
84 19
99 15
96 72
78 81
10 99
7 62
34 79
58 28
40 33
6 48
48 9
