173
42 62
70 54
46 39
90 62
43 12
28 82
28 45
65 36
65 26
63 8
43 97
79 5
45 98
29 57
92 40
58 33
57 83
8 58
83 43
71 56
7 47
48 46
51 61
71 25
67 2
81 65
21 35
9 76
13 73
78 20
90 26
0 23
89 5
76 49
72 9
4 9
54 73
46 50
77 37
34 54
0 65
35 11
14 2
93 28
6 82
82 12
40 74
90 7
61 97
50 3
51 62
93 10
83 95
67 76
88 48
79 71
34 56
70 16
46 85
33 49
62 50
87 80
44 20
68 56
53 87
97 1
33 30
69 69
75 27
5 43
60 1
14 42
89 95
61 60
29 32
16 30
35 28
49 29
34 13
8 35
36 18
71 96
45 25
88 88
20 74
59 45
39 52
96 54
35 70
46 70
9 53
21 82
81 83
55 30
22 37
17 91
51 83
64 78
45 66
75 80
85 0
59 91
42 27
61 79
26 46
58 92
19 12
49 54
74 17
55 46
77 15
30 59
2 36
1 81
37 8
75 88
25 32
97 77
44 82
71 66
65 66
59 52
63 80
41 70
57 38
20 27
3 27
39 79
43 0
92 83
79 93
18 72
23 53
69 85
39 89
90 19
66 31
40 39
37 21
64 87
57 40
18 54
95 23
65 77
78 92
34 78
38 45
64 55
54 27
52 80
36 39
60 29
51 76
1 9
61 23
21 42
84 74
0 74
98 68
72 43
90 54
18 3
13 7
89 75
76 3
15 11
23 28
66 45
13 49
99 62
35 35
22 0
32 37
