172
68 6
15 2
77 74
29 67
63 35
93 79
75 76
8 89
45 76
58 94
19 67
51 71
18 53
9 15
58 16
15 30
44 63
20 12
8 19
68 43
91 53
82 18
15 7
98 81
26 76
90 82
2 71
85 13
23 59
50 80
29 27
22 21
47 1
97 41
33 43
60 88
34 83
37 31
0 85
29 99
50 30
53 21
76 38
29 37
39 85
24 32
36 58
84 3
36 90
1 90
28 91
23 90
65 14
10 99
29 13
25 49
50 63
73 94
4 42
55 82
63 78
30 77
6 2
38 57
88 68
50 44
89 2
93 2
98 52
69 58
91 42
36 79
66 38
64 52
35 62
11 72
60 46
10 42
81 4
59 54
29 47
54 42
45 99
48 9
8 45
54 35
59 62
67 92
24 88
40 44
59 30
64 89
85 23
93 18
9 41
94 88
12 7
27 19
27 67
78 26
94 1
50 95
20 83
97 61
21 47
54 2
18 92
78 31
20 20
59 73
81 28
92 41
4 3
48 52
30 52
96 46
48 22
85 32
57 50
28 33
86 59
90 4
56 72
63 24
33 95
10 36
14 66
6 53
43 66
43 5
86 66
61 97
41 40
10 28
10 35
16 38
26 50
51 53
17 78
51 33
3 16
37 8
26 52
1 40
24 77
42 2
97 34
95 64
42 86
57 98
38 12
67 26
9 6
41 29
25 99
19 26
95 7
98 94
47 85
4 84
77 63
79 97
59 66
16 14
35 29
27 80
11 55
10 21
88 15
32 54
53 57
45 30
