164
7 55
62 99
82 65
63 83
24 58
86 23
66 82
46 63
42 60
40 67
87 54
38 43
22 88
80 3
43 90
92 8
18 17
92 39
82 97
89 17
53 44
7 49
35 24
90 77
10 53
1 80
90 58
92 26
66 48
29 71
1 15
18 56
93 59
12 21
56 77
8 64
72 32
52 3
87 4
13 41
20 28
9 10
31 42
54 40
49 14
9 29
95 1
86 11
15 48
25 48
30 11
56 8
74 1
98 84
47 16
26 43
10 5
75 14
30 98
95 17
74 37
28 9
69 5
21 76
70 26
65 93
23 24
24 18
47 38
54 59
7 25
54 8
1 88
8 60
85 26
1 29
13 83
94 50
17 1
77 5
5 53
51 95
46 90
79 83
96 77
75 73
11 90
98 96
22 29
54 58
52 47
84 82
20 53
14 49
75 74
42 84
88 33
35 15
92 13
32 69
79 29
2 50
88 70
7 81
40 23
20 93
17 74
4 46
21 68
42 74
70 71
37 34
28 53
26 95
4 58
45 80
17 61
62 73
36 99
66 19
51 37
64 28
36 86
41 92
56 17
33 5
0 84
79 36
47 70
93 92
17 78
25 9
28 38
58 16
65 13
17 45
61 85
35 53
99 66
58 59
11 67
11 96
38 35
75 77
67 14
3 60
6 15
38 69
11 14
73 89
55 51
2 66
15 76
20 62
43 3
10 32
87 65
94 53
74 96
11 48
75 84
81 1
95 98
8 42
