167
27 5
69 80
24 26
13 28
21 40
14 59
14 33
27 38
79 38
30 1
58 24
65 81
79 47
5 77
78 93
96 76
18 82
27 31
66 78
16 50
20 0
8 34
90 59
23 48
31 99
8 39
7 55
95 82
40 70
94 46
67 51
3 97
43 20
62 35
26 95
3 51
20 64
8 76
66 94
17 52
83 66
6 92
71 50
65 53
68 1
1 29
75 49
8 82
4 87
12 54
17 40
66 36
89 38
13 61
80 17
49 38
85 6
32 61
98 31
59 45
75 96
82 59
14 6
49 27
63 11
82 28
76 2
69 47
22 14
52 65
67 96
94 85
78 26
90 50
40 99
33 7
24 59
51 38
64 65
57 36
74 77
96 95
80 82
62 50
37 7
93 44
67 84
91 79
47 7
40 55
71 41
19 23
58 89
71 67
3 64
97 36
54 95
27 80
24 25
24 27
71 21
96 78
19 14
48 57
73 34
90 36
4 75
37 87
40 78
49 28
41 84
23 70
66 87
7 65
51 88
7 46
44 44
22 53
15 2
77 62
35 35
56 43
41 32
59 73
92 8
23 43
32 14
26 78
94 13
72 46
65 61
47 83
90 73
10 65
57 88
3 17
15 32
61 94
11 89
51 31
19 3
43 60
19 87
4 1
19 98
58 30
9 18
71 26
83 95
44 48
79 12
22 51
89 16
74 27
44 92
87 20
23 81
71 13
72 17
83 11
10 97
39 65
89 98
49 63
20 30
57 23
2 37
