167
53 15
82 98
90 30
39 93
17 74
86 54
12 22
42 2
61 20
67 0
95 51
19 8
56 11
55 42
54 25
33 89
89 58
73 61
53 99
74 66
14 98
93 91
68 25
59 86
95 76
52 32
76 23
76 52
23 37
0 79
29 5
55 84
10 46
69 55
50 69
30 39
15 51
98 57
63 65
34 56
9 76
71 69
33 16
64 11
25 83
39 32
49 62
73 83
81 80
94 66
27 48
2 1
35 30
32 10
75 43
46 43
85 15
33 2
46 35
94 19
79 4
79 74
54 18
99 65
1 10
62 17
30 46
58 7
62 73
91 21
63 93
84 23
38 51
91 71
92 8
93 82
54 96
44 37
26 43
38 0
67 92
96 63
1 15
80 65
84 70
3 62
37 68
72 25
78 59
81 21
84 3
34 65
30 72
88 71
5 70
7 7
40 10
23 34
89 63
48 51
96 74
76 9
47 42
40 35
14 84
88 42
98 92
16 72
29 82
47 96
83 44
61 97
79 67
30 28
72 3
16 58
17 97
28 75
50 1
67 31
6 92
7 97
40 88
72 50
71 74
84 88
98 7
38 86
56 0
24 74
79 37
60 37
15 69
47 87
29 35
59 43
40 74
53 88
88 2
40 30
6 6
49 83
86 31
49 18
4 5
69 33
79 47
82 88
81 85
22 77
78 85
23 94
29 19
21 98
94 58
87 15
71 12
99 21
80 25
85 40
12 10
50 10
53 38
94 12
51 46
45 73
48 49
