181
54 33
1 89
10 43
38 72
43 18
53 97
52 91
23 94
71 69
67 43
54 2
53 86
7 99
19 5
38 90
42 45
64 54
88 92
30 30
96 12
70 81
4 3
95 36
65 62
75 34
13 33
97 85
11 75
45 46
15 85
74 51
33 81
89 49
29 26
4 39
41 77
16 38
84 60
36 86
79 94
27 96
69 53
18 98
68 33
85 32
60 15
16 54
84 96
15 30
92 20
3 91
15 20
56 81
23 33
90 69
35 15
68 61
76 5
20 9
75 11
35 49
16 49
74 75
40 35
87 20
47 77
36 93
7 26
31 74
16 13
2 41
9 33
88 33
70 95
27 27
28 10
77 21
5 60
35 56
24 74
29 47
27 13
73 83
49 43
76 14
17 38
18 61
64 85
87 77
55 56
7 61
21 98
27 63
97 51
67 34
19 11
81 29
21 67
66 39
63 89
38 50
13 99
85 68
10 64
42 72
59 89
54 10
70 62
94 36
16 82
73 1
14 64
58 94
2 56
65 56
5 35
83 62
41 30
58 70
97 79
84 63
41 2
5 12
90 95
75 45
24 9
26 61
54 14
77 66
52 70
30 68
71 8
78 40
40 55
2 82
67 81
58 62
76 75
50 25
20 63
81 47
67 9
48 78
62 11
99 45
17 76
61 7
61 23
62 0
12 83
72 57
35 52
25 54
23 60
5 91
43 77
63 60
94 73
49 51
5 79
66 14
53 53
29 50
89 16
18 55
4 49
66 52
45 70
37 46
69 7
20 0
66 72
24 54
23 5
45 72
80 56
14 77
77 54
45 3
33 98
92 27
