183
0 13
39 71
78 42
88 28
97 33
80 66
31 51
64 11
65 68
27 63
83 91
89 90
66 78
64 38
22 1
49 2
8 46
19 21
16 83
88 17
10 15
39 98
63 22
71 19
16 33
86 34
8 17
88 46
38 63
73 65
38 92
24 99
93 32
10 0
95 48
63 2
16 11
22 47
94 16
71 42
67 56
9 5
85 74
87 86
7 57
33 12
50 9
14 57
25 30
98 0
16 20
91 1
88 44
64 8
13 52
63 60
2 18
72 17
66 50
18 61
71 70
1 29
16 78
25 44
56 77
32 62
65 93
80 83
32 45
6 30
58 85
49 70
54 65
7 77
79 13
64 64
17 0
47 78
25 37
71 51
16 46
48 31
97 89
22 58
54 56
48 90
75 77
1 57
70 5
40 51
23 8
94 83
31 54
49 61
48 85
86 20
96 98
34 96
98 57
79 49
8 64
54 42
38 23
10 91
50 13
72 94
46 43
32 81
32 1
38 14
24 83
72 32
58 99
88 69
96 75
8 32
30 19
92 61
46 22
35 76
26 79
29 36
31 27
55 47
52 83
90 56
8 24
1 75
32 6
98 19
54 9
7 41
0 44
15 5
54 37
50 32
64 83
7 83
49 37
2 7
26 23
72 85
30 79
38 37
39 7
96 9
98 65
50 98
23 41
78 97
80 57
73 98
26 70
32 40
24 11
79 34
98 40
32 35
91 63
48 49
38 77
0 72
99 25
40 0
80 25
57 20
66 29
77 0
54 92
1 84
30 68
56 31
97 29
49 97
0 2
2 92
64 43
25 89
90 99
57 71
40 43
2 20
2 37
