149
56 73
20 54
18 85
92 96
48 66
0 25
55 81
31 62
32 53
5 8
12 89
55 72
61 73
35 72
25 36
8 12
18 64
16 82
49 59
18 57
17 43
63 89
36 97
8 29
5 38
22 28
40 58
69 94
4 43
12 87
59 67
76 87
39 90
39 69
27 77
27 81
31 31
66 73
11 71
4 90
45 77
16 73
64 73
29 48
37 50
16 25
11 18
16 62
45 59
13 40
37 64
24 76
48 83
6 48
28 62
34 99
6 85
34 82
11 63
63 96
35 44
7 13
79 81
34 81
25 95
16 41
9 46
30 65
38 84
64 89
66 86
2 26
1 18
8 50
17 88
54 72
48 91
7 98
59 85
54 56
19 62
6 81
54 58
48 69
9 92
19 39
32 89
6 24
55 96
37 88
28 85
8 20
71 99
77 76
76 91
46 86
10 20
17 80
0 49
5 55
12 17
38 93
26 41
13 81
48 90
19 78
50 97
32 41
64 78
3 91
7 95
28 87
19 84
42 57
30 74
84 85
61 75
36 77
37 92
68 87
1 55
27 95
21 78
4 85
12 35
22 82
23 85
51 79
27 48
32 66
53 73
24 69
43 52
53 88
52 87
3 59
21 36
9 30
2 61
19 69
11 56
32 93
79 97
24 32
1 96
37 41
37 59
75 97
18 95
