170
69 64
91 6
45 64
28 62
16 54
65 2
36 41
66 34
62 55
97 11
62 99
17 97
71 0
37 35
1 67
19 36
7 96
42 47
32 42
77 31
79 45
21 22
7 23
94 74
68 19
41 58
79 75
23 98
66 77
50 92
66 38
23 4
74 54
44 69
5 28
26 81
40 85
68 2
87 72
44 96
49 13
11 17
54 90
97 78
44 78
40 8
73 51
5 49
49 49
61 12
20 72
38 7
64 6
87 26
89 47
88 23
74 40
3 51
64 27
57 37
39 7
31 83
95 90
39 0
69 35
51 32
91 28
52 20
3 5
12 1
75 71
12 65
21 50
63 92
35 71
83 7
39 63
88 40
64 34
52 56
71 68
27 40
12 44
15 6
5 43
57 51
46 51
89 68
73 57
99 58
51 44
96 63
85 69
81 20
85 58
2 37
47 76
88 77
8 10
56 96
72 66
47 15
0 23
32 69
68 25
78 56
19 13
47 30
71 69
23 17
35 10
85 94
68 81
13 42
35 63
48 81
91 85
75 95
84 61
82 73
33 95
9 78
76 96
66 66
37 43
73 33
82 25
79 94
62 93
30 34
58 13
84 87
0 29
17 63
19 62
60 76
33 26
95 26
66 85
22 24
18 94
11 54
87 35
18 32
8 34
96 95
41 71
86 98
76 46
95 51
99 22
29 1
72 95
47 97
16 29
12 87
8 47
93 84
27 36
60 49
93 32
26 86
86 54
35 5
85 11
60 83
28 96
47 61
66 99
0 72
