171
48 60
14 55
86 0
91 25
70 27
64 65
7 89
52 7
9 66
54 15
74 67
67 35
94 21
59 74
25 10
73 28
61 47
53 71
54 53
89 43
85 61
97 88
96 32
71 61
39 59
66 2
56 31
43 97
97 94
17 93
7 87
26 43
19 69
33 21
93 89
21 95
56 49
33 33
92 31
48 77
4 77
91 74
85 73
68 60
62 21
18 56
82 73
34 91
95 10
24 6
34 57
2 56
26 73
37 93
67 90
96 67
47 51
41 96
97 25
16 76
16 63
57 77
59 93
67 24
24 78
80 97
86 93
44 61
32 67
3 61
67 56
88 48
89 90
3 83
46 1
60 66
67 75
35 97
96 43
34 83
49 29
22 90
92 97
53 76
97 82
71 42
85 39
9 47
86 33
12 50
24 40
32 5
28 23
9 61
79 42
69 76
80 67
23 74
9 17
20 37
48 47
65 25
81 90
57 39
33 53
12 23
8 0
27 2
67 78
45 23
74 71
34 8
32 99
26 82
25 55
35 37
57 62
95 49
86 34
77 93
61 10
33 96
54 95
17 22
3 52
24 92
12 38
46 10
99 61
45 92
3 27
15 73
25 22
40 1
82 43
99 51
89 23
35 64
56 42
61 30
29 65
23 6
31 59
92 47
61 1
12 31
85 18
59 51
63 95
24 98
30 80
18 50
42 9
65 42
10 68
4 8
80 33
80 34
51 34
85 52
64 56
12 10
17 15
68 20
17 16
94 17
9 56
0 19
98 39
98 47
3 26
