171
42 85
83 4
81 10
29 34
34 91
90 52
31 24
0 78
45 32
34 43
10 73
88 5
92 67
43 17
32 98
16 15
43 49
66 31
39 35
60 78
7 94
89 65
61 24
10 57
29 84
17 26
92 92
24 79
89 48
28 88
85 82
5 47
72 89
2 63
7 24
79 46
27 69
13 17
64 75
77 79
12 64
45 82
76 31
2 94
60 3
16 41
76 87
40 41
58 6
25 27
69 19
23 92
81 94
26 82
89 72
68 18
88 74
68 88
8 3
4 56
23 11
78 24
53 44
28 16
58 48
1 80
17 82
67 93
82 62
3 11
85 87
50 36
70 70
95 40
45 42
94 18
87 34
11 3
92 87
2 86
95 22
38 74
19 97
87 43
88 12
74 51
98 93
10 35
18 15
68 64
55 75
51 61
23 80
25 11
50 91
2 65
59 42
83 82
95 29
21 41
87 0
17 87
21 51
52 79
72 75
58 50
88 52
25 18
43 56
31 48
33 77
65 59
75 17
60 81
64 7
50 97
36 1
64 51
42 56
60 35
80 41
9 56
43 8
98 58
61 31
32 37
29 4
63 85
32 58
9 87
36 63
76 19
24 61
51 31
6 15
42 50
35 7
69 40
9 69
51 75
15 41
76 26
79 67
66 79
84 80
30 77
16 72
76 81
37 6
40 52
9 59
80 86
99 67
81 99
41 60
90 91
63 68
92 21
50 79
75 36
52 51
28 7
17 44
43 2
39 30
59 88
15 50
20 2
97 50
59 97
90 71
