161
84 37
65 20
58 70
15 95
73 68
99 77
86 37
27 34
34 88
77 17
74 48
19 94
95 20
78 26
41 69
6 23
79 92
24 91
69 56
78 81
16 81
65 64
55 46
92 60
4 47
6 64
51 8
44 33
3 96
95 50
38 15
67 40
32 61
97 96
22 62
76 7
28 32
88 6
29 29
33 62
98 13
6 72
59 75
42 50
98 10
79 90
18 51
93 14
88 71
57 17
49 66
40 63
29 45
26 76
21 19
60 40
10 45
21 4
36 76
38 49
29 19
41 86
78 59
40 85
30 84
45 74
10 22
22 23
3 41
13 24
46 88
27 95
43 13
56 31
33 40
63 46
37 75
19 12
32 21
65 85
31 7
44 29
89 18
15 39
51 15
15 11
50 4
84 88
63 96
59 28
17 33
62 90
4 11
60 80
50 66
49 51
30 67
11 74
58 94
97 79
34 13
18 62
49 34
24 82
80 96
75 61
63 67
30 2
36 68
13 85
49 81
53 58
11 16
76 66
18 27
94 80
39 56
35 63
98 75
57 65
73 74
41 21
71 40
65 27
91 1
84 82
70 11
66 43
20 13
47 27
24 2
21 37
88 56
78 54
68 37
3 94
47 91
16 87
99 84
94 1
68 80
45 97
14 69
64 23
89 49
16 50
1 89
94 90
38 58
95 5
55 93
4 97
36 30
89 62
47 56
81 53
98 61
33 81
53 49
41 15
0 91
