158
43 57
56 54
55 78
26 95
68 92
14 96
21 44
12 93
74 68
81 25
60 44
13 36
68 74
78 94
98 47
46 59
37 46
99 15
77 56
43 5
4 56
55 67
25 31
29 11
60 65
80 98
86 36
38 8
34 18
46 86
65 17
87 70
72 1
68 55
68 45
76 18
65 58
93 80
60 54
71 8
26 44
57 28
49 47
46 21
54 85
99 98
61 2
12 79
44 54
74 62
66 41
23 32
45 48
70 80
47 66
14 69
6 24
38 23
19 15
33 31
28 54
65 31
17 10
86 77
35 11
69 15
29 41
4 53
87 80
48 71
63 62
40 36
98 85
33 61
4 1
41 46
58 9
87 91
38 82
92 10
97 6
53 67
79 79
96 79
66 89
54 16
82 82
81 71
55 22
74 75
82 27
88 20
65 76
70 1
5 97
18 31
45 96
57 72
15 26
65 0
13 74
74 42
28 73
11 25
17 52
80 22
85 76
84 62
89 24
13 45
46 34
92 35
62 79
9 84
22 52
42 22
32 85
75 21
74 88
59 26
4 63
7 46
3 19
4 64
86 28
73 50
17 65
18 75
41 89
82 44
70 23
20 82
74 83
16 81
13 53
85 10
58 39
54 46
91 14
27 96
15 65
39 42
87 1
93 29
48 2
57 14
0 69
63 90
83 25
38 3
25 25
0 99
47 36
32 92
95 75
35 78
69 28
86 32
