172
53 34
18 44
9 62
9 44
82 58
77 29
43 70
77 92
12 46
75 81
73 89
67 11
26 33
73 78
21 38
38 53
71 77
53 24
38 4
64 22
13 50
7 87
78 72
35 71
30 50
73 49
92 94
93 24
22 46
27 86
56 59
21 25
83 7
58 68
77 65
93 3
0 9
48 54
65 86
69 7
73 24
68 74
27 77
64 4
58 31
80 43
1 0
34 93
1 17
5 44
14 87
92 30
74 68
85 10
52 55
83 41
12 84
64 35
55 13
51 41
98 96
64 37
66 24
42 63
57 40
94 25
42 37
46 76
92 57
37 47
96 59
50 8
93 63
37 10
36 88
28 36
23 22
88 78
88 89
41 6
36 91
95 50
2 99
11 32
11 8
70 17
37 97
92 28
53 17
96 83
59 8
82 98
33 41
26 12
63 65
1 29
90 37
46 0
74 40
72 86
30 4
19 68
68 22
53 82
17 76
30 66
38 31
67 49
72 70
50 13
63 89
0 22
86 49
20 65
96 15
72 53
2 94
55 76
70 33
78 53
61 77
71 85
88 27
39 85
19 71
81 84
31 56
82 54
19 16
53 65
37 64
85 33
12 18
7 77
88 68
16 32
81 77
83 83
53 90
70 85
9 22
44 2
4 48
10 88
5 34
27 56
28 67
71 10
10 92
39 52
52 86
92 83
16 81
74 4
79 84
70 64
39 20
70 70
14 4
70 2
45 78
11 56
3 25
2 71
60 94
83 55
60 86
3 42
39 2
0 65
65 71
47 10
