92
76 85
14 25
28 5
21 31
14 37
91 4
28 10
14 2
72 52
80 1
21 28
96 49
14 50
44 22
81 10
63 49
9 7
72 56
49 75
6 46
50 56
44 39
41 26
28 12
60 79
55 1
90 57
14 82
63 63
98 45
85 16
30 13
80 74
28 3
77 26
49 60
4 58
56 73
46 56
86 80
68 35
40 6
81 3
57 14
17 72
86 54
0 0
38 57
48 26
8 52
81 12
89 74
52 29
76 84
0 49
6 12
69 26
38 53
37 66
84 1
52 85
43 38
25 77
51 76
22 74
81 84
67 26
6 47
80 72
85 15
50 28
74 32
17 83
41 66
64 2
77 28
32 2
69 37
12 2
0 48
12 73
77 74
4 15
4 14
62 55
90 46
66 3
90 42
88 79
67 5
64 6
85 45
