141
41 57
8 70
74 78
38 85
51 39
33 60
0 6
43 95
53 87
58 50
14 40
81 79
26 96
96 86
28 54
10 6
29 56
62 48
32 38
12 18
50 30
50 43
86 4
62 60
30 32
49 58
25 43
25 97
45 44
44 47
30 44
83 71
39 64
96 97
53 94
37 26
62 53
47 25
50 26
48 30
11 69
65 29
33 54
63 33
43 88
21 24
62 57
26 37
76 74
26 23
56 56
51 64
58 24
57 55
48 52
20 97
34 31
16 66
33 26
13 14
34 34
46 43
50 55
13 56
37 55
27 31
61 30
41 60
55 51
47 52
41 35
27 46
33 27
5 3
54 39
63 37
57 62
5 61
61 34
16 20
26 62
89 11
45 31
9 58
44 42
79 3
13 25
19 16
46 92
80 10
56 46
82 13
63 48
62 24
25 28
58 38
11 12
14 63
59 47
88 4
30 48
36 37
5 8
8 65
15 58
55 34
56 26
79 5
40 48
44 54
11 60
11 67
1 5
20 23
86 8
39 46
41 23
56 93
42 39
64 40
37 40
51 31
57 41
46 61
17 44
52 49
0 4
42 29
12 53
33 42
72 70
47 40
77 70
1 0
51 91
56 29
16 30
33 49
84 7
36 46
55 99
