173
51 74
11 72
84 29
39 59
41 22
85 67
19 3
80 45
3 82
79 50
89 70
85 89
14 98
53 94
46 51
76 25
39 12
88 94
4 53
9 58
52 21
54 60
97 67
55 68
7 13
74 49
53 93
58 95
58 32
79 13
89 99
79 88
22 44
50 25
56 67
70 12
75 98
15 46
61 94
90 62
94 40
51 22
3 4
97 12
9 74
92 33
21 99
52 66
33 14
34 71
60 55
15 64
37 57
51 38
17 73
93 69
95 45
67 70
95 22
53 8
36 77
74 65
16 23
26 13
77 74
75 57
5 61
29 35
75 41
3 24
78 94
21 5
41 46
84 18
95 90
17 57
15 23
79 32
14 32
58 16
46 97
28 0
33 90
83 96
29 3
9 98
14 86
81 85
21 14
59 65
57 43
79 42
69 19
3 95
94 77
55 91
31 95
42 11
92 51
26 88
82 7
1 74
43 95
99 18
68 49
62 59
20 70
6 9
63 21
82 36
67 79
5 47
19 25
71 96
43 28
59 60
10 22
45 11
12 50
89 81
49 93
68 62
89 20
36 87
35 95
61 41
41 40
41 90
10 8
34 52
83 40
80 65
77 61
39 35
12 41
98 1
85 84
44 15
31 22
57 96
68 32
92 57
43 6
0 19
57 51
74 35
83 79
5 36
8 82
80 3
95 17
43 76
87 35
8 78
20 91
80 16
86 63
84 55
15 26
97 54
49 2
79 68
11 28
50 63
7 51
95 98
1 64
58 99
17 98
51 55
45 31
40 17
1 70
