120
1 68
17 22
32 48
29 50
96 82
3 67
13 77
1 59
12 83
98 68
98 78
14 17
53 27
31 54
91 73
95 22
55 71
57 80
15 9
91 49
6 26
92 21
98 87
3 98
96 65
28 89
24 12
14 12
98 25
7 33
11 24
30 40
97 15
4 24
21 26
12 49
46 16
37 24
98 53
12 99
21 7
1 25
3 38
96 74
32 87
96 88
17 40
1 15
10 9
98 38
26 21
0 20
39 80
96 48
31 12
35 37
97 19
55 38
99 56
91 61
3 94
95 42
0 89
33 22
92 56
52 21
6 43
25 47
3 64
9 28
56 48
28 27
97 31
3 56
2 11
57 56
97 61
11 75
9 55
5 72
17 3
40 22
23 55
19 2
21 93
91 30
95 28
89 26
13 42
21 31
94 37
51 82
19 56
14 58
7 85
19 36
15 56
42 16
91 33
25 58
96 34
25 29
30 58
29 31
94 86
2 3
36 82
85 15
18 45
27 94
3 88
32 36
1 9
24 97
8 73
96 89
91 45
4 67
5 92
95 94
