168
86 97
67 72
72 80
62 71
68 41
79 36
47 51
14 33
94 9
29 71
83 75
76 92
43 74
57 69
97 74
70 21
45 66
83 33
92 68
87 75
93 33
57 36
80 78
92 53
24 49
85 14
42 26
61 76
49 80
37 25
80 99
98 60
27 91
49 83
15 59
35 37
84 70
86 46
97 94
68 4
3 23
16 48
98 80
31 19
96 9
21 30
97 40
6 87
75 48
54 87
19 65
87 66
40 64
50 80
91 44
32 1
36 67
12 44
5 22
78 60
22 89
65 46
59 35
93 63
88 30
48 87
0 53
86 21
39 29
31 80
76 33
45 77
67 43
83 90
82 56
74 56
57 11
67 31
17 50
49 69
76 85
61 45
41 92
15 15
79 25
30 74
87 22
43 7
26 41
60 92
24 17
52 6
46 68
59 11
33 55
59 16
90 85
69 14
57 6
56 20
57 79
60 73
67 66
30 90
16 67
33 80
71 51
92 81
92 73
71 41
83 64
33 64
85 10
98 52
47 98
97 16
42 38
67 22
57 87
11 28
4 98
56 79
37 74
6 63
17 0
8 74
71 83
89 37
42 1
12 97
78 20
37 64
8 65
45 95
89 88
28 98
9 10
73 72
28 51
69 55
4 88
65 65
39 32
80 57
61 81
29 95
90 87
19 30
65 40
69 89
20 58
61 53
12 69
41 42
27 95
63 79
17 53
39 92
86 82
43 54
82 23
50 33
18 28
32 95
25 85
22 81
48 90
39 77
