157
51 5
83 24
44 61
50 77
63 79
22 64
27 79
51 56
42 60
33 17
40 26
19 68
84 84
10 75
46 38
44 84
29 40
33 28
58 56
58 47
84 42
25 77
45 15
23 30
33 46
72 41
42 31
68 38
85 18
75 12
23 73
18 57
52 30
58 34
21 37
65 55
60 4
25 7
36 61
66 33
76 61
73 82
80 55
54 23
74 90
62 33
45 92
25 89
0 1
40 15
62 66
19 27
6 72
88 73
44 56
22 52
81 36
7 54
29 65
76 68
23 25
11 28
48 65
84 61
34 7
26 5
89 17
62 36
62 23
15 19
28 26
11 16
32 20
30 60
67 29
58 65
81 74
66 19
67 60
63 41
79 82
40 59
28 36
7 29
66 68
35 19
57 31
75 27
54 66
22 60
80 56
31 73
82 28
73 60
23 39
65 70
79 19
58 72
79 27
42 50
83 32
23 82
85 75
88 45
68 83
11 68
33 65
16 74
75 16
99 53
68 66
28 95
29 31
29 35
26 11
92 46
16 36
65 46
73 69
68 44
34 56
62 60
55 72
27 75
63 15
25 4
66 54
89 48
70 22
63 26
67 54
34 30
5 99
28 43
40 47
78 21
72 23
18 24
31 9
20 70
22 75
41 22
3 69
39 72
74 28
81 60
34 80
78 30
40 91
23 67
34 50
38 76
70 74
73 74
78 65
72 62
75 79
