172
43 60
20 70
8 76
20 31
97 54
82 66
79 12
66 86
65 34
66 81
10 18
67 89
48 4
10 66
8 41
26 46
83 69
79 6
85 40
64 63
47 12
34 14
87 4
44 56
13 57
54 46
25 84
8 53
6 79
37 10
87 76
36 99
41 15
12 44
53 80
22 61
38 77
76 17
30 68
89 98
47 59
42 34
49 22
86 14
0 13
86 94
83 89
72 95
13 84
63 42
9 98
14 45
54 82
50 37
54 47
91 55
67 1
80 21
82 39
6 24
89 44
3 63
78 9
25 2
26 65
38 22
50 51
39 10
25 81
77 77
87 55
76 75
63 6
90 85
16 53
18 28
71 85
24 70
10 59
62 88
41 25
30 33
31 79
60 29
34 95
65 32
79 23
31 38
17 83
58 13
94 15
51 33
62 95
86 71
9 54
61 83
78 73
28 48
81 56
72 46
33 81
60 27
0 34
84 57
47 6
37 35
57 69
7 47
31 6
64 46
65 35
66 73
50 93
96 77
44 78
99 12
81 87
34 88
46 94
97 30
36 59
92 8
59 2
7 68
14 69
29 92
17 30
26 98
2 56
48 31
92 27
11 89
59 7
56 86
21 19
45 82
3 85
22 79
33 5
11 76
60 74
96 43
72 78
91 79
41 29
15 92
71 54
76 55
89 52
77 16
62 21
55 59
42 82
5 44
95 58
60 49
21 41
98 25
20 42
2 48
22 25
78 27
18 3
4 98
80 63
49 69
42 8
55 91
52 20
2 43
96 34
13 87
