180
55 69
7 75
79 89
98 43
46 24
7 6
1 8
25 32
15 29
77 13
21 47
63 88
83 85
65 80
41 36
78 81
23 86
71 7
46 17
13 71
37 78
5 24
90 8
97 66
41 83
43 43
2 64
51 68
12 24
24 79
31 21
40 19
74 86
97 73
47 57
82 30
5 5
77 60
45 12
57 84
10 15
59 77
44 76
73 67
82 49
33 69
96 25
50 52
28 69
44 96
82 8
14 42
37 80
28 96
11 72
75 24
96 4
77 78
17 24
46 60
57 44
7 13
75 61
57 35
7 61
14 62
71 41
2 93
99 43
64 0
86 50
37 31
11 26
20 11
93 50
95 10
31 35
72 55
64 58
90 19
91 77
46 76
74 8
51 92
63 44
43 12
54 47
96 47
52 7
31 5
35 20
16 56
7 87
37 51
2 56
32 24
19 96
16 10
56 23
39 11
3 17
25 27
70 95
60 23
22 67
86 24
72 76
85 12
14 14
89 69
52 63
2 20
3 25
26 62
62 6
18 3
35 59
78 28
86 16
44 92
54 97
70 54
11 1
25 42
87 87
47 22
86 46
37 90
23 16
68 12
18 27
17 90
15 70
59 50
1 59
12 54
50 81
61 51
39 66
68 5
28 59
61 12
26 25
75 82
95 58
90 45
71 76
83 19
92 91
80 97
36 71
96 30
36 15
20 68
55 99
54 83
18 58
9 9
6 97
72 20
20 55
70 97
73 60
62 61
24 4
72 71
71 15
0 96
9 87
65 30
82 42
64 63
65 50
99 34
91 33
32 12
29 36
26 13
68 47
5 32
