167
34 89
74 28
2 36
74 74
61 14
30 40
43 94
59 15
95 20
47 98
86 1
65 60
81 78
45 33
70 10
66 26
72 32
95 12
94 75
55 45
26 46
12 94
87 73
44 71
56 67
67 66
2 54
1 28
93 65
87 27
28 19
33 22
53 95
96 4
48 32
42 98
19 65
73 59
57 46
91 8
74 1
16 97
76 60
77 23
90 80
37 15
93 22
21 33
83 9
56 35
80 3
70 4
52 40
72 26
99 23
91 25
97 86
27 26
83 40
16 74
39 63
49 21
25 53
72 82
16 44
46 0
19 25
16 32
56 27
61 21
78 97
1 84
14 58
14 93
55 91
17 17
68 39
80 82
18 46
43 48
84 54
49 17
44 5
25 99
4 75
39 8
1 70
12 47
5 5
46 9
47 92
21 86
95 18
1 51
65 17
3 12
68 32
92 31
46 46
61 48
59 12
14 83
43 23
7 87
95 98
19 77
68 96
33 41
83 84
38 72
47 60
92 39
55 57
82 18
99 74
85 46
71 45
82 70
45 29
54 22
28 12
68 79
17 5
54 60
86 9
78 62
40 68
42 74
91 63
39 29
20 95
79 68
79 14
7 50
60 97
21 45
41 21
62 28
81 94
48 25
27 83
7 18
81 4
8 63
97 37
38 46
84 88
34 10
84 61
50 63
9 77
24 71
66 98
5 42
14 5
42 16
12 2
83 14
68 1
8 23
52 18
51 64
92 77
7 8
7 76
64 52
97 34
