110
79 9
72 11
71 9
98 5
50 0
15 0
45 11
27 6
52 13
5 3
72 17
1 18
13 16
32 8
85 8
76 3
35 16
31 15
25 7
7 12
4 12
84 10
63 13
83 8
23 0
7 0
77 11
97 15
28 0
33 0
9 5
71 17
49 15
87 16
68 3
76 6
46 2
77 1
59 8
87 6
18 13
59 1
93 14
40 8
49 4
46 9
47 15
55 7
3 8
42 9
18 9
6 4
6 8
37 15
36 3
38 14
12 2
63 0
24 1
90 10
66 15
3 9
90 1
52 5
10 8
64 4
58 14
86 15
92 7
17 6
37 0
81 11
8 17
70 4
73 14
0 8
68 12
45 0
51 6
77 16
1 14
20 8
24 12
36 6
90 15
72 1
69 2
82 1
11 13
96 2
67 10
81 16
96 12
13 11
88 14
94 1
65 9
2 0
18 15
18 6
44 4
41 16
21 2
47 13
57 0
29 13
0 5
88 0
31 12
33 3
