166
52 50
56 36
81 45
51 6
73 27
83 58
37 58
44 90
3 53
98 92
14 77
34 31
57 6
97 39
2 51
81 62
75 4
22 28
94 13
62 29
57 21
37 94
38 88
35 99
15 89
52 14
21 21
29 56
75 89
25 12
0 41
47 15
93 5
45 56
60 70
47 40
51 30
9 72
23 44
73 44
65 32
39 48
34 27
82 83
60 55
96 14
58 87
18 92
25 86
38 11
87 8
17 39
4 96
65 22
63 6
12 2
56 28
77 90
13 87
30 63
48 53
61 88
13 12
3 75
27 92
44 59
18 96
20 2
7 26
57 54
7 32
87 60
82 7
74 53
81 91
65 8
52 36
85 51
83 31
72 51
44 66
16 14
68 51
60 8
32 72
59 98
38 21
78 68
46 90
80 39
84 22
67 40
49 47
78 1
21 10
14 37
42 68
13 25
71 38
46 53
30 94
75 97
4 64
3 22
70 41
10 80
58 96
52 32
41 61
3 9
70 30
42 25
46 0
27 86
81 92
98 11
58 88
55 21
2 17
43 69
96 77
77 13
22 44
34 4
76 39
32 58
3 91
23 93
7 22
0 84
89 35
45 32
94 67
42 72
56 17
86 84
51 16
11 45
18 5
60 45
91 79
42 79
51 21
97 69
6 30
86 77
52 89
50 21
46 78
56 60
18 30
45 80
45 83
86 78
39 6
48 48
20 78
63 34
44 46
66 37
58 63
45 8
24 37
0 70
72 16
91 96
