166
31 64
97 56
40 28
31 45
54 22
85 46
27 4
63 58
98 34
84 86
87 8
9 17
38 76
1 47
50 41
31 91
50 63
33 42
97 80
50 53
36 32
10 84
28 18
79 10
15 18
85 16
91 58
33 82
58 5
10 34
37 2
77 81
99 43
74 73
43 38
63 82
5 65
78 0
4 12
87 38
82 3
60 86
12 66
85 0
87 16
75 84
32 52
40 33
8 42
62 61
13 89
37 70
73 29
29 33
29 76
70 48
20 78
4 66
45 3
72 23
19 84
48 85
44 83
76 88
16 65
72 75
92 34
81 46
2 88
93 63
36 94
93 49
68 7
3 70
75 2
75 20
75 35
59 92
38 39
92 37
50 5
13 36
16 59
76 49
17 50
45 31
89 76
19 96
93 33
86 3
30 1
24 27
85 24
65 85
72 22
8 69
81 34
53 60
46 45
67 14
22 86
97 90
79 58
46 21
10 11
92 97
66 73
43 28
82 37
69 36
12 77
39 79
87 92
5 18
68 23
36 37
3 54
63 14
19 88
27 9
4 57
55 67
43 86
37 90
33 97
92 72
22 58
14 7
79 70
67 54
10 2
85 31
69 81
89 71
73 64
22 46
85 5
47 49
5 37
42 68
87 52
40 13
56 13
69 21
64 18
89 51
90 47
39 66
15 45
12 95
25 39
42 22
27 91
6 3
80 53
51 27
48 27
6 0
71 39
71 92
47 4
45 53
97 3
99 48
13 37
72 98
