164
34 33
43 5
51 82
59 7
97 20
64 16
28 73
87 33
70 24
85 73
71 29
81 5
55 61
66 22
71 54
34 61
37 62
0 22
75 88
6 4
98 38
7 35
56 64
55 35
87 55
88 14
72 18
62 47
5 53
30 5
89 73
90 50
91 46
13 66
52 73
41 88
38 45
26 30
8 75
0 11
79 76
85 76
13 59
40 12
10 42
81 39
35 82
63 14
20 47
12 19
78 75
60 23
68 27
52 17
48 91
47 27
29 85
16 49
86 54
62 11
0 67
19 78
13 9
42 10
34 31
51 33
78 18
66 8
50 78
31 79
51 94
37 87
22 65
85 5
13 20
46 29
65 90
13 96
46 83
51 36
98 9
63 95
23 43
21 97
40 40
75 46
10 73
7 72
61 15
38 94
44 31
20 25
34 37
98 96
79 68
39 65
71 30
45 70
11 48
50 7
98 57
37 82
25 57
66 44
77 40
17 18
80 54
34 20
89 93
7 92
2 5
26 31
89 52
48 13
24 21
16 40
52 46
51 89
48 24
50 37
39 95
62 88
38 89
35 49
29 13
67 44
11 64
6 9
31 31
18 60
19 81
61 2
7 30
36 75
95 5
73 77
68 32
48 30
13 2
66 0
97 70
5 25
86 62
5 62
51 51
75 60
97 29
61 13
4 61
50 1
34 53
17 86
48 65
98 50
55 54
59 80
40 32
71 65
42 23
33 11
99 84
50 25
26 27
42 58
