145
23 94
39 87
89 91
33 88
79 94
84 88
19 71
34 81
2 9
40 42
45 99
23 53
28 87
32 99
32 71
73 83
19 44
30 42
21 21
22 48
89 96
49 92
16 83
9 83
69 72
4 56
12 33
78 81
8 23
40 55
7 21
44 56
4 68
18 61
80 99
22 66
87 93
0 42
11 64
16 51
32 38
58 71
0 52
7 87
23 64
25 40
3 19
7 52
45 62
17 97
60 62
0 16
83 85
65 74
17 45
28 70
27 62
20 35
57 84
18 18
28 60
14 23
55 87
71 89
41 96
34 79
59 95
8 39
10 26
60 97
82 91
26 80
49 78
7 73
43 49
12 95
10 9
16 41
45 91
33 93
22 76
70 83
48 73
25 25
24 40
52 68
25 86
46 60
16 92
0 37
10 69
78 87
2 94
43 55
50 85
67 78
62 68
49 58
24 56
5 31
20 60
44 88
12 18
37 82
55 68
6 68
53 55
45 49
56 59
50 57
63 74
30 81
39 76
75 97
39 42
10 71
35 62
24 73
14 62
66 87
40 60
6 82
26 33
25 47
1 52
23 87
10 42
47 99
37 64
41 73
16 56
5 78
53 95
23 38
29 98
34 74
12 75
0 7
10 15
50 98
3 3
93 97
91 97
10 49
86 96
