181
71 65
43 9
35 45
55 3
79 81
29 27
63 94
11 30
41 73
80 73
87 50
48 50
81 98
42 48
67 56
32 2
18 49
26 27
54 31
6 60
51 12
97 16
41 18
5 86
56 58
19 41
50 9
92 38
32 53
29 72
31 58
28 74
69 4
3 70
81 18
57 7
40 12
56 38
68 17
3 77
43 68
72 92
39 24
52 86
82 38
20 98
92 48
4 63
52 2
22 98
15 15
78 94
48 53
63 42
23 81
20 77
48 64
87 69
38 89
10 76
15 63
42 65
5 19
56 8
19 30
62 20
11 42
62 31
6 44
33 28
23 83
59 45
14 56
41 98
85 56
16 58
85 78
71 23
19 92
49 82
66 64
11 49
36 83
47 18
58 42
42 70
61 76
8 6
46 76
6 79
56 99
39 71
26 42
25 52
4 35
9 3
49 21
52 42
48 81
52 73
36 43
72 71
12 9
33 92
93 66
99 97
31 47
51 69
95 37
80 59
49 88
14 91
37 62
8 52
8 70
15 81
14 72
61 35
13 67
85 60
18 74
23 37
12 76
13 10
93 71
72 33
8 25
33 60
41 55
65 38
92 35
85 16
10 60
56 91
1 21
42 5
68 12
76 46
62 34
53 27
70 13
36 99
83 47
60 15
60 73
41 1
53 97
39 77
72 55
37 59
86 11
32 66
60 97
75 14
3 37
66 69
16 70
85 73
86 97
15 87
45 31
73 29
57 56
63 22
23 19
87 70
1 55
25 89
86 21
42 57
49 43
96 36
67 29
87 87
95 31
67 85
97 1
72 51
5 1
25 59
0 16
