176
73 97
54 2
68 88
78 21
89 39
26 63
81 57
82 52
63 98
53 27
73 51
59 81
88 65
12 74
2 6
96 82
44 57
50 57
44 1
82 42
68 65
65 76
26 97
78 65
12 21
89 11
63 3
24 45
10 68
65 84
16 58
54 63
35 64
76 8
98 38
24 64
50 50
4 57
36 31
52 20
34 59
59 84
23 83
86 98
31 38
18 8
94 91
53 11
32 77
0 17
71 15
8 19
31 30
35 45
18 2
5 75
44 22
87 63
54 36
97 27
23 17
61 18
17 87
42 55
24 66
49 88
90 29
38 1
39 20
97 49
65 69
24 10
47 34
13 91
77 63
5 64
88 17
39 7
9 27
60 40
57 32
29 7
27 41
58 46
60 57
10 46
1 12
78 75
45 63
51 32
85 48
13 42
48 72
22 76
68 23
86 93
18 26
98 21
11 50
62 80
64 90
40 91
18 82
51 97
7 78
66 49
46 46
47 2
38 92
97 16
21 38
16 61
51 15
32 3
17 96
38 38
66 38
8 18
39 46
65 65
60 67
5 77
19 68
93 47
91 69
33 28
50 76
16 51
8 8
1 93
67 78
87 75
40 32
97 32
13 64
1 3
30 3
36 65
31 49
44 40
38 56
30 75
60 55
81 72
88 46
22 47
47 25
56 46
25 55
37 90
46 83
45 28
44 29
60 37
71 82
71 7
34 71
77 88
25 81
69 64
9 13
56 82
66 25
61 23
27 20
20 72
88 32
99 54
87 74
70 30
85 30
27 45
88 73
48 62
3 20
90 99
