184
43 37
0 35
30 83
15 52
15 60
14 80
46 46
21 39
39 2
12 12
22 94
2 78
18 50
27 48
34 27
4 54
10 16
6 59
33 78
41 68
14 76
23 93
13 26
41 95
13 90
10 88
27 91
19 61
28 16
8 77
34 28
39 10
20 16
28 48
40 12
33 70
2 19
20 56
46 57
1 93
32 26
24 15
3 12
11 64
34 87
6 65
24 28
38 80
1 72
36 45
35 34
37 57
17 69
15 16
5 26
6 88
32 46
7 86
21 90
21 24
22 63
25 64
43 35
43 96
18 22
40 44
3 41
41 92
37 65
31 97
6 96
26 77
25 68
18 87
2 61
11 32
46 48
28 11
1 17
46 76
15 82
44 13
20 69
44 24
35 8
45 60
36 17
29 36
23 53
8 39
15 98
16 38
3 17
19 75
18 32
17 44
1 48
2 25
44 68
46 2
27 0
18 79
25 58
6 19
6 31
35 1
3 86
38 75
17 20
33 55
11 19
21 45
26 23
34 91
13 28
32 61
5 79
19 35
33 95
44 29
17 5
25 40
25 88
45 40
38 3
43 67
3 5
36 48
28 73
13 3
26 33
30 39
44 21
12 71
48 85
8 82
39 50
13 64
12 48
31 1
11 5
32 29
41 27
29 19
15 36
29 91
30 66
22 12
10 46
1 53
5 69
25 79
12 95
25 12
11 27
6 52
15 8
2 1
7 73
40 23
0 63
25 48
12 36
39 39
40 84
45 7
12 54
34 38
31 7
3 35
4 47
23 4
46 92
45 79
2 30
38 29
38 20
27 18
35 59
20 1
41 55
12 3
37 60
8 61
