168
22 65
59 92
35 95
79 34
15 67
23 37
65 72
65 36
95 89
42 48
12 32
31 17
67 86
70 38
2 77
58 37
67 29
36 7
37 0
4 35
80 85
27 13
54 8
31 86
91 12
38 44
77 61
26 51
84 63
97 48
88 24
26 53
72 32
30 26
67 43
41 13
19 9
51 4
82 4
26 74
86 5
76 22
28 33
33 67
91 74
80 40
76 97
50 87
11 39
12 95
19 22
43 31
31 44
71 94
91 60
13 98
64 12
89 83
16 55
98 21
89 88
85 67
7 24
65 43
18 92
87 73
46 21
50 33
8 14
98 60
2 75
47 74
4 46
50 5
87 54
19 91
7 61
69 87
82 98
13 20
2 70
49 47
13 18
41 22
21 90
85 61
28 58
53 45
26 26
70 75
71 72
5 47
93 98
62 59
57 55
8 53
97 28
72 27
3 26
47 41
79 53
52 21
18 50
78 63
11 79
0 19
72 4
82 20
40 65
65 5
59 58
40 12
81 73
64 87
82 27
6 53
18 33
9 84
82 79
66 7
32 59
78 69
72 52
85 23
65 2
74 31
85 8
39 56
41 39
59 32
39 80
49 59
25 11
38 58
25 85
33 32
34 39
60 11
70 85
78 29
31 53
20 14
57 66
45 58
82 44
23 17
61 43
37 22
70 99
3 0
57 48
8 86
78 91
86 48
83 71
27 93
69 3
97 45
82 89
13 9
10 25
46 36
18 36
57 35
83 1
89 80
86 2
25 7
