169
9 50
48 62
98 20
25 49
76 64
86 41
66 80
82 55
40 79
65 49
57 27
65 27
72 34
37 25
29 7
54 28
3 56
93 93
19 52
21 16
51 49
79 18
62 32
44 80
89 20
70 69
3 33
33 63
6 64
47 19
83 88
90 13
48 66
24 32
9 78
95 98
34 39
22 86
81 35
55 16
95 4
87 14
19 88
9 69
9 60
99 7
77 29
93 69
15 22
11 12
71 98
85 79
56 39
51 39
20 95
75 36
22 4
32 21
40 10
56 95
2 74
69 5
46 76
67 30
98 31
2 4
17 19
76 96
40 71
88 84
25 38
38 48
49 35
28 94
44 88
94 64
3 71
88 91
83 75
21 20
12 51
73 33
9 3
74 10
25 24
64 69
68 44
27 43
38 68
74 16
77 34
61 73
51 94
11 98
69 86
18 30
32 76
96 33
3 49
83 97
25 11
14 74
20 36
66 98
94 43
62 74
17 5
16 88
89 50
29 57
12 18
68 84
28 30
7 54
2 84
56 45
12 41
38 83
35 68
56 22
61 46
1 27
68 90
23 68
86 71
49 14
2 56
94 32
77 46
55 56
14 90
79 32
75 1
51 48
41 97
67 44
64 92
87 28
39 91
15 37
10 41
71 2
53 17
20 60
53 68
27 0
56 78
28 77
22 9
0 9
18 57
55 13
14 87
82 30
42 36
1 44
9 93
88 32
19 83
36 53
82 96
69 28
0 52
90 90
40 17
19 35
13 59
40 96
97 75
