167
78 29
25 52
98 18
22 3
99 54
35 37
38 97
78 50
43 15
54 25
4 54
37 65
92 73
98 6
64 55
75 22
31 84
3 80
61 22
94 5
9 64
68 13
60 42
62 66
23 92
20 56
19 31
92 99
12 99
14 50
75 97
33 76
75 8
84 3
82 69
3 76
99 82
27 28
92 66
41 93
80 6
17 88
93 49
74 60
21 60
17 78
44 94
55 97
12 37
16 75
1 21
69 82
2 53
37 24
35 17
31 15
89 10
10 39
29 76
46 88
36 83
57 0
28 7
35 64
39 93
79 15
48 66
3 87
50 28
37 78
53 22
64 11
19 80
91 50
94 10
95 62
4 31
59 84
46 89
90 32
83 71
87 54
66 21
39 54
24 73
51 8
54 37
22 18
87 33
87 5
56 74
92 5
84 60
37 17
63 3
84 87
99 31
77 18
46 57
25 18
74 40
85 68
6 78
59 87
35 4
5 39
7 82
16 32
53 15
0 88
15 94
3 50
48 79
88 58
20 95
51 45
12 3
34 50
35 54
67 35
62 29
32 97
4 13
89 41
63 12
69 59
48 94
57 69
60 54
12 83
0 15
23 11
25 24
31 67
39 70
53 55
39 17
34 12
57 16
21 40
16 26
71 18
40 74
79 66
9 17
29 51
53 79
1 87
44 3
37 48
95 72
8 29
88 92
86 82
82 82
97 43
73 31
43 58
53 11
28 27
22 42
1 63
23 25
36 60
99 45
68 33
64 32
