165
35 54
43 26
78 60
4 12
22 89
72 64
77 48
58 97
21 75
17 47
2 31
80 25
35 56
69 70
67 79
90 41
10 81
7 51
46 7
49 28
89 92
63 92
35 10
61 55
73 79
84 93
82 46
2 1
3 17
19 83
55 61
80 12
50 77
44 69
69 65
78 13
69 89
59 65
59 18
37 16
32 47
67 39
15 32
67 88
31 28
75 97
24 7
69 39
53 59
83 12
89 67
73 31
2 81
47 66
46 53
75 45
75 76
53 85
29 72
16 88
75 24
43 73
59 84
31 83
99 5
10 19
57 15
69 23
45 82
78 77
5 99
31 96
30 57
43 35
70 19
75 66
42 88
71 72
1 11
77 36
83 54
22 63
83 6
67 95
9 9
33 18
37 54
48 76
70 53
8 4
64 22
66 15
42 50
48 42
28 48
95 46
93 71
60 22
56 41
76 7
9 91
31 90
50 43
82 0
84 26
56 56
63 12
17 92
97 18
14 7
15 59
77 54
11 92
19 9
8 98
2 85
51 53
76 50
71 11
19 43
38 50
90 92
17 2
15 13
14 2
98 80
98 97
5 8
88 17
85 35
25 72
57 97
69 29
95 82
93 87
16 40
15 33
12 44
52 98
0 96
93 29
37 38
60 35
54 29
62 33
89 0
37 99
25 55
66 32
50 4
75 37
68 1
32 67
37 75
1 97
69 83
33 34
49 36
86 1
6 68
60 96
33 75
93 8
85 18
25 67
