159
9 81
0 78
92 31
7 63
3 63
40 64
95 88
75 14
79 43
82 8
93 5
14 86
21 15
60 90
88 38
31 71
66 86
95 39
1 96
35 19
19 90
1 55
67 13
23 63
46 50
96 19
44 5
13 58
53 91
46 39
85 81
20 55
35 90
67 74
61 4
85 17
16 30
69 36
76 87
81 44
85 92
10 4
69 65
55 23
97 26
82 31
95 63
93 76
28 15
44 85
30 29
51 70
18 65
12 27
37 82
62 45
79 41
50 21
54 33
0 56
70 78
95 11
34 15
25 25
20 68
16 20
94 63
29 88
48 48
72 45
74 91
70 33
94 25
71 23
38 74
6 97
99 53
44 62
83 91
78 66
92 86
33 52
31 75
84 34
24 70
74 38
81 64
40 89
70 51
78 59
44 24
70 2
14 73
14 81
4 39
1 92
77 28
6 58
32 33
9 26
98 48
3 82
53 39
63 5
22 94
87 97
16 96
52 80
8 41
27 8
89 95
50 77
53 8
16 8
84 86
21 43
92 20
89 9
62 73
18 37
24 84
61 60
97 67
30 28
94 72
60 78
29 67
28 31
30 84
20 74
53 84
88 64
52 34
72 60
38 16
96 67
78 72
56 85
93 13
74 7
14 99
59 57
32 26
1 87
8 97
85 47
96 60
39 74
4 73
14 52
1 51
37 64
94 93
29 3
34 61
71 40
81 12
25 78
99 6
