150
10 74
29 83
12 15
13 56
21 68
26 62
51 56
76 78
6 62
76 84
40 60
42 78
37 78
40 72
97 98
63 74
84 94
17 80
3 24
9 44
42 94
6 89
9 90
5 55
77 86
38 74
60 88
18 99
23 43
72 90
40 68
45 69
44 63
0 58
13 32
2 9
58 75
45 92
12 92
66 70
91 96
22 35
33 71
4 15
52 54
21 92
65 83
65 85
33 63
91 94
10 96
47 72
5 87
23 46
1 88
11 28
64 92
86 97
13 67
3 17
28 36
8 41
34 66
68 92
6 95
10 20
31 92
36 63
25 26
49 85
20 36
11 85
33 52
17 42
50 63
56 82
28 63
21 46
7 18
50 67
66 81
74 92
17 87
55 71
15 29
27 69
18 51
79 87
21 98
45 50
7 49
65 64
47 73
59 83
63 69
19 23
6 59
22 91
32 87
1 94
27 91
0 52
63 92
91 98
22 30
36 46
8 58
6 73
12 77
1 1
36 88
18 95
27 64
36 99
42 89
57 96
52 87
28 41
3 19
13 84
70 80
30 87
65 76
8 62
20 77
71 76
49 56
28 99
33 31
68 87
14 96
71 98
17 89
63 65
50 78
21 74
16 41
7 99
22 39
36 76
8 26
17 56
59 62
0 28
0 2
52 91
61 95
15 20
9 47
33 54
