168
57 18
4 98
30 12
94 2
29 70
29 49
62 22
89 56
19 60
82 93
99 16
60 48
91 18
78 5
16 88
32 53
15 80
5 76
16 7
86 92
32 96
8 48
72 17
11 13
19 67
42 63
85 68
64 0
82 29
61 73
6 7
9 96
35 54
1 10
94 29
59 83
16 57
28 89
92 38
51 80
86 22
52 99
57 74
7 45
71 69
45 11
80 33
6 20
75 33
59 61
25 19
50 23
77 15
79 91
84 83
8 7
41 44
67 18
35 20
90 82
71 40
87 29
24 17
72 8
38 19
13 55
54 88
92 78
51 13
29 66
40 3
94 6
62 68
1 71
11 93
27 70
35 88
78 62
58 6
26 55
61 14
9 63
67 15
11 71
27 43
91 86
58 44
24 65
52 49
49 27
27 27
87 59
23 42
88 49
25 39
96 39
78 73
27 96
17 75
53 4
24 27
57 54
56 95
22 98
80 16
26 48
33 13
70 46
63 97
94 87
39 42
63 86
77 64
72 13
57 78
46 50
13 47
14 21
20 67
36 66
95 65
82 77
11 76
71 23
18 23
43 46
59 35
36 73
89 77
98 12
37 10
3 55
2 34
96 94
87 86
23 8
0 57
48 91
99 34
38 8
62 39
43 96
1 61
72 28
63 53
72 57
87 23
48 33
40 48
11 65
31 84
18 33
58 65
42 5
22 33
17 49
42 1
24 73
54 22
26 37
74 45
42 71
99 59
51 97
33 10
92 59
18 39
72 36
