173
81 64
81 28
66 88
12 34
32 44
45 81
73 2
24 18
58 10
45 74
10 1
32 71
73 43
75 50
22 16
23 9
12 59
60 47
57 67
31 5
80 72
90 4
43 96
11 15
3 60
69 67
24 0
97 59
66 7
32 77
35 46
67 19
28 16
95 68
36 58
66 77
95 70
16 44
75 60
44 36
7 93
52 83
53 65
43 0
75 72
4 15
14 8
84 40
85 77
58 32
61 85
17 38
99 24
87 86
72 87
68 14
19 2
77 2
0 86
90 31
78 91
14 88
53 27
38 43
6 86
49 9
60 18
88 94
28 90
48 31
6 33
34 51
74 93
12 46
77 53
32 21
91 52
25 45
20 64
82 79
19 60
3 9
38 50
59 40
20 97
91 64
84 72
17 50
99 91
11 37
82 56
38 64
45 30
87 56
65 44
32 80
96 62
49 21
95 45
7 89
27 64
50 77
67 73
70 4
81 67
48 37
63 63
25 92
8 66
64 30
0 70
48 18
90 47
88 64
54 73
5 96
81 15
53 87
77 20
57 5
63 13
55 54
7 17
86 11
87 72
14 21
48 24
83 36
95 76
1 30
92 83
1 42
79 53
66 97
55 82
19 26
43 16
95 81
12 32
29 31
98 48
10 81
35 14
23 97
74 5
34 91
17 33
97 95
88 77
62 20
16 24
53 92
24 42
87 83
5 53
41 27
22 78
72 35
22 12
91 94
74 10
40 24
12 25
39 68
47 27
45 64
28 57
97 38
77 41
70 45
43 22
61 28
44 98
