164
14 10
37 84
13 87
52 87
73 79
23 68
93 8
2 80
46 13
52 72
55 18
60 45
60 25
75 72
91 5
57 8
36 80
75 0
26 32
84 27
53 32
60 30
32 10
93 2
98 60
91 27
6 96
40 18
8 42
19 21
58 53
26 90
13 81
32 71
27 78
6 67
62 8
72 30
21 16
91 56
15 73
37 52
44 98
88 80
72 50
15 50
15 65
80 18
11 48
20 47
53 63
57 57
59 78
50 5
73 23
49 2
17 16
12 76
99 38
38 28
7 83
69 68
5 35
68 38
4 54
50 23
81 51
76 75
82 35
74 15
5 18
8 59
22 39
78 21
56 23
0 72
27 57
75 44
44 8
61 91
58 93
94 77
82 92
64 6
42 54
64 16
36 67
38 43
31 23
52 82
5 8
5 31
64 41
71 0
27 94
80 56
89 45
95 72
76 28
58 61
40 11
42 57
9 65
49 55
83 19
47 26
3 14
42 2
48 34
41 38
17 94
60 53
49 51
3 74
25 17
39 24
83 44
29 6
89 96
58 99
84 95
54 29
66 79
63 67
5 96
95 17
37 96
42 94
57 35
98 56
91 47
47 94
98 2
33 61
28 99
30 11
65 56
79 75
46 82
45 20
38 97
3 30
65 74
67 19
79 97
18 59
82 48
23 59
1 92
61 34
38 48
92 50
62 88
8 4
96 46
25 69
88 84
45 25
24 74
17 61
42 20
80 61
5 0
99 18
