162
49 87
78 67
6 41
15 1
96 8
75 89
50 49
46 56
44 75
59 65
58 33
50 69
76 14
58 11
35 11
81 61
69 88
2 29
35 29
86 44
20 44
1 11
92 33
49 13
20 88
82 3
82 46
95 49
85 18
76 22
43 46
17 94
54 54
59 18
58 44
28 16
73 26
86 31
15 81
5 73
3 34
76 33
44 30
41 72
51 79
22 30
91 91
26 60
54 79
35 95
27 83
76 7
55 95
38 18
97 63
67 14
65 22
21 23
13 30
47 95
19 33
37 26
81 69
64 79
10 82
81 96
93 56
36 83
18 16
0 55
11 94
53 24
68 70
54 19
52 90
36 89
17 79
2 22
13 0
64 62
83 99
53 44
87 40
17 70
58 90
24 60
80 94
9 67
32 63
7 45
98 16
78 61
62 90
99 13
65 35
97 92
77 55
50 73
24 25
66 25
44 19
4 40
64 31
96 2
71 74
26 33
62 71
18 8
85 22
14 21
45 53
60 3
9 77
48 43
70 20
10 44
17 85
66 92
12 17
95 43
86 26
96 75
97 35
49 0
17 56
15 43
28 56
74 49
85 56
55 75
51 15
24 42
89 78
44 9
9 60
88 54
8 34
66 58
49 18
24 33
93 96
52 36
70 46
74 1
66 15
5 90
59 26
16 37
80 58
65 95
6 52
51 0
91 87
9 63
97 0
19 67
74 36
61 23
45 98
23 34
66 53
23 69
