102
42 59
89 87
93 6
7 8
9 9
67 64
70 67
19 81
63 40
98 94
39 38
31 73
29 68
11 11
87 13
63 59
77 77
61 42
55 48
98 1
71 33
91 90
18 20
81 22
5 5
48 45
42 54
25 79
75 74
33 37
78 80
47 48
28 25
78 22
65 37
59 44
62 58
75 22
82 86
89 11
14 15
64 33
63 65
96 2
29 33
96 92
30 31
71 31
5 2
66 34
1 96
84 85
32 35
43 41
44 56
91 91
95 98
72 75
13 91
36 61
30 72
59 14
23 78
25 77
54 58
69 72
3 93
17 20
63 62
33 65
61 60
60 58
79 80
80 81
80 19
0 98
5 96
57 55
44 47
84 17
15 87
6 95
38 35
25 23
18 21
57 54
17 84
25 22
46 54
6 92
8 90
55 51
13 88
52 51
99 97
75 29
71 30
72 26
26 77
3 3
30 73
1 2
