170
88 55
74 90
63 11
53 10
26 89
16 66
35 8
44 3
92 28
73 66
3 95
73 11
0 1
3 8
22 93
4 4
20 25
28 17
15 10
30 5
34 56
1 79
42 21
94 11
9 32
23 51
93 62
66 3
94 21
45 48
44 26
16 58
9 27
80 40
35 62
9 72
80 36
22 52
55 61
37 84
71 99
55 44
69 76
74 60
68 48
88 24
16 90
82 54
85 17
12 23
85 26
91 55
54 81
89 31
33 11
3 44
36 21
45 45
23 5
36 32
38 84
65 24
6 94
2 78
31 43
11 43
41 91
84 1
6 77
3 19
1 75
45 85
14 13
7 6
3 62
4 67
59 47
22 64
41 59
15 37
88 82
9 39
71 69
30 65
70 89
45 36
52 64
70 25
94 8
38 69
38 70
94 90
53 25
92 96
87 62
61 69
59 23
29 24
37 36
5 32
17 94
48 14
6 50
55 28
20 58
47 43
62 98
61 21
85 14
89 70
41 86
19 33
85 2
36 15
88 44
61 8
36 0
50 3
88 14
48 60
49 18
64 11
24 79
90 37
90 4
17 47
34 26
11 13
97 48
50 66
88 84
6 25
21 31
12 2
69 59
92 11
19 28
99 80
30 75
39 9
56 76
34 39
50 30
40 52
25 16
32 80
68 15
47 31
94 51
60 19
58 87
3 35
9 79
88 16
58 86
71 51
27 22
40 44
20 79
60 65
21 0
19 84
41 49
85 53
3 98
48 28
18 21
15 27
46 57
74 59
