166
43 94
83 40
49 76
93 0
54 69
96 44
77 24
98 14
80 79
60 82
59 97
48 36
20 94
96 10
24 53
21 78
0 79
20 87
61 50
50 72
79 15
12 63
79 87
88 12
42 16
81 53
52 39
5 2
1 83
6 36
40 74
13 75
58 61
21 74
15 84
9 69
28 16
67 78
69 69
42 50
2 72
75 9
42 11
42 20
33 39
72 99
34 36
33 99
95 21
60 45
65 0
28 39
49 6
48 94
73 70
59 7
38 73
99 89
78 37
35 55
77 46
63 41
41 1
30 68
53 32
16 8
77 96
39 63
5 44
91 67
70 20
79 65
14 44
16 39
84 92
69 45
22 82
36 22
90 21
32 30
26 69
75 79
51 35
45 32
11 91
97 28
92 43
92 52
21 24
1 30
57 29
9 92
57 49
12 18
55 36
24 35
94 33
48 51
52 13
14 38
43 37
5 17
88 70
86 7
53 58
8 63
29 26
96 72
8 95
3 14
17 11
70 38
38 41
80 91
32 91
16 94
82 72
43 41
72 20
14 30
28 99
92 45
86 14
86 3
52 93
94 42
89 61
98 53
50 84
85 1
8 23
1 93
86 31
93 56
89 59
14 81
34 52
52 24
27 52
3 99
30 78
63 8
11 70
55 71
88 78
34 29
85 40
15 58
80 99
72 43
93 16
56 88
85 73
47 93
38 49
54 72
31 89
29 19
68 37
64 74
84 96
70 12
81 35
89 35
32 22
79 40
