158
22 61
68 82
57 47
91 3
65 15
67 23
78 14
55 22
22 70
37 49
38 53
82 28
26 92
81 97
44 32
27 46
29 65
56 75
65 33
31 78
57 96
93 9
41 54
82 41
65 59
50 96
39 63
74 19
4 25
13 17
37 39
86 69
98 64
72 1
52 58
16 34
33 4
80 81
91 57
76 92
4 66
38 18
47 84
21 15
20 59
62 70
36 61
39 46
56 14
59 10
37 96
36 35
22 24
46 6
97 39
96 6
51 70
30 12
71 9
82 77
22 21
8 74
54 87
72 29
48 43
3 72
96 26
43 83
4 50
82 52
86 92
28 18
19 3
20 61
24 79
44 99
72 57
90 86
82 35
57 62
57 49
91 26
21 87
37 68
6 70
54 84
57 39
27 52
99 68
32 68
70 91
57 55
37 93
28 75
3 17
68 95
44 74
56 34
32 46
77 43
37 91
50 46
71 29
39 34
0 69
31 34
2 77
88 18
59 33
55 24
51 63
33 74
97 33
17 31
5 82
33 15
63 5
39 61
0 92
64 80
25 18
71 0
11 89
79 36
99 71
76 19
99 89
3 3
68 96
10 1
80 4
23 13
90 15
67 4
93 12
99 32
37 12
47 62
28 59
84 65
20 8
72 89
70 35
78 0
48 24
27 6
96 10
97 17
67 37
87 79
0 24
33 93
10 55
62 9
0 40
89 94
30 7
43 47
