172
18 6
2 67
69 66
31 94
70 50
28 74
43 44
83 17
75 80
96 75
95 26
1 46
75 31
33 66
60 73
13 35
77 19
46 92
44 59
77 67
9 67
85 23
38 18
97 80
85 37
27 79
39 48
44 90
16 40
77 90
48 71
28 46
60 85
3 20
5 27
26 55
42 28
9 81
13 21
63 78
90 79
50 5
19 53
64 31
37 66
67 85
67 15
3 42
20 62
63 26
13 46
67 95
95 8
38 80
7 76
59 0
96 42
56 67
88 75
0 94
34 93
27 53
55 77
10 50
84 60
86 82
61 43
82 28
98 36
34 40
85 75
24 24
3 60
44 26
37 2
7 84
93 20
9 60
83 22
22 48
62 66
92 38
51 64
1 1
66 1
41 39
40 83
62 64
70 60
71 46
50 25
9 46
72 64
75 95
63 79
68 81
59 16
19 87
53 1
56 62
3 71
12 37
92 34
60 59
20 74
5 93
30 4
22 96
32 87
14 19
26 12
88 40
18 61
86 91
42 42
27 44
30 68
21 73
89 51
70 97
37 26
56 7
74 36
3 7
22 36
52 60
41 53
41 61
21 63
6 39
90 97
77 85
11 17
64 42
29 81
34 31
94 31
10 63
48 2
36 76
19 17
83 46
78 36
5 51
44 66
95 97
54 31
59 92
64 58
73 88
79 40
16 29
71 88
2 26
82 50
1 27
1 55
98 48
70 8
74 69
53 80
29 97
81 80
87 6
57 34
41 2
56 92
53 41
17 0
37 65
20 72
78 96
