168
31 20
9 12
31 73
29 88
36 88
35 57
40 98
31 48
79 20
77 7
45 41
28 62
14 9
63 27
91 31
66 76
34 83
7 72
92 13
4 94
89 93
13 80
10 51
5 96
67 3
42 54
61 61
87 89
70 32
22 48
67 41
39 30
27 15
6 84
73 73
52 7
9 58
37 56
21 29
88 83
31 4
67 11
74 62
25 68
8 41
40 61
10 70
24 17
35 80
21 33
51 45
16 86
38 80
79 44
71 24
84 68
58 47
38 10
50 77
53 87
27 71
18 86
14 96
48 44
0 6
41 8
70 57
85 59
85 92
98 92
43 16
49 95
16 31
81 37
97 76
29 27
58 76
8 75
5 27
30 10
5 15
24 22
32 52
93 69
13 16
67 14
15 47
10 21
17 24
14 73
48 14
65 33
48 36
35 68
2 4
19 64
56 74
79 10
20 66
69 23
63 47
32 67
78 33
81 14
10 6
30 99
94 33
88 79
82 57
59 15
3 15
78 56
88 28
43 35
59 30
13 25
35 32
87 73
89 54
36 25
34 25
2 50
92 41
1 73
36 2
96 44
57 70
2 77
95 60
93 71
49 24
20 81
50 59
51 27
8 64
16 53
97 5
64 98
46 23
0 87
77 4
91 62
67 62
2 94
58 69
65 98
75 30
11 97
20 60
97 81
59 80
74 52
74 84
55 68
89 67
41 52
99 18
94 8
25 84
83 44
88 9
31 59
32 8
66 21
67 95
52 60
68 12
98 67
