139
2 76
47 85
13 37
38 67
44 72
8 85
23 16
6 4
44 6
65 10
47 55
66 5
80 40
33 53
39 78
12 74
88 7
90 27
33 32
45 69
29 37
68 19
6 36
77 34
25 33
47 95
8 4
68 86
3 53
32 15
84 12
57 12
9 16
14 56
46 43
13 46
73 5
11 0
23 7
51 45
19 93
9 25
31 99
16 98
32 0
49 13
57 78
12 87
20 25
27 8
15 26
84 18
5 47
85 3
0 10
34 27
17 44
92 48
43 46
8 13
34 47
72 22
3 93
13 21
65 91
89 17
11 69
16 41
12 2
9 77
15 4
6 61
26 58
16 6
54 21
23 58
0 98
2 58
42 3
92 17
0 11
15 5
0 33
18 77
91 11
73 15
16 20
92 12
71 96
81 20
94 21
34 6
33 10
35 33
38 16
6 8
0 18
94 13
13 9
25 78
39 6
9 81
41 20
15 94
33 40
22 92
49 39
1 14
13 10
36 18
21 64
85 15
12 91
13 19
74 27
14 94
72 28
57 9
22 1
22 25
22 45
3 68
23 21
26 2
0 7
14 13
1 18
4 5
42 10
77 15
32 21
80 25
30 90
2 2
95 5
14 96
35 94
14 95
8 95
