174
4 22
28 11
16 8
68 87
30 69
78 90
52 31
18 49
39 11
87 20
76 26
57 61
95 27
17 93
41 26
51 96
16 5
44 76
88 50
71 94
20 93
37 90
19 65
64 72
82 36
35 41
94 37
83 58
13 9
11 96
82 82
88 79
6 63
30 64
11 35
5 60
6 39
88 53
32 34
13 57
31 17
27 40
7 37
2 81
18 28
68 82
68 50
32 73
32 68
97 63
45 70
98 10
30 5
67 33
30 10
62 19
58 61
83 26
23 64
68 55
24 41
65 0
82 47
35 35
76 83
28 84
53 42
20 99
19 74
34 24
49 80
91 10
20 98
53 81
33 13
85 81
74 51
49 55
93 75
14 35
44 98
76 44
81 16
22 9
54 36
77 67
59 23
53 51
90 23
2 75
0 69
21 18
94 13
13 90
62 3
99 55
35 43
36 68
38 28
92 21
86 16
30 44
79 80
62 17
44 89
20 84
63 50
35 49
25 32
66 27
98 16
0 43
16 36
83 32
74 3
27 2
14 79
28 57
43 31
52 8
63 23
58 89
78 96
82 0
56 51
19 23
98 70
13 86
86 71
7 53
5 33
70 30
87 41
76 78
25 49
50 73
76 88
39 63
65 59
16 2
88 85
44 83
2 60
63 68
56 40
59 26
32 18
24 14
36 23
91 96
37 75
0 41
56 17
37 77
90 29
56 73
42 7
38 4
73 87
51 51
92 79
50 52
63 64
41 54
91 89
68 5
87 35
35 10
14 97
86 86
28 47
81 89
3 59
34 6
