175
61 10
45 39
39 41
66 36
91 15
14 75
28 57
95 3
42 41
47 82
72 39
78 23
23 61
20 81
20 65
46 1
91 62
57 61
61 81
86 67
83 1
82 69
77 13
45 17
74 31
15 67
85 43
35 39
29 45
48 15
12 35
60 6
24 8
69 63
6 66
20 28
86 48
68 46
35 24
36 79
28 24
38 5
30 71
61 43
1 65
16 11
21 9
87 83
8 99
26 80
54 76
59 50
44 99
59 74
16 28
37 61
36 92
16 65
24 14
9 44
35 96
96 48
19 44
85 3
44 69
84 6
74 35
63 4
86 98
28 7
53 89
3 51
54 60
36 87
89 54
50 75
72 4
20 89
69 97
51 32
65 99
46 87
79 7
30 11
41 56
50 82
95 67
66 28
2 80
28 22
30 55
1 25
46 60
81 75
54 23
1 59
44 56
93 2
69 81
50 55
80 88
33 94
71 20
2 15
22 0
93 71
98 98
55 66
31 32
2 1
47 7
65 87
39 26
46 28
72 23
29 80
64 26
80 34
37 16
93 96
96 78
29 95
82 14
87 57
58 56
34 10
96 94
55 96
4 78
69 0
13 1
44 81
1 37
22 37
23 39
42 2
47 70
24 51
64 47
25 41
16 85
72 14
14 43
7 40
56 34
18 3
43 63
76 0
24 86
45 96
1 73
97 31
10 66
1 31
64 85
90 51
49 78
32 47
10 11
35 50
75 58
71 16
60 2
15 82
20 33
80 19
81 39
79 37
5 56
83 96
18 5
25 31
14 3
5 89
52 84
