169
58 47
76 18
24 68
58 49
96 7
62 71
73 42
49 10
96 88
67 26
52 6
55 21
96 96
34 65
2 54
16 58
93 17
36 97
2 15
70 87
86 47
96 49
10 22
6 75
91 71
25 58
43 46
92 82
83 14
28 35
2 8
32 90
3 57
29 78
84 30
82 24
48 52
20 5
13 5
17 92
41 98
71 35
26 96
30 43
33 2
27 61
6 38
13 64
86 25
85 10
53 37
24 17
79 71
18 97
63 12
92 67
10 18
97 21
18 50
9 40
76 80
15 80
37 89
72 71
18 5
48 83
43 8
59 81
73 9
93 23
56 14
13 78
86 39
46 4
60 41
55 47
49 73
22 3
32 73
21 45
96 30
79 8
63 17
58 9
26 82
42 4
56 96
70 80
99 85
73 17
6 34
52 66
84 19
40 84
53 17
48 19
41 31
66 40
89 57
72 28
31 11
72 85
34 36
63 28
18 66
7 2
30 20
64 15
53 86
84 90
70 44
35 18
49 50
25 1
53 53
29 31
14 33
0 95
93 50
6 81
16 41
51 43
29 29
76 33
65 37
52 80
28 50
45 58
9 6
20 21
9 25
19 33
32 98
83 74
89 31
52 88
54 55
3 91
10 65
33 10
12 52
27 51
56 89
92 13
88 79
33 64
45 72
52 1
96 80
24 26
43 66
16 16
81 16
35 24
86 0
23 11
33 83
70 94
74 94
31 69
1 59
21 39
25 42
78 44
10 14
99 81
45 71
97 37
98 66
