179
54 74
11 70
27 19
53 22
41 87
97 41
8 0
19 10
0 71
32 5
98 51
77 76
44 42
58 6
11 87
53 96
61 32
90 23
47 56
30 7
47 55
95 71
3 82
26 30
90 11
51 19
12 76
34 28
57 30
17 41
96 62
1 58
56 69
18 91
4 51
50 36
11 79
17 70
26 92
37 39
49 92
78 13
87 62
30 50
66 77
26 37
61 85
96 3
68 51
12 44
76 23
6 84
94 38
68 22
63 22
93 57
12 11
51 83
27 26
71 39
2 80
48 62
52 12
68 69
47 4
64 92
20 26
17 15
54 66
56 13
2 27
98 26
39 3
12 36
74 16
76 98
46 98
79 93
88 92
32 45
4 44
61 11
9 7
73 18
32 19
48 13
76 20
64 43
19 5
9 23
4 55
79 57
23 10
70 33
87 79
14 61
15 25
64 65
63 70
5 8
81 99
4 25
34 36
66 9
62 48
79 62
70 92
3 92
32 79
38 90
91 53
81 47
87 56
45 78
62 33
32 94
75 42
68 20
21 47
80 52
41 24
0 20
37 22
14 28
2 32
8 43
22 56
44 49
38 2
86 64
52 74
10 50
40 51
73 44
50 74
75 65
29 41
33 57
83 66
38 70
42 29
31 52
21 97
99 62
72 99
33 16
68 30
91 57
8 11
67 81
95 31
94 79
73 23
87 92
62 31
10 96
89 79
5 0
1 88
98 34
34 65
99 81
30 86
11 92
65 4
93 67
59 65
83 69
15 82
84 12
82 8
27 59
5 15
50 21
4 1
54 61
83 5
8 33
39 0
