175
39 97
86 64
34 7
47 44
55 14
75 92
79 63
66 86
86 55
57 30
80 3
92 48
86 97
28 92
78 28
81 27
64 14
59 47
51 68
1 15
35 94
42 37
15 19
48 96
40 94
20 85
78 50
63 78
14 33
98 51
9 63
49 8
84 38
73 52
25 66
53 38
47 51
21 33
90 61
63 61
65 36
22 26
32 29
51 42
24 33
43 41
89 88
29 25
41 51
49 63
66 98
34 31
87 78
24 61
14 61
1 97
23 15
60 55
20 57
41 66
48 20
51 0
63 17
3 11
42 6
49 71
23 28
3 8
71 20
25 54
34 17
69 43
83 47
92 86
45 71
70 74
12 89
81 97
23 37
12 0
28 80
3 66
26 37
96 2
38 25
55 48
87 46
97 95
32 9
2 2
79 78
45 45
87 56
1 61
88 84
34 36
97 40
13 8
73 80
10 81
41 44
67 3
17 52
67 54
70 79
36 83
29 3
12 84
99 71
21 93
35 42
33 46
71 91
54 82
21 81
19 66
95 77
87 14
68 38
41 49
36 8
50 21
56 70
35 82
90 12
40 26
27 20
8 72
39 75
77 64
15 29
4 65
55 83
22 71
16 26
5 86
2 83
69 68
6 28
71 62
9 52
83 94
16 55
81 23
44 81
78 56
76 98
14 34
79 54
1 23
48 26
24 25
71 23
47 78
24 42
55 0
60 97
22 7
73 40
77 32
30 98
54 83
64 26
54 76
26 46
73 46
38 80
72 30
54 30
56 34
80 37
49 27
55 53
19 17
74 24
