173
14 68
28 93
7 41
94 73
42 95
31 3
98 24
72 6
71 9
90 11
89 25
83 55
45 66
30 11
5 83
93 43
64 72
73 46
21 60
41 69
69 55
97 12
63 16
71 41
43 8
98 34
61 85
23 78
97 90
8 48
29 63
37 23
58 16
95 16
41 58
66 36
77 2
95 33
82 57
25 35
83 30
17 78
23 68
1 5
60 66
55 54
73 33
4 20
40 4
63 91
39 42
53 96
30 53
79 37
33 26
60 32
66 23
21 73
63 85
50 66
41 96
87 19
94 96
29 66
88 79
10 30
29 84
85 2
64 2
10 25
70 50
34 59
36 62
47 38
86 87
39 1
78 81
24 96
55 7
72 36
15 61
61 54
84 25
71 18
36 53
36 74
6 33
48 90
74 85
73 62
14 90
77 64
59 98
68 66
94 88
29 41
48 3
6 84
3 9
97 7
87 32
41 76
55 77
22 30
40 80
14 19
5 76
52 72
52 24
62 13
62 37
40 12
77 71
65 29
26 30
87 58
52 73
74 4
83 26
23 46
50 12
93 20
97 58
9 1
8 84
26 89
19 91
59 2
65 58
60 12
41 92
31 42
7 89
7 7
48 46
32 97
2 63
16 12
20 53
95 83
15 53
1 52
43 42
41 85
87 64
96 95
62 25
61 79
75 61
46 47
99 73
8 65
99 26
17 45
4 28
44 74
93 68
68 90
86 45
73 65
79 43
55 83
10 40
85 12
7 57
2 98
9 62
19 85
52 10
45 2
3 40
99 27
69 62
