172
57 87
43 87
92 25
7 79
80 89
49 83
75 67
65 31
24 82
10 23
8 43
65 44
45 74
15 48
6 70
72 49
71 1
67 69
83 67
74 98
86 91
75 76
5 98
12 18
58 53
29 15
8 3
67 99
49 8
3 24
51 50
94 80
13 11
69 99
74 35
91 2
81 27
31 53
48 43
98 84
67 38
63 71
97 13
32 57
6 36
41 93
59 30
23 51
34 72
5 44
23 64
9 29
10 83
2 15
48 99
82 57
1 69
64 52
29 66
82 75
80 25
36 62
38 98
82 7
84 58
3 7
29 96
79 91
71 41
78 38
37 27
31 29
35 12
12 69
96 54
13 25
98 61
16 33
3 58
86 18
28 60
14 18
19 77
2 57
20 13
87 11
37 34
80 15
81 53
50 66
77 43
36 68
0 91
91 18
45 34
92 29
43 82
13 86
67 50
30 25
8 18
12 65
24 85
40 47
53 89
74 13
21 41
45 56
70 30
74 62
49 43
69 6
49 93
19 91
48 33
32 82
57 81
97 53
7 45
22 91
22 97
64 83
34 78
40 22
40 73
32 16
96 91
37 80
13 59
63 93
28 39
39 15
80 58
52 21
7 48
28 81
49 6
10 95
10 36
38 10
64 92
55 5
0 75
20 85
98 97
68 89
54 72
36 27
75 19
13 40
87 74
14 0
91 48
82 32
26 46
40 67
35 92
70 81
31 61
94 9
13 61
48 14
14 5
91 97
35 70
55 9
0 86
33 40
6 90
68 2
68 79
17 97
