167
42 8
51 98
84 87
50 63
75 76
92 87
5 90
23 23
81 55
85 41
47 17
25 72
38 25
69 72
7 44
96 26
47 37
42 73
69 20
3 21
10 84
47 9
25 57
93 25
90 21
90 15
10 80
23 68
97 70
67 22
66 59
29 7
4 29
80 53
93 47
58 22
45 25
29 45
90 45
35 22
59 3
41 44
16 80
97 10
65 77
98 14
74 65
73 79
7 62
74 3
21 61
18 98
79 63
4 49
97 37
40 97
56 47
60 78
39 55
50 44
97 62
94 57
34 39
79 41
61 10
92 6
38 15
87 74
66 73
51 97
56 63
9 10
44 50
87 82
86 66
97 48
73 56
71 51
13 46
75 26
31 15
78 7
72 82
7 87
25 79
39 62
80 17
60 34
76 89
47 78
39 23
37 16
40 80
48 21
73 94
3 26
3 11
70 65
63 53
37 60
27 7
28 85
21 6
14 30
38 42
94 29
24 76
63 21
80 13
17 35
79 29
30 10
91 55
50 32
36 64
27 8
34 93
57 50
48 1
89 49
53 70
98 1
91 69
68 34
40 64
27 24
51 77
43 64
46 86
96 45
36 1
63 44
76 8
78 46
49 82
76 99
1 8
17 9
34 84
84 59
98 75
21 47
15 48
60 66
86 18
51 9
65 51
92 76
78 94
48 12
81 64
77 79
26 4
11 67
83 62
92 27
40 86
39 80
64 86
85 23
34 42
84 93
26 44
52 87
34 12
23 61
7 57
