170
96 90
81 23
65 90
12 94
96 57
23 71
29 25
50 79
74 95
53 59
55 75
11 33
14 82
73 47
28 73
44 54
63 7
88 83
63 39
32 2
23 2
40 36
90 12
25 66
35 56
80 79
2 95
31 34
39 67
31 64
70 58
83 94
41 62
19 50
74 71
79 34
62 5
91 56
61 68
25 80
37 28
36 61
91 20
74 88
82 29
37 16
71 48
66 74
29 52
83 52
86 84
21 18
32 39
4 95
88 61
5 53
45 8
20 63
7 21
97 94
8 9
45 66
58 21
31 81
2 8
46 34
7 60
65 37
81 90
23 7
73 17
16 73
12 50
63 65
54 68
33 22
84 16
90 97
55 92
16 60
21 9
7 33
75 16
16 29
31 55
86 17
4 64
49 16
43 15
81 17
1 1
54 81
36 85
14 89
7 74
1 48
49 90
50 35
81 19
67 63
1 8
45 99
18 97
15 78
65 43
43 1
97 47
96 62
90 79
7 28
87 74
45 25
17 39
57 36
49 3
15 46
3 88
32 61
73 15
34 40
47 46
89 2
97 10
83 14
52 65
91 87
18 44
32 45
70 31
19 37
94 66
34 88
85 95
52 64
19 8
92 51
5 91
11 1
69 73
82 43
63 92
73 19
77 99
75 50
72 26
9 73
71 13
94 13
76 74
5 84
41 58
90 70
98 69
0 36
95 39
72 16
76 34
38 33
53 72
6 43
7 9
50 21
99 95
95 66
83 67
99 22
40 73
77 28
86 92
89 96
