170
47 47
58 45
22 32
53 77
59 3
56 94
37 60
63 1
38 3
24 5
25 38
79 62
1 17
44 83
13 59
98 0
97 58
4 47
75 52
60 23
44 98
95 83
55 31
4 73
62 83
74 75
78 8
78 40
99 67
63 86
45 77
90 13
30 75
18 24
58 50
20 63
66 39
8 63
93 23
75 42
2 55
97 93
92 93
9 7
15 48
90 70
82 47
77 13
81 52
75 59
70 58
96 13
1 20
61 57
81 67
91 86
61 9
45 62
97 31
23 96
89 32
58 86
18 68
5 1
71 72
69 83
96 88
69 5
3 73
72 46
77 98
77 92
40 84
63 5
41 93
37 48
41 44
69 29
87 84
11 26
28 27
66 14
72 48
75 47
32 44
27 33
32 49
98 23
2 78
16 10
43 39
79 22
20 31
42 52
4 52
74 9
29 5
34 13
92 13
87 71
26 65
35 89
96 8
44 32
72 19
60 30
70 33
69 69
66 19
24 74
64 28
71 84
47 34
23 45
31 32
28 19
62 53
28 56
27 47
9 20
74 52
70 43
26 70
56 61
73 88
65 90
12 14
6 31
70 1
27 60
14 96
85 66
75 87
57 72
6 79
49 46
49 81
32 21
63 69
1 7
97 61
17 35
96 70
90 90
9 11
61 12
35 83
32 85
99 47
39 43
79 68
48 91
35 33
67 72
68 49
28 37
26 87
91 41
97 20
75 68
42 86
5 15
85 3
42 50
17 53
93 74
16 30
77 31
26 50
2 97
