165
10 83
58 31
34 24
5 92
84 17
91 43
21 14
37 70
45 13
66 23
2 54
37 15
34 82
94 28
31 84
10 48
14 12
79 32
17 57
72 92
99 90
6 57
74 63
34 98
82 56
53 28
47 61
50 78
82 35
81 67
69 3
41 37
68 34
52 51
76 65
66 3
72 30
35 12
47 91
57 35
88 32
18 61
52 9
59 85
78 79
3 62
36 95
44 66
90 76
76 71
67 70
63 54
67 35
10 89
91 82
53 15
16 20
42 82
35 18
81 28
50 33
68 10
36 84
48 39
37 27
81 16
30 40
97 7
92 88
91 57
48 49
2 79
61 4
86 10
7 2
89 42
97 53
73 83
27 19
62 58
51 4
39 74
1 6
66 95
83 80
35 37
63 28
61 79
35 28
49 41
67 30
21 76
52 17
90 38
44 33
40 50
77 60
60 1
75 49
65 61
28 37
41 17
93 61
27 5
45 30
55 53
21 39
93 82
12 27
40 65
10 76
42 28
82 73
71 50
18 5
51 96
64 55
42 75
49 23
13 73
87 42
84 60
13 95
5 2
42 90
46 8
61 77
32 63
52 39
37 64
20 87
63 49
97 21
84 64
1 25
46 59
52 98
72 72
44 3
54 78
45 57
70 86
71 44
87 1
78 13
27 18
88 26
98 87
55 50
56 91
96 60
58 67
91 5
68 23
85 26
1 76
45 54
70 23
11 40
33 8
97 79
43 60
30 1
31 99
74 38
