166
24 99
5 24
94 96
39 47
84 4
7 7
5 84
46 44
94 78
69 39
23 79
39 0
67 60
69 99
78 65
90 27
62 8
25 17
50 69
52 74
49 10
64 72
36 52
54 72
99 43
51 55
62 49
31 10
36 34
87 40
59 44
76 17
82 98
97 13
64 13
52 26
89 49
41 62
38 69
82 93
13 43
23 72
38 6
32 65
38 58
45 71
96 23
0 38
97 29
1 15
76 48
57 52
4 60
30 29
94 58
24 59
35 95
14 29
18 18
98 40
54 16
88 17
56 34
75 83
51 92
86 89
11 6
55 7
40 67
56 21
27 85
56 92
4 77
95 89
26 61
60 56
72 85
26 80
98 60
56 2
99 3
54 8
56 61
28 34
45 94
10 68
77 76
97 79
21 66
12 93
95 55
98 61
7 17
51 27
26 68
41 47
99 37
39 36
29 55
43 21
7 73
49 19
8 40
74 66
26 23
94 34
70 42
23 91
17 34
93 5
19 43
74 41
73 44
83 3
18 96
36 77
42 5
17 67
12 23
67 89
45 8
48 65
86 27
86 24
1 99
53 43
45 13
65 6
59 31
20 75
2 51
4 89
39 13
7 49
23 8
24 31
64 58
50 43
8 47
14 99
15 9
15 48
27 47
59 96
75 36
6 65
99 97
75 14
0 25
15 95
27 11
78 92
43 72
78 0
30 73
78 60
46 96
5 65
65 10
68 73
75 95
48 33
6 52
80 50
45 17
26 98
