170
31 88
75 19
92 79
95 53
38 42
64 72
80 72
93 94
3 84
88 15
19 91
76 70
35 62
23 76
65 18
69 70
22 75
30 27
46 31
19 80
71 97
61 77
34 73
33 41
11 14
99 0
34 35
1 68
48 58
71 23
27 77
90 30
97 74
52 58
72 56
59 48
39 77
5 84
53 67
93 24
72 96
91 73
84 10
76 68
28 47
85 58
10 95
76 0
71 84
87 47
0 24
59 9
35 65
1 65
44 91
21 18
30 35
10 15
47 31
22 36
49 14
77 23
94 78
16 8
50 27
44 2
53 73
70 48
63 91
19 37
35 88
38 35
0 52
90 99
94 68
2 35
35 10
23 8
89 54
35 26
86 12
55 98
95 34
16 35
51 20
67 63
83 17
19 53
34 82
80 60
67 45
79 96
67 5
16 53
22 98
71 53
27 94
78 77
52 45
20 85
74 8
74 73
59 14
41 51
59 98
53 15
23 22
62 54
94 49
44 38
98 39
54 94
29 95
71 89
48 71
45 70
1 62
14 98
31 10
44 45
97 60
54 91
26 99
55 29
14 59
49 81
99 65
42 72
15 47
62 17
0 98
88 70
16 4
48 98
80 65
13 51
52 57
3 0
21 56
14 79
40 13
8 17
88 82
20 19
12 77
80 37
89 2
16 87
38 1
10 2
51 37
92 63
53 52
84 73
32 64
92 40
6 90
77 34
49 40
14 40
98 82
14 4
75 28
37 98
70 61
2 2
63 29
62 51
34 58
99 49
