168
30 3
53 24
80 57
85 4
89 58
70 10
11 77
5 85
81 12
14 56
58 24
99 11
66 38
46 65
33 11
16 29
31 66
53 46
72 94
2 82
82 41
91 45
55 92
26 92
14 67
94 57
1 97
45 38
45 48
0 61
92 81
64 86
47 79
12 17
48 7
33 4
20 72
65 2
61 9
0 46
36 41
63 19
14 84
58 81
76 66
52 41
87 99
43 51
4 88
47 86
45 92
71 65
91 34
16 3
3 89
39 9
27 8
23 49
24 33
48 90
67 16
14 19
94 81
94 53
41 93
95 47
56 33
76 31
4 18
15 95
52 33
8 43
70 27
43 39
75 13
17 89
40 30
96 10
2 54
50 88
78 7
7 68
87 49
13 26
8 83
95 85
10 34
93 19
29 53
18 39
36 86
23 4
46 50
56 59
61 57
48 44
65 79
1 2
77 17
63 43
72 23
77 58
64 7
61 62
25 86
60 45
91 98
95 77
12 48
61 18
20 21
51 99
84 73
43 10
39 87
52 37
70 67
20 77
38 43
34 36
49 30
79 3
44 6
1 7
20 67
89 36
63 96
92 17
86 90
11 21
68 60
87 38
85 59
58 48
96 7
57 50
72 53
58 84
95 71
6 50
70 84
13 88
43 37
60 26
62 15
10 60
35 79
41 81
52 15
74 92
93 10
22 71
40 74
92 3
7 5
15 97
13 6
42 15
74 21
76 89
5 61
17 48
84 2
0 14
98 67
79 99
60 73
56 98
