164
41 91
82 39
29 58
47 91
63 28
53 9
8 83
65 85
89 53
12 97
57 55
35 65
79 96
41 94
81 90
78 47
86 76
62 73
25 26
1 69
60 86
75 66
42 79
93 71
39 82
0 77
95 73
71 68
25 0
15 46
63 25
11 18
52 86
13 52
52 43
21 31
64 16
65 56
60 70
20 50
53 75
75 94
57 73
57 10
90 83
22 32
93 38
6 28
86 45
55 51
71 58
9 85
67 65
96 93
88 66
27 26
84 76
89 44
42 88
61 21
17 15
10 67
35 30
33 95
72 81
37 18
45 66
54 46
57 34
24 56
87 92
72 8
1 89
84 0
69 53
47 54
59 43
28 81
77 26
87 17
62 0
54 15
31 63
56 53
48 60
9 24
49 16
40 28
29 97
39 95
84 10
95 38
93 86
30 88
55 74
90 24
45 30
58 89
15 42
2 69
89 79
69 24
21 69
27 22
75 90
46 70
20 11
37 25
13 76
41 71
87 7
28 35
8 21
70 84
49 64
42 98
42 10
77 17
67 2
38 78
0 15
16 40
58 23
71 17
56 41
13 94
99 15
26 77
76 42
90 47
39 42
11 6
97 78
37 87
54 25
32 54
14 33
29 15
39 59
89 97
66 38
97 27
76 45
70 99
77 39
22 8
66 46
93 14
56 18
67 11
16 75
60 12
6 8
60 95
53 3
69 37
98 23
11 36
85 70
20 64
99 44
6 78
34 17
65 8
