164
67 30
82 59
79 52
10 85
28 83
94 42
12 61
78 39
65 22
65 32
27 6
78 21
64 61
45 61
69 66
21 30
61 46
42 49
99 68
14 47
19 21
86 27
63 52
0 51
43 69
56 48
71 0
34 64
91 17
14 97
73 24
80 69
46 60
22 9
54 41
58 43
54 51
36 10
82 60
12 80
46 13
50 32
81 84
8 30
45 27
91 59
91 89
2 38
32 51
9 93
15 96
75 85
28 79
26 99
59 11
88 40
68 53
58 93
65 15
35 94
5 83
27 42
26 54
53 89
39 8
39 56
94 41
41 27
60 98
77 56
8 43
79 94
55 92
45 89
83 24
66 43
35 28
22 46
79 1
96 13
14 17
25 53
26 67
35 67
36 59
83 69
3 46
8 39
42 15
94 24
49 79
25 13
47 50
88 1
4 12
33 21
76 30
34 5
48 26
32 70
71 98
13 86
25 16
14 49
45 55
93 49
7 22
12 57
46 97
34 16
3 57
20 51
10 60
53 72
37 64
49 94
23 59
91 96
2 24
57 79
12 12
52 54
41 23
54 36
51 96
29 74
48 76
21 59
62 40
77 8
12 95
47 40
32 41
99 4
29 61
40 79
82 8
80 53
82 4
34 3
23 71
36 54
33 48
4 7
58 75
72 87
47 19
42 60
19 3
98 61
34 80
56 26
98 44
7 34
68 69
62 24
15 68
53 31
60 71
21 64
23 99
65 82
73 29
84 14
