170
8 53
28 27
26 97
42 33
14 17
15 5
3 68
20 5
51 19
53 8
50 37
29 89
78 30
39 9
26 44
80 55
10 70
81 35
33 84
24 84
50 41
23 76
49 84
64 3
42 48
72 86
54 53
47 38
0 7
84 98
40 78
87 65
6 69
7 2
8 33
81 25
81 30
51 79
77 64
39 67
47 95
8 23
92 91
25 26
24 54
84 41
59 61
66 86
5 87
81 71
74 69
39 54
90 82
16 62
22 52
10 17
61 90
39 97
22 57
21 46
46 43
64 74
61 88
67 32
82 55
6 80
19 97
85 93
49 51
86 4
93 36
57 94
72 77
26 78
11 8
36 12
33 9
62 30
6 76
82 67
24 4
76 47
57 11
77 78
2 27
51 88
77 72
64 91
57 88
91 50
32 46
13 58
12 1
16 56
77 9
32 69
27 74
52 59
68 99
72 61
3 22
65 74
24 81
72 90
96 44
72 58
37 61
37 88
68 38
91 52
6 15
20 28
75 27
58 20
11 11
19 84
93 87
76 61
47 30
50 11
20 89
19 33
80 88
68 70
83 90
16 9
30 87
31 26
60 37
92 19
6 60
44 84
43 60
12 63
55 2
53 86
43 28
58 88
46 75
16 80
87 54
35 21
57 76
19 80
52 96
98 80
41 40
30 38
70 40
92 74
59 45
48 5
32 59
4 5
1 4
34 41
75 28
85 3
87 46
88 60
22 68
19 36
11 14
50 74
85 77
15 14
97 89
27 68
74 86
39 61
