181
60 50
40 36
57 48
17 1
69 6
63 82
26 57
85 57
72 8
19 85
0 68
7 96
56 81
67 85
87 91
42 50
50 42
42 79
32 16
41 63
63 85
26 23
2 38
72 17
97 95
57 14
7 30
41 33
21 49
78 84
9 1
97 33
35 31
89 24
82 40
98 24
36 88
83 36
31 71
64 25
15 57
67 96
51 54
14 60
40 95
3 75
84 65
68 1
68 58
52 99
10 25
60 6
42 71
40 9
67 47
41 28
16 49
10 94
2 49
92 88
51 12
13 76
28 80
84 14
80 64
89 78
74 64
33 86
35 98
69 43
13 66
31 38
97 38
9 65
37 60
84 53
38 77
75 38
60 19
28 19
2 29
10 17
12 98
47 75
51 39
42 88
48 99
2 6
64 58
12 81
46 38
78 4
92 11
50 28
96 72
49 73
35 69
68 71
46 46
44 14
56 89
55 97
96 15
11 5
43 91
67 36
99 66
90 46
32 41
54 60
4 71
55 72
96 88
97 83
24 43
29 29
53 51
42 48
21 13
70 37
10 34
77 55
83 81
81 90
54 42
42 57
34 76
47 79
0 97
45 67
16 11
73 70
99 45
60 80
29 63
71 84
64 24
92 0
47 11
88 49
38 22
27 28
53 25
36 19
21 91
89 59
7 81
3 83
40 24
83 17
98 73
64 63
97 48
5 86
75 95
91 65
36 37
66 68
61 3
4 34
57 31
29 2
79 44
75 59
46 9
29 7
68 99
4 66
72 77
1 66
78 63
54 82
82 4
5 53
53 94
25 57
56 17
67 26
99 97
38 2
45 30
