160
63 2
84 15
63 85
14 51
58 32
56 54
39 44
41 60
66 14
38 3
36 94
1 33
18 25
9 7
80 3
80 58
4 28
92 11
4 44
47 97
55 79
19 55
51 83
30 2
44 34
4 49
53 76
71 92
35 68
78 12
15 92
59 15
16 86
50 13
30 19
82 37
91 61
80 88
4 1
22 55
20 88
35 20
78 13
82 56
87 27
43 43
13 25
87 11
29 30
31 7
47 44
35 16
70 75
77 77
26 99
18 74
55 23
61 87
90 71
42 31
13 5
5 8
85 82
64 66
29 54
30 42
27 75
27 82
15 30
99 66
71 13
87 43
73 23
48 32
74 52
13 15
73 18
29 50
44 66
97 3
62 47
74 59
64 34
97 81
91 53
19 37
99 14
95 64
8 91
89 15
73 57
60 75
9 25
95 6
8 16
65 98
23 29
46 15
61 41
27 8
16 20
16 1
38 66
46 17
96 50
38 6
60 96
82 70
58 50
74 80
76 54
42 24
81 63
8 85
2 47
30 66
95 67
89 72
84 26
57 19
48 18
92 3
75 16
36 36
5 37
66 86
55 96
49 89
15 11
31 2
32 57
51 5
92 38
24 26
76 90
62 18
46 56
24 5
70 54
17 8
40 81
85 31
52 96
66 92
24 33
43 10
22 18
54 40
62 7
81 67
69 46
33 67
16 19
23 8
57 97
92 20
89 3
32 43
14 84
60 54
