129
53 53
57 7
85 44
22 49
20 14
29 83
51 59
34 69
21 41
70 17
62 85
56 53
38 19
41 67
78 70
56 74
45 77
66 58
80 39
44 82
55 23
53 73
33 72
73 2
27 74
26 66
70 79
65 82
55 83
73 44
71 32
21 18
69 4
50 38
71 58
71 7
76 61
70 14
71 51
69 13
23 34
61 1
73 23
50 76
55 13
67 77
55 35
35 11
85 45
37 9
38 13
55 27
64 58
23 67
70 37
30 61
70 20
77 62
62 72
64 69
20 7
76 69
65 68
19 29
23 47
58 6
22 61
43 60
74 26
65 65
23 35
81 63
33 80
23 23
37 84
71 56
44 32
68 45
38 27
55 20
32 1
22 8
69 67
60 54
70 59
44 38
36 57
85 59
82 54
40 73
66 0
38 85
39 76
24 24
47 34
46 35
86 37
19 54
29 65
27 3
83 69
37 71
53 58
77 36
73 28
72 63
44 24
24 54
71 71
20 28
38 4
47 52
44 85
35 59
47 86
32 62
41 57
56 60
73 39
51 83
72 39
61 61
57 56
65 62
32 76
45 73
42 23
45 60
82 52
