90
80 22
65 69
84 85
55 42
20 22
81 21
36 66
30 30
4 94
67 33
70 32
53 43
39 58
72 23
83 16
58 41
2 6
29 70
77 21
59 62
28 28
61 64
71 28
19 83
73 70
1 5
0 99
14 82
33 65
48 54
18 21
34 36
64 33
21 23
63 35
80 80
12 9
17 20
44 42
26 72
95 2
47 55
23 79
1 3
62 65
26 26
90 6
36 62
44 43
78 78
10 89
45 56
14 14
89 93
2 5
87 13
64 68
91 11
49 51
24 77
90 92
5 4
56 52
98 97
15 87
50 47
50 53
89 87
69 69
90 93
47 48
6 9
97 96
94 97
73 77
99 0
43 58
38 39
53 57
54 54
41 41
6 93
60 59
33 33
2 0
58 38
73 72
74 24
60 57
93 6
