169
21 73
26 29
92 19
80 94
68 67
15 41
54 43
77 41
39 10
85 64
10 98
67 67
40 66
1 84
34 68
29 86
54 72
70 72
85 77
51 32
82 64
91 34
40 29
93 61
46 61
89 52
71 89
46 13
80 89
23 1
36 36
2 37
75 28
40 58
82 94
28 53
14 64
17 6
23 8
49 57
72 11
6 97
30 39
35 2
82 66
89 25
93 79
11 67
10 38
81 98
21 19
53 8
98 59
54 4
89 79
45 46
63 35
45 19
93 89
75 56
5 55
80 75
92 12
89 88
58 71
1 93
82 98
72 85
67 2
15 94
36 48
67 55
24 87
88 2
44 73
58 68
84 36
17 89
91 37
91 70
95 57
83 31
75 34
32 65
23 66
4 29
52 51
13 20
24 59
8 69
78 26
72 77
77 93
31 71
24 57
53 82
67 80
12 47
5 17
67 91
64 86
37 11
12 76
57 81
40 46
74 73
19 77
48 36
51 91
31 47
90 37
46 68
28 64
13 90
52 25
84 34
19 14
50 41
25 46
92 43
42 7
22 85
92 50
69 17
96 24
46 50
83 10
11 78
74 90
52 91
6 75
50 12
10 31
64 23
82 47
45 39
71 95
55 98
22 93
59 34
57 45
3 53
54 18
97 30
79 11
4 36
15 57
74 10
89 14
17 18
36 37
55 50
22 37
45 29
34 13
80 33
86 74
68 5
95 26
24 76
21 91
40 26
29 98
46 0
72 0
69 52
33 9
73 49
96 8
