171
26 52
70 25
18 28
72 84
17 78
34 94
96 30
43 3
87 50
17 92
58 17
70 12
40 49
80 72
32 66
15 7
45 58
95 6
84 4
1 14
62 62
11 68
40 44
49 52
92 80
90 90
5 9
27 15
26 25
7 44
97 75
63 28
92 11
12 87
89 42
59 8
26 81
83 94
51 82
2 30
47 96
40 93
39 6
83 54
39 9
79 99
85 96
32 56
22 25
64 33
43 26
78 95
83 19
89 32
48 70
50 48
3 22
52 92
42 69
82 27
33 18
96 56
42 39
93 44
92 27
58 97
36 40
51 88
52 58
46 16
34 5
76 68
58 38
24 13
34 21
59 4
7 15
89 21
46 32
78 89
2 38
3 39
84 12
80 5
75 84
92 75
70 39
32 75
60 30
53 37
11 90
13 29
60 70
66 38
14 11
24 95
64 11
53 9
56 29
46 90
54 62
91 2
92 46
38 84
54 2
12 58
5 51
44 80
10 11
17 67
96 45
99 84
12 52
55 41
44 6
39 12
1 44
58 67
14 92
44 19
13 3
95 80
40 59
48 28
13 77
8 85
82 61
46 74
45 43
31 89
73 13
89 14
13 51
19 10
2 64
25 4
73 0
29 12
24 65
28 24
21 19
96 51
56 49
28 97
42 75
44 0
64 92
27 33
54 29
32 97
30 53
94 75
67 81
71 91
31 59
49 5
79 12
62 94
73 32
13 22
48 35
97 18
80 60
84 28
78 50
75 23
75 60
92 59
80 34
24 50
80 39
