205
88 73
23 26
36 53
6 62
32 74
1 2
76 48
24 87
52 18
19 70
85 35
92 34
75 81
39 18
84 3
91 9
66 32
7 35
82 76
86 29
79 82
11 26
48 9
9 12
49 70
4 51
64 63
51 16
59 53
28 18
39 88
38 84
1 15
19 14
52 66
83 19
37 70
84 84
64 4
64 26
77 46
68 95
5 22
53 62
4 46
14 13
30 59
71 86
90 19
53 86
79 74
18 39
43 16
63 18
49 31
61 31
51 55
48 87
71 0
40 30
54 15
59 77
18 80
78 67
52 6
16 31
73 10
74 97
73 33
38 5
30 55
25 18
12 61
25 46
77 51
44 79
88 48
14 34
1 6
39 61
30 7
27 41
90 61
14 3
85 49
60 61
48 38
29 38
7 67
62 70
66 81
71 58
41 73
73 22
66 37
2 88
80 28
1 31
25 94
80 18
42 54
65 10
88 89
41 66
60 90
1 42
57 92
25 11
8 26
26 58
59 11
10 76
51 48
97 35
4 74
21 0
27 66
61 33
88 96
15 94
17 95
88 1
65 16
18 51
40 40
41 47
47 26
13 87
52 51
26 2
11 46
73 62
19 86
64 46
30 69
85 10
72 18
39 93
14 67
67 74
22 32
30 29
18 10
76 10
1 63
15 56
6 82
87 40
80 4
77 36
30 89
76 94
1 47
96 8
35 30
49 78
51 65
39 12
34 44
78 57
25 71
53 26
90 57
0 78
62 45
32 45
73 74
30 10
86 42
41 95
87 80
38 35
67 87
52 75
87 91
6 2
18 24
86 70
0 74
66 59
40 0
35 78
11 18
99 25
54 39
13 52
59 86
98 17
30 87
27 80
50 98
17 62
1 22
85 61
75 42
1 95
97 1
51 2
56 44
4 92
1 53
44 26
89 26
42 10
66 0
