170
98 81
15 56
85 96
34 14
31 50
58 46
98 64
84 6
47 45
9 63
3 20
4 70
86 63
49 70
76 52
14 86
98 18
90 10
12 98
92 31
34 69
40 87
50 26
78 40
53 33
48 88
85 55
68 49
53 17
46 61
92 62
75 98
37 90
45 98
42 30
93 15
20 89
60 31
62 92
25 85
87 52
18 33
54 54
40 23
21 26
52 73
72 31
11 45
9 36
24 5
65 88
76 77
55 2
42 43
76 0
76 35
72 22
70 70
21 47
30 49
55 25
98 87
54 75
39 39
69 7
14 60
79 77
56 36
50 83
42 68
71 43
40 71
12 2
46 88
5 4
34 6
97 26
66 33
61 99
89 6
89 2
22 16
74 11
82 46
14 50
63 9
82 18
94 54
56 65
73 67
30 54
48 92
70 25
51 23
43 50
22 33
48 29
20 65
39 78
82 40
52 44
96 47
89 30
45 0
24 27
96 37
39 68
96 6
13 72
71 95
38 55
41 12
94 22
71 15
80 24
25 9
63 75
43 27
84 13
16 44
3 42
28 80
23 30
28 15
14 7
41 4
66 34
70 9
94 39
22 76
27 29
62 84
84 37
98 36
80 94
8 6
7 54
94 40
61 5
94 57
88 92
21 12
24 51
49 3
28 8
23 67
34 76
9 67
26 85
73 28
85 88
82 88
23 44
26 1
37 22
90 24
11 24
67 39
61 37
49 37
11 19
40 0
91 54
12 7
30 99
20 68
12 38
64 69
13 80
8 64
