170
48 44
85 54
28 54
26 29
72 64
83 59
16 14
33 46
9 11
56 16
52 71
81 41
72 2
8 51
0 41
83 81
4 25
54 59
24 48
57 75
46 10
92 95
87 40
6 66
74 27
27 91
54 98
95 13
6 73
38 20
64 66
65 42
88 69
54 85
25 14
12 73
97 64
91 21
5 20
31 0
82 94
10 19
40 2
17 87
63 35
79 44
35 9
52 51
9 87
7 2
79 71
4 87
46 37
33 50
4 9
1 51
99 69
73 66
62 29
34 32
87 17
22 26
64 98
17 83
80 26
70 51
16 80
37 39
0 3
23 73
91 30
41 93
75 78
66 58
74 69
42 40
14 25
41 13
42 75
94 26
95 77
61 90
49 38
66 63
31 86
50 86
94 80
77 57
72 77
61 12
65 80
5 60
10 30
32 92
10 82
62 52
39 79
15 10
14 35
46 77
50 62
1 47
37 65
18 40
21 32
67 71
24 86
19 67
1 94
80 0
84 22
38 29
1 65
86 27
57 43
68 34
78 95
34 57
69 17
2 45
58 12
13 53
96 37
1 5
31 62
97 83
94 41
34 6
37 86
70 5
65 61
6 20
1 25
29 44
42 90
31 5
46 63
93 68
40 1
59 24
80 99
25 65
63 90
35 92
87 84
14 20
14 52
31 43
29 33
58 2
25 23
56 62
44 48
20 60
9 93
83 90
21 12
94 56
47 94
45 54
19 41
78 75
16 30
32 29
96 59
21 93
96 50
99 20
5 54
99 17
