169
50 17
44 65
72 30
27 48
55 47
22 71
33 65
21 52
56 73
62 94
92 35
62 15
32 87
3 40
18 89
60 62
81 60
96 31
13 26
26 75
15 57
75 37
61 13
22 90
30 66
17 0
67 4
30 40
64 70
33 37
84 9
51 27
74 84
45 92
77 48
21 43
45 61
52 3
79 45
5 18
92 30
51 13
16 92
57 65
91 51
0 25
13 69
41 7
4 54
85 72
67 59
0 59
42 53
92 85
76 32
91 48
68 78
36 28
30 20
56 88
81 71
92 24
99 2
16 49
33 4
61 41
21 3
3 83
25 88
20 3
11 66
41 33
21 39
93 39
45 77
66 80
65 34
79 23
78 5
66 41
0 47
41 91
20 82
82 26
39 54
68 94
82 69
4 12
79 12
90 42
73 14
88 61
21 96
51 52
46 7
51 40
52 61
33 17
74 50
84 50
9 9
57 49
98 53
52 37
8 85
42 88
93 4
23 3
46 47
98 64
71 92
78 92
97 75
29 14
76 7
75 79
62 84
65 58
44 37
88 27
16 10
24 97
30 96
15 70
90 77
8 87
25 35
6 66
27 30
9 24
14 56
34 62
33 55
35 61
26 38
86 82
47 31
55 38
68 44
66 71
47 17
49 0
13 53
78 1
7 52
41 25
82 91
95 95
17 34
28 80
57 8
11 50
62 88
56 34
14 99
21 6
27 80
86 89
17 76
9 98
2 20
0 87
80 64
45 13
83 1
71 21
70 96
23 61
55 99
