166
84 1
68 60
32 82
91 31
81 89
22 47
73 55
58 19
4 41
40 81
9 54
16 72
41 79
42 90
24 68
12 5
25 87
59 4
28 25
48 80
5 8
98 60
52 74
35 89
31 13
41 90
16 93
95 26
46 48
95 74
44 22
66 98
31 61
75 96
35 52
1 60
37 1
31 40
58 42
2 56
5 14
64 69
62 82
5 47
72 81
53 59
42 49
6 74
3 42
16 7
3 98
68 29
85 62
59 23
85 10
8 87
50 91
33 15
36 76
1 74
58 47
90 34
26 0
23 0
58 84
60 99
4 30
86 54
60 77
63 18
13 58
71 26
35 30
12 55
45 31
10 24
88 41
69 36
51 67
62 28
49 83
79 10
81 84
85 6
85 21
81 5
65 55
48 27
80 73
30 97
45 57
18 10
8 20
27 74
12 78
18 6
42 14
87 89
45 10
47 22
82 46
24 9
72 99
48 46
11 61
52 90
68 51
51 41
74 29
56 85
27 49
52 14
15 20
6 1
74 74
39 15
60 12
3 88
49 8
41 2
61 93
79 35
52 79
88 47
27 69
92 56
25 33
55 9
28 81
7 40
26 17
95 47
78 3
3 97
12 12
18 74
45 77
96 42
27 9
98 6
71 4
93 82
83 94
79 16
2 93
51 52
75 37
60 11
77 59
60 5
99 4
81 16
47 49
83 25
79 22
96 97
87 71
64 10
3 6
15 18
97 72
13 15
83 49
29 49
83 96
40 35
