114
8 87
25 81
90 53
91 74
30 39
34 24
64 28
51 29
36 7
49 85
17 52
91 53
7 84
52 16
13 23
43 44
34 29
7 78
23 83
92 80
88 69
21 24
28 76
60 16
73 15
17 59
20 17
39 36
30 81
30 72
77 84
7 36
37 80
49 39
58 31
43 5
38 42
31 75
23 34
43 82
75 17
46 36
91 46
47 28
24 58
61 26
21 82
10 36
29 37
53 88
85 80
80 87
37 71
13 55
51 82
79 44
85 86
14 84
13 72
91 88
20 80
36 29
84 39
40 41
12 75
79 33
45 9
54 10
45 37
76 91
16 59
45 3
14 36
88 75
88 36
94 52
83 31
27 41
28 24
19 55
87 33
85 74
43 28
17 58
47 8
82 45
73 87
81 14
58 10
40 83
89 84
49 25
38 30
35 80
84 40
81 37
13 86
32 71
25 35
55 12
91 52
87 47
75 12
16 22
31 30
14 19
51 0
10 72
48 4
19 23
21 21
44 22
77 39
94 84
