168
70 26
90 7
71 24
16 92
18 52
44 82
54 71
49 72
69 35
81 62
11 2
20 26
84 2
7 92
12 35
27 59
81 44
47 45
4 70
92 55
51 89
42 70
72 85
52 77
55 69
24 82
32 17
21 42
93 36
13 25
13 97
34 66
55 14
1 7
80 74
27 21
33 26
37 55
68 45
81 19
78 88
89 31
67 96
15 40
39 33
84 37
4 53
67 71
50 4
51 14
40 26
34 44
47 23
52 30
38 50
84 20
24 61
16 1
87 1
55 12
65 13
54 65
87 31
57 99
71 79
91 67
7 35
64 88
4 3
59 98
84 63
41 93
54 4
31 94
8 43
74 97
72 49
16 81
83 50
15 67
97 21
99 92
66 2
59 52
91 79
45 9
44 16
58 3
46 48
18 57
54 10
81 29
96 58
26 57
60 88
0 84
36 13
19 20
96 19
44 83
5 28
14 80
95 10
77 41
55 25
71 26
10 80
34 62
4 33
92 59
2 65
55 21
81 79
3 98
23 47
87 98
43 30
7 79
57 83
66 8
75 19
46 10
37 76
76 62
1 95
92 86
80 69
2 74
31 70
4 39
76 88
17 64
91 30
63 94
69 58
2 78
25 49
50 79
94 50
67 56
68 63
69 9
6 73
40 58
30 4
17 17
42 1
61 91
51 85
35 41
70 12
5 15
35 82
6 38
74 40
69 97
19 22
33 99
17 22
36 76
34 71
32 7
32 82
54 52
1 90
56 89
10 58
37 27
