174
91 5
71 8
4 26
63 52
5 3
82 65
70 4
67 95
62 18
32 88
11 24
9 16
28 53
85 13
93 97
86 62
17 7
86 32
58 2
99 14
43 36
0 86
2 17
76 31
27 6
40 47
88 48
5 77
44 92
33 58
80 29
78 30
2 44
63 69
59 26
84 69
65 43
61 66
95 32
52 7
61 1
37 73
69 47
77 82
48 19
30 52
41 98
16 17
3 20
52 52
74 37
68 87
95 63
41 1
96 51
39 4
52 67
54 15
20 60
97 91
96 80
84 74
46 88
39 9
0 7
34 79
19 23
41 22
20 11
87 54
8 14
26 91
93 49
36 23
78 76
70 59
70 22
67 23
64 37
95 47
27 47
67 11
89 23
93 57
17 85
95 91
17 81
16 19
82 92
99 65
72 47
34 15
78 53
10 39
77 89
45 52
79 6
74 27
81 56
18 91
78 16
66 1
7 20
51 77
28 20
46 7
85 25
44 1
76 76
63 99
12 9
97 53
33 13
94 70
49 6
52 41
8 97
80 0
25 59
92 82
25 64
96 84
43 55
33 19
34 37
31 82
20 67
39 35
41 15
42 5
49 95
89 85
60 88
19 52
79 46
30 73
17 48
89 30
32 42
12 58
10 49
84 43
12 60
93 17
69 87
62 30
84 41
36 70
62 80
76 17
45 71
16 56
96 24
16 44
50 68
63 81
90 62
82 82
40 44
34 48
31 57
95 74
35 51
58 93
26 74
52 79
55 76
26 30
10 0
56 99
69 68
31 62
69 98
0 50
