169
53 13
74 3
41 88
74 4
40 85
30 82
5 45
7 67
85 11
80 12
95 98
89 98
58 23
18 47
32 18
36 24
49 26
62 37
70 92
15 8
72 87
4 39
53 44
6 12
31 88
89 39
57 3
96 50
43 95
98 25
36 80
1 40
23 98
56 40
74 16
69 73
13 41
55 95
22 95
43 11
81 97
14 1
8 80
83 81
81 52
26 59
45 20
10 6
74 41
50 83
5 76
59 27
78 63
90 21
39 17
18 40
88 83
30 39
62 0
9 63
58 96
7 60
50 46
11 83
29 44
80 82
54 51
5 52
34 49
37 6
70 46
87 70
61 6
35 58
50 94
15 46
74 31
5 7
76 65
27 12
63 91
85 60
2 25
44 62
84 85
95 87
77 76
1 96
89 93
49 80
22 64
0 55
46 55
79 89
77 34
24 17
87 76
47 85
93 40
28 34
59 77
43 71
42 45
84 49
48 46
23 29
71 72
40 10
97 94
2 87
49 16
73 63
33 30
94 68
7 11
33 16
5 33
19 84
49 36
27 2
21 77
89 16
94 78
52 83
16 73
16 27
61 51
68 51
58 71
12 36
39 63
46 86
88 51
44 35
88 47
71 17
48 8
83 2
4 81
77 16
48 94
86 14
4 30
38 90
64 95
35 85
73 97
32 31
88 87
40 95
4 51
2 6
76 71
32 2
84 41
54 5
83 88
36 37
43 56
35 29
4 50
53 68
1 72
39 54
9 95
1 49
91 55
39 50
58 64
