163
39 83
88 89
7 52
72 9
65 92
28 83
84 35
18 24
99 91
44 39
58 4
97 24
2 68
23 86
36 7
83 49
58 54
50 15
84 7
71 84
51 55
29 91
12 64
17 69
73 34
86 1
40 61
44 10
31 55
77 1
14 31
73 19
58 98
99 11
40 55
61 40
51 7
53 28
45 18
96 55
1 35
35 23
96 9
40 91
94 2
95 89
69 26
27 58
56 20
92 44
34 78
83 30
35 85
43 82
14 91
28 7
24 46
9 36
84 19
98 0
41 24
86 56
78 61
23 67
87 68
1 12
48 68
29 18
18 63
43 94
80 35
28 94
68 6
92 85
32 96
80 56
58 46
33 60
46 58
90 19
24 33
41 13
92 94
77 97
30 12
7 77
60 77
45 51
9 1
91 94
45 64
53 64
19 96
71 43
14 71
68 91
56 22
63 54
78 74
53 62
1 75
91 37
32 33
86 35
23 2
91 55
19 34
56 15
35 35
96 73
34 37
0 39
63 55
39 53
92 26
20 28
62 58
96 98
28 35
21 84
96 29
25 9
35 52
70 80
47 73
57 28
4 26
79 34
79 18
96 33
19 1
75 27
65 22
30 39
34 71
99 27
37 67
51 86
26 91
49 11
71 73
11 2
3 91
22 76
63 85
92 79
72 29
92 75
18 89
17 45
78 41
26 7
22 62
12 81
64 91
92 98
95 16
64 78
5 13
16 55
89 1
6 61
1 0
