126
95 99
95 54
66 70
86 35
91 58
40 94
58 55
78 69
74 77
36 85
44 5
54 3
29 20
70 29
11 63
12 39
89 40
58 5
72 22
98 49
67 66
85 19
29 81
91 43
13 16
9 11
1 2
62 10
35 84
39 63
19 81
42 62
70 71
19 20
61 7
26 27
51 97
70 31
6 90
20 73
15 82
45 53
43 47
98 2
56 48
65 11
55 45
9 42
40 39
64 34
62 37
56 93
74 74
33 68
91 89
92 9
90 87
4 97
98 5
86 64
84 35
45 94
67 17
54 51
32 16
3 50
45 59
7 93
81 17
97 47
40 37
79 83
24 75
40 7
4 43
66 87
39 90
15 35
46 1
12 91
68 84
92 91
83 15
81 68
33 32
11 59
77 30
15 68
3 5
6 7
52 50
9 56
47 49
49 99
57 60
63 87
96 97
52 94
59 94
37 14
8 55
73 29
4 54
35 35
15 85
26 70
40 43
60 60
86 84
76 24
61 89
23 25
42 61
18 34
20 31
61 65
87 11
28 75
71 80
56 42
34 64
81 34
59 42
84 83
80 78
34 82
