170
74 5
92 18
88 69
41 1
32 27
97 35
8 76
1 76
50 86
99 27
73 64
73 98
48 57
88 90
79 88
43 49
9 78
74 81
2 8
92 86
4 43
35 8
83 25
78 3
97 61
67 53
34 71
17 46
70 57
39 24
41 68
84 32
89 8
37 14
20 91
20 7
30 72
4 85
40 82
80 16
30 48
36 52
37 85
66 60
80 99
80 67
37 50
84 84
92 44
47 79
66 75
75 41
62 98
47 21
50 90
69 65
22 59
29 75
96 91
82 93
34 95
31 77
2 14
16 59
69 16
4 0
0 33
30 2
29 88
96 92
29 6
30 44
54 67
82 83
79 12
88 17
22 31
97 46
59 18
39 53
53 28
3 55
48 4
99 55
55 36
99 85
7 5
21 41
41 61
9 13
65 49
72 31
67 11
58 8
13 28
91 41
65 45
48 65
26 5
53 36
83 20
93 12
55 46
57 81
71 36
88 10
38 78
56 51
68 94
97 4
81 53
31 97
28 92
94 71
82 51
61 52
71 27
11 78
27 62
96 54
7 60
15 30
29 61
77 47
45 72
18 46
52 69
11 15
19 59
40 73
21 20
46 63
52 72
23 90
65 91
63 64
77 94
46 68
83 96
87 95
63 21
24 94
19 26
84 12
12 93
45 24
25 1
81 42
55 6
65 11
19 96
42 92
9 27
35 61
97 65
22 64
47 92
27 50
26 49
20 50
75 15
2 74
21 4
14 20
11 63
84 42
81 10
9 37
23 46
93 68
