188
25 47
45 32
33 19
0 5
16 20
16 94
32 95
4 11
42 45
26 43
4 69
34 87
38 9
0 16
22 88
8 79
12 40
12 92
3 37
28 76
18 85
30 51
42 30
3 80
26 53
0 84
8 39
0 22
17 41
22 63
38 49
22 85
3 22
19 33
24 93
18 28
44 98
38 6
16 21
15 13
9 28
46 59
34 36
17 62
34 24
20 51
10 57
14 56
39 18
20 71
34 47
22 45
35 97
0 77
34 55
28 36
37 31
45 25
43 54
2 50
5 65
44 80
17 90
11 81
6 12
4 28
34 2
25 57
13 20
40 85
6 58
39 24
17 37
25 15
12 69
2 47
33 6
45 16
32 42
30 5
0 44
22 70
37 75
34 84
41 68
0 67
7 50
12 29
20 59
32 33
26 63
0 69
30 68
12 54
34 15
9 92
24 60
22 65
46 86
5 34
23 2
18 65
10 2
25 7
33 93
30 72
34 62
12 10
22 2
30 91
25 16
7 75
27 83
22 26
1 52
14 71
12 88
40 62
40 9
21 83
28 10
0 62
1 34
47 69
46 62
10 45
32 13
23 93
12 74
5 6
28 96
42 4
19 6
23 29
11 24
2 17
38 44
1 14
24 9
0 95
43 94
38 71
3 0
42 53
21 8
42 89
44 22
27 19
2 30
35 20
1 90
7 68
40 98
21 19
45 74
9 99
38 80
20 39
17 50
30 85
39 35
12 60
6 5
39 39
4 86
4 97
43 9
1 93
6 96
40 3
9 17
24 37
20 74
22 16
23 99
9 33
43 39
9 15
9 83
30 29
15 77
34 27
8 72
47 0
8 51
30 80
22 76
16 2
