133
78 22
48 0
74 23
82 1
3 13
81 36
85 13
54 45
68 23
66 51
0 61
68 0
28 27
25 48
64 26
30 2
47 36
25 14
50 0
1 26
52 27
11 13
25 38
68 48
0 51
90 47
83 26
56 33
51 11
18 49
36 10
65 49
90 21
92 12
53 35
27 35
90 2
14 26
21 10
39 14
4 10
27 23
79 46
19 38
82 50
0 50
42 33
74 2
66 39
38 34
3 23
7 58
71 36
33 23
81 10
0 1
41 49
84 24
11 24
33 38
44 24
22 2
28 24
77 0
16 14
2 0
65 1
16 36
62 45
28 15
52 51
53 22
6 33
89 13
85 47
44 3
48 12
32 47
13 2
54 0
59 48
14 47
19 25
71 10
89 25
72 12
63 38
26 23
11 38
42 46
62 37
10 12
75 47
3 48
74 47
11 0
61 24
2 13
74 37
38 26
62 1
28 11
32 36
44 9
40 1
33 12
78 15
75 12
58 25
6 27
33 48
59 11
58 10
50 22
7 2
48 46
2 37
35 48
87 37
2 62
64 13
56 13
89 37
40 12
29 0
18 2
7 46
8 33
84 0
71 12
93 23
94 36
39 0
