169
69 24
53 75
93 22
19 36
35 14
62 63
15 36
14 53
21 82
73 59
58 46
17 52
5 82
69 0
79 15
76 16
12 59
24 86
76 14
45 52
61 82
80 6
44 38
86 0
65 30
6 34
77 33
46 66
78 87
84 11
34 31
70 2
22 64
89 77
14 25
48 61
11 87
73 49
10 62
76 53
89 42
3 61
46 26
67 64
19 68
82 32
50 54
10 58
20 63
47 45
86 32
71 74
31 93
68 13
94 89
49 15
58 98
18 7
58 68
8 40
94 10
12 96
0 55
19 89
23 19
27 57
6 0
52 92
69 29
32 27
97 67
81 91
63 92
69 43
56 28
39 46
35 39
67 57
83 22
27 74
2 39
32 21
41 68
61 8
87 57
81 25
87 13
51 49
93 30
19 97
76 83
36 7
40 13
59 36
9 5
8 57
38 17
89 51
97 22
32 81
57 5
24 71
14 95
12 0
84 61
57 79
95 81
29 1
37 55
16 28
16 3
92 5
31 35
74 85
2 89
91 50
37 49
75 9
4 9
76 4
26 58
80 43
57 58
5 18
53 59
63 13
85 90
0 36
53 50
5 46
11 28
70 97
50 90
70 87
77 64
30 62
85 68
29 17
97 88
54 42
63 39
2 51
21 52
51 44
43 74
52 89
72 26
79 70
79 25
80 14
30 5
44 14
91 60
2 61
53 97
34 98
57 72
5 51
60 56
80 29
94 74
85 85
59 1
61 91
8 98
81 46
0 34
14 22
62 74
