160
36 89
68 14
19 30
25 40
63 80
70 4
21 86
88 61
61 76
19 23
67 40
70 62
73 87
38 71
6 29
39 46
85 85
39 54
79 2
43 93
47 26
41 50
17 73
42 33
7 17
6 49
79 35
35 96
87 29
65 54
0 72
9 83
25 11
15 34
3 3
58 67
27 20
66 50
52 81
0 99
0 11
62 10
55 19
12 52
81 31
8 61
70 21
31 64
92 61
59 42
70 93
97 64
45 6
73 35
51 92
9 16
50 59
27 73
5 14
0 78
28 53
35 38
46 3
42 17
86 14
24 86
1 80
14 57
99 77
8 67
93 43
44 14
90 35
18 18
27 69
40 25
64 35
11 89
92 57
59 85
36 33
51 32
26 59
18 44
62 90
28 24
79 74
64 19
61 93
53 86
77 95
73 80
62 64
40 68
63 25
95 41
2 30
45 73
99 31
56 90
78 77
82 38
56 37
93 70
90 78
76 92
38 79
48 62
24 35
59 32
97 55
94 57
51 6
33 78
86 90
97 24
37 54
21 5
8 46
8 38
17 62
85 49
39 76
4 96
26 92
87 67
59 57
81 76
44 25
57 1
59 2
43 85
83 38
46 47
77 40
60 85
2 20
29 33
25 77
17 46
39 45
31 29
26 3
74 53
44 46
41 40
96 75
79 49
22 45
99 65
19 75
91 30
77 16
4 36
31 21
75 28
20 78
0 53
46 21
97 72
