175
81 58
9 21
58 87
26 86
94 70
71 16
39 52
32 22
33 25
62 73
10 87
80 12
17 46
2 25
33 35
88 15
6 40
50 52
3 64
19 80
60 3
57 34
68 4
60 52
51 97
5 81
93 98
89 54
98 98
92 59
41 72
56 37
86 55
6 16
15 78
93 50
33 78
97 78
51 30
91 6
73 48
88 90
59 10
99 49
4 98
74 26
0 36
76 88
83 85
41 70
24 93
21 1
67 81
87 18
80 80
80 7
62 68
10 47
12 32
60 91
84 67
4 90
16 29
39 17
97 60
75 28
43 54
93 41
12 60
64 43
57 96
46 85
25 59
19 62
11 97
56 23
80 49
79 69
0 8
78 32
86 76
45 15
40 36
55 74
13 23
88 84
90 32
42 83
42 65
55 48
3 18
23 34
32 58
50 89
48 68
35 0
81 41
65 44
3 84
3 94
5 10
67 27
40 46
1 85
51 7
19 72
50 23
68 84
95 85
64 18
36 58
0 45
58 6
62 75
39 24
82 19
73 12
5 48
65 38
40 88
27 76
95 2
79 7
84 24
10 4
99 27
71 35
22 49
26 16
24 4
96 6
26 34
48 1
89 3
57 61
93 64
19 74
11 96
48 49
20 41
17 8
52 71
77 72
35 19
26 49
29 4
80 26
62 29
87 34
15 53
12 68
29 35
70 21
62 23
20 8
34 99
82 28
26 47
73 66
44 23
16 10
10 37
80 93
38 19
38 28
58 77
35 43
65 2
44 75
26 91
76 98
46 86
67 15
31 27
27 55
