171
29 18
16 12
3 73
69 96
95 19
74 32
78 37
46 57
38 65
49 18
0 67
82 45
97 17
81 79
82 76
55 86
6 94
89 44
64 5
48 44
26 17
58 6
46 37
33 86
35 74
75 7
2 44
36 71
17 38
36 26
70 9
46 86
75 82
67 31
66 66
81 53
80 33
58 15
98 60
47 3
38 62
10 79
29 90
7 46
94 69
33 10
6 22
83 57
19 4
36 57
18 36
4 32
41 12
85 62
27 8
53 29
1 63
31 2
61 52
22 25
89 11
13 74
6 71
26 44
36 34
46 91
78 77
46 71
76 64
44 62
30 86
87 63
13 20
22 83
27 74
8 46
84 73
55 46
53 15
35 35
50 21
12 53
65 84
57 12
7 55
75 63
70 73
8 20
53 22
29 68
46 12
46 74
46 49
88 91
36 86
97 46
91 41
60 37
78 83
1 20
19 77
72 26
76 60
70 62
25 78
71 93
10 71
18 56
26 2
46 79
98 79
61 86
96 44
22 31
32 27
84 64
33 83
58 67
47 38
2 29
26 19
22 16
79 25
24 41
2 10
7 86
6 18
90 97
13 3
43 76
5 1
84 6
86 89
10 15
21 96
31 90
79 9
80 3
5 91
58 70
84 33
62 15
40 3
57 21
8 96
5 28
89 85
15 82
17 97
9 10
24 10
71 1
38 38
59 1
34 33
83 97
45 15
73 85
89 26
54 12
42 35
34 47
21 14
2 3
86 45
52 98
9 56
86 30
83 18
99 1
74 90
