167
42 31
42 65
17 27
89 24
68 96
28 17
70 55
22 38
36 72
88 84
26 35
80 76
79 3
39 1
99 6
20 16
60 45
46 15
83 21
42 85
96 50
67 90
12 53
57 81
93 76
94 64
72 96
27 86
35 32
53 98
51 95
74 73
78 89
15 75
89 11
45 81
42 12
54 54
41 22
62 42
79 31
61 31
53 20
81 65
32 30
1 86
33 12
77 58
14 9
32 19
45 17
13 72
74 89
42 71
93 90
42 60
34 40
93 83
83 45
98 68
16 45
5 66
26 19
64 60
88 45
20 51
7 11
15 87
85 59
32 66
37 75
26 7
10 56
86 6
35 45
36 29
30 41
3 76
41 34
69 29
66 52
68 5
60 42
8 87
41 68
29 39
18 68
2 27
37 14
57 7
2 72
77 71
61 80
92 20
37 90
39 74
57 56
44 77
15 12
2 10
21 44
19 26
89 80
22 31
23 52
21 97
36 34
64 11
3 37
40 82
10 69
72 62
3 18
37 81
85 50
97 24
70 11
60 92
26 16
32 95
32 56
41 93
4 14
27 60
90 6
57 62
13 85
25 61
67 68
86 73
62 65
47 41
28 47
92 72
87 31
96 96
21 62
7 51
54 23
49 45
32 89
65 40
82 97
31 69
78 99
49 38
24 78
41 79
46 2
75 23
62 40
55 31
94 23
46 48
87 15
36 75
84 92
77 95
74 26
88 71
16 0
13 13
80 29
91 55
61 36
29 51
95 48
