104
53 41
31 59
60 52
26 50
53 57
82 51
87 52
97 50
93 43
4 53
44 46
90 48
1 44
71 51
32 55
68 52
42 44
76 49
47 40
80 46
11 47
14 43
18 52
97 37
31 40
27 40
94 40
91 54
27 46
64 42
54 47
32 45
0 52
32 51
21 48
65 47
24 43
60 42
37 48
88 60
39 50
46 47
95 53
12 54
64 55
72 60
94 53
56 61
96 38
50 53
38 43
5 59
82 50
84 49
76 52
42 40
24 56
58 60
79 40
12 51
66 57
72 42
76 44
45 58
59 41
27 58
21 59
17 55
66 42
7 40
73 55
19 45
45 48
46 43
16 47
57 56
43 52
14 57
89 46
83 44
9 51
5 45
34 54
8 41
64 57
40 51
74 60
70 42
11 59
69 43
53 48
90 42
76 56
94 47
37 53
40 57
1 60
98 55
49 43
80 56
61 44
86 55
23 52
94 58
