189
68 50
24 47
21 23
8 48
41 8
86 6
1 50
78 7
55 64
30 98
41 46
13 17
12 30
80 17
40 23
78 85
48 8
82 31
92 46
29 79
51 76
12 70
30 95
68 28
35 45
37 38
91 10
78 60
80 40
11 1
39 69
70 16
79 26
52 69
65 14
48 91
78 67
94 78
59 25
61 9
82 67
89 51
97 20
72 8
41 57
35 75
29 51
33 29
72 66
52 27
71 69
68 27
22 20
29 73
50 46
2 74
41 31
88 17
18 41
46 76
38 79
53 37
30 9
38 93
28 37
91 78
85 47
89 35
38 87
58 87
49 63
49 17
22 67
12 38
38 47
78 77
97 14
62 74
92 21
25 87
90 31
98 88
67 45
30 86
22 87
3 25
13 44
60 79
41 20
52 80
97 77
16 60
73 14
62 94
77 49
0 81
15 77
19 48
98 56
53 47
19 59
99 72
18 85
59 98
78 99
0 98
81 2
57 3
3 29
90 66
58 28
71 45
93 91
50 1
50 38
99 97
2 20
72 90
7 34
90 3
10 58
7 95
29 17
52 19
35 2
1 5
67 56
12 18
89 89
92 41
98 28
4 64
11 81
70 38
62 60
10 11
72 61
97 48
69 5
19 9
98 33
49 58
9 97
0 70
0 91
60 37
68 85
32 61
62 18
78 52
22 0
88 97
59 69
97 8
99 1
44 37
11 90
34 63
86 86
0 40
38 1
32 69
98 3
69 80
74 86
41 37
98 64
4 53
18 31
84 57
51 99
1 61
81 97
68 0
98 57
0 3
79 87
90 58
62 50
2 10
98 41
72 98
20 80
16 5
57 83
31 1
61 1
42 97
18 97
