181
10 63
22 40
7 83
79 9
19 66
12 29
13 78
78 16
21 45
29 61
20 2
78 72
2 68
78 21
8 84
27 78
28 80
81 0
68 40
31 36
6 26
4 39
30 0
0 77
22 75
19 29
24 2
15 53
14 2
70 0
72 47
18 12
69 28
69 49
24 87
27 57
25 98
4 77
7 7
8 50
31 64
22 22
28 4
68 33
97 41
78 38
51 11
71 68
47 38
6 16
0 54
89 46
47 22
4 81
73 5
28 17
18 97
52 0
72 21
22 56
4 61
5 97
17 18
23 33
20 86
15 10
28 9
2 50
30 95
50 7
26 12
20 83
4 71
50 33
10 27
21 26
1 46
27 63
16 23
5 10
30 48
9 77
24 50
72 11
5 87
6 18
15 47
27 31
71 53
31 55
26 44
78 45
18 72
24 22
51 30
75 3
67 25
82 31
28 32
13 68
21 13
22 52
16 89
12 22
22 59
94 43
94 18
71 73
17 94
3 43
9 34
30 89
1 24
12 40
50 45
10 67
82 32
70 15
15 87
12 13
27 92
47 27
88 20
89 5
31 77
70 91
5 54
20 34
98 9
8 56
21 92
71 66
1 7
3 90
5 2
15 27
77 48
0 65
72 59
1 86
32 26
70 84
25 4
3 95
0 41
70 82
8 92
28 21
11 9
11 95
23 25
0 23
29 38
4 30
13 33
11 3
2 61
14 63
4 67
23 15
94 31
28 83
10 2
16 60
1 2
1 26
48 15
4 35
25 71
1 20
13 17
0 38
24 58
18 5
9 78
2 32
9 44
70 96
17 77
29 69
2 14
