166
37 4
23 37
30 42
90 52
18 8
24 43
9 67
20 54
61 43
60 78
38 95
46 82
8 55
0 37
86 33
35 8
2 16
62 43
28 31
95 96
35 90
67 81
46 46
46 97
34 63
19 88
20 58
45 17
56 9
96 63
94 28
76 5
42 57
66 88
97 49
85 4
19 65
22 52
34 69
36 42
99 8
61 84
83 58
58 94
60 63
44 55
70 87
44 53
17 50
40 25
79 58
81 39
2 64
52 71
59 98
20 21
95 44
82 24
25 59
2 44
99 45
6 4
28 28
65 19
29 1
14 45
53 37
83 95
33 56
3 82
25 8
45 35
97 27
21 92
65 41
17 33
17 75
79 45
68 52
45 25
42 62
72 2
29 14
61 73
77 22
98 59
4 56
76 62
99 80
74 21
36 46
75 40
48 42
96 72
28 3
93 80
52 68
56 65
85 76
19 39
61 36
60 31
92 83
22 45
78 31
58 42
27 86
70 12
28 63
30 54
7 64
63 88
89 95
16 83
58 41
26 35
54 38
83 89
20 34
64 61
94 12
51 55
32 27
30 8
62 93
34 87
82 40
12 50
27 89
38 18
26 85
89 77
66 69
39 40
84 44
75 14
92 91
79 60
4 31
44 77
78 92
9 46
25 47
47 30
26 18
56 42
84 94
24 22
59 56
17 55
71 1
72 99
1 77
7 16
66 35
95 77
34 83
36 36
15 20
59 71
79 50
46 21
56 13
65 3
97 90
35 19
