139
72 71
39 48
78 84
10 44
67 45
28 12
0 39
61 9
83 81
88 58
65 41
1 3
91 42
98 30
87 29
1 11
43 9
51 40
15 16
67 78
55 51
9 12
90 12
44 72
40 10
43 56
91 10
43 38
46 5
6 27
36 63
89 5
91 67
72 57
59 79
17 51
35 74
27 38
78 81
33 27
34 59
90 73
11 4
44 6
34 21
48 52
35 44
58 86
2 18
12 30
31 29
0 60
36 98
90 2
52 13
60 47
36 94
24 2
34 10
20 39
18 47
43 10
63 57
42 28
89 14
37 14
53 87
42 15
48 18
22 27
99 0
34 36
24 48
23 85
43 80
4 42
29 44
28 48
26 42
16 21
58 74
65 51
71 49
36 31
97 19
7 19
40 78
60 51
51 58
18 34
18 74
68 6
0 46
76 28
15 22
4 13
23 88
25 28
5 3
17 92
19 6
81 28
24 21
13 13
71 19
32 24
31 74
7 14
20 23
18 18
38 27
47 27
23 21
9 10
86 5
11 42
87 55
16 36
34 50
93 72
21 40
97 29
38 4
31 55
83 55
95 5
7 29
18 32
26 23
76 23
80 79
98 27
99 95
87 9
36 40
2 27
12 46
4 5
98 97
