161
53 91
69 71
33 68
73 88
22 90
39 67
46 80
85 70
47 91
51 46
85 24
20 58
64 44
72 69
7 2
99 95
31 75
44 21
52 27
75 77
17 25
49 88
24 63
54 68
95 35
64 8
96 5
68 55
65 75
85 14
39 4
61 38
71 35
64 59
27 10
68 25
2 51
57 12
9 60
60 2
40 27
87 22
59 43
77 5
12 85
9 55
21 15
50 53
70 21
80 10
60 56
65 17
53 58
8 48
40 71
27 66
78 86
72 80
41 98
52 67
9 81
75 21
56 23
60 88
45 5
30 7
90 5
33 4
54 87
25 92
23 1
31 51
55 82
17 43
57 34
26 7
6 58
31 30
83 60
12 39
50 44
27 48
99 37
91 11
24 45
1 62
40 61
64 57
8 11
76 51
46 51
29 97
41 52
93 64
45 47
26 84
19 22
48 6
91 47
28 83
79 43
72 17
93 60
40 9
86 60
68 68
53 38
30 61
61 60
58 95
60 21
64 63
57 9
98 73
79 54
34 97
37 55
73 51
82 65
81 91
36 20
98 24
92 17
7 93
84 92
76 6
3 55
76 44
79 79
92 89
98 85
59 68
31 56
95 31
80 68
45 66
95 88
31 20
91 51
33 55
5 99
86 87
13 14
77 31
80 48
15 78
86 40
61 70
70 47
10 15
26 49
62 68
90 39
90 71
34 11
92 78
91 99
67 96
48 98
54 31
46 55
