168
2 12
83 19
83 60
14 61
84 14
46 69
48 62
97 92
90 43
99 84
94 40
10 77
17 85
79 4
63 9
79 62
88 52
68 90
95 94
98 0
79 85
69 69
10 67
43 89
62 93
2 94
30 54
37 18
84 94
4 32
92 31
70 15
47 0
36 15
67 97
27 93
70 79
63 49
37 21
98 60
93 79
39 14
64 30
82 14
90 3
47 45
82 45
34 96
31 33
55 51
16 28
39 3
65 59
4 28
13 81
90 19
22 51
56 0
11 35
5 34
44 22
55 12
12 30
52 62
68 3
21 4
95 78
74 9
83 57
7 46
89 36
53 35
17 4
60 55
2 32
91 95
0 86
32 79
5 59
84 39
87 26
29 30
4 45
58 80
91 86
5 79
93 82
28 6
99 98
58 65
82 46
66 36
81 41
23 59
55 77
35 78
33 58
11 43
73 43
21 11
65 26
26 44
86 9
29 97
69 21
40 80
50 5
47 74
79 68
15 51
40 90
53 66
39 95
14 66
32 7
29 85
15 23
81 0
20 90
55 26
84 20
87 72
79 38
25 90
93 67
69 85
8 81
67 39
0 72
20 21
97 70
25 16
29 38
38 43
25 27
75 57
86 97
66 43
16 38
25 58
92 26
38 83
96 32
74 69
22 82
75 78
78 23
67 9
28 9
58 34
87 74
47 12
72 54
26 48
95 49
63 86
36 65
74 19
81 9
78 50
59 97
24 97
13 20
4 77
68 23
57 32
0 78
1 61
