165
81 19
37 97
29 55
81 57
47 91
91 23
9 26
38 94
73 66
43 55
0 18
19 17
7 18
76 4
6 46
44 0
8 7
93 95
54 32
53 46
14 81
38 42
64 63
56 81
14 52
98 75
40 13
62 48
80 32
38 5
97 64
21 1
25 6
99 57
21 13
7 30
20 69
76 74
38 46
85 38
45 97
95 38
76 38
31 74
32 33
64 79
46 14
98 6
65 19
54 34
4 54
30 97
0 99
67 1
36 21
70 53
6 77
14 40
71 32
48 27
98 1
62 88
29 5
61 9
36 67
81 98
24 47
49 52
63 16
93 80
38 35
96 87
64 5
93 85
35 56
19 40
55 30
43 81
26 52
93 11
44 35
46 67
83 5
19 11
58 26
51 1
77 28
80 46
15 76
15 70
39 3
76 8
14 67
44 30
85 64
71 11
17 28
6 57
65 45
96 98
64 35
98 95
57 91
55 53
65 10
35 96
41 79
20 25
47 76
97 98
63 30
80 2
57 5
73 60
87 16
15 11
24 18
9 14
50 6
14 26
60 75
24 21
69 59
94 77
78 53
32 36
96 26
77 58
97 79
23 90
64 28
10 67
58 87
86 6
66 38
96 15
5 3
47 11
74 56
49 55
35 4
60 51
72 18
0 3
66 49
86 21
90 47
85 24
20 94
59 56
33 22
78 47
60 84
53 21
96 65
16 81
5 23
21 52
41 29
7 82
0 20
6 63
98 84
90 66
97 26
