168
90 51
98 51
49 40
73 49
51 25
89 63
88 94
7 90
5 65
34 10
97 26
96 78
78 38
89 6
19 57
9 1
37 6
49 3
41 13
8 16
23 29
72 74
65 11
58 59
95 70
28 29
94 98
43 69
42 38
57 57
65 46
3 70
64 22
2 32
51 90
84 18
96 57
5 19
44 78
45 56
30 44
51 59
67 59
23 38
87 81
17 32
64 1
12 49
85 24
75 31
79 1
84 65
88 75
67 27
76 34
92 8
31 86
52 85
70 62
15 74
75 26
62 61
45 85
20 7
19 72
35 19
14 44
79 54
84 91
14 25
58 34
30 80
83 8
15 23
94 91
14 90
40 83
45 38
12 75
15 60
89 84
77 11
0 88
80 68
25 56
62 48
86 68
96 96
41 98
54 97
87 60
11 69
38 71
54 48
3 47
45 9
40 91
46 29
83 1
30 26
47 8
97 86
13 17
70 82
54 49
79 56
34 17
11 97
11 6
53 16
36 26
48 14
27 62
5 75
62 95
33 25
82 6
35 75
18 40
27 98
18 75
87 3
49 47
79 63
25 14
39 38
36 35
70 51
74 45
23 55
5 31
68 12
57 17
71 88
40 68
0 52
97 81
74 20
24 51
75 77
73 10
50 64
16 60
92 82
77 60
47 78
45 63
78 5
5 80
61 89
86 55
75 68
64 53
3 7
46 92
76 21
31 37
56 77
30 57
91 2
9 85
83 21
32 18
3 94
90 16
60 9
26 21
66 6
