161
38 76
91 69
47 5
6 55
73 5
30 22
84 62
54 39
99 24
67 23
91 97
52 16
9 62
39 48
25 92
56 56
98 79
99 22
5 94
67 68
63 91
17 6
5 3
10 5
78 15
85 32
88 19
58 98
19 53
73 63
26 84
60 74
33 20
98 5
83 84
4 45
76 3
65 51
37 56
83 36
44 77
30 59
33 39
43 53
45 30
83 26
67 35
12 88
36 73
77 36
11 13
41 7
49 42
79 18
26 74
41 31
70 91
4 76
56 43
1 70
12 83
84 23
65 30
28 83
92 26
94 81
33 57
41 51
69 46
60 81
81 91
25 14
75 69
57 51
77 35
48 22
52 71
9 50
18 35
67 52
21 96
30 92
62 98
13 21
4 13
60 35
26 50
19 10
98 90
87 77
40 17
68 77
89 36
0 34
92 47
56 70
71 4
6 7
12 19
85 46
79 52
57 85
6 10
2 32
0 98
64 4
19 82
89 82
83 2
69 19
34 31
42 13
30 43
18 81
96 67
67 80
15 59
27 85
36 34
20 63
67 74
70 81
86 69
37 97
8 23
97 68
32 5
7 77
84 46
31 81
75 10
59 22
15 65
3 7
28 80
48 27
22 39
65 59
77 24
98 81
52 56
34 50
52 70
93 72
39 53
59 31
5 97
22 65
52 76
33 8
92 86
66 37
26 88
90 82
93 96
95 42
39 39
12 27
49 98
21 24
63 35
