171
20 90
78 92
42 1
86 21
29 34
47 15
84 49
61 28
27 45
69 24
47 88
79 56
9 58
55 80
97 46
56 69
93 29
46 29
53 46
94 91
59 97
90 65
79 85
32 6
85 27
74 40
43 97
45 90
15 5
52 93
12 79
38 24
55 98
34 47
99 19
5 83
69 37
91 33
39 87
93 68
14 98
29 98
91 90
77 81
17 39
32 99
14 5
78 33
74 35
16 16
7 46
41 44
43 36
27 4
28 32
18 33
98 63
66 28
92 72
4 95
26 82
58 68
1 93
14 62
97 67
34 23
30 89
16 82
37 96
68 97
83 61
22 6
13 7
57 55
28 79
71 97
14 54
76 96
83 83
17 31
4 44
53 17
83 0
16 74
17 79
41 5
82 73
14 93
9 7
95 28
91 5
43 17
44 12
89 16
79 34
14 24
50 8
8 33
94 18
48 5
67 93
12 58
98 87
23 95
90 13
11 23
56 25
63 52
3 36
98 9
84 88
58 54
62 37
41 87
51 83
86 40
55 23
78 82
42 64
26 53
13 18
5 63
86 1
71 74
9 34
77 52
21 99
87 90
86 52
78 23
93 95
51 50
25 41
62 58
72 4
25 24
60 23
84 10
2 4
82 31
65 31
38 87
13 30
73 88
49 79
65 74
44 58
12 49
76 9
4 24
22 67
57 64
3 3
11 52
10 52
39 92
62 18
12 67
41 24
81 59
14 74
76 14
70 33
79 10
37 86
24 34
0 11
8 43
95 5
6 1
88 38
