162
60 51
71 84
26 91
51 21
43 20
25 39
7 41
5 88
78 12
60 86
9 56
16 41
45 73
60 80
50 89
71 73
68 15
83 39
16 16
80 60
41 67
60 13
87 43
39 24
98 78
73 52
98 90
44 55
31 17
83 11
85 1
37 66
70 95
29 53
66 81
59 35
17 94
65 95
30 58
40 94
79 27
34 82
79 17
85 3
18 82
77 79
19 73
19 55
36 58
77 97
12 12
90 26
99 45
64 51
61 28
18 55
53 33
67 75
19 96
50 58
47 36
70 2
90 6
17 58
88 63
57 10
53 52
14 37
28 65
52 29
1 75
93 96
82 48
6 80
43 19
61 73
8 23
46 60
57 7
70 62
10 83
75 20
55 60
59 69
78 75
25 70
26 5
22 44
74 17
70 53
53 72
42 79
87 74
37 4
97 68
14 29
95 17
62 10
27 19
87 1
39 54
22 49
17 19
17 46
16 67
43 25
66 64
51 30
99 60
11 62
85 22
3 81
28 33
44 32
36 48
0 38
73 91
35 6
91 91
71 38
30 81
87 49
40 31
30 1
82 83
44 67
71 41
99 3
75 42
78 32
73 73
56 60
85 82
55 7
58 13
57 47
75 65
2 46
90 45
56 24
31 84
82 19
91 40
22 33
50 26
18 27
13 51
41 12
56 18
31 24
57 41
83 90
16 8
89 69
84 52
53 71
16 96
2 98
44 85
61 99
79 36
1 67
