174
9 31
82 78
14 51
26 34
32 19
43 20
20 89
90 73
10 69
97 10
24 0
31 6
72 50
77 2
1 77
65 55
60 83
14 86
79 85
27 93
19 16
83 76
78 26
83 87
77 75
67 32
77 49
58 86
69 13
68 24
19 33
84 47
56 21
56 10
69 72
58 63
97 46
66 47
13 52
92 35
74 82
51 58
88 99
43 61
58 2
99 3
75 7
7 0
85 41
26 79
40 11
42 39
39 5
61 73
32 20
27 18
51 75
40 64
69 41
54 29
70 71
75 66
5 27
8 90
32 57
19 38
22 77
48 66
35 10
39 80
60 9
63 26
81 90
47 55
28 47
75 47
53 9
54 44
40 23
47 70
40 54
85 33
98 33
60 94
53 40
92 92
7 72
99 57
64 87
10 64
30 70
44 53
3 68
83 73
94 43
34 16
53 26
24 86
38 59
45 15
2 9
9 33
82 70
1 46
18 93
44 15
53 6
89 55
2 14
66 60
82 54
63 66
17 76
48 29
16 36
80 81
55 33
5 36
48 3
72 8
88 0
64 83
56 59
47 50
44 3
92 52
7 16
26 25
10 46
39 27
66 37
62 38
3 75
9 38
81 42
69 39
46 47
91 84
34 68
1 58
33 3
51 51
16 50
56 52
77 56
9 9
74 29
94 69
63 43
6 85
70 14
48 39
91 67
38 32
86 51
3 21
94 11
46 45
63 2
35 51
2 42
29 96
85 7
35 44
2 52
3 69
91 79
48 99
87 12
61 81
94 1
41 88
62 52
0 83
