170
83 48
35 11
51 44
4 10
25 97
36 82
11 0
97 27
94 23
16 9
5 48
43 1
32 46
41 60
23 24
59 61
52 62
75 9
26 36
18 81
53 71
70 56
40 68
77 50
38 66
78 79
70 62
87 58
15 66
16 43
95 0
25 25
57 34
92 64
39 33
87 1
13 71
32 75
72 52
60 88
29 10
56 14
69 31
19 78
20 36
67 22
8 66
74 70
78 40
34 51
68 42
77 14
74 96
60 39
70 23
66 49
16 81
74 0
67 82
48 20
83 3
58 80
28 37
48 36
97 43
43 94
30 94
89 18
98 59
33 66
17 99
9 82
47 70
84 79
15 42
30 90
47 95
40 88
71 38
74 21
97 37
74 47
73 92
96 72
2 65
17 11
87 49
24 48
83 43
75 42
33 17
71 29
40 60
10 56
39 26
87 11
25 95
98 48
37 48
44 66
97 95
11 99
20 27
94 33
19 31
62 94
87 37
76 60
25 11
28 76
99 19
34 90
63 36
60 28
16 88
50 29
24 89
22 17
45 20
75 3
11 38
64 70
31 15
16 74
66 56
88 95
59 31
11 57
58 67
26 55
67 2
2 51
29 69
36 10
59 15
67 86
2 36
60 81
92 71
94 13
49 39
75 23
43 34
52 73
72 92
58 22
48 1
52 23
3 43
9 3
13 7
62 43
60 51
90 24
38 73
2 60
53 83
99 76
51 83
86 28
13 56
26 7
48 10
31 99
12 11
40 57
45 97
39 94
35 93
36 96
