169
48 88
5 66
5 17
73 38
8 61
47 23
35 94
8 48
90 23
68 92
42 61
73 85
7 57
48 98
82 14
54 32
24 50
66 28
67 81
88 20
18 4
60 48
37 17
18 57
53 5
6 31
60 77
9 27
76 21
7 9
38 12
23 29
45 66
32 26
54 57
59 93
72 40
49 2
62 47
0 23
83 52
60 5
29 90
80 83
58 44
30 18
63 55
55 78
14 97
51 25
47 58
49 51
65 66
78 60
90 87
54 60
40 38
39 96
25 30
44 45
43 47
25 17
79 2
23 11
40 41
59 67
86 28
49 32
8 76
96 32
13 8
59 30
78 91
16 16
82 75
68 9
32 60
79 40
30 55
45 76
22 76
80 65
66 55
38 29
13 41
45 57
58 53
73 79
24 69
91 7
75 37
73 91
69 56
96 77
95 8
64 2
50 44
69 22
7 89
81 27
31 85
75 67
78 70
74 9
16 32
75 4
22 95
83 63
30 53
39 85
97 95
18 85
75 14
81 79
87 12
51 92
7 22
50 12
52 66
88 54
49 67
16 73
65 37
18 67
15 63
87 66
1 79
54 34
34 69
10 70
96 57
22 62
83 97
59 57
21 0
73 52
32 38
94 26
99 72
2 92
33 7
97 17
95 30
69 6
47 17
96 35
42 21
18 41
90 55
28 98
65 71
38 74
59 17
34 36
52 88
84 58
54 98
20 61
25 63
50 68
29 84
0 95
90 44
88 58
57 82
96 63
56 39
49 84
59 37
