169
45 13
15 34
36 85
55 22
12 44
0 37
75 67
74 72
88 27
76 82
29 30
87 86
60 44
97 51
72 3
48 34
10 61
20 14
12 9
42 79
50 40
64 27
78 58
13 96
36 93
91 24
5 67
6 63
55 78
62 39
98 72
77 47
6 14
94 95
86 44
70 16
79 60
4 23
74 30
14 64
92 78
16 28
41 66
2 12
13 68
45 37
16 52
51 4
27 59
3 91
67 90
77 12
71 79
68 41
20 69
12 93
77 19
59 4
20 75
83 68
5 53
99 92
36 66
74 24
55 71
3 48
99 43
26 5
95 54
76 2
58 64
22 3
13 78
49 86
28 89
41 71
60 75
66 26
42 80
28 69
63 75
13 31
44 36
71 42
33 88
40 8
35 35
81 86
5 19
60 66
89 10
66 76
21 39
87 27
11 52
85 68
56 6
61 72
10 30
4 73
1 1
70 97
48 95
94 51
93 45
52 11
64 23
39 29
42 49
13 37
89 81
75 50
89 58
1 53
67 0
80 32
30 98
99 8
26 28
87 66
34 64
25 88
80 88
38 21
50 19
8 17
81 58
87 21
69 93
84 27
86 16
81 92
75 97
92 89
38 5
34 84
77 76
22 4
68 12
14 25
28 86
52 91
34 27
69 63
60 52
89 94
28 94
17 87
96 19
46 90
77 89
39 2
1 5
35 2
82 98
63 4
25 23
37 32
17 39
29 4
56 54
63 55
92 59
30 6
0 28
77 63
20 84
83 19
93 32
