144
4 41
86 79
7 38
9 5
71 78
74 77
36 3
35 90
31 77
82 88
66 24
35 80
15 24
63 44
23 63
81 96
29 70
33 44
65 37
9 65
53 29
14 56
75 8
48 33
83 19
68 57
18 5
50 57
33 96
50 22
58 72
58 20
71 63
72 56
29 55
20 94
73 22
23 22
65 79
21 40
19 11
50 43
40 76
81 21
45 20
45 71
98 89
69 99
37 18
78 34
67 20
76 79
46 0
51 22
82 38
67 25
9 27
66 42
64 9
47 8
62 92
37 99
24 28
52 1
1 20
23 1
34 19
0 44
4 23
21 58
7 22
18 54
46 93
49 2
52 80
80 2
62 1
49 94
65 54
5 52
16 46
8 6
56 62
54 92
63 76
16 0
83 62
19 6
50 78
46 55
91 77
80 52
0 9
58 54
99 98
93 81
18 21
76 2
81 58
37 41
69 6
79 95
49 3
7 55
35 55
4 36
93 72
81 6
99 77
74 44
30 10
79 40
29 21
36 37
66 95
49 78
81 97
1 56
49 76
66 88
95 97
32 32
49 42
53 99
94 93
5 3
84 25
61 95
38 25
52 41
67 6
68 5
61 37
74 72
3 2
34 0
20 35
49 7
41 61
53 36
36 22
37 59
51 60
8 58
