171
97 97
19 94
15 24
80 69
9 91
44 40
39 52
87 66
39 8
52 50
92 63
21 39
73 88
87 7
83 79
11 29
32 16
6 60
38 44
98 4
13 97
6 23
44 49
14 23
59 51
16 38
24 90
80 5
29 46
1 86
97 33
20 66
65 97
49 91
42 29
62 37
71 2
52 55
62 80
73 78
9 13
26 98
30 84
98 79
25 61
41 60
66 56
17 66
2 70
78 94
32 13
41 79
52 1
67 51
68 29
32 70
8 52
42 2
29 57
91 52
36 51
82 22
85 97
42 0
8 55
48 7
2 59
16 82
90 16
54 15
97 31
12 72
92 45
45 5
51 66
95 89
8 8
16 47
48 44
52 20
42 32
58 73
14 13
93 78
85 10
75 45
57 97
78 38
32 25
7 76
79 31
87 30
79 97
93 93
13 18
75 11
59 0
28 1
11 34
49 56
91 4
47 26
49 19
11 1
48 0
27 31
25 11
34 65
48 47
10 65
62 16
88 58
10 82
43 21
34 76
87 96
64 35
75 40
36 0
76 57
27 77
80 58
41 14
63 6
19 89
19 47
55 78
67 90
7 21
98 85
36 80
73 81
20 56
53 85
94 2
91 86
38 69
75 32
87 85
78 77
69 82
79 51
98 40
55 18
25 23
25 48
87 25
8 79
59 22
44 32
18 21
91 7
94 62
51 13
62 78
70 85
93 76
26 45
49 42
41 88
59 69
63 86
22 45
84 89
55 48
72 66
16 57
11 9
82 11
47 61
97 75
