166
9 13
93 12
1 59
13 81
9 5
50 12
11 51
15 63
34 22
21 90
20 4
32 89
2 54
82 56
45 21
70 88
95 26
35 73
49 51
85 38
49 24
97 60
14 74
24 62
42 95
70 66
59 26
81 79
21 74
49 79
32 48
82 26
29 46
33 60
73 46
77 92
14 81
76 77
2 64
74 84
22 56
57 68
0 26
59 24
74 6
3 37
91 93
65 80
57 87
35 81
52 42
60 78
60 30
64 22
38 36
9 54
91 68
55 75
93 53
34 43
21 48
79 10
94 83
36 59
81 83
27 42
84 15
65 23
76 84
58 83
85 90
2 19
65 82
89 1
30 95
5 74
69 37
94 96
90 64
76 20
82 2
38 44
88 57
63 39
98 20
23 89
44 48
89 83
25 47
83 8
54 85
20 83
23 84
58 37
67 39
46 86
24 40
53 87
55 4
53 12
96 47
18 85
90 16
33 11
15 37
65 60
90 34
3 31
61 68
14 8
94 73
80 67
88 6
1 94
97 39
79 63
40 69
55 98
6 28
55 76
33 30
52 66
7 64
39 68
81 40
71 0
76 4
20 25
72 87
0 85
10 98
71 17
10 66
12 73
13 84
63 0
99 82
70 59
67 59
26 32
60 58
22 7
29 51
48 99
40 61
71 62
53 82
58 55
96 9
12 37
56 63
99 3
99 74
28 27
63 57
4 81
10 94
27 88
87 2
84 61
63 5
61 60
49 65
14 99
50 62
87 86
