144
56 29
55 8
18 28
7 0
49 7
55 19
11 28
24 20
43 16
20 1
32 29
10 57
36 26
50 65
23 48
26 47
21 68
16 61
54 36
20 13
29 11
29 25
26 12
50 15
40 50
53 43
46 2
8 35
34 41
2 22
26 28
17 14
22 20
50 29
4 7
52 0
22 43
69 68
50 34
9 43
2 12
27 64
58 0
23 8
54 41
28 71
28 50
46 14
16 71
42 32
37 79
48 54
44 6
48 20
5 44
1 65
52 43
30 61
49 37
14 10
42 62
47 28
31 9
19 55
17 35
36 33
28 41
31 20
57 55
40 22
12 58
36 8
37 62
27 38
37 72
1 1
44 63
34 21
28 78
49 41
0 6
6 53
56 61
3 69
35 53
42 67
49 57
37 2
40 27
20 61
5 19
15 22
32 55
31 16
11 72
4 15
12 21
8 17
37 14
51 67
0 55
30 54
22 77
44 56
46 49
5 66
56 49
27 54
33 0
3 63
8 4
2 29
6 19
16 1
25 5
45 42
27 18
7 68
10 63
8 30
2 41
15 43
45 69
19 35
0 34
26 33
10 50
34 47
5 28
51 51
39 0
58 72
27 35
29 0
7 13
11 8
14 52
50 72
2 71
58 16
51 19
0 50
6 54
4 50
