162
19 40
88 8
26 67
84 17
90 0
69 11
32 94
44 67
73 30
21 26
33 49
69 90
8 71
33 2
78 87
60 6
88 3
86 96
58 18
3 55
71 64
64 15
78 20
41 27
47 50
43 42
11 0
96 67
73 57
84 78
83 9
65 61
69 26
75 76
71 38
86 90
69 34
90 29
68 19
18 3
8 66
48 89
8 51
91 46
91 99
97 82
93 22
86 33
32 28
11 18
5 56
86 46
59 79
87 59
10 62
20 95
29 62
48 38
70 24
48 70
63 38
81 6
83 31
68 36
1 63
48 75
21 5
52 55
41 30
1 43
89 37
26 48
50 95
27 24
15 82
9 80
72 85
50 35
27 27
26 71
47 12
74 78
32 89
56 56
17 21
55 85
58 36
21 10
42 94
11 88
9 57
93 27
37 60
78 52
89 68
76 13
81 2
91 64
50 61
95 14
83 13
35 41
30 63
77 71
94 81
14 59
43 3
54 88
49 15
15 48
77 94
80 80
40 34
59 94
90 91
8 11
1 19
60 74
94 42
80 35
70 7
91 53
58 68
55 76
74 22
66 3
55 63
67 26
32 57
48 53
1 92
29 70
59 42
31 57
82 40
15 94
1 82
12 46
49 81
44 16
22 88
40 81
77 29
55 66
92 8
49 43
14 83
49 2
1 10
99 20
12 35
96 31
38 19
1 34
20 61
30 80
43 92
94 9
0 49
3 86
19 66
65 94
