176
92 1
48 7
61 0
5 17
52 77
20 29
34 25
56 5
97 47
90 31
59 71
5 61
98 50
73 76
90 42
96 16
64 33
85 83
72 0
12 47
21 18
36 32
30 47
86 91
26 11
41 41
50 3
63 87
28 39
59 87
16 4
77 59
2 66
46 6
86 68
85 71
65 75
53 27
89 89
33 8
15 14
35 88
77 34
57 97
33 30
63 89
82 56
94 8
13 17
19 95
13 66
3 6
91 54
86 53
39 16
92 89
38 32
2 83
68 9
64 79
42 89
26 65
44 66
65 26
13 31
88 9
37 66
72 17
95 76
93 6
48 14
24 92
48 78
64 7
5 38
16 82
63 57
66 66
74 39
46 22
76 16
1 93
71 2
54 10
82 28
30 6
46 51
49 42
15 79
34 21
63 13
89 35
71 80
53 20
46 11
79 8
51 89
30 33
38 56
12 99
41 82
14 59
35 42
18 46
91 63
61 10
8 72
56 40
88 48
96 82
60 4
98 66
31 75
80 53
8 42
21 77
29 69
71 51
53 48
83 6
11 1
5 21
44 68
49 2
83 23
99 4
12 39
22 8
47 62
77 15
7 26
30 19
6 91
21 52
56 15
19 0
39 6
81 92
91 70
22 20
25 31
36 10
86 19
22 63
76 8
55 31
59 21
3 2
59 33
56 46
40 96
83 9
75 88
57 6
11 14
38 36
83 44
73 65
14 93
24 32
71 54
80 82
85 14
94 76
6 48
26 82
11 9
0 47
70 9
10 93
99 97
19 12
29 24
9 87
6 13
32 0
