173
48 75
46 55
96 91
5 98
84 26
19 65
57 89
74 39
79 55
36 77
45 94
55 58
42 69
83 79
3 32
45 86
45 17
70 96
63 7
1 84
12 40
13 27
86 16
69 56
2 59
14 49
27 80
41 63
75 43
8 97
73 90
84 97
12 1
39 68
97 51
41 11
37 22
79 22
94 67
31 62
92 21
46 24
91 44
55 63
8 47
93 24
26 33
78 4
69 69
60 49
42 8
10 83
71 45
42 44
64 18
95 87
97 76
4 88
74 15
95 49
20 8
86 89
21 40
36 8
46 56
14 9
66 26
74 95
76 13
35 71
3 8
86 17
57 4
83 83
78 15
52 82
63 27
28 77
26 72
22 59
16 57
82 32
39 15
5 67
78 83
66 81
43 48
7 19
17 69
36 82
70 80
65 25
65 15
79 94
45 27
9 37
36 34
22 74
63 87
90 12
28 50
37 57
45 39
69 50
86 28
46 96
34 58
47 2
50 91
10 20
42 58
61 98
78 7
42 89
41 97
35 39
16 15
79 93
31 35
20 53
76 32
35 4
61 29
44 0
69 34
28 99
48 41
0 11
71 11
6 73
30 78
73 51
27 14
19 0
46 28
6 78
79 92
54 75
24 63
9 51
73 66
91 4
57 64
11 43
87 5
72 11
42 90
24 57
61 15
34 3
63 35
66 64
36 49
75 89
16 20
22 23
36 91
12 56
37 30
35 22
21 3
97 26
98 35
10 15
32 0
34 19
24 1
3 63
72 24
13 67
29 23
49 74
0 36
