178
85 82
4 28
90 66
99 78
76 8
34 18
98 28
39 91
8 74
89 35
58 83
75 53
47 40
28 60
48 24
97 90
83 2
23 13
55 58
32 36
58 72
43 19
33 27
72 1
72 34
0 67
45 73
43 32
35 15
18 98
96 61
3 3
93 23
65 18
43 70
35 1
51 28
57 10
60 97
74 60
26 92
56 11
3 71
57 1
29 77
82 41
28 37
55 96
8 38
17 93
80 19
37 70
14 21
24 40
9 63
9 8
2 23
91 11
65 47
64 25
48 14
95 70
32 89
88 91
57 67
86 17
83 73
98 35
77 21
30 6
32 17
65 83
55 60
82 23
95 42
4 60
91 59
90 40
17 36
97 4
68 29
30 49
4 92
35 51
93 85
41 15
65 96
85 11
78 92
92 77
65 33
83 93
44 80
79 45
75 92
76 16
9 43
0 97
88 31
31 45
29 80
9 56
80 99
63 15
34 84
62 68
90 6
40 49
35 45
30 75
99 68
48 38
86 50
33 10
48 85
47 77
12 94
17 3
58 20
90 8
44 92
69 14
43 67
14 81
37 44
4 5
24 16
23 82
70 23
43 22
12 0
2 54
26 97
6 49
50 22
66 1
86 40
10 91
74 21
24 3
39 42
31 64
92 10
33 56
72 39
65 34
29 18
3 41
61 62
65 35
61 27
73 49
4 34
67 49
30 97
48 66
37 64
44 62
89 17
10 85
12 31
7 32
57 83
6 84
1 32
99 32
39 54
22 75
24 1
12 16
46 95
32 86
22 43
99 21
2 38
2 10
61 60
62 34
