178
4 96
20 27
55 38
86 46
91 54
58 25
96 3
79 62
82 34
28 96
36 23
6 20
0 64
32 64
64 41
99 8
22 80
98 91
11 93
83 57
72 11
39 77
33 90
30 13
95 67
51 55
58 85
40 41
31 60
8 8
95 32
73 55
90 84
29 69
65 57
85 51
87 64
22 65
9 20
85 72
9 92
55 99
61 48
94 50
72 99
61 61
37 61
70 95
53 93
80 73
18 62
42 9
30 44
8 89
54 12
91 24
12 0
94 18
64 18
76 93
91 31
48 57
85 30
67 3
96 83
68 18
45 61
40 88
29 75
75 33
92 52
25 72
28 84
85 28
90 52
34 2
81 67
37 73
93 61
79 18
39 60
86 85
89 74
92 6
17 10
95 12
46 14
73 48
84 17
58 31
68 28
97 11
2 33
77 19
84 45
99 3
21 9
26 50
23 57
66 56
70 31
21 73
37 24
14 57
21 32
32 75
96 23
32 80
99 54
67 60
38 7
47 69
66 88
47 67
12 12
72 6
97 41
44 97
35 28
62 33
54 35
48 46
92 13
5 28
13 33
68 8
31 18
40 84
92 89
57 75
50 2
96 76
11 9
90 49
22 70
29 22
98 96
24 94
76 52
18 75
73 53
52 28
10 23
93 1
79 7
96 48
11 5
11 26
79 40
74 19
56 9
46 86
94 40
65 67
61 68
64 87
20 83
29 34
7 70
10 40
83 14
21 6
75 64
60 36
13 9
29 52
18 22
61 93
52 24
89 61
44 83
40 64
4 80
19 96
3 77
86 20
2 76
75 79
