162
63 55
80 69
12 17
85 20
42 45
82 38
65 20
82 96
83 55
92 36
50 74
24 48
38 33
63 62
50 58
57 95
62 55
9 7
43 17
26 85
17 63
18 15
29 0
31 76
29 67
56 61
39 86
32 81
63 69
56 83
42 91
99 87
29 39
61 48
82 91
28 24
92 61
96 82
88 60
84 80
44 52
90 81
26 94
87 85
98 22
79 6
74 69
79 42
10 59
94 68
8 3
21 52
58 18
52 31
60 61
70 18
29 63
73 64
67 72
34 67
38 79
63 96
14 97
74 46
68 38
79 64
73 59
62 15
46 99
43 23
70 42
49 45
2 77
2 36
2 8
49 17
50 70
76 72
0 89
7 46
48 88
90 93
60 90
61 35
53 57
35 42
8 7
48 65
54 91
67 71
43 26
16 72
42 66
7 55
81 24
35 9
28 37
25 42
32 47
5 53
87 65
59 42
23 25
68 82
4 42
56 23
61 29
42 80
1 40
96 16
75 14
4 22
45 33
35 24
23 90
68 79
0 73
74 78
84 89
18 84
61 7
48 56
39 8
89 75
68 26
60 32
41 4
44 79
35 48
41 81
72 51
54 13
37 72
37 57
21 82
98 39
64 64
3 45
56 3
97 17
97 50
95 24
49 79
79 7
19 76
2 24
68 77
61 27
45 2
19 10
89 38
22 17
17 9
4 60
17 84
67 59
25 62
49 98
17 77
96 66
63 78
72 26
