128
75 65
89 83
66 80
88 67
62 83
77 72
95 70
55 85
63 97
88 90
73 95
73 87
64 51
81 93
7 16
77 56
44 29
93 87
91 84
85 91
11 46
73 56
24 37
62 89
66 64
50 57
66 54
98 79
61 59
71 83
5 22
62 58
35 42
77 86
85 47
66 95
90 50
71 71
70 51
76 53
14 33
82 82
75 92
40 30
66 77
9 29
95 77
56 88
36 46
52 94
79 81
61 48
84 95
98 69
96 66
86 74
66 75
51 80
54 50
85 99
22 42
90 93
62 80
98 59
19 27
9 39
83 73
67 88
75 99
74 82
74 62
94 53
57 54
66 58
68 85
71 64
70 92
36 16
18 1
26 8
61 68
55 73
51 60
17 32
76 69
88 97
94 61
82 66
42 22
78 66
49 86
80 52
91 73
93 99
15 22
80 98
98 57
14 45
32 43
57 87
74 61
57 73
96 86
59 80
77 97
92 57
10 32
30 41
40 35
86 54
2 2
88 60
23 20
82 56
55 99
98 93
49 72
46 18
51 83
45 29
56 65
69 99
55 71
61 73
86 58
58 60
94 89
96 96
