174
79 32
7 2
26 1
7 21
19 3
21 7
51 66
94 92
78 20
23 99
19 80
68 12
17 15
1 4
44 73
70 42
48 65
88 73
83 65
63 1
36 41
62 90
58 40
60 83
43 11
43 95
34 16
37 54
97 56
71 17
46 55
4 76
7 92
61 96
55 11
81 78
75 47
51 58
95 55
28 6
82 26
12 16
77 8
0 46
20 56
13 82
40 89
96 2
27 75
74 55
72 5
95 14
10 41
65 28
4 58
44 36
53 72
67 90
32 50
40 26
63 67
88 12
69 96
33 27
71 28
59 66
86 49
20 35
70 52
73 65
92 31
86 40
4 33
69 22
19 47
83 59
68 45
1 29
38 79
16 24
28 4
56 36
68 65
39 9
55 22
91 84
10 84
29 46
7 69
41 84
7 47
7 33
50 19
94 36
33 39
45 26
24 54
40 78
34 69
56 13
28 49
37 87
31 19
25 32
54 86
70 90
4 14
16 23
54 29
71 82
78 71
60 45
65 46
89 68
92 64
75 93
32 96
12 64
11 13
0 74
14 59
37 81
63 6
87 79
76 64
94 84
11 53
99 24
32 34
94 97
35 72
54 75
65 30
78 59
71 7
93 75
93 56
80 86
53 61
57 58
60 77
34 19
82 69
50 78
86 98
33 51
83 99
87 44
50 3
38 26
70 85
97 96
10 9
60 97
22 50
98 91
44 66
33 92
41 22
9 26
12 72
22 25
94 57
83 88
90 19
72 56
46 51
4 41
1 79
28 81
35 94
95 59
97 62
62 36
