94
31 43
3 77
1 27
71 80
70 39
17 7
47 60
1 4
44 54
2 66
50 40
27 38
16 17
92 91
48 3
39 50
61 70
71 58
8 65
6 83
4 14
62 62
21 32
6 2
74 76
21 5
42 78
17 19
22 5
59 51
78 61
4 45
5 53
5 20
92 94
61 82
9 14
7 72
48 72
8 87
42 60
98 9
9 2
29 39
20 26
8 11
17 0
5 44
38 72
34 50
47 80
6 76
27 0
70 67
43 6
76 5
43 40
79 71
14 0
72 49
87 9
55 6
0 9
1 16
5 3
34 2
1 31
80 42
13 15
16 4
5 1
81 6
11 10
74 72
12 1
10 97
0 10
1 0
94 97
67 4
68 7
5 5
51 49
82 49
6 5
2 58
89 98
79 79
3 32
62 41
20 18
44 3
1 20
87 7
