171
22 64
36 27
24 22
22 4
63 65
62 33
89 15
57 29
53 31
87 64
57 85
32 1
72 59
15 1
9 10
86 34
71 81
71 75
71 50
95 72
15 10
13 14
20 81
27 26
56 45
86 13
33 42
67 65
89 43
32 8
80 24
13 65
25 45
89 54
63 16
78 70
81 94
75 3
17 67
91 84
64 87
66 56
79 6
73 68
60 4
58 35
52 24
74 21
0 26
12 20
50 13
68 93
51 62
75 24
88 27
94 16
84 61
96 2
97 50
91 58
91 25
68 62
61 38
16 70
93 9
64 23
23 70
72 76
60 7
78 62
92 37
48 78
68 71
17 61
82 43
19 14
96 4
52 95
89 80
66 15
72 41
63 28
89 75
23 17
87 87
34 18
22 27
12 74
85 1
68 88
83 79
60 55
76 90
34 48
80 51
64 9
89 95
51 86
65 96
55 38
83 58
61 69
3 8
96 15
82 33
60 21
97 75
53 89
0 20
63 78
14 55
20 55
55 68
17 81
89 1
85 76
1 0
56 9
59 50
84 57
56 75
92 45
2 15
84 80
24 14
85 32
15 81
70 57
15 26
93 88
57 79
79 72
69 56
53 91
11 7
94 51
67 66
9 70
17 25
56 95
52 11
54 79
97 20
94 60
23 78
67 25
61 88
93 28
86 51
80 77
10 13
86 22
53 42
6 26
80 15
72 19
17 5
79 68
96 62
90 34
28 2
57 92
52 77
68 43
19 70
4 0
64 6
93 21
97 82
21 1
74 99
