166
34 57
59 83
88 14
96 79
29 20
45 77
50 78
77 91
29 36
34 96
45 4
30 79
36 33
55 18
91 66
74 37
55 96
48 68
78 3
50 91
21 35
84 89
80 90
26 61
91 34
76 49
57 93
68 74
92 76
75 44
29 47
86 0
53 33
39 48
23 15
41 80
76 25
49 62
40 86
25 81
99 28
26 98
24 52
65 24
53 80
67 40
58 57
53 51
87 27
65 20
32 46
4 7
75 32
12 31
48 83
43 43
23 75
34 63
32 74
90 8
97 97
28 69
85 4
44 17
53 60
44 26
97 90
29 57
23 1
31 88
90 77
50 87
19 72
67 16
82 94
41 94
64 57
7 37
13 67
60 36
93 63
80 71
99 46
43 56
60 91
58 40
83 44
11 90
95 48
40 31
61 57
83 31
80 73
77 44
37 42
31 89
51 25
99 57
90 73
56 28
20 89
4 51
0 50
31 57
77 61
54 67
19 3
45 35
69 72
32 39
44 64
40 6
12 7
86 31
13 56
74 15
11 35
96 6
56 47
29 17
24 86
35 49
13 88
77 70
27 80
4 43
21 57
34 49
93 59
3 47
76 79
43 1
31 75
23 51
11 40
44 21
71 75
76 55
18 1
76 75
70 82
30 43
88 95
19 80
29 92
30 4
96 70
32 12
5 37
63 69
77 17
93 89
25 39
58 76
15 76
8 22
77 12
35 20
54 86
15 6
37 78
37 83
84 67
64 98
46 52
97 36
