117
47 75
55 10
84 5
0 15
5 79
13 22
26 70
34 41
53 52
63 90
67 44
31 65
40 36
60 5
88 57
88 83
2 48
4 64
64 97
74 0
92 44
7 86
11 93
6 21
18 48
13 62
18 32
20 54
18 72
21 27
26 6
32 76
37 26
36 45
41 89
41 18
16 87
14 12
46 9
44 40
55 25
47 94
66 81
69 65
70 30
62 33
71 56
68 84
75 61
78 27
80 97
80 56
84 49
88 17
93 19
96 35
97 46
0 5
0 30
0 41
0 96
36 69
6 71
54 85
9 35
10 51
69 94
15 54
16 97
17 68
20 15
20 79
21 39
18 57
22 90
25 0
23 23
26 56
26 79
30 90
31 17
30 38
32 10
32 52
35 83
35 59
40 76
42 53
47 58
48 14
47 31
51 66
53 62
55 91
54 35
59 19
59 66
66 19
68 36
72 13
75 70
76 7
76 81
78 0
79 34
78 42
84 27
83 71
89 1
91 75
92 99
92 90
90 66
96 16
95 1
94 80
98 30
