111
4 88
32 8
34 41
37 78
38 99
5 37
16 98
12 84
20 31
19 4
37 55
45 30
58 1
60 63
69 25
76 9
84 25
84 90
94 56
0 52
2 18
71 62
5 6
26 38
57 26
7 98
78 34
15 62
17 76
19 51
14 27
27 4
25 91
22 62
32 76
28 22
39 72
46 10
48 90
48 4
51 43
52 88
53 67
52 8
62 93
69 42
4 78
71 95
79 48
81 66
86 9
85 58
96 41
97 73
1 62
2 12
4 53
6 35
77 23
9 0
60 5
9 49
8 76
10 21
71 31
10 42
13 9
16 19
19 67
24 0
27 41
24 76
29 91
31 58
30 36
32 16
32 51
32 73
35 40
33 85
40 28
41 64
40 47
43 97
45 15
44 86
51 38
49 29
54 52
57 53
56 88
56 42
59 70
59 19
60 12
64 49
65 77
66 2
70 47
71 56
77 1
79 15
84 72
83 39
87 0
87 23
92 87
91 5
93 22
94 45
94 69
