196
4 7
4 28
4 49
4 70
4 91
4 98
5 12
5 33
5 54
4 77
5 63
5 84
5 21
5 42
11 7
11 98
11 56
11 77
11 28
12 12
11 35
12 49
11 91
11 70
12 19
12 84
13 42
13 63
19 5
18 98
19 20
19 26
19 35
19 47
19 55
18 70
18 91
19 62
19 77
20 12
20 40
21 87
26 5
26 20
26 26
25 98
25 63
25 42
26 48
26 56
26 71
26 77
26 86
27 12
27 34
28 88
33 6
33 19
33 27
33 34
32 98
32 56
33 48
33 63
33 70
33 78
33 12
34 41
33 93
35 84
40 6
39 98
40 21
40 27
39 70
40 40
40 47
40 55
40 62
40 78
40 84
41 13
41 33
43 89
47 5
47 20
47 26
46 98
46 56
46 63
47 41
47 47
47 71
47 75
47 13
47 92
48 33
49 81
54 5
54 20
54 26
53 91
53 49
53 98
54 41
54 56
54 61
53 77
54 71
55 12
55 34
57 82
61 6
60 98
61 21
61 27
60 56
61 40
61 12
61 61
60 91
61 70
61 76
62 34
61 48
63 87
68 6
68 19
67 98
68 27
67 63
68 40
68 47
68 55
68 70
67 84
68 12
68 91
69 33
70 74
75 5
74 98
75 20
75 26
74 49
74 70
75 41
75 56
74 77
75 13
75 84
76 33
76 61
77 94
82 5
81 98
82 20
82 26
81 56
81 77
82 41
82 48
82 63
82 13
82 82
82 92
83 34
84 73
89 6
89 12
89 27
88 91
88 42
89 47
88 63
89 21
89 68
89 77
89 96
90 34
90 56
91 87
96 6
96 12
96 27
95 98
95 70
96 40
96 47
96 55
96 21
96 62
96 83
96 90
97 33
98 74
