108
34 79
0 66
9 45
26 35
44 93
52 47
2 84
10 27
19 68
39 61
41 79
47 18
21 61
24 26
51 7
63 89
89 3
96 56
2 4
69 91
5 69
8 51
14 84
15 8
31 41
48 87
12 32
17 50
31 31
17 32
28 86
28 23
29 65
42 52
41 38
48 38
51 89
54 53
55 36
56 19
58 27
61 19
61 78
62 58
44 71
66 7
66 46
67 63
71 77
76 55
76 95
78 29
83 41
82 69
85 19
84 82
87 33
87 64
96 78
97 92
0 72
1 88
39 21
88 72
6 79
13 27
12 64
16 13
18 5
18 46
20 44
22 98
25 18
28 99
28 79
32 12
31 49
33 83
40 0
43 63
47 1
47 24
45 40
50 10
54 3
55 73
55 30
56 50
61 0
60 10
63 72
68 43
69 12
69 31
69 60
71 98
71 47
72 74
72 37
75 9
72 69
77 88
80 51
81 99
85 9
86 66
91 86
96 60
