115
28 64
44 26
93 93
26 95
53 6
14 51
25 24
35 45
16 95
30 13
49 89
87 11
48 49
0 41
0 81
1 65
58 91
97 13
17 46
12 19
20 76
21 8
31 53
38 18
23 32
30 78
32 60
41 89
32 4
43 19
44 59
50 1
47 69
49 28
15 87
52 98
38 81
52 20
57 3
59 77
63 32
69 44
70 22
72 6
70 57
73 92
74 76
76 43
78 91
79 14
87 57
90 71
93 59
95 36
66 94
94 65
0 7
0 49
0 96
0 88
3 24
4 10
3 48
57 82
6 80
8 59
9 1
8 97
22 14
25 52
25 86
11 73
10 91
19 2
16 65
20 42
23 81
25 98
25 70
32 67
32 94
34 22
36 0
37 39
37 98
36 10
42 44
45 40
47 5
48 18
50 72
58 28
61 43
59 38
62 53
63 29
66 79
68 0
67 92
75 59
78 28
80 83
81 6
83 46
83 77
83 16
86 30
86 98
88 49
87 91
92 31
95 1
95 79
97 21
98 39
