113
46 74
47 16
79 56
0 49
5 12
2 57
10 39
14 74
16 59
18 45
25 93
22 73
44 38
46 93
59 37
61 2
69 15
75 28
32 96
47 63
73 50
86 41
95 57
7 89
81 13
6 29
9 6
85 29
70 2
7 82
4 43
36 86
25 67
8 67
15 40
21 14
29 39
31 12
35 66
21 84
40 25
41 6
36 55
39 99
51 57
58 83
61 27
64 63
66 74
67 85
49 35
43 80
68 41
73 69
84 69
84 95
85 57
92 85
0 0
68 11
2 80
8 26
68 29
9 62
10 14
36 76
9 81
17 20
19 35
23 98
23 20
26 53
27 48
31 62
33 5
34 41
34 22
39 90
41 21
41 57
41 72
41 17
48 40
48 12
50 49
55 48
58 6
61 58
63 99
67 82
65 50
76 1
75 34
74 19
78 64
78 42
81 78
81 83
82 5
83 40
83 63
81 49
86 97
88 13
88 20
86 77
89 30
89 55
92 62
96 87
95 12
98 71
99 26
