104
57 8
42 42
66 69
77 45
5 6
10 54
20 31
25 0
26 45
32 60
34 90
45 81
46 62
55 24
58 89
72 75
81 64
94 96
96 27
3 74
64 8
74 51
6 4
10 30
11 72
14 87
16 99
23 73
25 8
38 77
54 83
65 57
8 15
30 96
31 26
33 40
35 18
49 28
24 83
50 1
52 97
56 43
58 95
62 25
61 69
62 18
50 76
64 37
16 8
68 10
70 20
73 1
75 77
78 68
81 93
86 18
88 32
91 45
95 36
0 35
0 51
2 95
5 85
8 40
16 71
21 26
79 27
21 41
25 70
25 87
48 92
30 4
31 74
37 59
40 73
48 47
48 55
50 28
54 13
60 47
59 82
64 74
68 90
69 34
69 49
71 21
69 83
74 41
73 60
76 16
74 75
81 61
79 37
84 85
86 78
87 50
88 13
90 36
92 64
93 87
91 60
96 6
97 79
99 41
