115
26 69
49 70
33 87
50 41
9 71
10 56
40 1
46 62
52 15
59 80
64 66
70 50
78 29
90 57
2 94
10 0
16 46
12 23
25 60
82 38
4 74
16 93
1 51
23 32
26 25
9 94
27 46
28 83
26 97
29 68
30 32
15 76
19 41
36 13
36 81
44 1
49 7
51 61
54 89
55 33
55 27
55 56
58 2
62 91
63 16
65 72
64 35
69 11
74 25
76 99
75 8
82 86
88 14
89 4
89 68
90 94
87 40
96 40
0 1
0 30
1 38
0 57
2 18
1 81
41 76
33 25
4 6
2 65
6 14
6 48
11 90
12 8
12 28
16 58
19 6
19 82
20 46
33 77
23 74
26 7
30 50
28 98
31 55
33 40
33 64
38 20
39 39
40 24
39 54
42 84
44 54
45 45
45 68
47 22
55 10
61 50
64 83
65 23
71 43
73 92
73 35
72 29
79 78
79 52
80 9
81 89
81 23
86 28
91 70
91 42
92 13
92 28
95 65
97 50
99 26
