119
25 3
27 95
83 0
3 69
22 61
24 77
27 44
30 19
42 37
42 66
47 13
59 84
62 40
65 18
77 26
83 63
92 22
2 28
2 85
6 99
8 4
46 58
8 56
72 35
16 95
17 19
17 45
17 79
22 33
6 74
24 58
31 50
34 87
42 2
46 95
42 74
50 19
47 47
50 78
56 35
60 7
65 54
66 68
70 20
71 93
73 72
68 43
77 80
78 48
76 10
83 87
84 17
75 65
16 53
85 75
93 47
95 55
99 77
0 3
0 91
0 57
5 18
5 23
89 79
3 63
9 39
6 91
11 15
9 59
14 6
14 88
12 31
22 7
22 64
21 89
23 42
26 47
28 1
30 29
30 96
31 80
29 66
36 32
36 17
36 79
38 11
38 94
37 25
45 81
51 49
50 2
53 28
53 63
51 54
56 78
59 67
59 21
62 12
61 59
61 32
67 87
70 53
78 32
79 56
78 24
80 65
80 92
81 79
84 99
84 46
90 30
89 61
93 7
92 98
92 41
95 26
95 66
98 47
97 33
