100
2 3
15 29
60 34
12 89
19 55
33 22
41 72
48 88
62 71
78 74
96 49
29 36
33 97
43 33
50 19
51 61
51 97
14 35
36 17
61 80
68 11
73 40
73 88
79 50
7 58
16 18
17 84
26 95
29 51
30 81
66 33
83 61
32 43
35 58
74 81
43 49
38 86
47 43
47 82
58 14
60 65
58 24
76 43
76 65
79 88
83 29
64 85
82 47
84 99
88 62
23 33
89 47
97 93
2 2
5 72
5 50
4 86
8 43
13 62
15 46
17 92
18 75
16 25
21 49
41 92
29 9
29 45
32 67
31 28
31 37
38 15
35 51
41 10
42 57
43 37
49 24
51 68
58 12
56 84
59 42
60 97
61 28
65 52
65 48
72 18
72 25
77 11
75 98
74 60
76 33
80 68
84 10
86 22
86 75
87 52
93 83
95 33
95 26
95 68
97 57
