113
18 29
19 53
63 20
84 73
4 56
9 74
15 94
28 76
12 69
37 31
40 11
41 91
45 54
50 39
63 3
68 76
82 7
86 88
95 60
96 29
3 30
35 67
6 8
50 22
4 94
5 49
7 89
13 35
11 53
17 18
15 76
22 4
22 43
25 47
28 97
28 27
46 95
49 77
48 47
60 67
60 27
63 96
64 43
68 1
63 57
70 16
73 95
77 25
77 0
82 41
83 55
86 3
29 62
84 62
90 14
22 81
41 18
90 49
0 1
96 5
0 63
0 78
10 12
0 48
10 27
11 90
12 67
10 42
13 57
14 83
17 49
18 98
22 13
20 22
21 91
23 76
26 5
28 29
30 10
37 96
36 2
39 67
42 81
44 7
42 72
46 62
49 30
51 92
53 10
53 61
55 94
55 16
60 89
59 10
64 83
65 69
67 8
71 56
72 31
71 79
74 63
74 14
77 34
79 79
79 17
89 83
90 6
90 95
88 64
94 33
93 43
95 63
98 61
