115
11 9
16 82
69 29
79 50
2 71
21 26
35 64
53 54
61 79
65 1
68 64
85 76
86 91
94 12
0 46
2 10
42 72
56 31
95 92
4 57
75 20
9 43
7 69
16 5
10 22
18 92
18 67
16 74
26 97
27 59
29 38
30 78
35 44
43 4
46 19
53 62
32 93
43 40
57 45
61 23
62 51
66 81
64 75
71 6
67 43
11 50
70 27
76 64
75 12
80 82
85 30
88 39
90 65
94 49
99 69
0 12
0 54
0 95
1 20
2 39
3 81
78 40
87 85
7 87
12 29
42 55
13 11
15 56
16 46
20 34
18 60
22 0
19 53
24 20
26 24
24 73
33 9
32 17
34 0
33 58
39 89
37 79
45 99
46 15
47 6
46 87
43 47
53 37
54 68
54 7
55 93
56 54
60 89
63 9
65 19
63 37
69 95
73 98
79 0
77 95
81 53
81 7
79 26
89 10
88 56
91 17
92 33
93 15
94 79
95 63
95 46
95 6
96 93
98 53
99 85
