106
46 77
52 31
78 46
93 92
95 78
4 85
5 45
21 42
61 30
25 10
13 86
31 76
48 53
49 10
66 12
70 70
74 95
80 11
22 53
92 3
94 24
84 75
95 10
0 64
43 66
2 57
66 24
95 18
11 4
15 98
22 57
97 1
24 86
25 2
27 16
29 27
32 23
40 9
48 83
49 42
33 66
56 73
57 98
58 64
64 1
6 77
70 53
75 36
73 63
77 27
62 81
78 66
86 45
87 98
88 71
85 54
89 17
94 33
94 85
0 33
0 99
3 19
4 13
97 99
6 51
8 59
6 86
16 27
16 71
14 65
19 35
18 10
21 50
20 78
27 91
27 58
27 80
31 41
33 29
33 7
36 46
37 42
36 56
40 90
39 82
42 3
42 33
49 20
49 62
53 45
54 6
54 16
54 37
50 69
61 50
63 60
67 31
70 10
76 83
79 50
80 60
85 25
85 8
91 38
96 84
99 26
