106
49 94
10 94
15 79
53 25
2 65
25 99
34 88
39 58
16 69
36 79
40 45
47 1
44 24
55 43
58 11
61 80
65 57
78 42
89 25
95 4
0 0
0 17
0 24
1 90
51 60
3 52
60 48
9 12
14 40
46 90
16 93
20 54
23 63
1 8
26 1
25 36
26 16
26 83
31 7
34 40
36 21
41 72
40 39
50 19
58 0
59 27
59 89
63 12
65 37
68 94
73 21
75 10
80 61
81 80
82 72
85 33
85 88
87 42
94 23
94 72
96 37
0 32
0 75
3 89
4 45
6 34
30 78
9 20
9 50
14 18
48 44
17 38
16 7
16 78
22 26
22 52
23 22
21 92
57 18
25 89
29 64
30 13
33 50
36 6
36 28
37 65
38 91
41 14
40 30
51 82
49 9
57 41
61 0
60 7
64 26
69 99
69 82
69 9
71 39
80 0
78 99
82 3
84 57
82 66
93 55
95 60
