111
17 32
38 76
42 53
60 27
89 64
2 28
14 71
21 53
36 3
39 90
46 33
51 55
73 6
80 96
88 37
95 13
0 14
24 36
31 78
69 32
96 32
1 76
9 14
50 67
6 39
10 97
13 56
14 6
15 22
27 96
24 86
31 43
33 13
31 58
34 97
35 27
6 65
30 66
16 48
36 64
53 91
56 12
59 91
64 55
65 82
59 20
67 89
70 17
73 75
79 88
85 78
89 98
92 80
95 55
96 96
93 20
95 40
0 90
1 0
0 98
45 77
59 59
6 84
5 55
9 79
9 25
17 91
19 76
20 23
20 57
26 5
25 12
27 21
24 73
33 34
32 49
35 82
39 0
37 27
40 13
39 94
41 39
39 62
45 42
48 25
45 61
50 0
49 40
52 77
53 49
55 0
55 73
65 7
65 26
66 21
73 53
75 36
76 61
74 22
79 42
82 9
83 63
84 0
84 49
84 92
85 67
87 28
92 48
96 4
96 25
98 61
