108
10 10
3 3
15 15
41 62
58 59
78 88
84 85
1 18
11 88
18 70
27 36
31 83
31 98
41 4
45 33
75 65
89 70
90 6
34 56
92 18
3 86
2 22
26 71
93 78
7 74
7 4
13 33
16 52
9 99
18 22
17 89
19 41
19 62
20 84
32 11
40 26
43 42
52 14
52 87
57 41
60 2
67 10
68 50
44 74
66 56
70 34
70 92
73 11
76 35
51 35
74 78
80 58
83 22
88 44
95 53
97 64
92 90
87 12
0 49
0 32
2 60
0 8
3 45
6 54
16 9
7 63
11 38
12 75
16 16
17 2
17 44
20 56
21 98
23 0
22 29
26 24
30 38
33 19
32 47
34 99
35 35
36 40
46 12
47 43
48 98
48 78
58 23
58 60
58 27
61 98
60 17
63 0
63 27
60 50
68 84
72 70
72 31
74 97
77 50
79 64
78 72
80 99
79 93
86 74
90 43
96 5
94 86
99 67
