110
4 65
8 27
53 53
69 6
80 20
96 41
2 11
13 93
23 7
24 76
32 43
34 97
48 27
4 5
62 84
73 64
34 37
55 19
88 84
0 45
1 85
82 57
95 78
3 70
6 43
61 59
4 21
14 3
18 23
18 44
27 91
36 14
31 56
31 78
36 92
40 73
41 7
38 42
59 4
41 66
54 35
61 76
59 69
66 44
69 27
70 6
76 85
77 29
80 66
81 1
86 7
12 44
89 23
89 47
48 38
93 0
95 10
87 73
0 52
0 35
2 99
2 81
1 90
6 65
66 17
6 31
7 84
7 58
14 31
15 54
16 97
17 58
21 1
20 71
21 61
73 15
21 55
29 4
27 94
31 51
32 64
35 0
32 88
38 22
39 44
41 99
44 7
46 75
47 23
50 52
53 55
51 69
60 30
61 5
64 75
68 50
69 32
66 61
70 78
77 92
77 39
79 71
78 9
84 22
86 9
91 37
92 56
93 33
95 97
96 62
