117
24 30
37 18
62 83
96 12
5 59
28 50
32 92
56 20
62 46
66 63
29 12
70 41
70 66
82 92
89 58
92 82
95 39
0 29
83 14
4 79
3 22
6 90
79 42
6 16
22 39
12 91
13 74
15 4
17 59
37 28
18 21
65 75
3 67
20 47
27 73
29 3
29 96
27 8
27 60
30 45
34 67
37 82
37 61
54 3
51 44
55 72
59 97
63 24
70 23
73 3
73 87
86 66
87 23
91 98
93 48
0 1
0 5
95 30
0 82
0 97
4 36
7 99
65 33
8 22
9 30
11 58
10 49
15 35
19 78
28 89
30 2
34 42
36 49
38 0
39 33
38 63
39 78
37 9
41 56
44 19
44 47
45 85
47 39
47 61
51 11
50 34
58 5
58 57
58 77
58 31
68 5
68 59
68 10
72 19
71 70
75 37
74 56
78 11
80 28
80 47
81 65
82 57
87 83
88 14
89 33
89 92
89 73
91 37
94 5
93 53
96 2
95 98
95 68
96 77
96 20
96 58
99 91
