111
23 65
62 22
3 47
7 30
20 79
46 54
91 9
2 91
44 34
56 67
16 85
30 66
46 48
62 67
67 83
65 24
83 52
87 67
85 10
90 45
13 15
18 45
17 31
20 4
19 57
30 78
24 29
67 62
71 19
24 47
23 40
28 92
32 24
31 52
34 3
33 98
34 31
35 38
38 11
37 80
46 4
45 63
53 7
56 44
57 27
57 81
70 5
78 36
65 41
79 23
73 70
84 26
86 97
90 2
0 65
0 83
2 8
4 1
3 77
5 51
79 42
8 44
9 24
97 13
8 63
7 87
9 71
19 72
12 94
10 57
15 10
12 52
25 6
25 58
30 14
32 63
37 91
38 26
39 50
44 77
44 71
48 15
50 90
52 36
49 70
52 99
60 5
60 49
64 84
66 96
66 55
68 90
68 10
70 48
73 12
71 26
74 84
73 55
78 85
81 0
87 16
89 72
90 38
90 23
92 63
93 84
93 77
94 43
96 93
96 0
98 50
