106
61 78
67 10
50 21
61 48
83 40
2 18
5 84
7 43
17 32
22 62
25 76
40 89
9 74
33 71
39 27
68 24
49 75
72 38
82 58
87 90
88 13
93 90
95 21
96 57
10 23
76 10
99 82
2 58
7 9
8 95
15 94
15 65
19 40
27 22
56 67
86 27
34 91
36 9
6 80
29 68
39 46
49 40
54 27
55 89
48 52
28 29
57 73
64 48
69 75
62 33
71 68
71 53
72 94
36 81
79 95
80 16
95 50
91 73
0 33
0 48
85 47
4 57
92 10
9 37
14 22
11 75
17 80
23 10
23 93
24 15
26 53
28 59
29 98
31 39
32 54
31 76
39 12
39 95
41 20
40 37
45 81
48 89
55 56
54 38
58 9
59 24
61 96
62 64
63 38
63 83
62 69
71 15
71 24
72 82
71 48
76 68
77 84
76 30
80 44
80 92
79 74
82 16
86 61
91 28
94 66
96 37
