115
21 14
49 32
58 92
85 4
0 47
3 91
7 30
25 95
33 67
12 10
52 10
13 37
50 92
56 17
64 74
71 20
78 83
82 59
89 95
3 53
8 73
67 94
6 5
9 85
11 27
51 81
14 1
0 39
21 51
24 33
27 77
29 27
29 89
30 14
37 47
37 90
40 62
44 68
46 27
15 18
59 65
59 37
59 80
65 3
65 34
71 95
72 74
75 46
82 48
85 40
88 2
88 87
88 56
93 73
94 27
96 63
94 2
0 66
0 85
0 21
43 20
0 76
6 52
7 97
66 80
6 44
10 11
10 51
16 59
15 33
18 96
16 4
21 64
22 19
22 99
28 49
26 65
30 2
29 17
31 75
32 94
41 35
43 2
43 46
42 97
43 90
46 52
46 75
48 13
47 36
53 56
54 7
52 61
53 88
55 24
57 99
58 26
57 67
59 59
61 76
63 15
62 90
73 25
77 11
76 43
79 0
80 88
88 20
87 63
92 95
93 44
93 82
93 50
96 75
99 47
