100
12 80
73 55
15 13
31 85
32 48
64 86
83 9
84 64
94 30
3 31
17 35
17 91
29 10
31 70
46 16
50 82
52 48
58 5
78 33
22 38
95 44
0 47
40 95
52 26
94 59
3 41
15 65
14 3
20 64
33 35
8 23
21 96
37 6
9 88
37 62
39 54
37 25
46 96
41 76
49 6
52 66
62 54
65 17
66 6
69 35
69 76
73 87
75 48
77 56
79 91
81 18
80 39
83 1
88 15
94 36
97 84
0 20
1 71
94 4
44 23
5 97
4 27
7 51
9 9
15 72
18 54
18 4
16 87
21 17
21 68
20 92
24 23
31 56
23 78
30 19
36 40
41 81
40 67
44 62
51 40
55 51
56 39
53 55
57 69
58 83
66 25
66 69
67 11
70 41
69 50
75 63
82 79
83 34
83 69
86 91
85 20
89 55
90 77
95 50
97 28
