113
51 19
17 16
55 4
75 25
83 39
3 38
5 6
25 35
32 91
43 35
47 88
55 61
68 41
69 3
78 74
95 83
1 82
60 28
0 5
3 47
10 67
52 13
12 41
16 22
17 67
18 93
20 84
14 8
23 70
30 20
29 83
34 16
31 62
39 72
34 97
56 50
57 38
57 88
60 67
66 11
71 56
75 40
76 91
77 2
78 54
76 65
42 12
82 20
82 45
84 87
88 13
86 54
91 68
93 6
93 57
92 82
95 98
96 25
0 97
0 29
0 52
2 94
3 88
1 58
6 20
92 51
5 52
38 23
7 10
9 96
6 30
15 0
13 74
17 60
19 40
18 12
23 3
22 26
26 53
25 99
27 77
29 34
33 44
33 76
39 62
38 86
42 53
46 38
47 0
46 27
47 4
52 82
52 98
53 63
56 27
60 6
63 22
64 52
68 18
68 70
69 6
68 36
69 98
70 25
77 18
82 69
79 83
89 27
90 44
86 77
94 11
94 29
97 0
