92
5 23
15 69
52 58
18 55
26 89
27 28
34 77
35 55
60 94
88 93
2 33
2 82
4 48
33 93
57 66
66 89
5 12
12 96
10 55
17 20
19 69
24 38
25 52
26 94
26 70
10 17
33 61
30 84
36 41
52 75
58 88
75 97
3 93
39 47
5 75
3 44
8 69
10 37
17 30
10 61
14 91
16 46
15 60
32 69
36 69
37 98
41 80
43 56
44 97
47 62
59 80
61 74
69 74
75 87
81 88
0 15
1 34
0 63
3 88
6 30
7 83
9 20
9 75
10 14
23 77
11 51
12 55
13 99
16 23
16 40
15 76
16 90
24 39
28 63
26 99
28 32
27 55
35 76
40 85
43 90
48 53
45 81
51 68
52 62
50 84
55 76
63 64
64 97
66 78
70 96
84 98
90 99
