106
70 3
20 8
71 80
42 73
67 95
71 31
84 8
10 87
15 30
30 55
36 95
39 1
52 48
53 72
67 58
15 91
28 29
94 41
0 11
0 44
1 61
63 29
73 59
60 71
5 65
74 19
2 28
14 9
16 77
22 96
20 15
30 18
34 64
39 87
45 17
44 61
52 39
55 21
48 90
58 57
7 23
59 81
60 98
61 8
9 71
56 32
69 66
71 37
78 74
83 69
86 53
85 38
87 83
95 21
94 78
81 13
96 51
0 76
0 86
0 19
2 99
8 41
53 82
10 57
11 10
12 96
13 24
17 52
22 1
24 45
25 15
28 99
31 42
31 77
31 24
36 5
38 41
37 37
39 12
42 96
43 7
45 44
46 22
44 36
46 67
45 84
53 7
56 0
54 64
61 36
60 77
62 5
60 65
64 91
67 10
69 48
73 94
72 25
78 51
77 84
81 56
84 30
85 92
85 76
92 25
93 64
