115
12 24
28 96
37 3
57 84
65 51
7 54
7 75
19 46
25 30
31 82
33 61
42 92
61 9
71 96
81 59
81 85
15 73
53 56
91 97
87 55
6 15
95 54
8 86
48 88
17 65
18 9
11 45
69 79
17 26
22 71
31 15
35 40
41 59
34 93
48 12
48 97
52 3
54 29
55 71
57 91
59 85
66 25
63 67
69 17
77 38
80 1
83 23
83 69
83 86
86 3
89 14
90 72
93 34
93 21
93 83
0 14
0 23
0 40
0 78
1 59
7 29
7 52
8 79
9 96
42 95
10 59
14 16
21 9
22 80
24 52
24 88
23 66
30 32
32 18
36 45
35 74
38 4
39 27
37 64
88 80
38 83
45 34
47 72
51 49
52 47
51 17
50 94
57 36
57 99
60 70
62 58
64 11
63 23
69 36
70 45
69 72
72 55
72 78
74 19
73 63
75 93
76 30
82 45
84 17
83 64
88 50
89 5
87 94
90 40
88 65
91 57
95 1
97 42
96 75
98 60
