97
4 3
13 16
25 25
36 38
64 69
83 88
6 93
19 7
8 40
4 18
12 6
11 70
15 53
20 96
29 84
14 78
23 40
42 9
46 48
35 87
50 23
51 62
12 49
53 65
67 1
73 92
78 3
7 99
10 63
12 84
17 24
15 2
18 30
25 20
24 60
26 66
27 6
26 95
26 47
28 22
28 34
31 43
35 95
42 31
54 36
55 42
55 54
57 8
61 57
66 48
68 69
72 78
73 17
81 77
86 87
88 69
90 45
93 92
96 98
0 8
0 84
0 97
3 30
37 15
6 17
7 9
9 60
15 90
16 45
16 72
17 1
21 17
24 76
32 29
37 56
38 80
41 75
39 89
43 18
41 40
47 95
49 4
51 12
60 23
61 93
64 5
67 62
73 11
70 54
74 84
83 48
86 23
94 30
93 38
95 78
97 52
99 93
