108
15 31
65 23
44 36
47 81
68 5
2 57
13 46
16 17
23 68
25 54
3 25
43 10
46 59
30 36
58 37
68 49
72 81
95 31
49 54
75 37
12 64
34 52
5 94
5 72
3 32
9 78
35 30
7 39
12 70
20 31
31 85
23 6
31 8
47 99
48 73
50 5
52 89
54 24
70 24
35 70
71 77
71 17
74 62
75 96
74 52
81 5
78 90
81 13
83 38
82 58
87 81
89 33
92 12
96 57
0 7
95 70
0 40
0 78
0 86
35 47
86 91
52 77
5 87
6 22
4 62
7 11
59 82
22 46
13 25
13 0
15 49
17 78
20 87
23 17
23 61
25 71
26 31
29 98
30 89
30 19
35 3
36 41
38 23
36 93
38 61
39 78
44 39
51 6
50 38
55 68
55 26
58 5
58 51
59 44
57 11
61 19
70 2
73 42
78 97
79 29
81 52
83 66
84 9
86 19
88 47
89 87
93 42
92 56
