104
0 1
0 17
0 33
0 49
0 65
0 81
0 89
0 9
0 41
0 57
0 25
0 73
8 2
8 86
8 94
8 22
9 38
9 54
9 70
9 46
9 14
9 62
28 2
28 18
28 34
28 50
28 66
28 74
28 82
28 90
28 10
28 42
28 26
28 58
38 2
38 22
38 38
38 54
38 62
38 70
38 78
38 86
38 94
38 14
38 30
9 78
48 2
42 46
48 42
48 18
48 66
48 90
48 50
48 26
48 74
50 10
9 30
52 34
52 82
58 2
58 54
58 62
58 30
58 86
58 38
58 78
58 14
58 94
52 58
62 22
68 2
68 18
68 42
68 50
62 70
68 66
68 90
68 26
68 74
70 10
62 46
72 34
88 2
88 18
88 34
88 50
88 66
88 74
88 82
88 90
88 10
88 42
88 26
88 58
72 82
0 98
72 58
9 6
27 96
38 6
48 96
58 6
68 96
87 96
