110
39 43
87 9
3 90
38 96
63 16
68 85
73 26
94 52
3 6
5 22
8 50
13 36
13 66
10 90
27 65
54 62
41 33
57 80
67 68
67 99
68 34
85 63
86 82
92 38
5 74
10 7
59 59
8 45
13 26
12 87
19 49
20 32
25 15
25 79
28 83
23 55
28 74
42 71
43 7
47 15
46 36
57 34
56 73
59 23
63 37
12 96
70 8
71 3
71 68
73 46
75 32
10 14
63 60
82 96
87 25
91 84
93 31
0 59
0 32
0 7
3 28
8 0
9 64
8 81
11 50
12 71
82 37
15 32
15 17
14 80
16 46
21 60
23 20
21 93
25 27
25 46
27 73
29 7
27 94
29 33
28 79
31 59
35 5
33 39
35 63
36 99
37 19
38 53
35 78
45 90
44 66
51 20
53 87
57 45
57 73
68 54
68 60
74 92
80 3
82 77
84 51
85 98
87 70
88 14
88 90
91 48
95 30
96 66
97 72
96 92
