108
10 15
7 54
16 73
55 74
69 68
74 88
0 76
10 90
21 4
44 7
17 59
48 62
52 31
57 79
71 8
21 13
77 38
95 48
96 82
75 62
1 29
75 81
80 37
96 93
4 97
9 72
8 6
15 44
16 36
17 88
8 58
25 47
32 80
34 35
34 71
35 23
35 91
39 45
32 43
50 78
58 48
58 58
62 28
64 96
24 79
66 83
74 22
73 51
72 70
79 95
80 78
86 20
87 63
86 92
90 6
96 34
94 55
0 3
0 18
99 62
0 78
0 53
91 43
4 34
2 86
43 70
21 53
4 43
11 39
12 95
14 0
14 79
19 87
25 23
25 1
25 65
25 93
33 28
32 62
34 65
41 0
43 18
44 88
46 44
46 14
49 96
51 4
50 60
51 28
52 85
51 64
64 10
65 16
65 54
64 77
73 1
72 7
71 77
78 57
77 85
81 28
80 67
86 10
89 21
91 76
96 0
96 24
96 19
