113
62 52
7 34
16 56
30 59
31 26
52 26
0 97
21 92
24 43
36 72
34 19
51 3
51 91
67 2
4 52
37 53
60 89
68 54
84 57
70 7
4 25
8 87
22 61
7 44
11 80
18 14
19 76
27 37
13 63
29 74
33 8
37 25
39 64
40 96
44 66
52 39
50 79
58 69
8 95
61 22
60 60
69 14
76 43
76 82
79 0
78 14
84 27
86 71
86 98
88 80
90 47
94 30
93 84
97 23
0 8
0 20
0 56
0 77
57 83
1 30
30 51
0 37
3 67
11 28
22 50
11 40
12 37
16 83
18 6
18 23
17 67
20 17
22 91
23 99
21 75
31 0
30 93
31 29
38 47
41 4
40 88
39 14
43 52
42 59
47 35
50 11
50 66
48 62
52 0
52 97
54 19
54 76
57 40
60 29
58 13
62 44
64 75
68 37
69 60
72 4
74 57
75 46
77 96
79 71
79 89
82 38
80 75
81 85
87 34
94 0
96 61
97 44
98 79
