113
22 71
1 34
3 64
4 50
17 11
23 94
38 72
40 25
45 88
60 88
61 35
2 28
71 67
21 2
61 45
69 81
21 83
53 80
79 52
84 89
0 95
85 42
2 89
73 78
13 26
10 4
17 61
15 22
19 43
22 98
12 78
23 16
30 29
31 13
33 38
30 70
32 3
39 7
46 56
45 10
48 97
33 95
55 72
54 94
62 6
64 0
60 23
71 14
76 28
72 58
76 7
75 67
82 13
84 21
86 69
90 63
95 74
0 0
2 10
3 36
31 20
8 60
9 23
10 40
15 3
16 46
79 79
16 17
20 32
20 25
24 66
23 98
26 38
28 84
30 4
34 54
37 47
41 39
41 74
44 11
45 25
47 40
48 11
44 65
51 50
54 64
55 0
57 98
57 18
61 68
62 82
66 31
68 49
67 8
68 92
75 95
75 32
74 25
78 2
77 61
79 91
83 0
83 28
85 77
87 40
87 47
90 25
92 43
91 16
94 88
96 8
95 80
97 33
