110
28 18
37 60
39 43
4 13
15 80
23 33
47 22
1 81
3 43
58 19
6 17
34 94
50 96
56 35
62 65
66 87
90 45
91 62
94 85
15 28
72 75
27 43
41 17
0 7
9 96
12 90
7 31
16 4
21 3
21 55
19 94
8 39
21 84
28 73
29 25
34 75
35 7
37 84
40 41
38 94
46 44
49 5
29 32
50 10
53 49
58 89
69 29
73 39
78 29
82 54
84 2
83 88
90 30
91 11
83 73
90 94
96 79
64 94
0 0
61 26
0 27
0 57
0 76
0 98
0 48
13 13
0 22
9 61
11 74
11 31
19 49
20 98
19 11
23 23
23 40
26 89
30 66
32 17
31 89
33 43
43 81
42 6
44 28
44 52
45 65
45 88
48 58
55 0
55 72
53 93
60 57
60 42
62 11
64 12
64 71
66 43
65 76
72 0
72 11
71 53
73 23
71 89
75 58
75 76
82 22
88 39
91 60
88 89
96 25
97 85
