114
41 13
53 45
84 3
1 12
11 63
15 10
15 29
26 85
27 21
32 52
18 53
39 65
39 50
50 2
57 61
60 96
70 75
73 46
86 69
2 52
11 1
11 72
68 65
9 45
15 99
13 20
23 39
25 2
28 96
30 10
50 54
32 61
27 28
34 83
36 29
34 91
42 36
32 43
46 70
55 81
56 35
51 74
59 43
63 82
72 24
68 32
77 95
80 56
83 33
86 10
87 25
91 54
91 36
94 81
93 67
98 2
97 22
0 16
0 66
2 99
2 48
2 77
72 56
4 26
5 33
13 91
82 22
14 44
17 67
16 82
18 45
19 24
48 61
24 73
24 55
25 68
24 94
28 35
34 0
32 17
37 38
38 74
39 91
40 5
40 15
46 22
44 51
47 94
48 34
48 40
54 0
54 53
58 30
58 59
61 7
60 75
62 0
62 45
66 17
68 99
67 47
70 8
70 71
71 89
72 35
78 42
79 76
79 59
82 45
84 74
85 55
87 30
97 53
97 78
