108
9 0
26 28
89 67
96 11
4 77
10 90
22 14
23 52
33 3
36 38
38 55
50 36
56 54
59 23
84 24
88 81
4 30
6 14
13 73
68 13
9 52
11 34
46 60
12 64
14 48
17 67
15 81
51 57
29 11
30 58
31 97
33 88
35 66
36 22
36 71
41 94
42 48
44 13
46 73
46 79
46 90
51 18
21 61
54 92
53 76
61 2
62 72
65 51
67 43
66 29
71 65
73 97
74 85
75 17
78 37
78 78
82 15
89 32
90 6
88 74
93 90
92 28
94 72
96 95
0 25
98 35
0 49
13 1
59 34
12 26
16 8
17 84
77 29
23 38
55 68
23 76
24 94
22 61
28 0
32 49
41 20
44 39
44 24
51 19
50 72
52 0
51 30
57 43
57 93
57 59
60 16
64 66
69 4
74 62
76 0
74 14
79 4
83 51
83 42
86 47
83 84
87 53
89 62
89 20
92 79
94 1
97 92
98 84
