110
1 56
3 94
2 21
27 38
32 82
91 67
2 6
3 28
9 68
20 58
25 5
43 15
49 81
60 70
62 43
79 34
92 58
18 73
30 30
32 6
94 78
0 70
4 84
61 82
44 8
9 20
2 62
14 49
18 92
19 44
18 10
20 15
22 81
22 53
30 20
28 73
32 66
37 91
39 85
42 22
52 31
52 12
57 61
59 12
62 97
64 2
71 98
71 9
73 84
85 16
85 39
88 86
91 3
93 41
92 86
0 13
0 89
1 40
3 1
6 37
7 99
8 6
9 59
11 3
10 63
20 30
30 47
27 89
33 25
35 72
35 20
36 52
39 0
40 36
40 30
44 97
44 74
47 29
50 48
51 69
51 93
51 43
50 75
51 21
55 29
53 86
58 52
58 17
60 62
59 89
60 72
65 6
68 24
68 84
71 59
72 53
72 1
77 57
78 14
79 75
80 20
78 82
84 31
83 67
84 53
87 26
88 12
87 81
89 95
89 72
