118
66 16
26 5
93 71
13 90
25 25
25 63
40 23
43 90
48 11
52 38
72 3
75 78
82 17
92 94
3 23
18 93
5 55
25 75
8 41
9 18
12 55
36 64
1 94
28 20
18 68
26 11
27 25
27 75
38 4
43 97
44 66
45 20
48 50
53 79
54 17
55 51
57 91
58 99
60 56
61 65
67 45
67 72
69 96
76 6
76 60
82 63
84 12
84 92
85 23
86 30
88 82
92 38
17 13
95 9
95 24
97 85
0 7
0 38
0 63
0 84
0 53
2 73
3 98
97 18
8 2
8 34
5 62
9 79
13 42
10 65
18 5
18 31
17 82
19 54
19 86
35 13
18 20
22 39
27 43
27 92
29 34
31 78
34 52
32 67
37 46
39 83
44 2
48 72
47 25
51 33
52 65
51 45
54 24
57 31
55 75
59 1
62 7
61 21
64 93
65 30
65 50
67 36
66 86
67 78
68 20
68 13
75 51
74 72
71 87
79 99
84 47
86 1
86 77
93 64
94 99
91 79
96 0
99 38
