116
82 51
38 85
76 85
1 37
2 9
17 80
26 32
40 36
41 7
61 7
81 19
91 81
96 92
0 25
2 99
3 81
2 43
8 10
50 1
8 64
82 79
6 38
14 23
16 97
19 46
20 18
21 2
21 53
21 74
28 57
35 21
34 91
34 60
35 96
30 8
36 50
45 61
46 12
49 20
51 31
48 94
53 79
55 87
63 23
63 54
66 60
67 67
75 66
77 97
87 13
88 21
88 64
1 18
89 91
91 3
94 57
97 37
2 67
3 84
95 17
4 95
9 2
9 49
10 58
51 9
11 31
15 13
20 20
22 84
22 60
24 79
27 15
29 74
30 55
34 28
36 61
34 13
41 42
40 0
43 72
44 57
42 26
49 95
51 46
49 40
51 58
52 16
53 25
56 77
54 34
58 72
58 93
61 41
62 91
64 74
63 86
68 39
66 14
70 61
72 69
79 0
80 36
81 99
79 26
82 45
83 31
83 59
84 73
91 47
93 88
96 0
96 52
96 24
97 43
97 60
96 87
