113
11 78
23 67
31 31
55 67
58 21
84 16
87 71
93 28
2 67
5 35
11 12
38 91
64 78
73 29
75 2
29 64
88 47
42 35
68 89
88 32
92 12
0 6
1 45
2 26
5 53
65 24
4 75
78 80
16 28
25 93
30 2
30 23
34 15
50 42
5 2
56 36
56 81
57 96
60 52
66 56
35 67
66 38
73 12
78 46
67 70
77 86
76 69
90 3
91 95
95 84
93 54
0 21
0 59
2 98
84 93
96 77
36 22
3 43
6 19
7 90
7 72
6 28
11 9
9 26
15 54
15 93
15 39
15 84
18 14
21 1
22 42
20 12
28 48
26 68
29 88
30 42
31 49
28 60
31 98
36 9
34 56
39 91
41 51
45 77
49 2
50 59
47 50
56 0
53 92
57 9
57 35
57 67
59 41
59 71
62 13
61 50
58 61
62 96
67 9
64 35
70 61
71 40
72 23
75 52
77 29
79 23
78 37
84 66
87 10
89 18
95 46
97 60
99 14
