112
18 77
20 47
56 55
56 78
71 6
88 37
9 5
24 10
42 42
54 92
55 22
66 64
71 46
78 21
24 41
55 29
96 11
92 36
2 53
2 68
6 19
97 22
26 56
22 82
28 19
14 34
36 75
39 4
39 83
41 11
33 54
60 86
42 21
46 47
51 61
50 76
56 36
17 55
56 95
47 56
56 43
60 50
64 17
67 72
64 34
70 24
70 54
71 0
73 39
74 71
76 53
78 2
81 20
87 22
92 46
96 89
0 92
1 0
1 72
1 63
6 31
5 83
6 94
59 77
10 51
8 76
13 98
17 96
18 11
27 41
25 72
27 94
27 4
77 60
45 34
83 44
28 55
32 8
34 22
37 66
39 74
44 12
45 5
41 68
46 85
53 58
55 69
59 1
58 98
59 8
59 41
61 57
63 92
66 20
65 10
71 68
73 93
73 78
77 99
81 88
82 7
82 95
82 77
83 60
85 69
84 34
88 5
90 51
96 96
96 52
97 66
98 27
