118
24 38
38 54
3 82
17 5
27 92
28 22
31 0
26 46
52 96
56 7
59 59
63 33
33 27
38 7
73 57
94 31
0 9
1 34
5 68
60 95
61 69
64 6
6 56
8 25
9 10
16 79
13 39
18 96
21 19
21 54
23 8
30 51
40 38
41 15
42 90
51 0
51 27
52 51
55 71
60 11
63 80
65 97
67 50
41 54
69 0
70 10
74 94
76 39
76 20
82 80
85 56
84 89
90 12
94 44
88 72
95 90
0 48
0 87
2 96
81 16
5 72
6 35
7 49
94 82
26 30
10 67
9 32
10 82
11 18
13 93
42 45
13 71
19 0
20 69
20 33
26 65
26 84
27 6
26 56
27 36
29 13
31 95
32 43
34 83
35 18
34 62
36 40
40 68
41 82
40 0
48 20
45 37
50 43
52 57
54 82
54 36
55 51
61 37
61 85
66 28
66 60
67 82
68 24
68 64
69 72
70 93
74 9
77 50
78 33
76 98
79 66
80 61
84 5
82 42
85 65
87 48
98 17
97 38
