115
74 35
88 44
1 25
7 45
15 65
22 29
27 15
46 34
8 25
66 88
76 13
78 98
85 68
54 31
88 82
92 24
0 82
73 82
96 38
0 50
70 23
1 32
1 40
7 5
6 81
11 51
16 56
18 15
17 83
17 68
4 21
22 47
26 74
31 88
39 83
41 6
44 55
37 26
49 77
50 19
53 63
60 50
60 59
49 83
55 21
58 41
60 17
68 51
68 71
72 42
77 40
78 77
69 61
81 11
80 86
83 97
82 31
86 17
89 54
92 47
94 88
0 11
0 60
0 94
97 73
89 88
5 64
13 40
4 36
8 59
7 30
17 11
18 42
21 0
22 21
22 93
22 62
23 81
23 39
27 54
28 25
25 67
32 11
32 39
35 95
36 45
41 11
41 63
41 50
43 22
46 91
46 40
51 4
49 9
52 77
54 0
54 87
55 14
60 74
63 26
62 48
64 97
63 82
66 19
64 41
70 5
70 95
74 54
77 28
81 69
82 54
88 38
94 10
92 30
98 43
