118
0 32
18 65
76 38
1 4
13 12
23 43
7 68
31 6
36 99
37 71
43 14
47 45
64 89
79 79
27 53
94 15
47 19
79 27
79 89
0 21
1 39
8 54
9 90
5 79
9 21
26 27
25 94
26 77
19 32
31 57
32 38
40 0
43 84
46 93
50 1
51 70
51 21
55 61
57 5
58 75
59 31
60 94
61 38
5 62
65 30
66 44
38 14
76 52
77 67
5 11
80 41
85 11
81 60
86 92
89 47
93 87
94 53
0 93
0 53
4 35
4 99
31 48
14 60
7 73
11 45
10 22
20 4
18 18
21 98
21 47
28 0
29 30
29 20
32 67
35 85
35 57
73 33
37 81
37 49
34 23
43 40
41 70
46 49
46 26
52 89
53 6
52 47
53 53
52 27
52 42
56 70
57 8
61 65
63 15
60 54
65 97
66 80
69 16
67 51
69 58
73 5
73 85
78 19
79 94
81 3
81 26
82 75
82 44
80 82
87 1
86 65
89 25
90 39
90 56
95 96
96 20
96 30
96 41
