110
67 20
15 23
28 55
46 39
50 94
52 64
87 40
94 23
5 53
16 67
20 87
32 78
18 30
55 6
55 50
39 78
61 75
77 60
91 74
40 44
0 91
54 25
65 44
96 14
3 43
7 96
1 23
6 59
42 91
14 88
5 19
17 50
21 53
22 84
25 14
25 29
15 98
33 94
42 58
48 78
33 41
57 67
54 33
67 16
70 50
73 43
75 74
75 8
81 99
79 36
85 86
85 22
87 53
38 99
63 65
90 45
93 2
96 71
0 9
0 33
0 77
5 1
92 83
48 67
7 33
9 73
11 13
14 78
11 93
18 7
25 91
19 21
27 8
27 59
26 74
30 22
33 8
34 25
32 44
35 58
39 16
37 72
37 48
42 7
43 30
47 16
49 56
53 10
54 93
54 40
58 25
57 10
61 19
68 88
68 94
68 35
68 24
75 57
80 9
78 67
82 32
84 61
84 76
90 7
93 97
95 39
92 54
95 28
94 75
98 80
