92
79 90
83 76
80 45
26 10
28 42
61 43
80 97
83 28
78 64
69 88
92 7
94 85
15 24
14 9
48 22
51 6
17 45
51 42
53 20
70 32
78 2
76 16
90 78
71 46
80 11
82 55
84 35
0 2
97 6
15 35
18 15
73 96
88 23
27 15
48 37
51 23
53 38
57 49
50 14
65 71
67 15
72 71
67 54
62 25
73 86
75 49
79 34
81 60
80 69
83 16
71 80
85 42
87 82
89 93
89 50
91 29
94 54
0 6
1 16
2 28
9 3
7 34
15 50
17 24
18 4
19 44
24 24
32 12
38 32
47 0
92 59
45 29
56 1
59 28
66 6
64 63
67 23
69 38
72 63
75 30
75 53
78 86
82 8
81 20
84 0
86 70
90 99
94 67
96 11
95 44
97 29
97 81
