99
97 1
2 3
33 39
86 90
88 50
12 13
13 76
14 54
49 6
54 31
94 78
3 54
6 2
15 43
17 17
19 93
7 67
27 65
27 35
38 1
42 96
62 0
67 37
45 24
79 6
75 30
82 58
1 97
53 43
21 51
22 85
4 20
27 75
31 18
32 7
45 40
35 15
48 75
57 60
61 88
64 52
69 21
59 25
69 90
68 58
70 67
75 18
74 52
78 47
90 34
84 17
90 55
0 6
25 44
81 38
1 12
15 79
21 62
19 36
25 21
23 58
27 90
33 32
34 99
35 77
35 56
37 91
39 56
39 17
41 64
43 10
40 32
46 69
48 97
49 54
51 79
52 23
55 3
54 93
55 8
53 52
58 97
60 44
61 66
62 80
65 7
68 26
70 2
67 42
74 72
76 89
79 80
76 97
84 27
82 52
91 14
91 89
93 20
95 36
