115
7 16
17 5
43 39
73 81
1 65
13 94
28 58
28 87
29 15
56 40
64 52
68 2
77 96
6 22
34 90
85 70
87 40
67 59
2 36
68 9
4 39
43 49
2 7
8 77
7 50
12 51
82 79
12 83
13 25
16 30
20 71
18 88
26 46
26 69
31 72
35 12
32 48
38 35
41 8
42 64
42 76
56 57
57 35
61 11
64 33
68 66
68 77
45 8
71 49
77 45
81 88
86 97
88 65
93 26
93 58
95 73
0 71
38 24
8 62
11 36
15 13
14 56
31 80
14 72
17 97
18 40
18 51
19 65
19 89
21 85
24 25
24 29
27 4
24 71
30 32
28 62
37 90
39 53
39 93
40 39
43 24
44 97
43 57
46 73
47 13
50 88
51 18
49 9
54 72
55 49
57 26
56 82
57 93
58 65
63 61
63 95
69 16
69 27
71 34
72 20
75 10
74 82
77 62
79 37
81 24
85 50
85 26
87 3
85 91
91 40
92 6
91 90
91 92
93 32
99 66
