116
51 87
53 35
62 51
66 17
75 42
12 96
14 50
20 77
30 90
33 29
35 70
39 13
78 3
79 90
88 55
92 84
2 21
4 37
6 6
39 79
10 64
49 7
15 9
18 95
11 40
22 30
20 68
58 7
26 4
25 60
25 43
36 5
40 44
41 53
47 30
47 95
47 59
49 78
53 54
54 97
57 33
56 19
60 87
63 65
68 3
71 52
71 62
79 70
82 74
88 66
89 13
91 47
92 76
97 84
98 55
26 69
0 59
0 91
1 75
0 9
3 96
6 81
6 58
98 65
4 89
9 21
83 82
36 64
14 85
18 16
18 36
17 6
19 87
20 57
24 51
28 98
28 83
31 9
32 25
31 41
33 89
32 47
39 28
38 97
40 13
44 70
43 84
46 45
48 13
49 29
52 2
52 71
53 75
57 61
62 22
63 48
63 74
62 14
65 31
67 71
71 99
72 10
73 37
72 17
74 83
72 63
81 49
84 27
85 97
88 42
85 56
91 9
95 28
96 8
94 38
96 43
