114
0 5
43 40
3 80
12 32
15 47
17 67
25 24
30 50
33 86
49 83
51 62
7 11
56 24
26 18
66 79
77 58
83 14
91 63
97 2
5 96
50 76
26 75
64 66
85 4
86 57
41 89
19 8
18 79
19 39
18 27
20 17
27 3
35 34
37 53
42 32
43 60
49 46
50 12
34 13
54 31
55 97
57 9
59 47
60 86
62 17
71 32
71 76
72 55
72 92
75 84
78 94
79 63
82 37
82 79
86 16
86 42
94 63
95 48
96 39
96 79
0 0
0 45
0 49
2 58
3 19
3 26
3 87
4 3
6 79
38 83
10 97
9 71
81 86
33 40
11 14
12 25
20 99
24 6
25 55
26 33
30 68
27 26
34 49
36 22
36 45
45 68
46 25
46 57
47 42
49 4
54 69
57 38
57 79
60 9
60 96
61 44
60 61
63 1
64 41
67 19
65 51
67 82
72 28
71 99
74 38
77 7
85 28
85 94
87 47
90 91
91 41
97 6
97 25
97 17
