114
2 85
7 40
44 3
67 85
90 56
22 73
37 38
51 45
64 58
66 4
74 20
84 91
90 29
96 78
0 27
0 60
1 8
10 84
51 10
96 25
96 60
0 94
6 99
39 47
2 17
12 70
18 89
24 27
22 60
24 83
26 43
36 72
43 31
42 58
44 70
30 60
43 51
47 94
50 83
52 24
53 68
54 91
56 38
58 65
69 92
70 56
76 43
77 74
81 76
66 30
82 48
59 44
85 9
95 11
95 42
95 71
1 47
1 63
3 1
4 24
82 64
8 31
7 76
11 37
12 51
10 92
16 65
17 42
18 22
17 97
23 98
25 76
26 53
28 21
26 68
30 1
30 7
29 46
34 22
33 69
35 86
39 7
43 40
45 99
46 61
49 38
52 0
51 97
56 82
57 58
65 11
64 99
65 37
65 52
69 4
70 95
74 22
73 69
73 34
78 3
78 59
82 2
83 24
82 41
83 33
84 55
87 89
88 24
91 36
92 58
96 6
96 88
96 18
98 51
