115
29 27
65 54
34 50
37 8
49 26
90 94
93 72
8 81
10 27
16 62
26 78
18 51
35 78
39 14
43 39
49 82
70 85
75 68
84 33
90 16
53 41
83 96
1 36
4 50
7 16
12 91
15 68
25 43
14 24
19 16
20 37
31 69
39 59
51 31
44 17
48 92
51 5
55 2
61 14
63 97
67 61
68 47
68 77
73 40
78 20
85 54
87 42
88 60
96 33
97 24
0 15
0 84
3 43
3 73
30 10
33 45
6 57
8 98
10 47
11 11
7 64
16 88
18 4
17 76
18 92
19 24
21 58
22 10
22 36
22 80
24 25
25 1
26 63
28 49
33 1
33 36
38 82
38 22
38 50
42 33
42 64
44 45
49 96
49 73
50 66
51 51
52 85
53 11
54 25
59 72
60 0
59 83
61 90
66 17
70 3
74 35
73 71
76 7
74 61
77 88
78 24
76 45
83 10
82 81
84 86
87 67
89 0
88 8
86 25
93 57
93 75
94 52
91 82
97 97
96 3
