113
4 65
51 52
27 52
29 95
87 97
0 91
2 49
16 35
27 24
35 40
44 91
45 28
49 0
53 15
29 13
64 76
59 25
76 85
78 71
89 33
4 13
92 46
6 3
7 46
9 31
13 72
44 42
16 5
0 60
18 59
12 38
20 90
26 81
33 65
34 79
43 84
48 56
51 85
55 94
60 69
61 32
62 42
69 55
74 25
80 22
87 12
87 58
92 80
81 81
95 6
95 24
93 38
95 61
96 92
0 29
0 96
3 93
16 24
59 89
5 66
8 48
36 31
10 78
51 25
10 99
10 62
21 9
20 94
21 49
21 75
20 65
25 3
24 30
25 58
30 17
28 72
34 2
33 45
35 10
35 79
42 3
44 12
44 34
52 0
51 41
55 66
58 2
58 39
57 80
59 16
58 46
62 94
61 62
65 53
65 83
70 0
71 9
70 30
70 69
72 41
73 95
75 48
77 43
77 91
79 57
83 50
87 16
90 99
88 72
96 32
95 70
96 56
98 44
