88
95 35
94 2
27 18
26 94
28 3
37 28
66 26
56 93
95 28
27 59
55 73
36 2
93 73
9 53
84 37
26 83
96 45
54 0
50 26
56 27
83 1
83 26
84 71
92 54
28 9
0 73
9 84
12 91
16 36
15 60
97 22
25 36
25 73
25 48
35 83
47 85
50 94
57 37
59 82
71 14
71 83
82 16
83 57
14 85
90 64
93 7
0 9
0 33
0 57
0 80
2 27
3 94
7 42
13 74
14 26
84 47
16 4
61 28
15 50
17 96
17 41
24 99
24 65
26 50
27 79
28 87
34 23
35 17
37 92
43 51
42 82
44 58
48 40
55 96
57 3
55 88
60 13
60 72
64 90
71 58
72 97
73 36
82 99
82 4
89 17
88 23
94 91
94 36
