117
31 61
38 6
65 26
0 42
6 1
19 36
34 77
40 34
21 41
27 54
38 88
44 10
50 62
61 10
44 42
76 46
88 4
0 90
5 69
55 73
73 24
4 84
5 41
11 18
11 54
10 63
39 71
59 64
8 87
21 67
24 31
26 91
16 50
30 68
41 51
42 20
45 27
53 43
66 57
68 97
70 81
70 87
79 23
56 25
80 76
81 36
82 95
85 51
86 36
90 67
92 22
92 93
91 36
94 74
96 52
0 6
0 32
0 48
2 26
7 8
38 81
90 25
20 52
9 14
9 29
6 47
10 91
11 33
15 81
16 93
14 60
21 3
23 76
25 61
27 3
32 21
32 46
30 52
35 61
37 13
38 55
42 99
43 0
42 91
43 36
43 77
48 2
48 22
46 56
47 28
53 87
53 59
56 92
57 78
61 16
61 63
60 87
66 11
67 29
69 75
68 17
71 52
71 39
73 60
77 66
76 14
80 7
79 51
83 72
86 17
85 40
89 8
93 0
93 82
95 45
94 11
97 66
