103
57 25
9 36
42 56
54 94
82 64
93 36
1 10
2 67
10 52
31 91
33 30
51 34
6 24
45 66
59 53
59 68
67 83
76 49
77 28
90 76
53 88
75 70
95 85
0 51
8 66
15 35
54 47
8 72
0 28
16 52
19 39
20 63
14 25
24 96
27 15
27 52
32 82
34 11
36 4
42 24
42 78
43 2
44 45
49 65
64 51
65 14
73 88
74 38
75 57
80 82
87 45
88 18
88 86
90 25
92 10
96 45
96 51
96 92
0 18
0 92
3 78
22 30
7 92
11 42
10 97
13 10
14 79
17 10
18 56
16 70
27 16
27 70
31 62
35 85
41 10
42 71
43 38
47 99
49 11
45 50
51 31
48 41
56 80
58 14
55 98
58 61
60 33
57 88
62 99
67 3
69 13
70 22
70 77
71 97
73 63
77 13
79 6
78 20
81 87
83 98
84 68
87 72
98 31
