115
87 5
2 83
93 28
11 49
26 65
28 14
30 93
36 77
42 55
44 16
53 73
54 29
57 10
63 83
71 26
94 71
94 12
95 42
0 35
2 11
19 45
69 4
80 22
4 20
4 73
6 89
18 4
20 90
30 29
26 58
34 6
33 71
42 82
45 93
51 52
55 36
55 97
57 69
12 55
59 59
60 4
60 39
60 54
64 99
82 29
69 69
71 84
74 98
74 8
76 47
80 54
78 91
79 73
39 10
40 66
84 62
85 83
84 19
97 56
0 40
97 50
0 87
1 49
91 36
4 62
7 1
7 97
8 24
6 74
50 81
10 18
10 38
13 93
16 76
20 71
24 37
25 46
28 0
28 20
27 66
24 75
31 99
32 50
31 80
37 32
37 36
35 15
42 1
43 40
43 18
41 50
47 0
44 60
50 22
49 14
56 50
58 14
58 90
58 75
59 28
60 24
65 38
68 42
68 78
69 60
71 13
74 0
74 11
82 47
88 6
84 51
88 91
89 21
94 19
99 81
