115
34 42
7 70
13 90
44 60
47 91
87 23
92 90
0 48
25 80
18 98
34 76
47 35
40 97
60 65
66 49
68 33
67 75
72 91
70 55
71 23
80 43
0 22
89 51
2 65
51 85
12 54
14 32
19 3
3 80
17 59
18 93
26 8
27 38
28 63
30 15
31 32
34 83
33 7
13 44
35 38
48 19
46 50
51 35
51 95
56 80
56 99
60 18
73 26
79 83
79 58
83 69
83 44
83 84
87 4
86 58
0 3
0 31
0 13
0 94
1 99
3 85
55 57
6 3
6 21
4 55
7 69
27 85
9 14
11 76
13 19
11 84
17 26
18 73
21 59
26 55
29 71
33 18
31 56
34 67
38 27
38 47
39 12
42 87
40 55
43 72
43 41
47 3
47 58
50 64
48 49
56 78
56 84
65 17
63 56
69 0
68 5
68 98
69 76
71 56
77 11
76 75
75 48
79 98
82 37
86 9
86 93
83 79
88 29
90 69
90 37
92 13
93 94
93 80
97 73
99 87
