109
70 3
14 39
59 42
65 93
84 47
90 5
94 37
7 48
24 22
29 92
32 45
48 58
50 86
65 73
66 18
33 54
82 86
67 62
75 24
87 32
88 88
95 60
0 11
94 15
0 49
5 63
8 91
9 97
11 69
38 91
69 80
80 13
14 45
19 9
28 72
22 88
33 62
37 1
38 71
42 18
47 28
52 35
53 80
64 36
65 88
71 8
78 65
78 32
20 99
81 70
79 95
96 84
0 33
93 6
3 26
0 97
3 76
4 34
1 55
7 5
13 2
13 66
14 35
17 82
21 2
18 30
27 29
31 19
32 86
32 98
35 53
41 32
42 65
45 13
46 3
45 43
47 18
44 73
51 94
50 49
54 26
54 63
55 10
57 99
58 51
59 67
59 16
60 47
61 77
64 47
67 32
66 71
73 46
74 6
74 94
77 21
79 51
81 65
82 73
86 38
88 11
88 99
89 52
88 83
95 61
96 25
95 79
96 18
97 9
