105
38 67
31 19
50 39
54 70
90 93
95 4
9 60
22 98
30 83
31 44
35 87
46 73
49 18
60 6
67 23
74 55
78 85
83 32
93 64
51 23
0 39
95 10
9 9
13 33
96 90
0 55
13 71
15 89
23 4
23 56
17 21
79 96
28 69
35 46
39 0
39 94
40 11
42 91
45 63
47 25
44 51
29 60
53 46
53 95
56 84
65 38
68 64
72 16
72 79
71 65
81 11
67 88
81 90
45 17
86 97
90 24
90 49
90 55
93 38
0 92
3 22
2 30
5 53
6 95
89 4
8 43
12 81
14 56
15 77
22 22
94 17
48 81
23 47
21 83
25 1
24 13
25 74
26 39
29 95
32 33
30 5
32 52
36 85
34 76
58 70
63 15
66 1
64 72
67 97
72 32
74 4
72 69
77 41
73 94
80 54
79 69
82 59
86 70
86 18
87 83
92 45
94 82
97 27
96 62
97 59
