109
11 2
39 58
58 22
61 95
3 99
8 30
13 85
14 43
20 68
23 30
33 45
33 96
39 10
46 31
54 59
61 38
64 9
67 70
35 85
88 83
92 22
47 8
73 67
6 16
0 37
5 84
16 54
18 16
19 98
21 23
21 86
24 60
38 90
1 21
53 15
27 44
28 6
34 62
35 70
8 98
8 38
40 64
41 79
43 16
46 44
46 53
54 44
54 94
55 31
61 83
63 17
68 40
72 28
75 77
78 93
79 55
79 34
78 67
94 30
95 65
97 37
0 54
89 48
0 49
8 76
13 0
15 49
16 63
19 5
19 71
25 46
24 67
26 84
29 11
31 36
31 52
33 24
33 78
37 31
36 55
43 1
44 72
44 26
48 76
50 39
50 86
51 4
56 63
56 99
57 3
65 0
65 87
65 5
67 14
68 82
70 57
74 27
75 1
78 15
80 88
80 20
83 1
86 36
83 63
89 0
89 5
94 84
95 52
95 13
