113
66 42
82 77
1 13
23 29
23 63
28 96
38 67
40 43
44 14
72 89
73 55
76 31
88 15
0 62
3 41
12 93
29 22
15 11
31 85
41 59
74 72
8 31
14 67
16 88
25 44
32 3
31 16
13 24
37 52
42 95
41 35
42 2
46 83
46 38
48 69
52 1
56 24
56 93
56 50
57 80
59 0
57 36
64 17
62 87
65 48
29 75
67 95
70 69
72 4
71 39
74 96
77 38
80 16
83 54
83 83
84 31
84 7
90 56
91 68
92 39
92 47
92 14
95 73
99 5
0 0
1 76
2 60
2 10
4 43
5 73
6 15
7 57
12 39
15 3
14 97
17 59
32 66
18 42
18 25
21 1
21 37
63 35
20 17
24 58
27 14
28 99
29 30
34 30
37 10
39 73
41 28
44 74
46 21
46 53
47 23
50 61
54 70
55 30
62 11
62 64
59 99
67 62
66 81
69 48
74 47
83 75
84 22
83 45
89 92
90 29
94 54
96 76
98 25
