109
84 73
60 55
37 94
42 25
92 33
3 21
3 91
6 6
18 43
24 86
40 69
41 50
42 35
61 74
76 35
44 94
68 67
3 42
92 68
3 98
34 21
22 94
23 39
28 6
27 69
29 52
8 84
7 50
32 35
31 79
33 47
31 88
32 27
38 14
35 56
51 91
51 70
55 9
58 46
57 88
60 5
65 89
65 37
66 51
66 73
69 8
69 97
72 86
75 13
77 29
79 54
78 3
80 47
81 88
83 7
86 82
92 60
94 50
92 7
96 92
97 5
0 64
0 37
2 70
49 30
89 94
1 57
11 28
12 19
10 76
13 98
86 15
38 85
16 21
15 90
17 62
21 47
30 13
29 96
28 42
36 3
35 21
38 18
39 32
41 60
43 99
44 68
47 11
46 36
51 50
54 24
53 81
56 30
58 95
66 25
64 82
69 61
68 47
71 87
75 71
78 21
79 41
78 81
84 1
90 21
91 37
94 54
96 65
99 7
