113
11 11
17 31
6 71
20 45
24 86
15 5
27 58
33 23
47 45
59 35
61 20
74 61
78 13
79 34
33 83
40 28
81 20
81 74
93 66
96 36
0 20
1 87
2 96
26 49
10 30
20 74
21 0
67 33
1 12
3 76
21 32
29 69
24 5
38 85
48 68
48 54
53 13
50 39
54 84
54 22
61 1
62 77
62 9
69 78
31 33
74 85
78 5
83 39
89 1
86 48
89 86
90 15
94 60
94 89
95 75
96 7
95 48
3 48
5 37
4 19
7 57
71 26
10 45
10 90
11 68
72 12
10 23
13 49
16 54
17 82
18 26
19 62
22 40
21 12
24 17
23 77
25 57
29 96
31 4
33 44
36 94
34 61
39 0
38 69
36 38
41 59
42 76
42 44
47 6
54 89
54 27
59 53
56 83
62 60
62 70
63 45
65 52
67 91
68 83
72 0
73 40
80 58
79 96
80 12
85 72
88 33
87 25
88 48
95 16
94 67
96 97
96 81
97 30
