107
33 32
71 94
6 48
2 96
4 4
5 73
15 20
16 38
19 2
33 91
38 48
43 7
53 97
63 55
64 4
45 40
72 79
74 17
78 48
80 34
96 22
1 32
70 60
7 17
49 51
3 25
8 84
7 8
14 60
17 44
16 70
18 26
32 38
26 7
20 52
30 66
33 73
38 66
49 70
51 35
52 74
27 24
60 18
63 28
63 74
64 82
69 3
71 90
75 63
74 30
77 71
81 20
83 53
88 46
88 74
90 3
89 38
94 79
96 92
0 0
53 44
1 63
88 64
38 33
6 90
6 1
8 41
0 15
11 97
12 23
10 31
13 9
18 98
22 79
22 93
21 21
25 85
32 9
32 83
33 97
34 1
35 15
32 42
38 57
36 76
42 95
44 26
52 58
52 21
55 95
53 52
56 68
58 25
60 39
63 11
61 90
65 60
68 46
68 76
74 1
76 97
83 0
94 98
92 11
95 30
97 51
97 25
