114
5 37
24 73
39 80
47 25
4 80
15 47
29 7
19 48
42 66
44 3
57 52
60 8
61 27
64 67
74 77
76 9
89 53
90 5
2 94
4 7
4 56
34 92
49 69
70 33
10 81
11 3
20 34
16 89
20 14
69 13
19 53
26 27
24 79
28 34
32 54
35 2
34 58
39 24
43 80
4 45
30 87
47 55
43 73
52 30
59 85
50 52
59 78
68 51
63 39
73 89
75 65
75 24
76 46
81 4
83 25
84 87
88 31
93 59
94 97
97 27
0 62
0 72
3 99
92 23
5 66
9 14
71 2
11 36
65 19
12 21
11 79
9 43
18 93
19 63
21 64
26 99
28 16
25 57
33 40
33 45
40 40
39 54
41 97
45 11
43 76
47 19
46 92
48 41
47 66
54 28
53 79
55 94
58 57
60 12
69 95
70 81
71 17
77 99
79 49
80 39
82 89
85 69
85 98
85 20
86 45
88 82
89 52
90 73
91 16
88 87
95 0
93 67
94 99
96 75
