113
97 3
8 96
11 4
50 9
51 74
91 91
3 57
4 42
8 79
22 29
23 52
24 10
41 87
60 47
45 65
72 59
54 78
80 7
74 51
85 72
82 91
0 14
83 12
90 75
6 58
11 88
27 40
10 12
21 86
26 6
24 97
29 67
13 32
30 26
27 78
31 4
37 18
38 50
41 30
47 25
48 88
33 56
52 35
58 13
59 70
61 18
65 84
66 67
68 29
69 11
78 45
84 27
86 63
87 17
89 32
92 50
97 82
0 22
0 75
0 84
1 0
28 86
6 71
8 98
8 47
16 13
51 85
12 74
12 54
15 33
11 93
19 27
17 48
20 66
22 20
33 42
33 94
34 73
36 2
35 35
39 12
42 11
39 77
44 55
43 32
46 62
47 40
49 48
47 17
54 2
57 27
57 98
59 62
60 54
60 80
68 25
70 83
72 37
71 78
75 97
77 13
80 37
84 89
87 68
85 46
87 13
90 29
87 83
92 23
94 43
94 75
96 35
98 26
