106
11 11
71 41
15 43
30 10
44 16
85 67
3 62
10 29
10 95
19 62
6 14
21 56
22 79
40 40
43 81
44 65
63 79
66 8
69 58
85 39
23 27
48 49
0 28
4 56
7 76
8 81
23 46
7 47
13 97
13 5
12 55
24 98
36 77
31 31
42 95
49 21
49 62
55 35
52 85
55 42
63 94
63 73
30 59
62 61
64 42
69 1
73 15
76 56
72 75
79 0
79 42
87 12
91 91
91 34
91 51
38 71
93 43
94 83
97 57
0 90
20 40
40 51
66 34
44 29
7 69
9 39
9 49
12 85
14 30
13 60
18 57
22 80
26 88
29 41
35 60
37 9
34 24
37 44
44 57
46 6
46 43
49 68
54 17
54 48
56 75
58 63
60 99
59 87
67 65
67 84
69 48
73 21
73 99
72 62
77 76
78 12
80 91
81 77
80 19
83 53
85 29
87 97
89 65
96 12
95 98
98 23
