106
10 73
30 58
55 67
62 54
75 37
91 40
2 18
18 48
25 13
31 34
36 71
40 22
63 66
60 45
34 61
74 24
90 75
94 10
93 88
0 3
0 50
4 40
4 66
7 26
38 27
64 78
14 43
17 96
18 26
64 49
21 45
44 62
26 91
27 1
11 20
21 56
27 22
33 48
42 92
44 7
47 51
45 25
40 74
51 31
55 15
55 83
55 25
59 63
63 86
63 21
70 92
73 64
72 84
81 56
81 63
84 3
75 96
85 33
89 94
93 45
93 77
93 29
95 54
4 99
4 46
46 69
9 0
5 33
10 68
13 86
13 27
14 40
16 1
21 82
26 35
27 82
28 68
25 52
34 1
36 89
37 49
38 31
40 68
41 99
46 9
46 96
47 41
44 77
51 55
51 75
49 61
59 6
59 31
65 5
69 19
73 4
72 69
75 10
76 51
76 92
81 27
82 12
83 79
87 0
85 54
94 36
