112
4 7
45 58
86 17
2 47
12 73
15 41
17 96
22 12
23 29
30 59
36 94
37 14
92 18
3 59
38 35
22 18
44 92
45 48
35 65
52 97
69 44
71 72
84 95
91 36
0 65
9 0
52 64
16 25
17 68
46 87
30 29
33 80
40 16
50 53
41 78
49 5
35 58
54 19
53 80
57 35
64 88
66 22
67 37
71 91
73 77
79 10
82 56
92 44
92 83
93 76
0 15
0 30
0 96
2 76
3 86
6 49
7 93
41 25
10 64
9 17
12 88
13 36
16 45
18 3
19 42
20 75
20 85
58 88
22 23
23 32
27 88
28 53
28 13
26 43
29 74
30 16
34 73
35 6
37 30
38 99
37 56
45 33
46 19
48 72
51 2
52 16
54 69
58 39
57 74
63 0
65 70
73 58
73 36
74 50
75 18
72 86
76 24
74 68
78 99
82 0
84 61
83 81
85 66
90 29
89 13
93 4
93 41
90 59
93 92
95 50
96 36
94 13
