110
68 64
85 24
1 78
32 95
94 13
3 14
9 52
9 97
30 72
34 52
48 29
49 85
49 21
53 5
52 74
53 38
66 22
76 3
78 47
64 60
76 9
31 63
1 47
2 65
11 29
9 81
17 47
93 22
20 84
25 80
27 47
67 54
4 88
30 12
28 86
19 54
35 43
38 59
38 94
44 57
60 8
55 78
60 87
58 54
33 78
60 74
69 35
71 83
75 91
74 61
81 51
82 92
86 30
92 43
96 18
0 38
3 59
4 16
5 8
5 22
6 64
44 44
7 87
11 2
84 21
11 95
15 71
66 76
16 12
13 86
20 26
20 33
19 95
23 3
22 74
26 92
31 6
36 36
41 30
44 87
43 23
47 8
45 66
46 92
53 2
52 11
50 27
57 93
59 40
59 25
62 99
64 29
67 0
68 97
70 16
66 69
76 79
78 65
78 54
81 85
83 56
86 96
84 11
89 38
95 0
92 98
95 74
94 38
96 64
96 29
