112
8 44
20 22
27 50
91 2
11 37
25 84
29 33
37 61
39 85
47 32
53 74
56 47
58 16
61 90
15 10
65 42
79 29
94 43
3 0
3 82
67 94
3 89
6 16
35 31
44 78
49 21
10 1
13 65
13 55
12 30
19 78
24 99
24 93
22 69
24 11
30 54
34 78
38 9
40 64
41 2
42 39
44 88
47 7
47 47
48 96
16 32
52 56
56 99
58 61
59 76
74 75
83 33
87 67
88 56
89 18
90 85
97 85
0 14
0 41
0 71
3 50
60 53
28 74
29 23
7 70
6 9
10 99
49 79
9 23
13 93
17 83
21 50
23 36
25 11
25 56
29 38
54 64
28 65
31 86
32 97
32 47
36 93
39 25
39 59
51 2
53 30
56 34
58 23
58 79
63 16
61 33
66 2
67 58
69 21
72 93
75 65
74 39
79 8
81 1
76 98
81 12
83 15
83 26
91 66
92 81
94 47
93 95
95 0
95 7
96 32
97 51
99 65
