114
12 50
19 77
27 96
40 90
80 0
86 26
91 57
11 11
3 50
18 63
39 68
50 39
57 56
65 82
70 14
82 80
95 95
90 7
93 50
0 83
5 25
93 74
0 58
8 3
7 80
19 55
74 76
93 15
9 45
14 82
20 31
22 20
26 8
26 41
30 67
36 37
44 66
44 76
46 12
46 90
51 43
52 9
55 14
66 28
72 36
74 93
88 66
90 40
95 1
0 11
0 29
0 65
67 73
0 80
4 62
5 32
4 15
16 41
7 65
8 23
6 51
9 95
9 76
10 88
10 65
16 3
18 13
19 96
21 27
21 67
23 46
21 86
24 60
27 10
26 51
32 7
31 86
31 22
30 42
33 97
34 12
34 56
39 26
39 0
40 42
40 57
39 83
45 21
49 46
50 97
47 4
53 77
57 60
55 53
61 99
60 86
63 21
64 7
63 47
63 90
69 0
73 79
75 29
78 4
79 94
80 63
78 36
82 53
86 29
86 60
91 25
95 86
96 16
97 70
