109
65 64
58 36
91 43
95 80
6 87
10 63
16 39
20 84
24 24
30 5
36 33
39 82
65 84
73 24
74 47
87 97
24 81
51 31
75 63
0 75
1 93
7 42
78 37
10 26
3 66
13 4
14 55
18 13
17 54
14 34
20 68
21 41
20 27
25 95
36 63
36 5
38 59
43 45
35 98
48 86
47 63
50 38
53 92
55 22
59 48
58 94
64 51
66 78
66 95
24 51
69 15
73 31
77 94
81 10
83 18
87 57
89 34
92 10
0 25
0 35
1 2
1 16
2 50
71 51
2 57
69 37
5 98
6 78
21 61
7 90
8 20
4 34
10 52
15 3
15 98
17 0
18 19
26 42
28 14
28 30
41 20
41 68
42 6
41 36
43 93
47 22
46 54
55 29
54 45
59 8
59 71
63 1
66 84
67 47
72 65
73 1
72 77
79 79
80 26
82 4
81 46
86 63
86 72
88 48
90 16
93 94
94 84
96 33
97 36
