113
48 48
18 96
82 40
82 98
2 8
15 69
29 10
6 6
38 28
38 10
39 89
40 36
49 87
51 17
49 34
51 97
67 32
68 2
74 62
77 87
78 70
82 5
82 23
91 21
4 71
5 97
12 22
22 34
21 79
26 44
25 71
26 79
31 18
33 58
35 64
32 44
33 87
48 70
35 1
56 4
55 43
60 64
61 18
63 97
67 92
69 52
69 25
73 9
71 74
75 20
76 55
86 70
87 57
91 62
94 73
95 54
0 0
0 15
0 62
0 77
0 92
6 45
6 78
46 42
11 59
9 11
13 53
13 86
19 93
20 7
27 1
27 19
26 34
31 33
33 49
39 72
42 1
45 15
47 59
49 0
48 14
51 93
51 83
49 39
54 20
57 35
58 72
58 84
59 11
64 8
70 41
72 83
76 47
74 69
80 89
80 14
81 29
80 83
79 62
87 0
85 43
88 14
90 28
90 93
91 5
91 51
91 84
92 68
95 94
97 3
96 19
95 12
99 68
