107
21 59
78 49
84 63
12 81
19 11
22 97
36 51
40 34
42 76
20 53
59 58
66 36
65 55
67 7
73 6
76 76
86 33
94 76
95 52
1 46
0 86
4 58
27 66
3 93
7 29
45 45
13 18
9 99
7 42
8 62
15 28
67 67
15 67
18 81
20 1
20 35
23 6
24 50
27 25
28 13
29 29
34 97
31 70
38 48
41 5
46 71
38 86
46 78
50 50
53 13
57 87
59 12
61 86
67 96
68 81
66 47
60 4
69 61
75 19
74 42
31 48
79 53
81 92
90 18
88 95
1 1
3 8
2 77
1 35
53 69
9 73
13 99
15 36
22 64
23 72
32 18
28 79
37 73
42 17
39 58
49 95
49 22
51 32
52 99
50 4
58 83
60 26
58 98
68 33
68 16
70 1
71 82
72 12
73 34
73 54
78 26
79 67
83 81
85 18
88 67
88 48
91 39
92 24
93 83
93 15
92 33
97 47
