164
32 97
96 61
0 18
9 50
14 21
21 42
25 27
16 46
5 14
30 54
31 40
33 76
46 96
49 33
53 7
54 82
62 61
70 5
74 49
74 69
78 65
83 84
86 41
88 55
48 87
85 70
96 26
0 0
90 30
0 4
0 25
0 33
0 40
0 55
0 67
0 74
0 82
0 89
27 35
5 0
0 15
5 91
5 56
5 35
5 84
5 63
6 5
6 40
6 77
6 20
8 30
14 1
14 5
14 56
14 64
14 79
14 83
15 16
14 36
21 98
21 0
21 70
21 21
21 91
21 63
22 5
21 84
22 56
22 77
23 16
24 46
29 0
29 21
30 5
29 70
30 29
30 49
30 82
30 12
29 63
32 32
37 98
38 0
37 77
37 14
38 19
37 49
38 34
38 61
37 91
39 5
38 68
40 44
45 63
45 0
45 21
46 26
45 49
46 5
46 68
45 42
47 77
48 16
53 98
53 63
53 35
53 91
54 29
54 49
54 54
54 75
54 19
55 68
56 39
61 0
62 5
62 20
61 91
62 26
62 41
61 56
61 84
62 14
62 70
63 34
62 77
64 51
69 98
69 91
69 21
70 35
70 77
70 40
70 12
73 83
78 0
77 98
78 26
77 42
77 14
78 54
77 91
78 47
79 33
86 1
86 12
85 98
85 91
86 61
86 84
86 19
88 33
94 0
93 98
94 5
93 56
93 77
93 14
94 40
94 47
94 82
94 93
94 20
93 35
