108
52 32
83 34
14 18
22 38
22 95
64 21
72 63
9 68
21 5
33 64
33 96
43 10
47 47
55 76
11 27
44 61
55 48
66 76
82 92
67 56
90 47
93 23
92 97
2 59
35 88
1 26
5 52
10 71
11 48
91 32
38 96
16 53
23 80
23 74
24 54
55 40
10 20
26 22
31 4
21 89
37 60
55 91
45 2
60 69
70 42
66 30
83 74
81 63
88 18
89 89
96 48
96 94
72 27
97 62
96 40
0 79
0 83
1 7
0 16
2 0
17 67
4 91
97 86
61 49
74 71
2 62
5 85
6 38
86 42
9 13
11 65
15 39
15 50
14 73
23 7
24 39
29 59
30 32
30 78
32 22
34 50
35 7
38 35
42 77
43 21
39 92
49 5
52 67
56 1
53 15
56 30
58 62
59 96
60 14
63 1
61 55
64 91
65 41
67 18
67 62
75 91
79 42
84 1
82 51
91 9
91 73
92 17
99 48
