112
69 91
10 60
19 47
23 80
57 49
68 65
1 93
10 71
27 12
38 52
42 5
20 90
47 79
61 6
63 33
77 19
79 80
80 3
88 91
89 68
41 60
43 17
0 82
4 11
11 3
13 46
13 18
17 96
68 76
1 64
17 40
20 14
85 78
26 83
29 25
28 49
31 99
30 35
32 4
37 74
39 38
47 33
51 73
28 77
59 87
61 58
66 16
74 36
40 34
79 96
85 1
83 42
84 12
88 49
89 40
94 91
96 25
0 78
95 69
0 57
2 26
3 46
4 95
57 79
5 36
6 87
77 89
5 54
11 67
16 25
14 74
18 1
18 61
15 85
24 2
22 21
26 66
22 90
28 59
30 9
33 42
34 91
32 65
40 85
42 52
42 43
47 98
49 93
50 60
50 40
54 99
57 43
56 53
60 24
62 72
62 49
71 37
74 51
75 65
76 26
78 50
82 64
85 12
85 34
86 6
86 56
90 26
92 87
92 19
95 57
92 40
99 50
