107
79 90
0 91
27 94
28 30
39 68
45 29
75 66
19 15
31 7
40 85
52 49
60 65
61 17
61 92
64 41
85 37
92 7
96 80
0 47
4 67
30 40
33 62
6 21
4 97
8 74
12 39
14 45
16 86
12 12
19 65
38 55
17 30
51 62
22 3
17 93
24 35
26 81
40 19
40 12
41 97
45 90
48 11
57 30
58 74
61 23
61 47
62 87
72 47
75 6
83 56
88 71
89 16
93 1
96 9
96 86
1 12
3 41
39 48
29 21
8 83
13 60
13 53
35 74
13 69
12 23
23 72
23 21
29 2
26 63
31 88
33 13
34 62
33 82
36 27
47 32
47 54
45 71
50 1
49 81
51 15
52 95
58 96
59 78
66 9
65 43
64 82
67 33
71 57
73 73
73 83
72 38
76 23
76 19
76 97
76 52
79 60
83 88
85 38
81 81
86 46
88 60
92 23
93 46
92 54
94 98
97 71
98 61
