110
74 58
83 25
3 19
25 95
47 45
89 12
2 63
3 97
34 82
38 10
47 67
56 18
59 37
63 91
65 2
78 97
87 71
98 80
1 2
8 45
8 80
38 41
41 89
44 3
8 26
12 64
15 50
17 80
16 33
1 52
19 71
21 32
29 52
30 14
28 70
42 59
46 22
46 53
55 73
57 63
62 34
61 54
65 75
67 53
68 81
71 8
71 23
73 17
76 64
47 36
81 79
81 62
86 33
89 82
92 33
97 47
96 6
98 16
1 67
7 92
70 48
60 28
8 69
52 46
11 99
12 24
11 77
14 8
19 11
18 49
20 25
19 46
27 85
25 47
30 29
32 60
31 93
33 24
32 38
36 0
33 48
39 96
41 86
39 42
51 70
55 9
53 87
53 54
60 81
61 18
61 59
64 39
61 42
68 16
68 31
71 0
72 90
72 73
72 44
74 79
77 45
75 52
80 71
82 92
84 1
82 85
87 18
87 25
94 99
94 72
