110
70 71
12 86
43 0
79 53
92 83
1 25
13 47
31 53
35 90
38 66
71 81
22 42
38 50
63 7
69 22
46 11
86 34
89 27
1 4
2 96
89 92
10 4
10 20
66 86
3 46
10 92
79 42
11 30
17 67
24 77
21 20
30 38
35 98
33 5
19 81
38 84
77 81
41 76
49 54
49 88
52 17
60 39
56 64
62 24
54 78
67 65
68 3
60 91
71 24
38 9
74 52
29 65
74 87
78 94
82 9
80 59
83 51
86 79
94 60
0 61
0 69
95 23
0 39
0 18
4 75
6 65
4 36
5 85
10 59
18 27
18 73
24 13
22 34
26 56
26 85
34 52
32 71
37 32
35 1
38 20
42 37
40 70
44 62
48 32
50 40
50 23
51 54
68 77
52 65
55 31
62 50
63 36
60 78
70 6
68 10
74 27
73 33
78 66
80 39
79 73
81 96
82 79
87 59
87 65
89 4
88 90
93 46
95 17
95 97
96 82
