111
14 28
7 10
20 4
40 21
57 97
61 63
2 78
5 59
8 73
49 53
60 37
75 64
77 46
79 17
82 91
39 10
93 21
81 41
86 97
9 51
16 90
16 96
42 30
27 1
87 82
31 96
17 72
32 75
54 65
34 54
3 21
35 87
7 6
39 4
41 46
51 22
40 92
42 38
31 18
0 65
45 15
47 73
47 95
61 20
66 48
68 17
71 96
71 32
54 89
80 10
79 84
85 66
91 31
90 58
95 43
95 65
95 97
97 14
0 45
61 52
0 93
1 51
3 37
4 81
7 99
8 24
77 30
86 51
91 70
10 40
15 54
15 45
14 66
18 27
17 13
22 41
21 96
21 12
27 37
25 85
31 2
39 60
43 74
45 0
45 17
47 60
50 39
50 97
50 8
49 25
56 71
57 41
59 11
63 91
65 77
65 10
66 72
65 60
72 24
72 54
73 74
74 38
77 0
77 68
83 88
84 24
88 35
94 0
94 51
94 77
92 91
