100
22 68
38 60
54 27
71 60
76 24
21 31
55 70
63 38
73 78
26 79
23 5
28 35
36 20
39 46
74 15
78 61
33 59
66 44
60 63
20 58
68 24
88 49
1 70
7 29
81 75
11 18
77 30
17 74
19 21
27 7
19 39
26 75
65 64
31 27
33 50
35 74
39 23
40 88
40 57
42 17
16 25
52 65
57 49
58 32
62 16
58 56
45 62
68 29
30 68
70 69
82 23
82 82
97 52
0 0
4 53
4 98
4 72
9 77
84 36
87 18
10 36
10 68
18 52
18 80
65 53
21 60
24 93
23 89
24 45
26 21
32 9
31 42
33 82
35 34
36 64
42 36
43 93
46 5
45 38
45 15
48 76
49 56
52 75
61 2
58 78
59 23
62 37
63 74
65 83
67 44
69 41
68 58
70 88
73 26
76 55
77 15
78 73
82 47
85 58
87 72
