112
2 44
14 86
16 29
39 79
60 8
61 49
94 31
11 55
8 97
40 7
44 57
53 83
57 27
69 86
27 79
62 2
79 9
79 56
73 79
85 69
89 55
2 68
90 7
5 42
43 78
47 6
4 78
63 89
14 53
11 72
17 42
25 68
27 47
29 33
31 5
32 93
36 58
38 34
43 28
46 94
46 36
20 83
51 28
55 47
61 22
55 89
62 31
3 53
75 17
75 25
76 72
80 90
80 19
84 40
85 94
86 48
0 13
97 14
0 32
0 82
2 98
6 19
6 26
80 63
8 67
13 89
15 1
17 18
16 39
18 58
19 43
20 4
22 99
21 24
23 64
27 70
29 16
28 88
33 97
61 79
35 22
35 82
38 18
46 51
45 65
47 59
49 20
52 67
54 14
54 19
56 61
59 42
60 97
63 64
59 84
66 38
67 45
67 72
68 95
72 58
80 34
81 12
84 85
83 78
86 56
87 96
89 79
94 23
93 57
97 42
97 77
97 57
