112
43 21
6 9
12 73
45 76
67 54
92 47
0 60
5 26
18 57
22 29
32 60
16 71
59 86
71 72
73 6
81 29
52 70
93 8
96 31
65 44
78 78
85 44
13 88
13 2
82 13
0 19
18 16
20 89
64 61
17 66
24 44
27 3
27 11
31 68
31 25
25 79
36 82
33 16
38 33
41 9
45 95
46 57
48 50
49 92
50 8
58 22
55 46
55 99
61 8
66 3
67 98
69 19
73 57
73 84
37 69
77 24
78 94
91 87
97 41
0 32
0 90
0 96
0 3
2 85
4 64
52 81
76 65
5 74
6 97
7 16
8 55
60 51
8 23
12 41
13 7
13 26
11 59
14 12
18 96
19 24
24 98
25 39
25 60
27 18
33 39
34 90
34 53
34 75
40 40
46 7
48 22
54 36
53 64
59 77
61 30
63 84
66 10
66 77
71 40
78 51
75 14
80 86
83 18
85 69
84 48
86 75
85 24
91 57
92 23
95 73
95 26
96 65
