114
82 6
5 76
37 9
55 64
57 18
70 79
9 5
14 30
14 95
38 69
41 49
47 28
49 94
45 2
53 37
64 26
83 86
70 3
2 51
5 22
82 15
9 59
16 75
18 45
24 54
24 83
27 10
30 25
31 39
5 87
49 19
41 15
41 97
43 73
59 46
61 97
69 29
69 34
70 43
50 91
70 10
73 58
12 47
76 21
77 66
78 81
83 53
80 94
85 0
83 71
89 27
89 66
90 36
92 85
95 17
92 74
0 37
0 14
0 55
0 71
1 3
0 30
43 19
6 17
6 79
5 44
9 62
10 2
14 66
14 87
15 5
15 24
18 16
19 30
18 93
19 73
22 47
25 99
27 16
32 85
38 65
38 29
40 35
45 5
47 57
47 48
51 58
58 23
52 42
53 14
59 8
61 61
63 47
66 66
67 15
67 98
72 1
69 73
74 28
81 46
81 41
79 80
85 10
84 57
86 93
88 24
91 2
87 7
94 99
95 40
96 23
95 75
94 32
99 11
