109
20 26
30 63
44 62
48 48
53 16
89 80
0 40
0 56
11 2
36 91
38 24
54 30
58 88
10 28
43 70
70 53
73 38
77 90
47 5
79 40
96 12
1 94
0 65
1 19
2 73
12 42
15 91
16 76
16 41
19 3
46 84
61 33
23 92
26 41
32 58
39 10
42 32
44 49
25 87
45 41
50 20
55 62
57 94
54 6
58 70
64 5
68 33
58 56
71 5
47 90
79 9
81 92
84 59
88 6
89 34
94 39
94 69
0 6
0 47
0 81
3 23
69 45
6 72
8 10
8 78
8 86
6 33
16 98
15 12
17 46
16 8
20 27
23 10
31 74
32 4
30 91
32 28
33 99
35 60
38 76
38 49
41 1
43 75
45 10
45 50
46 61
54 23
52 37
57 33
58 16
59 7
59 47
67 19
72 97
72 17
74 24
74 46
76 69
75 62
78 83
78 0
80 25
81 54
83 35
87 97
85 82
92 15
91 75
95 93
