109
66 57
87 48
6 14
29 4
40 84
44 23
63 84
64 15
1 56
6 37
8 69
10 87
33 67
35 34
43 49
72 43
75 2
85 91
71 20
89 74
82 5
4 0
91 71
5 65
15 49
15 94
42 32
21 48
21 80
23 37
29 87
33 97
31 49
26 29
37 77
41 70
43 6
52 61
50 47
58 60
68 94
70 76
71 80
72 34
77 38
76 71
78 55
81 31
85 17
87 39
92 60
95 34
96 51
69 9
97 58
0 47
0 70
0 86
9 0
9 38
8 65
18 87
12 15
35 41
13 6
10 43
14 66
14 35
13 79
17 56
24 7
24 18
24 62
27 72
31 81
35 3
36 9
37 62
37 26
34 87
42 40
47 87
48 9
51 24
53 23
54 93
54 67
53 12
57 4
63 36
61 74
67 24
72 52
74 62
74 90
76 23
76 77
78 10
79 85
78 47
83 1
85 23
88 8
89 96
90 31
93 88
97 0
96 81
97 38
