108
63 8
89 51
6 62
29 81
41 90
48 32
64 91
68 25
0 6
18 42
21 20
31 35
37 65
5 74
11 5
49 26
53 49
49 85
69 56
69 31
75 74
86 76
63 44
0 11
2 22
6 27
10 41
12 69
14 61
40 32
16 84
21 28
21 80
30 9
34 51
35 77
34 86
39 6
49 75
42 13
48 96
38 42
12 22
54 36
58 15
55 64
61 0
74 17
77 39
77 51
80 71
84 5
94 18
97 70
0 58
60 22
0 66
3 52
3 90
4 2
5 48
69 46
7 36
29 31
6 8
13 96
15 38
13 49
20 97
20 64
24 56
24 71
26 23
28 5
30 57
29 90
35 15
36 98
35 30
40 58
40 22
45 5
44 66
48 65
47 40
50 1
51 72
51 18
56 79
65 14
70 64
76 88
78 57
84 3
84 30
82 14
86 56
87 94
87 61
92 28
91 3
94 43
94 97
95 35
94 84
96 8
96 50
93 57
