113
16 77
48 80
40 12
82 75
12 92
15 52
25 27
32 59
34 43
37 74
55 4
56 96
57 34
68 20
70 55
83 61
0 16
0 35
2 62
45 21
4 1
58 42
72 13
3 78
6 44
13 8
8 58
16 71
21 96
23 48
65 32
10 74
25 73
28 43
35 59
39 99
41 58
42 8
16 61
45 52
42 69
48 11
50 88
49 41
56 54
59 95
51 23
63 39
64 66
69 88
71 27
80 97
83 48
86 18
87 81
90 67
91 34
96 37
72 48
0 53
1 20
0 69
2 84
5 6
5 26
8 33
20 84
46 61
11 88
14 13
13 63
18 32
18 20
17 93
17 44
22 36
23 57
26 87
31 3
29 29
31 94
30 83
34 86
34 66
39 22
40 97
40 0
43 31
42 46
50 0
47 75
53 66
56 72
59 19
59 11
63 80
69 0
68 63
70 70
73 34
77 76
77 40
82 10
82 19
83 98
84 67
89 48
90 63
91 38
96 0
94 95
96 15
94 30
