112
58 45
3 18
38 4
43 43
63 21
64 79
79 75
10 75
12 61
29 46
87 72
32 31
33 63
39 91
5 14
20 74
28 4
47 59
44 29
80 56
86 30
56 82
57 36
11 47
14 93
96 30
60 67
0 4
16 4
15 52
20 86
23 18
35 56
20 48
25 67
30 37
45 22
46 4
46 78
34 70
46 89
44 50
49 18
49 53
52 32
26 77
58 53
67 62
70 84
73 98
66 37
74 64
84 93
85 61
90 44
0 90
98 49
1 57
0 79
2 64
7 8
8 21
9 27
35 30
12 43
67 51
10 68
16 24
16 81
20 36
17 67
21 97
21 10
26 53
27 61
30 76
29 48
34 87
35 21
34 40
39 35
45 71
47 34
48 97
51 2
50 14
50 63
51 48
53 36
58 97
59 2
58 16
60 88
61 72
67 23
70 6
68 13
71 33
74 9
74 89
78 23
80 38
84 19
84 47
88 10
89 92
86 37
93 81
91 16
90 99
97 21
97 39
