110
3 3
1 17
1 32
1 47
1 62
1 77
1 92
2 10
2 40
2 70
2 85
2 25
2 55
5 92
5 17
8 3
5 47
5 62
5 32
5 77
10 28
10 58
10 88
10 43
12 95
13 3
10 73
15 12
15 33
15 48
15 63
15 78
18 25
18 55
18 85
18 3
20 17
20 47
18 70
20 92
20 32
23 3
20 62
25 12
25 22
25 38
23 80
25 47
25 88
25 68
27 95
28 3
28 55
30 17
30 33
30 63
30 72
32 25
32 40
32 80
33 3
33 10
32 90
33 50
35 57
35 32
35 72
37 20
37 95
38 3
37 85
40 12
40 27
40 43
40 52
40 67
42 90
43 3
43 60
42 80
45 18
45 33
45 42
45 67
45 52
42 75
7 10
10 17
8 48
8 78
8 33
8 63
12 90
18 40
15 18
18 8
19 73
23 31
24 61
24 76
28 86
30 48
34 14
34 65
35 48
39 34
42 95
43 26
44 12
46 83
