112
1 51
21 32
53 45
77 30
21 17
0 31
5 56
12 87
21 51
63 72
66 91
67 44
20 9
20 85
82 95
81 31
67 82
86 41
90 13
89 88
0 76
95 4
6 70
7 41
9 14
10 55
9 96
85 31
6 81
19 57
24 36
34 69
35 24
38 97
42 81
48 65
49 16
45 36
24 2
55 26
56 46
56 14
69 3
71 14
68 97
72 2
83 77
86 16
91 95
64 29
93 68
96 32
0 5
18 93
53 40
2 4
0 44
15 20
2 65
4 50
9 3
13 38
10 72
20 65
21 87
23 41
24 75
25 7
25 10
25 56
25 31
26 92
23 24
29 37
31 18
33 59
32 76
35 50
35 91
36 83
38 48
37 18
41 8
41 67
44 84
45 14
48 74
50 93
50 68
54 54
54 97
52 82
56 23
59 32
67 69
67 34
69 86
69 29
73 61
75 46
75 99
78 19
78 34
78 55
82 72
83 85
88 52
91 44
92 31
97 7
97 75
98 18
