111
5 76
65 32
92 70
0 50
20 25
27 75
38 19
39 58
43 89
47 70
51 10
53 24
73 20
85 5
85 56
87 32
0 17
0 90
2 36
61 12
83 71
93 7
5 15
5 65
10 37
1 81
13 1
13 51
14 95
15 29
19 79
20 56
21 63
21 42
23 11
24 17
27 55
31 7
29 25
34 51
9 82
34 95
35 80
36 66
46 95
47 57
51 27
51 76
55 97
58 85
56 71
61 52
65 56
78 8
60 2
78 15
84 90
86 41
82 83
90 51
92 73
98 49
0 54
6 30
7 67
13 89
32 11
40 73
12 74
16 96
21 39
22 1
20 73
24 93
27 82
26 65
32 20
32 72
35 35
36 46
35 96
34 27
43 1
42 10
50 43
49 38
52 52
60 26
60 64
64 40
66 17
68 80
69 34
68 14
73 97
71 62
73 44
76 67
75 50
77 29
74 18
85 65
88 99
87 11
95 16
95 45
94 83
94 68
96 29
96 5
95 66
