105
28 69
54 58
4 4
16 42
49 44
70 36
77 49
85 1
0 98
4 84
31 48
57 97
2 12
14 34
16 86
32 55
67 87
52 38
58 55
71 21
72 73
86 15
91 45
5 51
75 97
63 33
68 81
13 10
9 92
30 93
33 14
34 73
37 34
23 88
42 25
42 70
46 79
37 50
54 14
58 19
53 84
56 67
64 14
66 95
73 64
75 7
75 35
78 15
89 93
90 69
95 83
96 5
97 97
0 27
0 0
5 68
6 99
7 18
10 78
11 58
51 52
10 0
59 92
82 26
14 94
18 0
19 66
20 10
21 72
23 51
27 4
31 28
31 99
31 10
31 83
34 66
36 57
38 35
40 90
42 6
42 50
46 28
45 64
49 2
48 97
48 71
55 31
62 17
66 0
66 67
68 53
68 39
66 32
70 10
70 46
77 76
78 58
82 48
82 91
84 34
83 52
92 29
90 6
91 89
95 20
