111
5 40
5 59
13 85
69 77
72 36
82 91
93 64
96 22
14 28
20 55
28 76
31 29
32 90
44 62
50 80
51 35
66 13
82 14
96 49
2 94
87 94
7 4
2 57
6 98
0 84
12 76
15 50
27 11
23 71
88 83
28 67
32 82
36 22
37 16
34 62
39 86
48 48
54 86
58 4
58 92
68 56
72 11
74 40
76 63
76 30
81 47
61 75
14 98
80 33
90 5
91 75
90 29
96 13
0 47
0 76
3 73
5 27
76 89
39 76
5 80
11 8
11 18
10 58
14 38
14 91
16 45
14 68
19 12
32 72
20 85
20 60
17 77
23 26
24 33
24 94
30 3
30 49
31 38
39 22
38 59
45 3
45 41
45 20
51 9
52 70
53 23
54 55
57 37
59 92
60 56
59 47
63 1
66 63
67 21
67 0
64 81
73 46
77 74
78 66
76 40
82 17
87 64
86 20
90 35
90 91
96 4
94 37
95 58
96 89
95 66
97 29
