106
24 67
89 85
8 97
9 66
22 38
34 8
49 49
62 13
74 33
86 25
9 47
9 74
25 27
34 69
60 51
89 61
69 15
73 44
94 90
0 60
80 15
4 8
18 58
10 11
12 91
14 50
1 71
17 24
22 9
18 77
26 94
28 45
28 87
34 48
37 19
37 85
39 5
42 46
45 28
48 10
48 94
50 96
55 3
56 80
19 32
53 21
62 69
60 40
61 24
78 76
77 64
83 92
88 76
89 19
95 59
95 13
97 31
0 34
3 52
71 10
5 22
3 77
12 6
14 89
24 52
17 97
73 26
15 51
19 72
21 20
23 73
26 13
25 19
32 96
36 39
38 53
41 72
39 64
41 1
41 11
48 30
51 82
53 63
53 98
52 47
55 70
53 90
54 17
59 34
58 60
63 2
62 95
64 88
69 69
70 61
77 0
77 94
81 79
83 51
82 29
84 65
90 4
87 39
92 1
92 39
98 96
