106
42 22
42 96
53 86
57 60
94 3
0 75
6 33
7 60
12 46
23 72
25 94
28 10
45 6
59 99
68 71
70 22
80 47
85 95
94 74
1 95
2 15
49 51
52 25
82 20
5 6
7 81
17 20
22 35
22 58
25 77
27 99
13 62
31 24
35 46
36 80
39 56
38 27
42 11
46 36
47 82
51 68
52 33
54 51
60 6
62 44
61 88
65 39
67 3
33 96
71 52
72 26
76 72
76 40
79 57
86 25
88 81
91 8
89 46
93 55
98 17
0 29
99 57
0 0
1 56
5 97
8 78
36 71
62 79
9 64
10 11
11 48
13 86
14 76
17 15
15 93
19 43
18 53
24 17
26 56
32 50
31 64
42 10
39 36
44 96
45 0
45 25
47 7
52 21
56 93
57 56
56 23
59 28
61 37
63 64
65 15
67 58
71 1
72 78
72 17
76 95
78 77
79 33
85 43
91 23
94 43
99 35
