112
9 63
11 82
50 16
52 44
86 18
86 42
4 33
18 31
26 84
41 73
44 96
8 43
65 26
77 57
21 67
25 28
44 45
49 87
94 90
93 33
94 49
9 96
52 75
79 45
20 86
21 45
9 73
21 36
24 59
32 14
36 27
35 84
46 9
44 53
49 1
50 92
49 50
56 29
58 12
60 97
62 64
64 71
64 13
65 54
65 90
71 75
73 35
76 21
79 95
80 71
79 63
94 4
0 8
98 14
0 23
0 52
1 88
1 38
85 27
2 50
7 0
9 19
41 18
11 23
84 54
15 39
14 0
14 14
13 92
13 29
16 55
18 6
16 77
20 22
25 52
29 66
33 98
34 88
40 32
41 75
47 68
49 35
49 78
50 24
57 1
56 91
55 54
56 19
60 37
60 26
63 76
64 93
68 10
69 48
71 0
70 27
72 15
75 4
75 89
74 49
78 14
79 99
85 1
89 82
88 96
93 56
94 76
94 42
95 65
96 0
96 95
97 35
