110
56 59
25 14
54 75
69 36
94 13
1 24
1 71
21 60
30 71
77 35
28 5
28 13
36 52
36 90
48 44
55 23
39 60
57 37
61 13
64 22
95 87
97 68
0 77
5 63
7 52
37 16
5 71
16 32
22 19
27 46
29 65
35 34
36 97
39 32
42 83
42 46
44 22
45 63
63 82
49 97
66 5
56 48
67 96
69 1
69 29
72 93
75 2
73 21
79 75
83 66
89 5
96 29
78 18
97 17
0 6
0 34
0 92
0 15
3 85
5 1
8 89
8 17
17 88
18 3
19 80
19 27
89 16
19 4
24 66
23 89
26 51
29 80
30 46
30 75
28 60
34 10
33 37
39 69
42 54
44 74
47 4
49 82
51 13
51 68
54 38
55 96
55 89
59 67
62 57
62 36
67 15
70 53
70 87
70 30
71 8
77 54
77 79
76 96
78 40
81 93
81 41
79 26
86 55
87 80
89 90
89 27
92 2
94 63
93 22
97 39
