107
42 44
47 68
61 58
73 67
95 35
1 29
3 43
11 17
18 72
25 46
42 24
46 91
48 3
68 88
9 48
20 63
38 62
71 97
80 19
0 68
1 94
7 84
55 65
64 77
2 59
7 38
14 32
47 61
76 80
10 63
17 3
17 39
24 97
25 23
28 51
29 81
31 93
35 78
38 0
53 4
55 33
31 41
26 76
59 83
62 43
63 0
66 62
72 32
70 46
74 87
81 36
80 29
87 74
82 47
88 22
89 79
89 40
90 93
94 26
97 77
0 0
0 6
0 23
0 51
4 73
8 80
36 87
31 66
55 74
9 56
15 13
17 50
22 32
21 86
26 4
26 14
28 48
35 26
34 34
38 16
36 55
48 42
50 24
49 79
50 92
51 56
56 18
55 2
61 25
60 92
63 14
63 31
61 66
66 8
63 86
69 63
69 81
75 65
73 98
74 42
85 4
85 58
91 7
88 54
92 96
95 40
98 51
