111
7 75
29 70
59 66
94 72
2 93
10 11
15 33
26 85
28 19
35 56
8 96
37 30
39 9
36 83
60 29
69 13
54 75
84 57
86 93
68 30
79 12
87 71
91 41
0 12
0 73
73 27
88 81
5 49
5 4
6 86
8 27
18 56
18 48
20 66
18 85
29 5
30 26
30 50
22 24
44 45
45 12
50 60
50 84
51 26
60 50
65 98
44 37
31 65
74 54
74 3
90 6
80 47
91 13
12 72
90 62
93 34
0 46
0 88
4 12
5 43
4 65
67 21
8 25
8 58
13 79
16 27
16 13
19 80
21 33
27 99
27 10
29 20
28 74
31 89
32 0
31 57
34 5
37 51
37 82
38 98
40 60
44 97
45 18
45 35
45 76
45 51
48 7
51 48
55 81
54 15
63 64
63 40
64 80
66 94
66 1
68 55
69 82
72 72
74 33
70 60
80 40
82 19
87 24
88 55
91 86
94 94
95 41
96 7
96 20
96 67
96 82
