108
17 96
50 53
1 59
31 8
76 86
89 76
1 42
13 34
16 4
22 65
24 43
36 24
36 68
60 61
32 46
39 10
54 39
59 25
87 32
88 51
96 12
43 28
60 19
91 28
1 73
87 85
4 35
13 95
15 75
8 55
18 20
18 45
19 92
24 6
27 67
30 37
91 20
33 17
43 93
51 73
51 81
36 78
58 89
63 0
60 52
68 31
70 97
74 49
78 1
77 80
82 89
96 63
0 21
0 79
85 46
4 40
7 60
9 8
43 75
9 82
15 25
79 26
15 68
18 36
20 82
22 50
24 2
22 17
25 86
26 32
26 49
27 58
27 13
29 72
30 22
34 2
34 88
33 45
39 58
40 61
42 5
46 94
46 80
50 36
53 6
62 17
61 63
64 5
62 72
64 54
67 48
66 77
70 34
71 83
75 66
77 15
75 99
82 36
80 80
84 60
87 14
88 6
86 69
90 99
89 92
96 35
97 54
98 65
