105
8 3
36 89
64 15
6 37
17 19
22 0
23 49
27 30
31 62
43 5
45 71
51 49
55 83
3 10
34 22
34 94
62 39
54 14
69 84
79 15
97 80
0 57
1 93
55 53
55 94
82 26
4 82
9 23
11 66
12 80
13 42
16 94
18 5
23 96
71 12
89 21
9 17
27 71
32 7
33 37
28 80
23 21
35 83
45 19
48 1
51 40
49 85
54 21
22 40
57 48
72 82
71 28
73 95
82 72
85 48
85 76
71 37
92 8
93 49
93 87
94 18
97 33
0 58
5 75
6 28
80 10
12 52
54 6
13 67
63 26
11 32
15 61
16 47
20 29
22 11
26 57
30 13
30 44
34 69
39 32
40 64
40 97
39 47
42 61
41 8
49 65
48 8
59 68
57 79
58 11
68 45
70 70
75 45
76 32
73 78
83 0
82 90
85 57
86 32
85 43
90 71
87 66
92 96
94 20
96 66
