118
91 60
12 39
53 68
62 32
89 79
5 12
9 91
26 26
32 39
35 2
40 51
50 20
62 69
72 19
72 42
0 30
8 43
10 9
47 55
2 57
55 9
82 65
1 85
3 78
69 25
51 73
0 0
9 72
13 24
16 93
19 10
25 92
25 5
26 33
29 55
7 48
35 91
44 26
50 95
49 36
61 46
64 79
65 5
68 94
73 99
79 5
79 55
79 97
10 28
86 11
86 93
94 32
95 49
96 64
0 15
0 71
1 94
29 47
76 17
2 26
6 0
40 40
11 44
10 77
13 61
14 67
14 14
15 86
16 95
16 24
19 57
21 10
20 51
22 60
25 16
29 79
29 85
30 21
32 66
31 29
33 12
36 71
39 0
39 20
41 87
43 78
46 2
43 99
46 64
48 8
47 16
50 83
52 97
51 30
51 62
53 23
60 85
59 8
63 22
63 53
66 39
67 69
68 19
70 35
76 66
78 80
79 46
80 11
83 72
87 93
87 24
89 38
88 52
96 1
95 80
97 24
97 73
96 40
