115
39 41
52 25
53 83
57 54
72 78
73 26
77 52
5 63
10 87
17 55
22 35
33 80
36 22
44 46
52 0
53 32
76 37
79 23
88 82
0 19
1 7
1 84
5 69
10 34
44 75
18 80
20 15
14 28
22 66
23 40
24 93
41 36
26 21
30 6
30 47
29 26
33 90
36 31
40 8
39 94
46 68
49 97
59 45
61 98
63 16
62 82
66 61
67 41
71 93
76 77
82 54
87 10
86 60
94 0
94 93
96 74
0 0
0 61
0 98
1 15
89 46
4 50
37 51
3 26
11 2
9 79
12 6
78 47
11 20
14 56
20 69
19 59
19 7
21 77
21 51
24 21
25 36
24 30
29 98
33 10
34 79
36 34
38 62
43 78
43 23
47 5
45 19
47 61
47 53
50 78
51 49
52 13
51 39
55 69
55 34
61 18
61 85
61 36
63 2
59 26
66 66
66 21
66 55
72 98
77 3
74 68
79 98
79 36
80 91
80 62
86 96
87 86
87 58
92 42
96 47
