117
27 91
44 44
45 91
64 2
86 28
1 4
7 87
30 3
40 77
69 62
75 37
1 22
47 72
58 10
95 21
2 31
7 60
5 2
5 78
74 7
11 20
13 57
17 50
71 50
17 89
21 33
20 77
26 64
29 43
96 29
33 25
31 58
36 58
38 7
39 42
41 0
8 25
41 68
51 13
56 86
57 95
58 17
60 37
61 56
63 27
58 79
25 83
72 65
76 0
68 20
81 85
81 45
84 17
92 95
93 82
93 10
94 35
96 74
0 37
0 50
96 89
0 65
0 97
2 8
70 34
3 42
3 64
78 59
52 4
11 11
10 39
11 92
11 46
15 72
17 57
14 78
20 93
21 69
23 45
26 9
28 29
29 99
30 83
34 62
36 94
37 10
37 48
40 85
46 36
51 53
50 67
54 24
57 0
59 90
58 62
63 76
63 82
66 91
64 65
70 42
71 82
71 56
76 75
80 23
82 2
82 54
82 79
79 37
84 64
83 13
86 59
86 93
90 67
92 43
96 5
97 57
95 96
