115
28 63
12 13
12 48
35 11
7 80
17 95
35 69
11 3
11 60
29 40
21 84
34 25
34 76
63 71
65 92
67 46
78 16
79 60
79 90
68 35
83 8
0 56
3 93
20 43
87 17
2 8
6 38
9 21
11 27
12 66
3 70
21 90
27 24
28 18
29 49
37 77
38 93
5 46
40 63
47 32
46 95
47 41
45 7
50 7
51 85
66 0
62 29
69 78
68 97
75 42
69 67
82 31
92 97
84 70
91 24
94 83
97 54
0 75
71 9
0 84
0 99
0 13
2 23
59 84
8 96
17 12
42 85
11 32
12 41
15 84
17 64
17 75
15 34
24 95
24 49
27 57
28 28
28 78
33 98
34 13
34 61
35 34
34 83
36 46
39 20
44 51
45 12
45 68
44 72
46 48
48 21
52 71
53 54
54 1
54 28
55 91
60 52
69 27
67 49
73 97
74 74
77 22
75 48
78 54
76 34
86 91
87 1
86 76
83 60
91 48
90 7
93 30
93 91
97 61
97 11
