111
25 8
42 63
36 43
53 48
71 67
1 6
6 60
26 80
31 16
25 43
40 79
48 14
51 97
76 9
48 78
81 57
89 18
90 46
2 26
4 89
74 79
92 26
7 11
14 34
21 62
8 82
22 27
15 48
22 70
35 57
47 41
36 21
43 7
37 87
29 8
48 1
45 23
58 4
60 50
64 22
69 20
69 49
74 91
51 88
77 96
79 64
75 30
61 78
52 61
82 72
84 41
88 85
90 54
94 10
93 68
95 62
96 77
96 41
0 20
1 44
2 50
8 70
9 86
83 19
39 51
14 96
15 11
13 77
20 48
20 55
23 3
22 76
26 23
31 94
32 64
36 1
39 17
34 12
38 99
38 71
43 37
48 33
46 21
53 70
50 7
57 12
58 33
56 26
61 40
62 64
62 88
61 49
66 56
67 72
70 3
69 36
68 81
75 45
74 56
76 41
75 72
80 95
80 55
82 91
86 68
94 25
92 86
95 50
96 1
95 52
99 11
