116
31 58
86 13
85 91
1 4
14 46
19 9
38 15
48 36
49 90
52 68
54 22
63 38
63 91
69 18
77 31
88 84
96 65
0 89
2 33
19 41
23 3
67 45
3 94
7 71
3 51
38 29
83 22
6 9
13 80
14 96
20 61
10 32
29 82
26 72
30 50
34 88
38 58
41 36
40 66
28 36
61 6
62 66
66 75
70 12
73 91
76 74
50 80
82 52
86 70
89 96
94 49
96 98
0 62
2 26
4 19
56 35
4 59
76 15
6 3
5 85
6 47
44 53
93 87
7 11
12 47
12 72
14 87
16 27
20 17
20 48
24 26
25 66
27 0
29 52
30 66
32 21
33 40
35 65
38 0
39 8
37 74
43 99
44 43
41 26
48 2
49 18
53 54
54 63
55 94
57 77
66 50
65 32
68 64
71 99
71 55
72 26
73 48
73 50
79 31
79 68
77 77
82 16
81 45
85 63
87 8
87 54
88 1
87 24
88 82
93 37
95 43
94 68
96 9
96 13
97 23
96 53
