113
25 68
75 49
85 68
0 76
2 18
15 32
17 52
29 28
32 49
33 87
46 81
31 35
39 47
61 12
61 53
66 72
71 86
93 91
1 53
67 18
3 46
4 74
58 86
7 3
74 56
3 29
14 59
16 14
16 20
25 73
24 45
26 59
30 19
38 87
42 46
40 91
54 28
55 94
61 3
64 27
67 40
66 8
42 52
66 48
73 72
75 42
74 68
83 0
78 94
80 50
86 15
88 84
93 14
92 70
97 3
97 60
95 20
0 97
0 7
4 61
6 20
47 90
7 25
6 11
14 92
16 36
17 70
18 74
18 59
20 99
22 5
21 34
25 88
23 53
28 3
27 78
28 38
33 14
34 4
34 62
33 42
41 30
42 36
43 61
46 99
49 33
49 77
51 47
53 61
54 72
56 49
58 21
58 32
57 46
62 93
64 83
69 3
67 34
71 13
75 4
75 86
76 19
78 28
79 58
80 12
87 33
87 94
89 38
91 21
96 50
96 81
94 66
99 27
