107
80 14
35 28
1 6
43 58
56 51
60 2
64 31
95 57
7 80
24 17
32 84
41 37
30 6
48 4
56 34
71 91
82 26
66 3
86 39
97 5
0 26
3 62
3 90
4 55
5 2
23 36
29 99
17 14
42 28
36 14
33 64
36 50
30 36
41 76
41 83
45 93
45 9
37 67
48 41
49 20
46 51
51 97
57 81
57 89
61 59
63 48
64 86
65 25
65 37
68 21
33 21
68 72
73 68
70 48
79 33
79 81
82 57
86 4
82 71
85 32
93 77
96 19
96 85
0 76
4 48
7 42
7 89
9 77
10 27
9 94
12 18
12 68
14 53
15 3
17 61
18 89
23 74
29 0
30 42
34 96
34 81
49 29
38 18
42 65
48 78
50 5
51 12
48 37
57 65
62 95
63 72
65 9
65 53
65 62
70 29
71 84
74 48
71 35
77 71
79 59
82 11
86 60
88 44
87 86
89 28
85 76
97 91
