104
23 77
26 31
26 94
40 69
52 19
63 74
76 92
96 56
3 15
4 61
10 46
24 63
38 3
38 50
53 31
60 52
64 10
34 95
77 62
83 3
85 24
95 37
71 46
97 8
74 83
38 59
94 26
2 86
3 25
8 70
9 8
51 9
10 96
12 26
18 8
6 50
26 15
25 69
35 36
43 8
15 99
46 43
42 18
55 92
54 73
55 58
62 45
75 0
74 15
80 97
94 76
96 98
0 36
59 5
65 59
0 75
0 97
0 46
2 6
0 66
34 67
18 18
48 65
8 34
16 46
16 32
16 69
26 47
26 87
26 22
29 9
30 53
28 77
36 35
35 11
37 78
42 91
41 44
43 97
42 73
45 16
50 25
50 50
52 44
56 97
56 15
60 31
65 86
66 38
67 5
68 74
71 99
74 32
74 75
75 39
78 46
84 16
82 90
85 49
85 41
93 90
96 63
95 27
99 42
