116
5 84
34 60
87 13
0 61
8 17
13 38
16 88
33 89
34 26
41 42
47 16
50 69
52 55
87 72
92 34
94 48
13 49
46 39
87 77
0 34
6 1
9 99
21 55
25 97
14 4
9 77
17 19
19 35
23 74
32 9
37 75
42 72
49 28
50 99
40 39
53 17
21 9
51 48
54 91
60 9
59 31
60 95
64 70
66 46
65 62
66 52
70 26
71 8
72 92
71 69
75 35
76 23
78 61
58 17
90 95
91 53
93 72
94 79
0 0
0 20
0 55
0 64
0 90
97 62
0 98
79 75
13 14
14 52
14 56
15 94
18 78
22 25
25 77
26 38
26 44
29 95
32 96
30 44
34 0
34 28
34 66
32 80
37 16
36 49
36 30
44 0
43 89
44 56
44 79
47 34
51 69
54 25
54 36
57 77
57 48
58 51
66 4
63 23
70 83
70 98
72 53
71 75
73 3
70 60
78 97
80 15
80 57
79 71
85 47
92 27
93 0
93 33
96 1
96 56
96 38
99 64
