114
83 2
23 3
45 49
48 87
61 17
8 77
20 69
41 7
53 33
61 45
77 61
79 16
90 35
92 54
93 82
14 88
96 8
0 11
44 93
67 38
1 92
6 60
10 45
11 24
92 47
57 55
14 98
17 19
23 77
31 80
36 45
30 1
36 87
40 13
39 33
44 70
3 86
43 39
47 6
49 26
26 87
51 41
58 75
59 96
60 20
62 61
64 5
68 66
58 84
69 8
69 19
74 92
76 99
84 98
86 60
88 19
94 73
0 0
0 42
0 55
0 17
0 61
73 30
0 77
4 8
5 34
3 50
5 69
11 5
54 47
12 68
9 15
14 46
13 29
15 1
15 54
15 36
13 83
23 51
23 32
27 9
28 63
29 49
29 37
34 15
38 53
39 79
45 78
44 44
48 98
51 17
51 91
59 29
57 10
63 77
65 59
66 87
69 52
70 83
72 22
75 4
74 88
79 41
77 67
83 75
84 41
85 4
82 91
88 52
91 97
90 1
92 32
91 8
98 68
