114
29 87
67 72
86 56
0 4
3 66
4 26
13 12
11 63
24 3
39 49
39 65
50 76
52 57
57 91
70 36
18 80
72 77
74 29
81 66
38 84
18 5
6 17
5 76
12 54
20 31
20 47
21 98
24 73
24 55
27 26
31 24
33 40
46 7
46 28
46 48
47 37
54 9
56 96
59 75
22 87
6 57
66 90
69 61
76 82
77 58
6 7
78 72
83 3
81 88
85 42
91 19
95 79
97 86
84 94
3 31
5 87
90 51
7 25
7 49
6 71
25 79
7 10
10 0
64 86
12 20
17 37
19 63
25 64
24 98
25 40
28 9
28 69
30 54
32 14
32 85
34 68
35 22
34 98
34 44
37 7
36 41
37 80
40 35
43 96
43 62
44 79
47 22
46 81
50 45
50 92
51 34
54 3
53 61
52 81
56 17
57 47
59 34
62 3
61 25
70 99
72 45
73 9
72 92
76 23
73 68
80 28
81 34
82 80
87 65
88 36
89 73
88 87
93 42
91 93
