114
76 58
97 71
3 68
4 82
6 35
10 96
20 86
28 23
30 76
40 62
42 27
44 47
46 10
52 95
64 1
66 22
2 51
9 5
44 72
54 42
55 85
71 7
71 68
8 28
14 59
20 45
27 6
22 59
31 41
12 80
30 13
34 87
34 33
34 67
37 96
35 19
41 89
44 35
46 78
53 55
52 27
54 16
53 73
62 61
62 80
63 85
65 45
65 55
71 97
73 86
79 44
80 18
80 86
80 63
87 81
90 61
89 88
93 46
94 13
97 86
99 43
0 7
0 29
0 65
0 97
0 37
0 74
7 14
47 41
6 67
13 0
14 14
12 48
14 66
20 42
23 9
26 67
26 32
32 2
32 60
58 50
32 77
37 5
36 21
39 51
37 81
40 14
45 99
46 55
48 69
56 5
56 30
61 15
62 98
65 33
67 69
68 38
70 14
70 82
74 34
78 2
81 3
79 35
81 50
84 10
83 58
84 44
89 24
91 1
90 53
95 31
94 94
95 21
98 99
