102
71 15
6 28
7 8
46 16
66 91
3 46
16 90
20 25
31 56
34 2
36 41
0 3
53 99
70 54
75 79
33 17
42 32
63 17
76 61
85 27
87 11
43 46
9 85
10 13
11 29
79 13
51 15
80 56
14 1
17 18
21 56
22 3
21 36
24 8
24 28
25 17
28 69
35 65
47 97
48 8
50 85
51 55
52 79
54 18
57 95
60 45
59 89
67 76
61 5
72 18
78 88
81 66
83 83
87 43
85 3
88 71
92 51
93 2
94 65
94 78
97 16
0 33
4 16
4 39
6 93
8 7
10 47
13 73
16 8
19 86
23 99
24 85
25 71
27 49
28 42
27 31
30 9
33 96
36 79
35 37
39 23
40 59
40 68
40 4
48 31
52 35
55 32
56 53
56 26
59 73
61 98
60 40
63 67
64 31
69 46
80 35
89 17
89 57
91 37
90 22
92 5
97 69
