107
10 76
22 90
35 37
54 72
67 88
81 32
81 65
82 98
3 31
3 52
15 20
28 51
29 67
33 10
43 25
48 52
70 2
9 38
12 66
48 17
72 10
72 73
87 78
91 17
88 37
94 59
4 98
77 91
91 89
18 15
95 26
23 0
15 77
24 58
37 28
39 60
40 10
41 45
24 75
46 67
51 33
51 92
51 99
87 69
53 6
51 40
55 67
61 34
54 84
66 63
68 48
76 28
80 44
69 83
41 70
81 87
83 73
86 12
94 46
0 18
0 80
0 89
0 36
4 70
10 46
9 31
10 91
14 5
13 56
13 41
17 92
20 9
21 35
20 81
45 40
24 30
21 64
27 44
28 97
27 89
35 2
34 49
35 65
43 0
46 16
47 55
54 15
53 48
52 25
56 40
64 57
66 23
67 17
68 68
68 94
69 34
72 54
76 11
83 41
86 0
86 55
88 27
85 64
91 77
93 52
97 9
96 31
