205
0 0
0 15
0 30
0 46
0 54
0 62
0 70
0 78
0 86
0 94
0 6
0 22
0 38
3 92
3 4
3 36
3 60
3 20
3 76
3 44
3 84
4 14
3 52
3 68
4 29
10 4
10 92
10 28
10 52
10 68
10 84
10 12
10 36
10 60
10 20
12 46
14 74
15 96
15 0
16 6
16 26
15 88
16 38
16 46
16 54
16 66
16 74
16 14
17 78
18 32
22 0
22 96
23 14
23 22
23 30
23 46
22 72
23 6
23 58
23 86
24 38
24 62
25 77
28 6
27 92
28 22
27 44
27 60
28 14
27 36
28 54
28 82
28 76
27 28
30 71
35 6
34 92
35 22
34 60
34 44
34 76
35 14
35 38
35 50
35 85
36 28
38 66
39 0
39 96
40 6
40 22
40 30
40 46
39 64
40 14
39 88
40 42
40 70
41 57
42 80
46 0
46 96
47 14
46 72
47 30
47 38
47 6
47 50
47 66
47 86
47 82
48 56
49 21
52 6
51 52
52 22
51 36
51 92
52 14
52 58
52 70
52 82
52 30
51 44
55 74
59 6
58 92
59 22
58 52
58 68
58 36
58 84
59 10
59 58
59 74
60 44
62 27
63 0
63 96
64 6
64 22
64 38
63 88
63 72
64 30
64 58
64 50
64 14
65 64
66 80
70 0
70 96
71 14
70 40
71 30
71 46
70 72
70 88
71 58
71 78
70 8
72 64
73 25
76 6
75 92
76 22
75 44
76 30
76 50
76 14
76 66
76 82
76 78
77 59
78 33
83 2
82 92
83 14
82 52
82 68
82 28
82 84
83 46
83 38
83 78
84 20
85 61
87 0
87 96
88 6
88 22
88 38
87 64
88 14
87 88
88 50
88 70
88 81
87 32
90 53
94 0
95 22
95 6
96 30
98 14
