105
38 67
70 11
8 63
32 49
78 39
86 8
96 39
8 8
21 71
23 15
23 30
41 3
42 86
44 27
12 52
25 6
46 90
87 53
95 83
10 22
49 25
17 86
90 30
26 85
29 55
12 44
14 4
32 80
36 21
40 41
44 60
47 1
50 45
49 71
29 4
53 77
21 49
54 33
50 81
62 95
61 8
63 73
68 28
69 72
69 34
71 98
78 79
78 48
81 15
78 89
83 62
84 34
86 91
90 12
92 59
95 19
0 2
0 22
0 43
2 71
7 36
8 81
61 35
10 96
11 60
94 51
32 14
97 31
9 71
14 37
16 24
39 52
64 39
16 35
19 65
21 74
21 40
27 10
26 25
30 99
35 75
38 93
41 12
39 67
44 94
50 17
48 41
53 3
54 54
55 62
52 26
59 83
60 46
64 90
67 48
73 0
72 19
73 65
73 43
82 24
82 96
81 42
87 1
93 66
96 4
