111
48 12
2 54
17 3
70 96
75 8
3 18
8 69
15 96
16 56
23 38
33 59
36 31
41 91
54 35
64 83
65 69
23 90
81 65
90 31
57 46
60 14
76 21
82 90
3 86
90 38
0 41
31 38
6 10
8 53
14 73
8 87
20 6
26 81
28 67
21 97
35 56
30 86
40 36
42 61
56 65
49 0
71 48
68 30
67 80
79 1
84 46
84 59
75 32
90 26
95 74
96 2
96 63
0 25
76 15
5 24
76 81
9 99
12 32
62 40
12 47
13 28
92 50
18 42
17 81
19 60
19 69
16 91
22 1
22 52
25 20
25 12
24 29
23 75
26 46
29 97
33 17
31 6
33 63
39 22
40 83
38 6
42 77
43 45
42 29
43 6
43 53
48 16
48 61
48 39
49 25
49 99
49 53
56 89
57 5
58 96
56 73
62 60
66 3
66 55
62 88
70 52
73 8
79 70
81 83
82 7
81 22
84 68
88 87
88 81
96 99
99 49
