111
5 42
9 20
27 25
44 80
59 9
4 74
6 88
17 8
21 1
27 50
28 80
49 23
58 83
52 10
63 27
72 30
73 97
81 14
1 3
1 33
3 97
4 52
52 87
14 16
12 55
17 91
25 69
23 87
30 15
29 64
37 2
38 34
36 12
41 49
40 88
48 50
31 86
55 24
56 44
7 11
10 82
44 11
47 82
60 14
61 68
67 53
62 97
80 62
81 48
77 6
83 71
80 92
90 37
92 23
94 57
96 4
97 43
97 72
85 23
82 6
0 58
0 92
77 35
0 40
7 56
62 7
8 60
12 2
11 13
17 45
16 72
18 75
21 35
22 4
24 72
27 9
29 99
31 46
30 54
34 72
41 56
42 25
44 33
43 73
49 67
50 38
51 61
51 46
52 81
54 17
54 70
61 56
61 75
62 23
64 96
66 60
68 1
68 36
72 80
72 77
75 53
78 20
80 98
82 0
78 83
86 88
84 56
87 31
88 45
92 82
95 99
