106
54 71
6 75
15 21
34 79
61 91
71 25
90 34
5 93
6 38
15 3
25 59
32 11
33 97
80 20
16 40
54 3
36 68
52 80
68 5
71 81
94 57
0 2
53 66
3 66
1 30
7 56
0 86
9 42
12 94
13 79
18 65
34 43
28 25
37 32
14 26
35 57
40 92
42 27
40 84
46 6
49 14
52 21
17 54
53 52
54 86
48 28
41 70
53 11
57 95
67 56
67 10
72 39
75 84
78 61
71 99
80 66
80 39
82 47
82 75
84 31
86 1
98 20
2 16
6 77
12 35
17 86
18 15
20 62
21 80
22 45
27 2
24 47
29 74
33 52
32 70
37 37
40 0
39 15
40 58
45 44
47 49
50 71
54 28
55 66
56 85
55 0
57 17
61 50
65 38
65 97
66 45
66 72
65 0
67 58
70 9
76 47
85 96
87 4
84 16
89 78
89 88
89 71
92 50
93 32
95 7
99 98
