114
32 55
35 72
41 6
7 23
14 58
21 93
28 59
38 22
45 70
52 77
60 28
63 1
67 22
72 47
74 86
79 56
84 30
92 47
1 19
3 76
5 1
35 12
9 9
13 46
17 83
18 13
34 51
27 73
31 87
32 39
26 6
40 36
31 20
12 23
42 44
43 95
44 1
50 5
54 13
60 91
63 38
62 81
65 67
64 97
66 10
71 7
72 23
77 32
79 73
79 2
85 13
86 48
87 83
87 57
89 62
95 16
95 81
95 91
96 67
42 52
39 16
0 41
0 48
0 83
0 6
3 98
5 40
8 53
99 54
28 48
9 17
16 66
17 5
17 50
19 27
21 31
19 61
27 64
31 78
37 97
39 8
45 85
48 48
47 20
50 46
51 67
51 98
56 64
54 0
59 52
56 18
66 99
65 90
70 61
71 39
70 76
75 91
76 25
77 11
77 48
77 63
75 21
81 92
83 38
84 71
88 4
87 29
88 85
89 99
90 20
92 67
93 27
92 35
93 76
