117
1 51
11 38
85 86
87 70
5 9
9 82
27 33
33 46
39 8
39 94
43 70
49 48
3 30
53 3
12 6
71 73
77 34
85 49
34 28
49 86
53 41
3 59
5 73
15 46
79 79
23 62
30 84
7 66
33 22
31 39
36 57
2 40
39 63
40 14
43 92
46 29
45 56
47 15
49 70
56 98
57 27
58 73
59 49
61 4
60 36
67 95
69 89
70 14
70 65
75 2
74 41
76 16
78 52
86 11
88 95
89 42
87 18
94 50
97 94
0 87
0 93
1 4
1 80
2 44
4 52
7 93
13 1
14 25
14 73
15 7
17 81
17 40
17 93
18 47
21 14
20 77
38 47
22 97
24 0
22 25
26 81
26 7
31 0
31 87
34 76
32 14
37 52
42 35
43 10
42 88
47 84
48 35
50 98
52 50
53 11
55 83
58 63
62 0
64 86
66 51
70 97
72 28
69 47
76 66
78 99
77 10
81 38
82 0
80 87
84 79
86 56
89 55
89 81
94 23
94 69
94 75
96 89
