109
23 85
25 5
37 52
38 82
50 64
63 56
75 36
88 3
91 77
9 0
19 30
43 11
86 35
25 37
70 9
70 81
26 90
90 96
47 17
2 13
2 35
2 77
91 40
89 89
5 27
6 52
13 65
15 71
23 1
27 57
29 14
33 31
18 89
35 93
74 28
33 37
38 66
21 68
45 71
48 9
49 28
49 50
54 22
56 97
61 81
62 90
74 74
76 19
79 59
88 21
87 68
94 0
93 53
94 98
93 24
96 9
34 22
99 29
0 94
0 0
1 70
6 36
5 61
9 31
13 45
11 80
15 99
15 24
17 53
54 15
21 43
19 74
22 58
30 71
32 7
32 59
34 76
38 28
40 39
41 80
43 57
41 62
44 95
47 85
51 53
54 45
54 28
55 50
55 59
57 1
59 36
63 77
63 26
66 41
66 71
67 94
68 24
74 1
71 14
76 95
80 42
81 44
82 28
86 58
92 74
94 91
94 18
95 93
95 34
