110
0 3
0 21
0 39
0 57
0 75
0 93
2 10
4 36
4 54
4 72
4 90
4 24
6 1
6 61
6 97
6 43
8 75
6 16
10 22
8 87
10 37
10 4
8 51
12 66
12 84
12 30
14 7
14 55
14 73
14 91
16 27
14 98
16 63
18 1
18 10
16 45
18 34
18 77
20 42
20 60
20 96
22 13
22 19
22 49
22 67
22 79
24 27
24 93
24 3
26 34
26 41
24 57
26 82
28 12
28 90
30 1
28 54
30 19
30 26
28 72
30 97
32 39
32 69
34 4
32 81
32 57
34 28
34 88
36 12
36 54
36 72
38 22
36 42
36 96
38 61
40 3
38 82
40 45
40 69
42 10
42 16
42 28
42 37
42 55
42 91
42 97
44 48
46 1
44 66
44 84
2 82
0 45
0 63
0 27
42 76
6 10
6 68
12 48
8 27
18 85
30 46
12 12
16 15
18 29
22 71
26 64
32 9
37 32
43 19
44 30
