110
6 56
48 50
72 12
54 96
57 74
75 27
10 85
11 4
23 73
25 56
48 14
70 61
0 58
21 87
34 48
0 31
51 45
78 10
78 28
4 9
4 41
9 26
11 99
84 14
11 62
15 28
17 35
0 51
16 53
18 64
28 1
32 16
32 97
33 33
41 67
50 89
32 22
51 72
58 5
28 82
59 57
59 92
56 43
61 31
39 13
69 96
68 29
70 2
72 86
73 50
77 84
79 62
78 92
82 71
59 66
87 74
90 49
89 32
92 9
95 86
0 85
1 1
2 81
2 36
4 18
51 54
83 22
3 45
12 93
13 20
13 68
15 8
14 55
16 98
20 50
21 15
24 65
31 6
30 60
33 37
34 52
40 73
43 35
44 28
49 13
45 61
55 27
58 1
59 41
61 82
63 15
64 61
70 44
72 4
74 43
74 76
80 46
83 55
81 63
84 89
85 0
85 42
84 86
90 18
92 72
92 91
93 9
93 59
97 23
97 64
