109
20 74
28 22
47 62
52 88
90 31
2 11
7 46
36 39
59 88
94 42
10 56
45 4
39 67
65 50
77 78
41 43
44 28
61 77
80 35
91 58
99 74
0 74
0 96
1 2
3 34
7 15
8 83
12 87
16 31
85 49
19 45
23 3
22 18
24 70
23 88
29 56
33 56
36 78
40 21
23 32
40 74
42 45
54 18
58 34
59 1
61 12
62 20
62 42
69 22
71 92
73 85
76 39
77 0
14 49
77 53
83 71
84 86
86 76
96 60
97 26
0 18
0 79
0 50
2 38
3 60
4 69
6 29
38 53
14 46
15 60
18 83
17 19
22 8
22 93
46 34
22 44
25 68
26 82
29 19
30 36
29 62
30 25
33 95
36 87
37 17
35 32
40 94
42 12
41 81
46 5
50 77
60 55
58 71
61 36
61 61
59 94
60 87
65 6
68 12
66 42
69 60
72 18
70 36
76 95
78 31
85 12
92 72
96 53
97 67
