115
3 86
35 22
41 86
2 49
8 17
10 99
14 30
19 76
44 72
50 49
61 7
64 24
78 26
88 16
92 58
42 19
1 21
6 39
70 18
14 60
14 11
16 50
20 2
22 94
21 45
0 96
23 37
26 91
25 6
29 29
27 51
33 36
39 68
38 41
51 30
40 57
54 73
55 35
55 87
58 76
59 90
60 42
61 67
64 2
41 48
78 94
81 78
80 6
83 56
82 29
84 63
85 87
87 41
87 5
88 80
94 3
95 98
96 48
0 2
0 36
0 61
0 87
95 66
3 6
65 35
66 82
89 32
5 96
6 47
9 3
9 25
81 14
7 88
10 79
7 46
14 64
22 76
24 62
26 15
25 85
25 48
29 0
28 77
29 57
36 97
39 67
39 27
46 0
45 86
47 99
47 23
50 5
46 70
53 98
55 54
53 20
56 60
62 21
64 46
62 73
69 49
70 98
68 22
71 66
72 10
74 35
76 69
73 87
78 44
77 72
86 56
90 84
87 91
96 28
95 76
