115
3 22
24 19
34 31
38 63
54 12
12 78
25 44
28 5
28 87
47 37
72 90
73 62
7 14
77 6
42 12
84 75
86 43
85 61
93 44
2 31
4 92
5 45
5 73
7 57
22 12
38 38
76 84
10 51
9 18
16 36
22 80
20 27
34 70
19 4
44 59
34 24
47 81
48 73
51 23
57 66
58 4
58 87
53 29
69 25
69 34
65 65
82 4
79 35
78 58
86 89
89 98
87 28
96 15
0 0
0 61
62 10
0 8
0 67
5 0
4 85
6 95
34 83
4 29
8 71
29 19
11 3
7 22
13 99
14 81
14 9
17 58
18 96
19 75
22 41
25 65
28 93
28 79
30 46
32 60
33 7
37 1
40 33
39 64
42 91
43 4
42 71
45 51
44 42
47 18
46 13
49 99
51 45
55 73
56 23
61 41
64 51
62 86
68 8
68 96
69 69
72 0
76 76
76 27
76 9
81 49
80 98
83 21
82 63
85 83
85 29
91 7
94 0
94 60
94 65
96 79
