107
78 92
21 14
25 50
36 77
61 38
81 65
1 38
1 74
3 14
10 85
41 71
2 65
37 34
15 72
70 54
26 19
84 29
88 5
75 96
76 73
88 21
1 28
8 52
41 86
31 40
10 9
88 70
15 24
23 60
32 92
31 59
20 34
32 15
38 79
38 13
40 29
43 18
45 49
34 69
51 96
54 55
58 80
57 32
59 60
61 10
63 66
67 9
66 93
59 43
74 25
74 57
84 45
85 13
82 94
88 52
88 81
92 26
94 48
0 19
0 81
5 67
9 58
12 0
12 46
17 15
14 87
18 97
20 74
19 68
20 44
24 86
25 3
25 34
46 78
28 30
26 69
34 1
33 91
35 45
39 93
41 63
42 0
41 41
41 21
42 65
49 18
48 44
51 35
54 8
56 24
57 90
63 3
65 36
67 24
72 84
72 66
77 2
77 34
78 71
85 56
90 79
91 86
93 99
94 65
96 3
97 65
94 83
