137
50 17
0 1
0 27
2 77
8 91
9 38
10 16
8 67
10 47
19 28
20 6
27 49
27 89
27 9
28 71
28 39
28 97
18 60
29 17
33 0
38 28
38 61
37 79
37 39
41 7
47 89
51 37
48 61
51 77
52 47
61 27
62 97
67 59
68 0
68 41
68 81
69 27
70 66
72 87
78 1
78 50
78 27
58 7
79 67
77 89
80 17
81 98
82 7
88 37
87 59
90 76
91 20
97 1
97 57
97 90
97 31
0 6
12 77
0 16
0 36
0 49
0 54
42 47
72 47
17 19
0 66
0 86
0 96
58 67
20 47
78 78
7 0
0 57
7 99
8 30
8 61
10 6
17 79
15 83
17 99
17 0
18 40
18 90
21 23
20 69
28 57
27 29
29 80
33 94
34 42
38 0
37 99
38 67
39 21
41 88
44 74
45 33
48 0
47 99
48 10
49 31
49 70
57 49
55 83
58 0
58 20
57 89
58 41
59 60
59 81
63 10
63 74
67 99
68 17
67 9
74 13
79 41
80 56
83 83
82 44
87 99
87 0
88 29
88 68
88 90
88 11
90 44
89 51
94 15
96 99
97 7
96 64
97 48
97 77
98 17
98 39
98 71
