104
0 3
0 18
0 33
0 48
0 63
0 78
0 93
2 10
2 40
2 70
2 85
0 25
2 55
5 2
5 92
5 32
5 62
5 17
10 2
5 47
5 77
10 22
10 52
10 88
10 37
12 95
10 67
15 2
15 12
15 27
15 47
15 62
15 77
18 40
18 70
18 85
20 12
20 27
18 55
20 77
20 92
20 2
20 47
25 2
23 60
25 22
25 37
25 72
25 87
25 12
27 55
27 95
28 30
28 80
30 2
30 12
28 45
30 37
30 62
49 2
49 12
49 22
49 32
49 42
70 2
70 12
70 22
70 32
70 42
70 52
70 62
70 72
70 82
70 92
78 0
78 18
79 32
80 42
92 45
30 87
30 22
30 73
2 25
10 13
28 50
7 60
7 80
8 30
8 45
23 65
18 20
8 75
13 91
15 32
19 33
72 72
73 48
80 4
87 20
87 4
93 17
93 33
94 7
94 38
