109
58 95
1 80
22 35
23 50
29 8
56 42
82 42
3 62
65 89
20 58
32 86
44 20
44 54
23 22
62 41
65 65
80 59
81 22
81 91
91 80
0 16
0 40
7 48
15 75
32 38
16 90
16 21
28 59
29 29
18 8
13 52
19 65
32 6
37 95
38 40
43 79
45 45
51 67
56 9
57 69
51 32
57 84
58 80
61 32
66 0
65 81
72 11
67 51
73 3
90 98
92 11
92 50
93 72
95 26
95 61
95 93
96 43
0 33
83 30
1 29
81 53
1 54
5 2
4 19
6 70
37 19
6 55
14 82
15 35
22 41
14 43
23 1
26 90
26 84
32 71
34 64
34 59
36 4
33 89
37 44
40 97
39 25
41 65
43 15
42 35
49 53
49 72
51 41
57 11
58 56
57 36
57 74
64 23
65 37
71 97
71 86
73 19
74 7
71 42
81 75
80 97
84 2
84 36
86 56
90 76
88 91
97 8
95 57
97 79
