88
19 20
28 44
3 6
44 6
91 8
8 9
9 30
22 25
30 26
33 41
36 12
39 78
46 38
58 44
65 43
74 26
2 39
36 28
11 15
12 44
14 29
20 4
19 40
34 96
79 80
89 70
97 28
97 97
0 58
3 19
12 23
15 47
17 15
17 76
21 90
31 73
32 58
36 63
40 13
40 28
48 60
44 52
52 86
56 76
61 53
66 78
51 15
82 53
85 16
84 28
88 42
91 2
69 53
0 43
0 31
31 24
3 15
8 0
14 92
15 52
13 37
18 36
26 14
25 48
25 29
28 40
33 92
31 54
36 2
39 42
42 46
44 0
42 72
46 26
43 10
51 52
58 12
64 5
70 20
69 69
72 63
83 81
86 60
83 8
88 66
94 72
97 21
97 1
