106
30 65
42 51
59 56
69 68
77 8
96 27
6 95
9 14
19 24
23 86
31 5
31 51
35 56
50 90
54 34
40 5
56 88
65 75
78 48
71 17
95 87
0 52
78 53
2 60
8 81
17 56
82 68
24 3
24 42
50 53
64 57
6 51
24 50
32 97
33 21
29 70
46 67
46 98
51 70
53 26
57 5
53 41
62 71
69 36
65 13
71 78
60 43
73 88
73 53
81 88
83 91
84 58
86 23
86 73
88 38
90 15
91 59
92 49
96 95
96 35
4 9
6 39
7 0
8 58
10 76
15 40
16 15
20 93
22 63
23 9
26 31
28 81
46 45
32 11
81 82
36 27
36 70
37 70
40 22
41 55
40 65
43 83
42 93
47 7
54 15
53 80
55 56
56 96
59 19
59 36
56 70
63 98
66 27
66 50
66 72
64 64
73 30
73 25
77 39
84 5
85 13
90 99
92 78
96 4
92 30
97 72
