113
35 96
36 22
75 56
77 34
95 76
10 25
14 69
15 11
16 40
48 2
59 83
64 5
87 11
64 14
95 24
95 95
68 29
98 79
0 20
6 56
5 78
6 5
84 40
19 92
20 25
21 54
24 8
43 12
7 64
29 36
28 97
32 3
36 38
17 83
38 94
42 30
44 97
48 53
47 7
50 29
54 51
55 23
56 59
60 90
62 37
63 78
62 45
68 50
71 8
81 57
80 4
85 21
86 64
94 86
0 0
0 96
99 60
26 20
4 41
4 23
79 48
5 19
7 33
10 54
8 16
15 76
18 0
17 39
19 11
19 22
20 48
25 53
29 73
32 67
34 52
33 6
37 79
38 47
40 58
37 0
42 82
42 66
43 76
43 37
43 92
51 54
53 3
52 81
54 26
53 39
58 53
62 63
67 0
68 68
68 14
70 31
70 64
74 72
75 1
78 95
79 20
77 30
88 97
89 44
94 3
93 38
94 65
96 0
96 28
96 11
96 99
98 72
96 90
