106
4 19
42 64
46 37
53 50
77 56
80 3
89 80
9 88
18 60
85 62
91 5
96 81
45 81
46 10
18 73
35 34
55 15
64 46
23 52
83 21
2 49
1 93
5 30
10 5
70 9
77 64
8 77
10 22
14 41
27 19
27 35
87 53
25 29
30 82
10 67
78 10
33 73
35 5
34 16
44 72
46 29
48 5
48 83
51 63
56 36
61 7
61 62
63 55
71 86
73 23
73 70
74 45
76 32
76 40
85 86
38 23
90 18
91 66
95 96
0 6
0 68
0 89
5 97
89 91
5 82
9 51
12 15
14 34
14 85
16 7
23 98
25 66
26 21
28 58
29 44
29 25
36 92
35 84
38 10
40 98
43 54
45 94
46 44
48 24
48 92
48 13
53 97
52 77
54 56
59 96
62 0
62 21
62 84
63 28
62 14
67 49
70 63
75 78
76 7
77 24
88 0
91 26
91 72
90 86
95 50
98 54
