109
7 51
16 82
62 35
73 3
77 35
2 97
4 11
15 65
17 34
27 21
29 80
33 35
37 53
49 73
55 53
8 21
67 76
69 49
82 85
85 22
89 71
0 33
0 69
84 36
1 79
2 4
18 7
90 81
16 55
25 89
30 50
32 6
31 59
41 16
10 81
40 48
47 29
46 5
59 98
67 21
59 83
66 64
59 33
73 13
50 19
69 79
77 51
83 18
83 48
91 96
96 25
96 66
98 82
1 44
84 62
2 55
5 75
8 3
8 57
9 30
10 16
13 87
21 99
22 24
23 37
24 18
21 63
24 77
27 42
23 49
31 74
32 89
34 94
32 21
37 7
38 34
38 72
41 47
39 30
43 77
44 53
45 98
46 46
52 70
52 37
53 59
55 43
57 75
60 21
62 3
61 91
64 29
66 52
67 90
68 35
70 64
70 69
77 2
76 90
76 21
82 32
83 76
89 45
87 36
90 89
95 8
97 19
97 42
99 92
