107
10 51
12 73
75 83
90 90
2 93
9 33
12 6
10 58
18 97
25 43
37 97
57 66
64 22
76 10
80 32
24 7
40 85
65 33
91 70
87 39
0 36
0 0
17 37
40 92
2 65
3 84
0 9
6 23
11 65
20 89
24 79
24 97
28 33
6 43
39 2
39 47
40 18
40 23
48 6
45 28
50 50
50 79
46 10
54 99
55 21
60 58
62 76
64 52
64 94
68 99
68 31
75 49
76 94
77 14
79 57
80 84
86 11
91 6
92 16
92 25
85 50
48 84
4 2
16 27
34 86
4 9
9 20
10 82
51 15
74 38
15 12
13 94
17 66
18 80
23 22
23 30
26 53
28 4
30 99
33 19
37 64
43 37
42 58
51 71
51 94
54 50
56 29
58 65
67 3
70 74
72 90
78 0
78 24
80 64
81 69
83 27
85 1
87 19
88 96
88 64
88 34
94 85
95 65
95 46
96 61
97 9
98 23
