109
51 29
56 14
87 2
60 86
79 19
2 79
15 54
17 98
18 30
24 6
41 65
24 89
25 39
56 72
40 25
44 56
73 92
75 74
80 36
0 41
56 7
87 73
3 87
7 60
14 9
50 35
16 74
17 23
25 68
31 81
32 4
66 64
36 50
39 11
14 48
42 33
20 47
48 57
48 90
43 19
55 44
58 80
62 49
62 27
61 97
32 60
69 42
67 81
76 97
77 22
84 52
92 95
0 42
84 8
89 40
0 93
0 66
3 25
84 83
7 41
8 86
13 15
74 68
57 62
13 68
13 34
16 82
52 22
17 57
16 40
26 2
26 17
26 86
28 34
29 20
30 50
31 24
37 95
35 64
40 79
43 89
44 75
51 49
57 68
61 8
58 35
66 1
65 13
67 54
66 79
68 98
72 17
75 42
75 12
76 50
80 60
81 91
85 22
83 44
86 60
89 30
90 46
94 1
92 68
95 17
95 88
96 74
97 59
99 50
