114
14 5
31 13
71 43
72 24
12 39
12 56
19 24
26 93
27 37
29 68
38 55
28 8
46 1
58 30
71 91
84 2
91 23
92 71
0 64
32 97
37 69
78 44
97 23
3 44
12 98
10 11
14 84
15 74
38 92
17 33
34 8
37 34
38 61
43 23
42 70
46 34
48 84
50 25
51 74
54 13
57 18
57 69
57 81
63 45
62 56
65 70
65 85
17 15
71 8
71 29
68 50
72 2
74 70
80 80
85 58
90 36
97 41
0 37
0 58
1 12
0 52
3 82
6 0
6 69
14 65
80 47
16 74
19 48
18 81
20 36
20 10
22 99
23 53
24 75
26 22
28 48
28 91
30 73
66 40
34 87
39 47
41 84
42 99
45 8
45 17
49 45
47 93
51 39
53 61
56 89
56 50
57 62
57 36
63 0
63 99
68 20
69 64
70 97
70 56
73 23
72 35
77 10
77 61
85 94
87 9
87 24
89 53
91 0
91 60
93 57
95 12
96 94
96 76
99 47
