115
47 66
59 46
71 54
95 30
17 63
23 15
28 87
44 16
49 30
20 58
54 30
63 2
75 37
75 70
56 55
85 58
72 9
89 56
95 97
0 92
2 20
5 46
5 79
8 27
6 62
55 37
7 68
15 40
18 1
18 85
26 49
31 7
32 29
32 68
33 35
35 96
40 76
29 52
43 47
45 61
46 86
51 98
53 90
36 15
58 75
41 40
61 69
59 56
65 28
52 80
63 49
67 64
68 85
68 91
81 79
89 7
95 75
88 22
94 37
98 16
0 31
4 6
3 87
77 91
5 16
3 57
10 8
11 97
10 32
83 29
76 63
14 74
15 12
18 94
19 77
19 29
23 63
24 28
46 52
24 72
25 98
28 18
30 56
37 86
44 1
47 15
45 20
47 71
45 43
53 2
55 16
55 92
55 83
52 61
63 10
63 33
68 23
70 2
70 13
68 43
73 48
74 77
77 16
79 1
78 73
79 97
77 39
79 53
84 14
89 42
90 66
91 89
95 8
92 59
99 60
