110
10 52
12 34
30 85
33 6
76 82
84 28
25 23
35 33
60 53
69 3
70 40
2 53
75 63
67 75
74 26
90 77
91 92
94 53
0 0
0 23
73 95
83 67
1 37
5 70
11 9
10 68
2 14
12 94
85 19
18 85
19 39
19 67
20 4
23 91
27 65
29 96
31 28
34 64
36 3
35 93
40 67
42 36
43 81
47 88
51 19
54 8
55 72
58 77
59 65
66 25
68 12
70 78
75 48
11 78
78 91
86 7
89 42
90 54
96 95
0 90
0 5
2 20
80 58
2 61
8 17
8 44
76 15
7 60
14 30
14 24
17 50
18 76
17 15
26 3
34 82
36 98
40 4
40 51
39 21
40 12
48 40
47 34
46 96
50 2
51 93
56 45
57 5
60 40
61 22
63 92
64 0
65 61
71 3
71 89
72 74
76 98
78 1
79 32
79 25
79 77
80 98
82 84
84 63
90 23
90 86
95 8
95 18
96 45
96 29
97 69
