113
8 95
21 45
32 81
39 52
58 76
68 88
76 35
0 68
7 53
8 20
29 12
45 21
69 2
82 8
86 25
90 63
10 72
19 91
72 81
94 3
0 85
7 10
2 59
10 29
7 81
11 5
63 82
12 19
15 66
17 59
19 37
22 62
25 27
29 17
32 49
36 0
31 68
38 62
44 32
42 5
45 41
49 10
46 59
49 88
50 45
53 19
55 68
54 47
59 14
59 50
78 52
77 97
79 22
83 90
85 66
62 36
89 85
86 95
91 44
93 79
97 34
12 81
92 90
17 25
2 75
8 62
16 8
23 95
22 44
22 1
27 77
28 31
31 24
30 52
36 89
36 70
37 39
39 81
39 8
39 25
40 46
41 14
47 1
52 0
52 59
53 96
59 20
61 0
64 57
64 30
63 97
65 6
68 48
70 64
73 46
73 10
76 66
76 38
77 77
78 60
82 11
80 80
87 8
85 55
91 11
92 29
92 48
92 71
94 99
96 43
96 76
96 64
97 85
