103
6 0
6 21
6 42
6 63
6 70
7 5
7 26
7 47
7 56
27 0
27 21
27 42
27 49
27 63
27 70
27 7
27 28
27 77
28 14
28 35
28 56
48 0
48 21
48 42
48 49
48 63
48 70
49 5
48 28
49 14
49 35
49 56
7 14
7 35
0 0
0 18
0 27
0 34
0 42
0 49
0 57
0 64
0 72
0 4
11 0
11 7
11 21
11 28
0 11
11 70
12 42
11 63
12 49
12 57
13 34
14 13
18 77
19 6
18 70
18 35
19 13
18 56
19 27
19 48
18 0
20 20
20 62
20 41
33 0
32 77
33 5
33 26
33 34
32 49
32 70
33 14
33 55
33 63
34 40
35 19
40 0
40 13
39 70
40 27
40 34
39 49
40 5
40 55
41 20
41 41
42 66
54 1
54 6
53 63
54 26
54 35
53 70
53 42
54 49
54 56
55 21
56 12
67 67
