116
74 78
82 8
7 63
28 71
56 18
57 79
70 31
10 80
21 7
25 24
36 57
39 91
50 55
11 58
54 85
84 32
0 42
0 92
7 19
14 44
70 10
10 0
30 57
38 32
45 69
30 85
45 11
49 47
83 3
10 87
1 50
53 65
54 93
55 36
61 38
63 17
59 70
62 94
64 35
67 63
70 82
71 54
70 20
77 25
18 64
79 78
46 78
81 95
82 18
88 60
91 45
93 27
93 8
95 81
96 22
0 16
0 32
0 5
0 77
0 64
0 85
3 10
4 49
78 11
7 37
6 72
5 56
14 94
14 22
15 2
18 97
16 41
24 86
27 50
30 28
30 46
31 0
30 94
27 65
36 17
33 36
38 76
39 42
42 1
41 95
44 26
45 92
47 4
46 42
52 56
50 13
59 71
61 1
60 10
65 90
64 24
69 40
76 50
76 68
78 84
80 41
78 34
83 46
84 66
83 89
84 9
84 80
86 96
89 52
89 0
90 99
91 34
92 31
92 92
96 67
96 13
