125
47 12
59 4
81 8
7 12
8 89
22 10
31 33
42 42
30 7
33 21
73 41
83 71
61 13
75 10
0 2
4 48
7 39
2 20
45 4
14 93
9 2
19 20
21 63
22 79
23 34
27 41
17 1
39 18
44 68
50 29
52 76
72 17
37 6
52 10
56 43
57 87
58 69
63 80
69 0
70 55
80 56
83 93
87 41
83 83
88 4
87 52
88 67
90 90
91 11
71 79
92 73
55 21
92 81
0 62
0 66
0 81
0 96
1 38
97 48
2 28
5 71
7 6
9 50
9 99
9 65
27 17
11 56
11 27
66 9
12 83
12 20
12 10
14 76
17 41
16 50
17 29
18 15
23 93
26 68
26 48
27 1
29 74
29 30
32 89
35 47
36 55
36 80
35 66
36 28
38 96
39 40
40 87
42 60
42 49
41 22
46 82
48 41
49 91
51 49
50 0
53 99
59 32
61 64
61 54
61 25
62 90
62 0
65 31
66 71
69 66
73 34
76 86
77 18
78 24
80 29
76 61
84 37
85 9
89 15
89 33
93 50
95 98
95 19
96 64
98 2
