109
10 18
57 62
75 10
32 37
37 10
75 43
82 99
9 42
18 56
23 74
24 22
32 62
63 25
79 80
87 18
0 6
1 62
1 85
35 76
42 58
63 7
2 33
34 17
78 89
0 11
8 98
4 67
14 2
13 52
5 77
13 17
18 66
22 1
29 2
27 53
36 31
41 48
28 80
42 90
44 29
43 0
45 95
49 72
48 43
56 86
63 16
70 50
72 66
65 66
71 34
70 80
74 96
77 24
80 57
81 29
88 3
95 46
95 22
3 47
13 27
41 68
86 25
8 83
6 24
12 4
11 69
18 6
16 20
21 40
23 98
23 33
24 63
27 77
29 14
33 85
32 2
35 93
36 27
37 54
38 99
42 8
42 47
44 14
44 23
44 54
47 82
49 88
53 3
55 72
57 29
59 98
58 46
60 88
62 37
66 58
68 99
69 48
73 2
72 85
77 13
84 94
88 44
88 67
89 9
93 83
95 80
95 37
93 89
98 27
