120
34 48
57 61
63 36
91 8
2 37
4 7
8 63
31 86
33 66
34 12
44 23
47 38
62 97
69 49
73 17
86 35
97 23
0 97
9 39
44 69
2 69
1 25
4 86
9 12
21 2
23 40
12 88
26 18
26 95
28 80
61 24
87 15
38 42
40 92
46 21
46 79
30 1
52 11
53 94
53 59
37 56
55 83
58 64
61 13
74 89
74 45
76 16
80 92
82 2
51 28
81 23
93 59
95 87
93 40
94 32
99 73
0 51
0 29
4 55
4 5
3 31
6 71
5 90
5 48
12 20
10 0
12 77
65 22
13 98
14 26
16 38
17 73
17 92
23 35
23 10
25 59
23 86
30 32
29 71
30 99
31 4
33 27
35 18
38 49
46 62
39 12
40 32
45 94
45 84
54 0
58 75
61 82
63 3
60 29
64 95
61 14
68 0
68 41
66 30
71 55
73 61
74 7
73 35
76 99
77 21
79 39
82 74
83 90
84 49
84 83
85 8
87 64
89 76
90 69
89 29
96 4
93 60
97 44
98 65
98 37
