110
2 56
27 63
40 92
59 90
64 68
87 64
4 8
4 47
16 73
15 11
19 82
32 22
33 46
40 6
48 31
48 78
45 16
48 87
62 19
66 42
83 90
96 23
61 60
1 22
72 13
78 66
98 17
2 33
20 62
21 18
24 40
25 87
33 77
37 66
42 25
8 55
42 45
43 53
46 67
47 97
54 83
51 56
58 3
61 25
62 34
63 48
67 75
72 69
76 46
78 9
93 83
95 67
97 87
0 36
0 71
0 78
0 88
2 61
5 0
71 27
8 19
13 96
14 87
17 53
19 46
73 75
19 76
22 25
23 35
26 2
25 96
39 83
66 60
29 79
33 9
35 31
34 60
34 76
42 0
43 58
40 75
49 45
51 29
52 97
52 21
54 13
51 92
58 6
57 42
59 60
62 79
62 98
62 56
68 84
72 51
76 23
76 57
79 96
80 38
82 19
81 80
82 86
83 52
86 41
89 65
87 93
91 35
92 71
97 50
96 39
