112
4 32
69 89
7 49
9 9
21 54
28 4
35 90
39 21
39 75
53 70
65 45
68 8
80 28
87 63
96 93
31 49
41 90
1 74
59 98
93 55
1 3
5 24
7 71
79 82
9 85
32 16
2 43
96 60
10 61
13 16
16 23
20 1
21 33
33 41
33 69
34 25
36 54
37 85
40 38
42 27
45 51
49 76
52 61
55 85
59 37
61 3
59 62
67 27
64 10
7 40
71 45
72 68
73 95
75 7
77 58
81 97
83 71
86 86
90 35
94 15
57 76
0 57
0 79
0 12
3 4
70 17
7 92
77 68
5 32
17 81
17 47
17 15
19 98
19 25
20 3
24 72
28 97
29 35
28 77
30 21
34 71
37 7
42 11
43 36
41 68
47 2
49 11
48 18
48 62
54 35
55 21
56 26
56 16
60 90
63 33
65 50
64 69
68 54
70 82
74 21
82 42
83 13
82 57
84 81
86 47
89 17
90 41
91 99
92 72
95 24
93 81
97 0
