111
57 91
52 76
64 7
86 55
17 14
17 70
68 67
73 90
95 3
55 44
70 76
65 15
69 55
78 6
70 21
52 86
83 33
84 75
88 26
90 80
91 12
7 13
14 62
14 78
19 21
20 6
79 65
51 13
56 31
56 4
57 37
56 71
23 13
60 98
62 22
61 87
67 47
67 84
69 61
63 29
70 69
82 12
83 59
86 33
89 40
85 2
91 73
92 19
90 33
95 53
96 14
96 59
0 0
97 86
0 5
0 17
0 26
1 12
3 27
3 1
6 70
77 26
66 91
10 1
96 9
10 57
10 83
10 27
10 23
12 8
19 55
19 84
19 28
19 63
20 77
19 0
25 41
25 27
25 1
25 68
32 27
32 40
33 0
33 18
33 46
34 5
47 60
48 93
52 10
54 50
54 77
51 24
57 57
61 63
63 77
70 47
72 40
74 97
77 94
80 40
79 73
81 87
81 51
84 79
84 19
85 96
87 57
85 65
93 75
93 43
96 27
