102
60 57
78 49
21 54
29 79
45 18
80 92
89 68
2 53
10 37
15 4
29 55
22 74
26 88
34 35
33 49
46 63
47 77
50 84
52 16
73 73
77 14
85 32
54 47
89 91
91 77
3 38
10 87
14 80
24 38
27 14
34 63
10 30
31 88
78 73
30 70
30 43
36 83
42 30
40 92
43 4
43 49
50 94
46 55
51 27
59 33
56 89
64 20
66 70
73 34
74 58
63 94
81 46
84 3
91 7
90 59
95 36
96 43
95 74
0 5
0 43
4 22
7 56
10 66
14 0
54 62
18 15
62 40
17 90
72 78
17 33
21 98
22 58
23 1
26 22
25 61
27 2
24 76
34 6
33 21
32 41
35 97
38 1
40 76
43 33
41 90
44 69
56 80
56 77
66 14
65 22
75 2
72 44
75 25
74 67
80 90
81 66
87 17
94 98
94 52
95 29
94 88
98 57
